2022-12-22 17:14:10.482 [info] Extension host with pid 569628 started
2022-12-22 17:14:10.482 [info] Skipping acquiring lock for /home/thesynthax/.config/Code - OSS/User/workspaceStorage/4c663d87a268772b8b725fe575b8e04b.
2022-12-22 17:14:10.701 [info] ExtensionService#_doActivateExtension vscode.typescript-language-features, startup: false, activationEvent: 'onLanguage:javascript'
2022-12-22 17:14:10.702 [info] ExtensionService#_doActivateExtension mgmcdermott.vscode-language-babel, startup: false, activationEvent: 'onLanguage:javascript'
2022-12-22 17:14:10.702 [info] ExtensionService#_doActivateExtension wix.vscode-import-cost, startup: false, activationEvent: 'onLanguage:javascript'
2022-12-22 17:14:10.702 [info] ExtensionService#_doActivateExtension vscode.git-base, startup: true, activationEvent: '*', root cause: vscode.git
2022-12-22 17:14:10.703 [info] ExtensionService#_doActivateExtension donjayamanne.githistory, startup: true, activationEvent: '*'
2022-12-22 17:14:10.703 [info] ExtensionService#_doActivateExtension formulahendry.auto-close-tag, startup: true, activationEvent: '*'
2022-12-22 17:14:10.703 [info] ExtensionService#_doActivateExtension formulahendry.auto-rename-tag, startup: true, activationEvent: '*'
2022-12-22 17:14:10.703 [info] ExtensionService#_doActivateExtension johnpapa.vscode-peacock, startup: true, activationEvent: '*'
2022-12-22 17:14:10.703 [info] ExtensionService#_doActivateExtension oderwat.indent-rainbow, startup: true, activationEvent: '*'
2022-12-22 17:14:10.703 [info] ExtensionService#_doActivateExtension standard.vscode-standard, startup: true, activationEvent: '*'
2022-12-22 17:14:10.704 [info] ExtensionService#_doActivateExtension TabNine.tabnine-vscode, startup: true, activationEvent: '*'
2022-12-22 17:14:10.704 [info] ExtensionService#_doActivateExtension vscodevim.vim, startup: true, activationEvent: '*'
2022-12-22 17:14:10.704 [info] ExtensionService#_doActivateExtension wayou.vscode-todo-highlight, startup: true, activationEvent: '*'
2022-12-22 17:14:10.704 [info] ExtensionService#_doActivateExtension vscode.npm, startup: true, activationEvent: 'workspaceContains:package.json'
2022-12-22 17:14:13.823 [info] ExtensionService#_doActivateExtension vscode.git, startup: true, activationEvent: '*'
2022-12-22 17:14:13.823 [info] ExtensionService#_doActivateExtension vscode.github, startup: true, activationEvent: '*'
2022-12-22 17:14:14.331 [info] ExtensionService#_doActivateExtension vscode.configuration-editing, startup: false, activationEvent: 'onLanguage:jsonc'
2022-12-22 17:14:14.331 [info] ExtensionService#_doActivateExtension vscode.json-language-features, startup: false, activationEvent: 'onLanguage:jsonc'
2022-12-22 17:14:14.331 [info] ExtensionService#_doActivateExtension dbaeumer.vscode-eslint, startup: false, activationEvent: 'onLanguage:jsonc'
2022-12-22 17:14:14.896 [info] ExtensionService#_doActivateExtension formulahendry.code-runner, startup: false, activationEvent: 'onLanguage:code-runner-output'
2022-12-22 17:14:19.067 [info] ExtensionService#_doActivateExtension vscode.html-language-features, startup: false, activationEvent: 'onLanguage:html'
2022-12-22 17:14:19.198 [info] Eager extensions activated
2022-12-22 17:14:19.200 [info] ExtensionService#_doActivateExtension vscode.debug-auto-launch, startup: false, activationEvent: 'onStartupFinished'
2022-12-22 17:14:19.201 [info] ExtensionService#_doActivateExtension vscode.emmet, startup: false, activationEvent: 'onStartupFinished'
2022-12-22 17:14:19.201 [info] ExtensionService#_doActivateExtension vscode.merge-conflict, startup: false, activationEvent: 'onStartupFinished'
2022-12-22 17:14:19.201 [info] ExtensionService#_doActivateExtension aaron-bond.better-comments, startup: false, activationEvent: 'onStartupFinished'
2022-12-22 17:14:19.201 [info] ExtensionService#_doActivateExtension Equinusocio.vsc-material-theme, startup: false, activationEvent: 'onStartupFinished'
2022-12-22 17:14:19.201 [info] ExtensionService#_doActivateExtension equinusocio.vsc-material-theme-icons, startup: false, activationEvent: 'onStartupFinished'
2022-12-22 17:14:19.201 [info] ExtensionService#_doActivateExtension esbenp.prettier-vscode, startup: false, activationEvent: 'onStartupFinished'
2022-12-22 17:14:19.201 [info] ExtensionService#_doActivateExtension ritwickdey.LiveServer, startup: false, activationEvent: 'onStartupFinished'
2022-12-22 17:14:19.201 [info] ExtensionService#_doActivateExtension usernamehw.errorlens, startup: false, activationEvent: 'onStartupFinished'
2022-12-22 17:14:19.201 [info] ExtensionService#_doActivateExtension vadimcn.vscode-lldb, startup: false, activationEvent: 'onStartupFinished'
2022-12-22 17:14:19.201 [info] ExtensionService#_doActivateExtension vscode-icons-team.vscode-icons, startup: false, activationEvent: 'onStartupFinished'
2022-12-22 17:14:19.201 [info] ExtensionService#_doActivateExtension zhuangtongfa.material-theme, startup: false, activationEvent: 'onStartupFinished'
2022-12-22 17:16:02.423 [info] Extension host terminating: received terminate message from renderer
2022-12-22 17:16:02.863 [info] Extension host with pid 569628 exiting with code 0
2022-12-22 17:16:06.365 [info] Extension host with pid 571929 started
2022-12-22 17:16:06.366 [info] Skipping acquiring lock for /home/thesynthax/.config/Code - OSS/User/workspaceStorage/4c663d87a268772b8b725fe575b8e04b.
2022-12-22 17:16:06.408 [info] ExtensionService#_doActivateExtension vscode.typescript-language-features, startup: false, activationEvent: 'onLanguage:javascript'
2022-12-22 17:16:06.408 [info] ExtensionService#_doActivateExtension mgmcdermott.vscode-language-babel, startup: false, activationEvent: 'onLanguage:javascript'
2022-12-22 17:16:06.408 [info] ExtensionService#_doActivateExtension wix.vscode-import-cost, startup: false, activationEvent: 'onLanguage:javascript'
2022-12-22 17:16:06.408 [info] ExtensionService#_doActivateExtension vscode.git-base, startup: true, activationEvent: '*', root cause: vscode.git
2022-12-22 17:16:06.408 [info] ExtensionService#_doActivateExtension donjayamanne.githistory, startup: true, activationEvent: '*'
2022-12-22 17:16:06.408 [info] ExtensionService#_doActivateExtension formulahendry.auto-close-tag, startup: true, activationEvent: '*'
2022-12-22 17:16:06.409 [info] ExtensionService#_doActivateExtension formulahendry.auto-rename-tag, startup: true, activationEvent: '*'
2022-12-22 17:16:06.409 [info] ExtensionService#_doActivateExtension johnpapa.vscode-peacock, startup: true, activationEvent: '*'
2022-12-22 17:16:06.409 [info] ExtensionService#_doActivateExtension oderwat.indent-rainbow, startup: true, activationEvent: '*'
2022-12-22 17:16:06.409 [info] ExtensionService#_doActivateExtension standard.vscode-standard, startup: true, activationEvent: '*'
2022-12-22 17:16:06.409 [info] ExtensionService#_doActivateExtension TabNine.tabnine-vscode, startup: true, activationEvent: '*'
2022-12-22 17:16:06.409 [info] ExtensionService#_doActivateExtension vscodevim.vim, startup: true, activationEvent: '*'
2022-12-22 17:16:06.409 [info] ExtensionService#_doActivateExtension wayou.vscode-todo-highlight, startup: true, activationEvent: '*'
2022-12-22 17:16:06.409 [info] ExtensionService#_doActivateExtension vscode.npm, startup: true, activationEvent: 'workspaceContains:package.json'
2022-12-22 17:16:09.866 [info] ExtensionService#_doActivateExtension vscode.configuration-editing, startup: false, activationEvent: 'onLanguage:jsonc'
2022-12-22 17:16:09.866 [info] ExtensionService#_doActivateExtension vscode.json-language-features, startup: false, activationEvent: 'onLanguage:jsonc'
2022-12-22 17:16:09.866 [info] ExtensionService#_doActivateExtension dbaeumer.vscode-eslint, startup: false, activationEvent: 'onLanguage:jsonc'
2022-12-22 17:16:09.866 [info] ExtensionService#_doActivateExtension vscode.git, startup: true, activationEvent: '*'
2022-12-22 17:16:09.866 [info] ExtensionService#_doActivateExtension vscode.github, startup: true, activationEvent: '*'
2022-12-22 17:16:09.997 [info] ExtensionService#_doActivateExtension formulahendry.code-runner, startup: false, activationEvent: 'onLanguage:code-runner-output'
2022-12-22 17:16:12.250 [info] Eager extensions activated
2022-12-22 17:16:12.261 [info] ExtensionService#_doActivateExtension vscode.debug-auto-launch, startup: false, activationEvent: 'onStartupFinished'
2022-12-22 17:16:12.261 [info] ExtensionService#_doActivateExtension vscode.emmet, startup: false, activationEvent: 'onStartupFinished'
2022-12-22 17:16:12.261 [info] ExtensionService#_doActivateExtension vscode.merge-conflict, startup: false, activationEvent: 'onStartupFinished'
2022-12-22 17:16:12.261 [info] ExtensionService#_doActivateExtension aaron-bond.better-comments, startup: false, activationEvent: 'onStartupFinished'
2022-12-22 17:16:12.261 [info] ExtensionService#_doActivateExtension Equinusocio.vsc-material-theme, startup: false, activationEvent: 'onStartupFinished'
2022-12-22 17:16:12.261 [info] ExtensionService#_doActivateExtension equinusocio.vsc-material-theme-icons, startup: false, activationEvent: 'onStartupFinished'
2022-12-22 17:16:12.261 [info] ExtensionService#_doActivateExtension esbenp.prettier-vscode, startup: false, activationEvent: 'onStartupFinished'
2022-12-22 17:16:12.261 [info] ExtensionService#_doActivateExtension ritwickdey.LiveServer, startup: false, activationEvent: 'onStartupFinished'
2022-12-22 17:16:12.261 [info] ExtensionService#_doActivateExtension usernamehw.errorlens, startup: false, activationEvent: 'onStartupFinished'
2022-12-22 17:16:12.262 [info] ExtensionService#_doActivateExtension vadimcn.vscode-lldb, startup: false, activationEvent: 'onStartupFinished'
2022-12-22 17:16:12.262 [info] ExtensionService#_doActivateExtension vscode-icons-team.vscode-icons, startup: false, activationEvent: 'onStartupFinished'
2022-12-22 17:16:12.262 [info] ExtensionService#_doActivateExtension zhuangtongfa.material-theme, startup: false, activationEvent: 'onStartupFinished'
2022-12-22 17:18:18.695 [info] ExtensionService#_doActivateExtension vscode.html-language-features, startup: false, activationEvent: 'onLanguage:html'
2022-12-22 17:20:17.823 [info] Extension host terminating: received terminate message from renderer
2022-12-22 17:20:18.852 [info] Extension host with pid 571929 exiting with code 0
2022-12-22 17:20:20.061 [info] Extension host with pid 576098 started
2022-12-22 17:20:20.061 [info] Skipping acquiring lock for /home/thesynthax/.config/Code - OSS/User/workspaceStorage/4c663d87a268772b8b725fe575b8e04b.
2022-12-22 17:20:20.271 [info] ExtensionService#_doActivateExtension vscode.typescript-language-features, startup: false, activationEvent: 'onLanguage:javascript'
2022-12-22 17:20:20.271 [info] ExtensionService#_doActivateExtension wix.vscode-import-cost, startup: false, activationEvent: 'onLanguage:javascript'
2022-12-22 17:20:20.271 [info] ExtensionService#_doActivateExtension vscode.git-base, startup: true, activationEvent: '*', root cause: vscode.git
2022-12-22 17:20:20.271 [info] ExtensionService#_doActivateExtension donjayamanne.githistory, startup: true, activationEvent: '*'
2022-12-22 17:20:20.272 [info] ExtensionService#_doActivateExtension formulahendry.auto-close-tag, startup: true, activationEvent: '*'
2022-12-22 17:20:20.272 [info] ExtensionService#_doActivateExtension formulahendry.auto-rename-tag, startup: true, activationEvent: '*'
2022-12-22 17:20:20.272 [info] ExtensionService#_doActivateExtension johnpapa.vscode-peacock, startup: true, activationEvent: '*'
2022-12-22 17:20:20.272 [info] ExtensionService#_doActivateExtension oderwat.indent-rainbow, startup: true, activationEvent: '*'
2022-12-22 17:20:20.272 [info] ExtensionService#_doActivateExtension standard.vscode-standard, startup: true, activationEvent: '*'
2022-12-22 17:20:20.272 [info] ExtensionService#_doActivateExtension TabNine.tabnine-vscode, startup: true, activationEvent: '*'
2022-12-22 17:20:20.272 [info] ExtensionService#_doActivateExtension vscodevim.vim, startup: true, activationEvent: '*'
2022-12-22 17:20:20.273 [info] ExtensionService#_doActivateExtension wayou.vscode-todo-highlight, startup: true, activationEvent: '*'
2022-12-22 17:20:20.273 [info] ExtensionService#_doActivateExtension vscode.npm, startup: true, activationEvent: 'workspaceContains:package.json'
2022-12-22 17:20:20.688 [info] ExtensionService#_doActivateExtension vscode.configuration-editing, startup: false, activationEvent: 'onLanguage:jsonc'
2022-12-22 17:20:20.689 [info] ExtensionService#_doActivateExtension vscode.json-language-features, startup: false, activationEvent: 'onLanguage:jsonc'
2022-12-22 17:20:20.689 [info] ExtensionService#_doActivateExtension dbaeumer.vscode-eslint, startup: false, activationEvent: 'onLanguage:jsonc'
2022-12-22 17:20:20.689 [info] ExtensionService#_doActivateExtension vscode.git, startup: true, activationEvent: '*'
2022-12-22 17:20:20.689 [info] ExtensionService#_doActivateExtension vscode.github, startup: true, activationEvent: '*'
2022-12-22 17:20:20.794 [info] ExtensionService#_doActivateExtension formulahendry.code-runner, startup: false, activationEvent: 'onLanguage:code-runner-output'
2022-12-22 17:20:20.961 [info] Eager extensions activated
2022-12-22 17:20:21.019 [info] ExtensionService#_doActivateExtension vscode.debug-auto-launch, startup: false, activationEvent: 'onStartupFinished'
2022-12-22 17:20:21.019 [info] ExtensionService#_doActivateExtension vscode.emmet, startup: false, activationEvent: 'onStartupFinished'
2022-12-22 17:20:21.019 [info] ExtensionService#_doActivateExtension vscode.merge-conflict, startup: false, activationEvent: 'onStartupFinished'
2022-12-22 17:20:21.020 [info] ExtensionService#_doActivateExtension aaron-bond.better-comments, startup: false, activationEvent: 'onStartupFinished'
2022-12-22 17:20:21.020 [info] ExtensionService#_doActivateExtension Equinusocio.vsc-material-theme, startup: false, activationEvent: 'onStartupFinished'
2022-12-22 17:20:21.020 [info] ExtensionService#_doActivateExtension equinusocio.vsc-material-theme-icons, startup: false, activationEvent: 'onStartupFinished'
2022-12-22 17:20:21.020 [info] ExtensionService#_doActivateExtension esbenp.prettier-vscode, startup: false, activationEvent: 'onStartupFinished'
2022-12-22 17:20:21.020 [info] ExtensionService#_doActivateExtension ritwickdey.LiveServer, startup: false, activationEvent: 'onStartupFinished'
2022-12-22 17:20:21.020 [info] ExtensionService#_doActivateExtension usernamehw.errorlens, startup: false, activationEvent: 'onStartupFinished'
2022-12-22 17:20:21.020 [info] ExtensionService#_doActivateExtension vadimcn.vscode-lldb, startup: false, activationEvent: 'onStartupFinished'
2022-12-22 17:20:21.020 [info] ExtensionService#_doActivateExtension vscode-icons-team.vscode-icons, startup: false, activationEvent: 'onStartupFinished'
2022-12-22 17:20:21.020 [info] ExtensionService#_doActivateExtension zhuangtongfa.material-theme, startup: false, activationEvent: 'onStartupFinished'
