2022-12-29 17:25:06.736 [info] Added views:workbench.panel.markers.view in workbench.panel.markers
2022-12-29 17:25:06.736 [info] Added views:workbench.panel.output in workbench.panel.output
2022-12-29 17:25:06.736 [info] Added views:terminal in terminal
2022-12-29 17:25:06.736 [info] Added views:outline in workbench.view.explorer
2022-12-29 17:25:06.736 [info] Added views:workbench.scm in workbench.view.scm
2022-12-29 17:25:06.736 [info] Added views:workbench.view.search in workbench.view.search
2022-12-29 17:25:06.736 [info] Added views:timeline in workbench.view.explorer
2022-12-29 17:25:06.736 [info] Added views:workbench.explorer.emptyView in workbench.view.explorer
2022-12-29 17:25:06.736 [info] Added views:workbench.debug.variablesView,workbench.debug.watchExpressionsView,workbench.debug.callStackView,workbench.debug.breakPointsView in workbench.view.debug
2022-12-29 17:25:08.787 [info] Added views:dockerContainers,dockerImages,dockerRegistries,dockerNetworks,dockerVolumes,vscode-docker.views.dockerContexts,vscode-docker.views.help in workbench.view.extension.dockerView
2022-12-29 17:25:09.326 [info] Added views:workbench.panel.repl.view in workbench.panel.repl
2022-12-29 17:25:09.326 [info] Removed views:workbench.debug.breakPointsView,workbench.debug.callStackView,workbench.debug.watchExpressionsView,workbench.debug.variablesView from workbench.view.debug
2022-12-29 17:25:09.327 [info] Added views:workbench.debug.welcome in workbench.view.debug
2022-12-29 17:25:13.472 [info] Added views:workbench.panel.comments in workbench.panel.comments
2022-12-29 17:25:21.150 [info] Added views:workbench.panel.markers.view in workbench.panel.markers
2022-12-29 17:25:21.150 [info] Added views:workbench.panel.output in workbench.panel.output
2022-12-29 17:25:21.150 [info] Added views:terminal in terminal
2022-12-29 17:25:21.150 [info] Added views:outline in workbench.view.explorer
2022-12-29 17:25:21.150 [info] Added views:workbench.scm in workbench.view.scm
2022-12-29 17:25:21.150 [info] Added views:workbench.view.search in workbench.view.search
2022-12-29 17:25:21.150 [info] Added views:timeline in workbench.view.explorer
2022-12-29 17:25:21.150 [info] Added views:workbench.explorer.fileView in workbench.view.explorer
2022-12-29 17:25:21.201 [info] Added views:workbench.debug.welcome in workbench.view.debug
2022-12-29 17:25:22.653 [info] Added views:dockerContainers,dockerImages,dockerRegistries,dockerNetworks,dockerVolumes,vscode-docker.views.dockerContexts,vscode-docker.views.help in workbench.view.extension.dockerView
2022-12-29 17:25:23.065 [info] Added views:workbench.panel.repl.view in workbench.panel.repl
2022-12-29 17:25:24.323 [info] Added views:workbench.panel.comments in workbench.panel.comments
2022-12-29 17:25:29.971 [info] Added views:tabnine-home in workbench.view.extension.tabnine-access
2022-12-29 17:25:29.972 [info] Added views:tabnine-notifications in workbench.view.extension.tabnine-access
2022-12-29 17:25:29.973 [info] Added views:tabnine-today in workbench.view.extension.tabnine-access
