2024-10-04 12:54:34.167 [info] Extension host with pid 598404 started
2024-10-04 12:54:34.167 [info] Skipping acquiring lock for /home/thesynthax/.config/Code - OSS/User/workspaceStorage/e89ff61a09200ef525eb4a725e12061a.
2024-10-04 12:54:34.180 [info] ExtensionService#_doActivateExtension vscode.ipynb, startup: false, activationEvent: 'onNotebookSerializer:jupyter-notebook'
2024-10-04 12:54:34.230 [info] ExtensionService#_doActivateExtension vscode.git-base, startup: true, activationEvent: '*', root cause: vscode.git
2024-10-04 12:54:34.274 [info] ExtensionService#_doActivateExtension formulahendry.auto-close-tag, startup: true, activationEvent: '*'
2024-10-04 12:54:34.494 [info] ExtensionService#_doActivateExtension formulahendry.auto-rename-tag, startup: true, activationEvent: '*'
2024-10-04 12:54:34.921 [info] ExtensionService#_doActivateExtension johnpapa.vscode-peacock, startup: true, activationEvent: '*'
2024-10-04 12:54:35.111 [info] ExtensionService#_doActivateExtension minhthai.vscode-todo-parser, startup: true, activationEvent: '*'
2024-10-04 12:54:36.532 [info] ExtensionService#_doActivateExtension oderwat.indent-rainbow, startup: true, activationEvent: '*'
2024-10-04 12:54:36.636 [info] ExtensionService#_doActivateExtension standard.vscode-standard, startup: true, activationEvent: '*'
2024-10-04 12:54:46.539 [info] ExtensionService#_doActivateExtension wayou.vscode-todo-highlight, startup: true, activationEvent: '*'
2024-10-04 12:54:46.738 [info] Not activating extension 'franneck94.c-cpp-runner': Timed out while searching for 'workspaceContains' pattern *.h,*.c,*.hh,*.cc,*.hxx,*.cxx,*.hpp,*.cpp,*.cu
2024-10-04 12:54:46.738 [info] Not activating extension 'ms-dotnettools.csharp': Timed out while searching for 'workspaceContains' pattern **/*.{csproj,csx,cake}
2024-10-04 12:54:46.738 [info] Not activating extension 'ms-vscode.cmake-tools': Timed out while searching for 'workspaceContains' pattern */CMakeLists.txt,*/*/CMakeLists.txt,*/*/*/CMakeLists.txt
2024-10-04 12:54:46.738 [info] Not activating extension 'muhammad-sammy.csharp': Timed out while searching for 'workspaceContains' pattern **/*.{csproj,csx,cake}
2024-10-04 12:54:46.764 [info] ExtensionService#_doActivateExtension vscode.git, startup: true, activationEvent: '*'
2024-10-04 12:54:46.816 [info] ExtensionService#_doActivateExtension vscode.github, startup: true, activationEvent: '*'
2024-10-04 12:54:46.881 [info] ExtensionService#_doActivateExtension vscode.debug-auto-launch, startup: false, activationEvent: 'onStartupFinished'
2024-10-04 12:54:46.938 [info] ExtensionService#_doActivateExtension vscode.merge-conflict, startup: false, activationEvent: 'onStartupFinished'
2024-10-04 12:54:47.037 [info] ExtensionService#_doActivateExtension aaron-bond.better-comments, startup: false, activationEvent: 'onStartupFinished'
2024-10-04 12:54:47.734 [info] ExtensionService#_doActivateExtension dbaeumer.vscode-eslint, startup: false, activationEvent: 'onStartupFinished'
2024-10-04 12:54:47.875 [info] ExtensionService#_doActivateExtension eamodio.gitlens, startup: false, activationEvent: 'onStartupFinished'
2024-10-04 12:54:48.209 [info] ExtensionService#_doActivateExtension EditorConfig.EditorConfig, startup: false, activationEvent: 'onStartupFinished'
2024-10-04 12:54:49.066 [info] ExtensionService#_doActivateExtension Equinusocio.vsc-material-theme, startup: false, activationEvent: 'onStartupFinished'
2024-10-04 12:54:49.339 [info] ExtensionService#_doActivateExtension equinusocio.vsc-material-theme-icons, startup: false, activationEvent: 'onStartupFinished'
2024-10-04 12:54:50.660 [info] ExtensionService#_doActivateExtension esbenp.prettier-vscode, startup: false, activationEvent: 'onStartupFinished'
2024-10-04 12:54:51.318 [info] ExtensionService#_doActivateExtension formulahendry.code-runner, startup: false, activationEvent: 'onStartupFinished'
2024-10-04 12:54:53.664 [info] ExtensionService#_doActivateExtension vscode.github-authentication, startup: false, activationEvent: 'onStartupFinished', root cause: GitHub.vscode-pull-request-github
2024-10-04 12:54:53.754 [info] ExtensionService#_doActivateExtension ms-dotnettools.vscode-dotnet-runtime, startup: false, activationEvent: 'onStartupFinished'
2024-10-04 12:54:54.020 [info] ExtensionService#_doActivateExtension ritwickdey.LiveServer, startup: false, activationEvent: 'onStartupFinished'
2024-10-04 12:54:54.897 [info] ExtensionService#_doActivateExtension TabNine.tabnine-vscode, startup: false, activationEvent: 'onStartupFinished'
2024-10-04 12:54:55.107 [info] ExtensionService#_doActivateExtension usernamehw.errorlens, startup: false, activationEvent: 'onStartupFinished'
2024-10-04 12:54:55.255 [info] ExtensionService#_doActivateExtension vadimcn.vscode-lldb, startup: false, activationEvent: 'onStartupFinished'
2024-10-04 12:54:55.427 [info] ExtensionService#_doActivateExtension vscode-icons-team.vscode-icons, startup: false, activationEvent: 'onStartupFinished'
2024-10-04 12:54:55.543 [info] ExtensionService#_doActivateExtension vscodevim.vim, startup: false, activationEvent: 'onStartupFinished'
2024-10-04 12:54:55.943 [info] ExtensionService#_doActivateExtension vsls-contrib.codetour, startup: false, activationEvent: 'onStartupFinished'
2024-10-04 12:54:56.005 [info] ExtensionService#_doActivateExtension zhuangtongfa.material-theme, startup: false, activationEvent: 'onStartupFinished'
2024-10-04 12:54:56.465 [info] ExtensionService#_doActivateExtension ms-toolsai.jupyter, startup: false, activationEvent: 'onNotebook:jupyter-notebook'
2024-10-04 12:54:56.467 [info] ExtensionService#_doActivateExtension ms-toolsai.vscode-jupyter-cell-tags, startup: false, activationEvent: 'onNotebook:jupyter-notebook'
2024-10-04 12:54:56.467 [info] ExtensionService#_doActivateExtension ms-toolsai.vscode-jupyter-slideshow, startup: false, activationEvent: 'onNotebook:jupyter-notebook'
2024-10-04 12:54:57.117 [info] Eager extensions activated
2024-10-04 12:54:57.425 [info] ExtensionService#_doActivateExtension ms-python.python, startup: false, activationEvent: 'onLanguage:python', root cause: ms-python.debugpy
2024-10-04 12:54:57.482 [info] ExtensionService#_doActivateExtension vscode.emmet, startup: false, activationEvent: 'onLanguage'
2024-10-04 12:54:57.490 [info] ExtensionService#_doActivateExtension ms-toolsai.jupyter-renderers, startup: false, activationEvent: 'onRenderer:jupyter-notebook-renderer'
2024-10-04 12:54:57.515 [info] ExtensionService#_doActivateExtension GitHub.vscode-pull-request-github, startup: false, activationEvent: 'onStartupFinished'
2024-10-04 12:54:58.182 [info] ExtensionService#_doActivateExtension vscode.configuration-editing, startup: false, activationEvent: 'onLanguage:jsonc'
2024-10-04 12:54:58.186 [info] ExtensionService#_doActivateExtension vscode.json-language-features, startup: false, activationEvent: 'onLanguage:jsonc'
2024-10-04 12:54:58.197 [info] ExtensionService#_doActivateExtension vscode.typescript-language-features, startup: false, activationEvent: 'onLanguage:jsonc'
2024-10-04 12:54:58.959 [info] ExtensionService#_doActivateExtension ms-python.debugpy, startup: false, activationEvent: 'onLanguage:python'
2024-10-04 12:54:58.976 [info] ExtensionService#_doActivateExtension ms-python.vscode-pylance, startup: false, activationEvent: 'onLanguage:python'
2024-10-04 12:54:59.197 [error] Activating extension ms-python.debugpy failed due to an error:
2024-10-04 12:54:59.197 [error] Error: Extension 'ms-python.debugpy' CANNOT use API proposal: portsAttributes.
Its package.json#enabledApiProposals-property declares:  but NOT portsAttributes.
 The missing proposal MUST be added and you must start in extension development mode or use the following command line switch: --enable-proposed-api ms-python.debugpy
    at P (/usr/lib/code/out/vs/workbench/api/node/extensionHostProcess.js:149:59064)
    at Object.registerPortAttributesProvider (/usr/lib/code/out/vs/workbench/api/node/extensionHostProcess.js:171:50790)
    at t.registerDebugger (/home/thesynthax/.vscode-oss/extensions/ms-python.debugpy-2024.10.0-linux-x64/dist/extension.js:2:910389)
    at e.activate (/home/thesynthax/.vscode-oss/extensions/ms-python.debugpy-2024.10.0-linux-x64/dist/extension.js:2:1159316)
    at Function.kb (/usr/lib/code/out/vs/workbench/api/node/extensionHostProcess.js:167:13836)
    at Function.jb (/usr/lib/code/out/vs/workbench/api/node/extensionHostProcess.js:167:13508)
    at /usr/lib/code/out/vs/workbench/api/node/extensionHostProcess.js:167:11493
    at m.n (/usr/lib/code/out/vs/workbench/api/node/extensionHostProcess.js:151:6409)
    at m (/usr/lib/code/out/vs/workbench/api/node/extensionHostProcess.js:151:6372)
    at m.l (/usr/lib/code/out/vs/workbench/api/node/extensionHostProcess.js:151:5829)
2024-10-04 12:54:59.432 [error] Activating extension GitHub.vscode-pull-request-github failed due to an error:
2024-10-04 12:54:59.432 [error] Error: Extension 'GitHub.vscode-pull-request-github' CANNOT use API proposal: diffCommand.
Its package.json#enabledApiProposals-property declares:  but NOT diffCommand.
 The missing proposal MUST be added and you must start in extension development mode or use the following command line switch: --enable-proposed-api GitHub.vscode-pull-request-github
    at P (/usr/lib/code/out/vs/workbench/api/node/extensionHostProcess.js:149:59064)
    at Object.registerDiffInformationCommand (/usr/lib/code/out/vs/workbench/api/node/extensionHostProcess.js:171:30384)
    at Rv (/home/thesynthax/.vscode-oss/extensions/github.vscode-pull-request-github-0.98.0/dist/extension.js:2122:2008)
    at Ry (/home/thesynthax/.vscode-oss/extensions/github.vscode-pull-request-github-0.98.0/dist/extension.js:2244:4394)
    at xy (/home/thesynthax/.vscode-oss/extensions/github.vscode-pull-request-github-0.98.0/dist/extension.js:2244:8394)
    at Cy (/home/thesynthax/.vscode-oss/extensions/github.vscode-pull-request-github-0.98.0/dist/extension.js:2244:5712)
    at m.n (/usr/lib/code/out/vs/workbench/api/node/extensionHostProcess.js:151:6409)
    at m (/usr/lib/code/out/vs/workbench/api/node/extensionHostProcess.js:151:6372)
    at m.l (/usr/lib/code/out/vs/workbench/api/node/extensionHostProcess.js:151:5829)
2024-10-04 12:55:00.293 [error] Error: Extension 'ms-python.python' CANNOT use API proposal: testObserver.
Its package.json#enabledApiProposals-property declares:  but NOT testObserver.
 The missing proposal MUST be added and you must start in extension development mode or use the following command line switch: --enable-proposed-api ms-python.python
    at P (/usr/lib/code/out/vs/workbench/api/node/extensionHostProcess.js:149:59064)
    at Object.get testResults [as testResults] (/usr/lib/code/out/vs/workbench/api/node/extensionHostProcess.js:171:33061)
    at C.activate (/home/thesynthax/.vscode-oss/extensions/ms-python.python-2024.14.1-linux-x64/out/client/extension.js:2:938870)
    at /home/thesynthax/.vscode-oss/extensions/ms-python.python-2024.14.1-linux-x64/out/client/extension.js:2:2457
    at Array.map (<anonymous>)
    at v.activateWorkspace (/home/thesynthax/.vscode-oss/extensions/ms-python.python-2024.14.1-linux-x64/out/client/extension.js:2:2447)
2024-10-04 12:57:38.510 [info] Extension host terminating: renderer closed the MessagePort
2024-10-04 12:57:39.478 [error] Error: Channel has been closed
    at h (/usr/lib/code/out/vs/workbench/api/node/extensionHostProcess.js:164:2490)
    at Object.appendLine (/usr/lib/code/out/vs/workbench/api/node/extensionHostProcess.js:164:2608)
    at Object.log (/home/thesynthax/.vscode-oss/extensions/tabnine.tabnine-vscode-3.166.0/src/utils/logger.ts:44:24)
    at Object.error (/home/thesynthax/.vscode-oss/extensions/tabnine.tabnine-vscode-3.166.0/src/utils/logger.ts:68:10)
    at t.default.request (/home/thesynthax/.vscode-oss/extensions/tabnine.tabnine-vscode-3.166.0/src/binary/Binary.ts:87:14)
    at processTicksAndRejections (node:internal/process/task_queues:95:5)
    at async Promise.all (index 35)
    at m.$ (/usr/lib/code/out/vs/workbench/api/node/extensionHostProcess.js:167:8168)
2024-10-04 12:57:39.484 [error] Canceled: Canceled
    at new D (/usr/lib/code/out/vs/workbench/api/node/extensionHostProcess.js:151:35235)
    at y.U (/usr/lib/code/out/vs/workbench/api/node/extensionHostProcess.js:158:6005)
    at Proxy.V.<computed>.F.charCodeAt.A.CharCode.DollarSign.V.<computed> (/usr/lib/code/out/vs/workbench/api/node/extensionHostProcess.js:158:3107)
    at h.g (/usr/lib/code/out/vs/workbench/api/node/extensionHostProcess.js:161:210015)
    at h.executeCommand (/usr/lib/code/out/vs/workbench/api/node/extensionHostProcess.js:161:209453)
    at C.registerCommand.description (/usr/lib/code/out/vs/workbench/api/node/extensionHostProcess.js:161:208777)
    at h (/usr/lib/code/out/vs/workbench/api/node/extensionHostProcess.js:161:210554)
    at h.g (/usr/lib/code/out/vs/workbench/api/node/extensionHostProcess.js:161:209546)
    at h.executeCommand (/usr/lib/code/out/vs/workbench/api/node/extensionHostProcess.js:161:209453)
    at Object.executeCommand (/usr/lib/code/out/vs/workbench/api/node/extensionHostProcess.js:171:30683)
    at w (/home/thesynthax/.vscode-oss/extensions/eamodio.gitlens-15.5.1/dist/gitlens.js:1490:39724)
    at c (/home/thesynthax/.vscode-oss/extensions/eamodio.gitlens-15.5.1/dist/gitlens.js:1490:44783)
    at ActionRunners._updateContextKeys (/home/thesynthax/.vscode-oss/extensions/eamodio.gitlens-15.5.1/dist/gitlens.js:1120:19640)
    at s (/home/thesynthax/.vscode-oss/extensions/eamodio.gitlens-15.5.1/dist/gitlens.js:1120:18084)
    at RegisteredActionRunner.unregister (/home/thesynthax/.vscode-oss/extensions/eamodio.gitlens-15.5.1/dist/gitlens.js:1120:18227)
    at RegisteredActionRunner.dispose (/home/thesynthax/.vscode-oss/extensions/eamodio.gitlens-15.5.1/dist/gitlens.js:1120:16881)
    at ActionRunners.dispose (/home/thesynthax/.vscode-oss/extensions/eamodio.gitlens-15.5.1/dist/gitlens.js:1120:17667)
    at /home/thesynthax/.vscode-oss/extensions/eamodio.gitlens-15.5.1/dist/gitlens.js:1448:19381
    at Array.forEach (<anonymous>)
    at Object.dispose (/home/thesynthax/.vscode-oss/extensions/eamodio.gitlens-15.5.1/dist/gitlens.js:1448:19363)
    at $ (/usr/lib/code/out/vs/workbench/api/node/extensionHostProcess.js:30:744)
    at /usr/lib/code/out/vs/workbench/api/node/extensionHostProcess.js:167:13607
    at /usr/lib/code/out/vs/workbench/api/node/extensionHostProcess.js:30:1112
    at Object.dispose (/usr/lib/code/out/vs/workbench/api/node/extensionHostProcess.js:11:11463)
    at m.eb (/usr/lib/code/out/vs/workbench/api/node/extensionHostProcess.js:167:10282)
    at /usr/lib/code/out/vs/workbench/api/node/extensionHostProcess.js:167:8153
    at Array.map (<anonymous>)
    at m.$ (/usr/lib/code/out/vs/workbench/api/node/extensionHostProcess.js:167:8140)
    at m.terminate (/usr/lib/code/out/vs/workbench/api/node/extensionHostProcess.js:167:8413)
    at $.terminate (/usr/lib/code/out/vs/workbench/api/node/extensionHostProcess.js:171:1513)
    at n (/usr/lib/code/out/vs/workbench/api/node/extensionHostProcess.js:184:10613)
    at MessagePortMain.<anonymous> (/usr/lib/code/out/vs/workbench/api/node/extensionHostProcess.js:184:6805)
    at MessagePortMain.emit (node:events:519:28)
    at Object.MessagePortMain._internalPort.emit (node:electron/js2c/utility_init:2:2619) setContext undefined
2024-10-04 12:57:39.484 [error] Canceled: Canceled
    at new D (/usr/lib/code/out/vs/workbench/api/node/extensionHostProcess.js:151:35235)
    at y.U (/usr/lib/code/out/vs/workbench/api/node/extensionHostProcess.js:158:6005)
    at Proxy.V.<computed>.F.charCodeAt.A.CharCode.DollarSign.V.<computed> (/usr/lib/code/out/vs/workbench/api/node/extensionHostProcess.js:158:3107)
    at h.g (/usr/lib/code/out/vs/workbench/api/node/extensionHostProcess.js:161:210015)
    at h.executeCommand (/usr/lib/code/out/vs/workbench/api/node/extensionHostProcess.js:161:209453)
    at C.registerCommand.description (/usr/lib/code/out/vs/workbench/api/node/extensionHostProcess.js:161:208777)
    at h (/usr/lib/code/out/vs/workbench/api/node/extensionHostProcess.js:161:210554)
    at h.g (/usr/lib/code/out/vs/workbench/api/node/extensionHostProcess.js:161:209546)
    at h.executeCommand (/usr/lib/code/out/vs/workbench/api/node/extensionHostProcess.js:161:209453)
    at Object.executeCommand (/usr/lib/code/out/vs/workbench/api/node/extensionHostProcess.js:171:30683)
    at w (/home/thesynthax/.vscode-oss/extensions/eamodio.gitlens-15.5.1/dist/gitlens.js:1490:39724)
    at c (/home/thesynthax/.vscode-oss/extensions/eamodio.gitlens-15.5.1/dist/gitlens.js:1490:44783)
    at ActionRunners._updateContextKeys (/home/thesynthax/.vscode-oss/extensions/eamodio.gitlens-15.5.1/dist/gitlens.js:1120:19640)
    at s (/home/thesynthax/.vscode-oss/extensions/eamodio.gitlens-15.5.1/dist/gitlens.js:1120:18084)
    at RegisteredActionRunner.unregister (/home/thesynthax/.vscode-oss/extensions/eamodio.gitlens-15.5.1/dist/gitlens.js:1120:18227)
    at RegisteredActionRunner.dispose (/home/thesynthax/.vscode-oss/extensions/eamodio.gitlens-15.5.1/dist/gitlens.js:1120:16881)
    at ActionRunners.dispose (/home/thesynthax/.vscode-oss/extensions/eamodio.gitlens-15.5.1/dist/gitlens.js:1120:17667)
    at /home/thesynthax/.vscode-oss/extensions/eamodio.gitlens-15.5.1/dist/gitlens.js:1448:19381
    at Array.forEach (<anonymous>)
    at Object.dispose (/home/thesynthax/.vscode-oss/extensions/eamodio.gitlens-15.5.1/dist/gitlens.js:1448:19363)
    at $ (/usr/lib/code/out/vs/workbench/api/node/extensionHostProcess.js:30:744)
    at /usr/lib/code/out/vs/workbench/api/node/extensionHostProcess.js:167:13607
    at /usr/lib/code/out/vs/workbench/api/node/extensionHostProcess.js:30:1112
    at Object.dispose (/usr/lib/code/out/vs/workbench/api/node/extensionHostProcess.js:11:11463)
    at m.eb (/usr/lib/code/out/vs/workbench/api/node/extensionHostProcess.js:167:10282)
    at /usr/lib/code/out/vs/workbench/api/node/extensionHostProcess.js:167:8153
    at Array.map (<anonymous>)
    at m.$ (/usr/lib/code/out/vs/workbench/api/node/extensionHostProcess.js:167:8140)
    at m.terminate (/usr/lib/code/out/vs/workbench/api/node/extensionHostProcess.js:167:8413)
    at $.terminate (/usr/lib/code/out/vs/workbench/api/node/extensionHostProcess.js:171:1513)
    at n (/usr/lib/code/out/vs/workbench/api/node/extensionHostProcess.js:184:10613)
    at MessagePortMain.<anonymous> (/usr/lib/code/out/vs/workbench/api/node/extensionHostProcess.js:184:6805)
    at MessagePortMain.emit (node:events:519:28)
    at Object.MessagePortMain._internalPort.emit (node:electron/js2c/utility_init:2:2619) setContext undefined
2024-10-04 12:57:39.485 [error] Canceled: Canceled
    at new D (/usr/lib/code/out/vs/workbench/api/node/extensionHostProcess.js:151:35235)
    at y.U (/usr/lib/code/out/vs/workbench/api/node/extensionHostProcess.js:158:6005)
    at Proxy.V.<computed>.F.charCodeAt.A.CharCode.DollarSign.V.<computed> (/usr/lib/code/out/vs/workbench/api/node/extensionHostProcess.js:158:3107)
    at h.g (/usr/lib/code/out/vs/workbench/api/node/extensionHostProcess.js:161:210015)
    at h.executeCommand (/usr/lib/code/out/vs/workbench/api/node/extensionHostProcess.js:161:209453)
    at C.registerCommand.description (/usr/lib/code/out/vs/workbench/api/node/extensionHostProcess.js:161:208777)
    at h (/usr/lib/code/out/vs/workbench/api/node/extensionHostProcess.js:161:210554)
    at h.g (/usr/lib/code/out/vs/workbench/api/node/extensionHostProcess.js:161:209546)
    at h.executeCommand (/usr/lib/code/out/vs/workbench/api/node/extensionHostProcess.js:161:209453)
    at Object.executeCommand (/usr/lib/code/out/vs/workbench/api/node/extensionHostProcess.js:171:30683)
    at w (/home/thesynthax/.vscode-oss/extensions/eamodio.gitlens-15.5.1/dist/gitlens.js:1490:39724)
    at c (/home/thesynthax/.vscode-oss/extensions/eamodio.gitlens-15.5.1/dist/gitlens.js:1490:44783)
    at ActionRunners._updateContextKeys (/home/thesynthax/.vscode-oss/extensions/eamodio.gitlens-15.5.1/dist/gitlens.js:1120:19640)
    at s (/home/thesynthax/.vscode-oss/extensions/eamodio.gitlens-15.5.1/dist/gitlens.js:1120:18084)
    at RegisteredActionRunner.unregister (/home/thesynthax/.vscode-oss/extensions/eamodio.gitlens-15.5.1/dist/gitlens.js:1120:18227)
    at RegisteredActionRunner.dispose (/home/thesynthax/.vscode-oss/extensions/eamodio.gitlens-15.5.1/dist/gitlens.js:1120:16881)
    at ActionRunners.dispose (/home/thesynthax/.vscode-oss/extensions/eamodio.gitlens-15.5.1/dist/gitlens.js:1120:17667)
    at /home/thesynthax/.vscode-oss/extensions/eamodio.gitlens-15.5.1/dist/gitlens.js:1448:19381
    at Array.forEach (<anonymous>)
    at Object.dispose (/home/thesynthax/.vscode-oss/extensions/eamodio.gitlens-15.5.1/dist/gitlens.js:1448:19363)
    at $ (/usr/lib/code/out/vs/workbench/api/node/extensionHostProcess.js:30:744)
    at /usr/lib/code/out/vs/workbench/api/node/extensionHostProcess.js:167:13607
    at /usr/lib/code/out/vs/workbench/api/node/extensionHostProcess.js:30:1112
    at Object.dispose (/usr/lib/code/out/vs/workbench/api/node/extensionHostProcess.js:11:11463)
    at m.eb (/usr/lib/code/out/vs/workbench/api/node/extensionHostProcess.js:167:10282)
    at /usr/lib/code/out/vs/workbench/api/node/extensionHostProcess.js:167:8153
    at Array.map (<anonymous>)
    at m.$ (/usr/lib/code/out/vs/workbench/api/node/extensionHostProcess.js:167:8140)
    at m.terminate (/usr/lib/code/out/vs/workbench/api/node/extensionHostProcess.js:167:8413)
    at $.terminate (/usr/lib/code/out/vs/workbench/api/node/extensionHostProcess.js:171:1513)
    at n (/usr/lib/code/out/vs/workbench/api/node/extensionHostProcess.js:184:10613)
    at MessagePortMain.<anonymous> (/usr/lib/code/out/vs/workbench/api/node/extensionHostProcess.js:184:6805)
    at MessagePortMain.emit (node:events:519:28)
    at Object.MessagePortMain._internalPort.emit (node:electron/js2c/utility_init:2:2619) setContext undefined
2024-10-04 12:57:39.485 [error] Canceled: Canceled
    at new D (/usr/lib/code/out/vs/workbench/api/node/extensionHostProcess.js:151:35235)
    at y.U (/usr/lib/code/out/vs/workbench/api/node/extensionHostProcess.js:158:6005)
    at Proxy.V.<computed>.F.charCodeAt.A.CharCode.DollarSign.V.<computed> (/usr/lib/code/out/vs/workbench/api/node/extensionHostProcess.js:158:3107)
    at h.g (/usr/lib/code/out/vs/workbench/api/node/extensionHostProcess.js:161:210015)
    at h.executeCommand (/usr/lib/code/out/vs/workbench/api/node/extensionHostProcess.js:161:209453)
    at C.registerCommand.description (/usr/lib/code/out/vs/workbench/api/node/extensionHostProcess.js:161:208777)
    at h (/usr/lib/code/out/vs/workbench/api/node/extensionHostProcess.js:161:210554)
    at h.g (/usr/lib/code/out/vs/workbench/api/node/extensionHostProcess.js:161:209546)
    at h.executeCommand (/usr/lib/code/out/vs/workbench/api/node/extensionHostProcess.js:161:209453)
    at Object.executeCommand (/usr/lib/code/out/vs/workbench/api/node/extensionHostProcess.js:171:30683)
    at zt.set (/home/thesynthax/.vscode-oss/extensions/ms-toolsai.jupyter-2024.8.1-linux-x64/dist/extension.node.js:304:165051)
    at Tb.dispose (/home/thesynthax/.vscode-oss/extensions/ms-toolsai.jupyter-2024.8.1-linux-x64/dist/extension.node.js:342:8136)
    at $ (/usr/lib/code/out/vs/workbench/api/node/extensionHostProcess.js:30:744)
    at /usr/lib/code/out/vs/workbench/api/node/extensionHostProcess.js:167:13607
    at /usr/lib/code/out/vs/workbench/api/node/extensionHostProcess.js:30:1112
    at Object.dispose (/usr/lib/code/out/vs/workbench/api/node/extensionHostProcess.js:11:11463)
    at m.eb (/usr/lib/code/out/vs/workbench/api/node/extensionHostProcess.js:167:10282)
    at /usr/lib/code/out/vs/workbench/api/node/extensionHostProcess.js:167:8153
    at Array.map (<anonymous>)
    at m.$ (/usr/lib/code/out/vs/workbench/api/node/extensionHostProcess.js:167:8140)
    at m.terminate (/usr/lib/code/out/vs/workbench/api/node/extensionHostProcess.js:167:8413)
    at $.terminate (/usr/lib/code/out/vs/workbench/api/node/extensionHostProcess.js:171:1513)
    at n (/usr/lib/code/out/vs/workbench/api/node/extensionHostProcess.js:184:10613)
    at MessagePortMain.<anonymous> (/usr/lib/code/out/vs/workbench/api/node/extensionHostProcess.js:184:6805)
    at MessagePortMain.emit (node:events:519:28)
    at Object.MessagePortMain._internalPort.emit (node:electron/js2c/utility_init:2:2619) setContext undefined
2024-10-04 12:57:39.486 [error] Canceled: Canceled
    at new D (/usr/lib/code/out/vs/workbench/api/node/extensionHostProcess.js:151:35235)
    at y.U (/usr/lib/code/out/vs/workbench/api/node/extensionHostProcess.js:158:6005)
    at Proxy.V.<computed>.F.charCodeAt.A.CharCode.DollarSign.V.<computed> (/usr/lib/code/out/vs/workbench/api/node/extensionHostProcess.js:158:3107)
    at h.g (/usr/lib/code/out/vs/workbench/api/node/extensionHostProcess.js:161:210015)
    at h.executeCommand (/usr/lib/code/out/vs/workbench/api/node/extensionHostProcess.js:161:209453)
    at C.registerCommand.description (/usr/lib/code/out/vs/workbench/api/node/extensionHostProcess.js:161:208777)
    at h (/usr/lib/code/out/vs/workbench/api/node/extensionHostProcess.js:161:210554)
    at h.g (/usr/lib/code/out/vs/workbench/api/node/extensionHostProcess.js:161:209546)
    at h.executeCommand (/usr/lib/code/out/vs/workbench/api/node/extensionHostProcess.js:161:209453)
    at Object.executeCommand (/usr/lib/code/out/vs/workbench/api/node/extensionHostProcess.js:171:30683)
    at Object.dispose (/home/thesynthax/.vscode-oss/extensions/tabnine.tabnine-vscode-3.166.0/src/lookAheadSuggestion.ts:162:21)
    at o.<anonymous> (/usr/lib/code/out/vs/workbench/api/node/extensionHostProcess.js:159:4176)
    at o.dispose (/usr/lib/code/out/vs/workbench/api/node/extensionHostProcess.js:159:4273)
    at o.<anonymous> (/usr/lib/code/out/vs/workbench/api/node/extensionHostProcess.js:159:4176)
    at o.dispose (/usr/lib/code/out/vs/workbench/api/node/extensionHostProcess.js:159:4273)
    at forEach (/home/thesynthax/.vscode-oss/extensions/tabnine.tabnine-vscode-3.166.0/src/autocompleteInstaller.ts:121:7)
    at Array.forEach (<anonymous>)
    at uninstallAutocomplete (/home/thesynthax/.vscode-oss/extensions/tabnine.tabnine-vscode-3.166.0/src/autocompleteInstaller.ts:120:17)
    at Object.dispose (/home/thesynthax/.vscode-oss/extensions/tabnine.tabnine-vscode-3.166.0/src/autocompleteInstaller.ts:27:20)
    at $ (/usr/lib/code/out/vs/workbench/api/node/extensionHostProcess.js:30:744)
    at /usr/lib/code/out/vs/workbench/api/node/extensionHostProcess.js:167:13607
    at /usr/lib/code/out/vs/workbench/api/node/extensionHostProcess.js:30:1112
    at Object.dispose (/usr/lib/code/out/vs/workbench/api/node/extensionHostProcess.js:11:11463)
    at m.eb (/usr/lib/code/out/vs/workbench/api/node/extensionHostProcess.js:167:10282)
    at /usr/lib/code/out/vs/workbench/api/node/extensionHostProcess.js:167:8153
    at Array.map (<anonymous>)
    at m.$ (/usr/lib/code/out/vs/workbench/api/node/extensionHostProcess.js:167:8140)
    at m.terminate (/usr/lib/code/out/vs/workbench/api/node/extensionHostProcess.js:167:8413)
    at $.terminate (/usr/lib/code/out/vs/workbench/api/node/extensionHostProcess.js:171:1513)
    at n (/usr/lib/code/out/vs/workbench/api/node/extensionHostProcess.js:184:10613)
    at MessagePortMain.<anonymous> (/usr/lib/code/out/vs/workbench/api/node/extensionHostProcess.js:184:6805)
    at MessagePortMain.emit (node:events:519:28)
    at Object.MessagePortMain._internalPort.emit (node:electron/js2c/utility_init:2:2619) setContext undefined
2024-10-04 12:57:39.490 [info] Extension host with pid 598404 exiting with code 0
