2022-12-22 17:14:06.615 [info] Added views:workbench.panel.markers.view in workbench.panel.markers
2022-12-22 17:14:06.615 [info] Added views:workbench.panel.output in workbench.panel.output
2022-12-22 17:14:06.615 [info] Added views:terminal in terminal
2022-12-22 17:14:06.615 [info] Added views:outline in workbench.view.explorer
2022-12-22 17:14:06.615 [info] Added views:workbench.scm in workbench.view.scm
2022-12-22 17:14:06.615 [info] Added views:workbench.view.search in workbench.view.search
2022-12-22 17:14:06.616 [info] Added views:timeline in workbench.view.explorer
2022-12-22 17:14:06.616 [info] Added views:workbench.explorer.fileView in workbench.view.explorer
2022-12-22 17:14:06.616 [info] Added views:workbench.debug.variablesView,workbench.debug.watchExpressionsView,workbench.debug.callStackView,workbench.debug.breakPointsView in workbench.view.debug
2022-12-22 17:14:09.850 [info] Added views:dockerContainers,dockerImages,dockerRegistries,dockerNetworks,dockerVolumes,vscode-docker.views.dockerContexts,vscode-docker.views.help in workbench.view.extension.dockerView
2022-12-22 17:14:10.655 [info] Added views:workbench.panel.repl.view in workbench.panel.repl
2022-12-22 17:14:10.655 [info] Removed views:workbench.debug.breakPointsView,workbench.debug.callStackView,workbench.debug.watchExpressionsView,workbench.debug.variablesView from workbench.view.debug
2022-12-22 17:14:10.656 [info] Added views:workbench.debug.welcome in workbench.view.debug
2022-12-22 17:14:13.783 [info] Added views:workbench.panel.comments in workbench.panel.comments
2022-12-22 17:14:26.730 [info] Added views:tabnine-home in workbench.view.extension.tabnine-access
2022-12-22 17:15:04.028 [info] Added views:workbench.views.extensions.installed,workbench.views.extensions.popular,extensions.recommendedList in workbench.view.extensions
2022-12-22 17:15:04.029 [info] Removed views:workbench.views.extensions.popular from workbench.view.extensions
2022-12-22 17:15:24.204 [info] Removed views:extensions.recommendedList,workbench.views.extensions.installed from workbench.view.extensions
2022-12-22 17:15:24.236 [info] Added views:workbench.views.extensions.searchOutdated in workbench.view.extensions
2022-12-22 17:15:43.303 [info] Removed views:workbench.views.extensions.searchOutdated from workbench.view.extensions
2022-12-22 17:15:43.311 [info] Added views:workbench.views.extensions.installed,extensions.recommendedList in workbench.view.extensions
2022-12-22 17:16:03.342 [info] Added views:workbench.panel.markers.view in workbench.panel.markers
2022-12-22 17:16:03.342 [info] Added views:workbench.panel.output in workbench.panel.output
2022-12-22 17:16:03.342 [info] Added views:terminal in terminal
2022-12-22 17:16:03.342 [info] Added views:outline in workbench.view.explorer
2022-12-22 17:16:03.342 [info] Added views:workbench.scm in workbench.view.scm
2022-12-22 17:16:03.342 [info] Added views:workbench.view.search in workbench.view.search
2022-12-22 17:16:03.342 [info] Added views:timeline in workbench.view.explorer
2022-12-22 17:16:03.342 [info] Added views:workbench.explorer.fileView in workbench.view.explorer
2022-12-22 17:16:03.393 [info] Added views:workbench.debug.welcome in workbench.view.debug
2022-12-22 17:16:03.436 [info] Added views:workbench.views.extensions.installed,extensions.recommendedList in workbench.view.extensions
2022-12-22 17:16:05.353 [info] Added views:dockerContainers,dockerImages,dockerRegistries,dockerNetworks,dockerVolumes,vscode-docker.views.dockerContexts,vscode-docker.views.help in workbench.view.extension.dockerView
2022-12-22 17:16:06.404 [info] Added views:workbench.panel.repl.view in workbench.panel.repl
2022-12-22 17:16:09.812 [info] Added views:workbench.panel.comments in workbench.panel.comments
2022-12-22 17:16:15.246 [info] Added views:tabnine-home in workbench.view.extension.tabnine-access
2022-12-22 17:16:15.247 [info] Added views:tabnine-notifications in workbench.view.extension.tabnine-access
2022-12-22 17:16:15.248 [info] Added views:tabnine-today in workbench.view.extension.tabnine-access
2022-12-22 17:20:18.739 [info] Added views:workbench.panel.markers.view in workbench.panel.markers
2022-12-22 17:20:18.739 [info] Added views:workbench.panel.output in workbench.panel.output
2022-12-22 17:20:18.739 [info] Added views:terminal in terminal
2022-12-22 17:20:18.739 [info] Added views:outline in workbench.view.explorer
2022-12-22 17:20:18.739 [info] Added views:workbench.scm in workbench.view.scm
2022-12-22 17:20:18.739 [info] Added views:workbench.view.search in workbench.view.search
2022-12-22 17:20:18.739 [info] Added views:timeline in workbench.view.explorer
2022-12-22 17:20:18.739 [info] Added views:workbench.explorer.fileView in workbench.view.explorer
2022-12-22 17:20:18.785 [info] Added views:workbench.debug.welcome in workbench.view.debug
2022-12-22 17:20:18.829 [info] Added views:workbench.views.extensions.installed,extensions.recommendedList in workbench.view.extensions
2022-12-22 17:20:19.423 [info] Added views:dockerContainers,dockerImages,dockerRegistries,dockerNetworks,dockerVolumes,vscode-docker.views.dockerContexts,vscode-docker.views.help in workbench.view.extension.dockerView
2022-12-22 17:20:20.269 [info] Added views:workbench.panel.repl.view in workbench.panel.repl
2022-12-22 17:20:20.636 [info] Added views:workbench.panel.comments in workbench.panel.comments
2022-12-22 17:20:23.361 [info] Added views:tabnine-home in workbench.view.extension.tabnine-access
2022-12-22 17:20:23.363 [info] Added views:tabnine-notifications in workbench.view.extension.tabnine-access
2022-12-22 17:20:23.364 [info] Added views:tabnine-today in workbench.view.extension.tabnine-access
