2022-12-20 11:38:45.532 [info] Log level: Info
2022-12-20 11:38:45.532 [info] Validating found git in: "git"
2022-12-20 11:38:45.532 [info] Using git "2.39.0" from "git"
2022-12-20 11:38:45.532 [info] > git rev-parse --show-toplevel [1917ms]
2022-12-20 11:38:45.533 [info] > git rev-parse --git-dir --git-common-dir [54ms]
2022-12-20 11:38:45.539 [info] Open repository: /home/thesynthax
2022-12-20 11:38:45.552 [info] > git config --get commit.template [5ms]
2022-12-20 11:38:46.240 [info] > git for-each-ref --format=%(refname)%00%(upstream:short)%00%(objectname)%00%(upstream:track)%00%(upstream:remotename)%00%(upstream:remoteref) refs/heads/main refs/remotes/main [690ms]
2022-12-20 11:38:46.247 [info] > git rev-parse --show-toplevel [704ms]
2022-12-20 11:38:46.251 [info] > git check-ignore -v -z --stdin [29ms]
2022-12-20 11:38:46.252 [info] > git rev-parse --git-dir --git-common-dir [2ms]
2022-12-20 11:38:46.254 [info] Open repository: /home/thesynthax/Unity Projects/Unity-Projects
2022-12-20 11:38:46.258 [info] > git for-each-ref --sort -committerdate --format %(refname) %(objectname) %(*objectname) [12ms]
2022-12-20 11:38:46.267 [info] > git rev-parse --show-toplevel [8ms]
2022-12-20 11:38:46.284 [info] > git rev-parse --show-toplevel [13ms]
2022-12-20 11:38:46.287 [info] > git config --get commit.template [25ms]
2022-12-20 11:38:46.294 [info] > git rev-parse --show-toplevel [7ms]
2022-12-20 11:38:46.318 [info] > git ls-files --stage -- /home/thesynthax/Unity Projects/Unity-Projects/two point five D platformer/Assets/Scripts/New/Character Controller/SlideCrouchHandler.cs [39ms]
2022-12-20 11:38:46.801 [info] > git check-ignore -v -z --stdin [5ms]
2022-12-20 11:38:46.804 [info] > git check-ignore -v -z --stdin [4ms]
2022-12-20 11:38:47.082 [info] > git for-each-ref --format=%(refname)%00%(upstream:short)%00%(objectname)%00%(upstream:track)%00%(upstream:remotename)%00%(upstream:remoteref) refs/heads/refactorScratch refs/remotes/refactorScratch [784ms]
2022-12-20 11:38:47.946 [info] > git cat-file -s 281fe15dfad93ca1b15bb94d26c6018016ffc705 [1624ms]
2022-12-20 11:38:47.950 [info] > git show --textconv :two point five D platformer/Assets/Scripts/New/Character Controller/SlideCrouchHandler.cs [1676ms]
2022-12-20 11:38:48.040 [info] > git for-each-ref --sort -committerdate --format %(refname) %(objectname) %(*objectname) [926ms]
2022-12-20 11:38:58.403 [info] > git ls-files --stage -- /home/thesynthax/Unity Projects/Unity-Projects/two point five D platformer/Assets/Scripts/New/Character Controller/PlayerMovementBase.cs [2ms]
2022-12-20 11:38:58.461 [info] > git show --textconv :two point five D platformer/Assets/Scripts/New/Character Controller/PlayerMovementBase.cs [64ms]
2022-12-20 11:38:58.461 [info] > git cat-file -s 14472db642e226152ec9e34afc05a7a66424b44a [55ms]
2022-12-20 11:40:56.948 [info] > git show --textconv :test/test.c [12ms]
2022-12-20 11:40:56.950 [info] > git ls-files --stage -- /home/thesynthax/test/test.c [3ms]
2022-12-20 11:40:59.178 [info] > git status -z -uall [132935ms] (cancelled)
2022-12-20 11:44:25.294 [info] > git status -z -uall [338196ms]
2022-12-20 11:44:25.833 [info] > git config --get commit.template [12ms]
2022-12-20 11:44:25.839 [info] > git for-each-ref --format=%(refname)%00%(upstream:short)%00%(objectname)%00%(upstream:track)%00%(upstream:remotename)%00%(upstream:remoteref) refs/heads/refactorScratch refs/remotes/refactorScratch [1ms]
2022-12-20 11:44:25.856 [info] > git for-each-ref --sort -committerdate --format %(refname) %(objectname) %(*objectname) [5ms]
2022-12-20 11:48:55.770 [info] > git status -z -uall [269924ms]
