2022-12-20 12:39:25.438 [info] Starting worker process with pid 58238 (type: fileWatcher, window: 2).
2022-12-20 12:39:26.115 [info] Starting worker process with pid 58264 (type: fileWatcher, window: 1).
2022-12-20 12:39:29.010 [info] Getting Manifest... formulahendry.code-runner
2022-12-20 12:39:29.011 [info] Getting Manifest... franneck94.c-cpp-runner
2022-12-20 12:39:29.011 [info] Getting Manifest... llvm-vs-code-extensions.vscode-clangd
2022-12-20 12:39:29.012 [info] Getting Manifest... vadimcn.vscode-lldb
2022-12-20 12:39:29.012 [info] Getting Manifest... vscodevim.vim
2022-12-20 12:39:29.013 [info] Getting Manifest... zhuangtongfa.material-theme
2022-12-20 12:39:29.191 [info] Getting Manifest... formulahendry.code-runner
2022-12-20 12:39:29.194 [info] Getting Manifest... franneck94.c-cpp-runner
2022-12-20 12:39:29.195 [info] Getting Manifest... llvm-vs-code-extensions.vscode-clangd
2022-12-20 12:39:29.200 [info] Getting Manifest... vadimcn.vscode-lldb
2022-12-20 12:39:29.202 [info] Getting Manifest... vscodevim.vim
2022-12-20 12:39:29.204 [info] Getting Manifest... zhuangtongfa.material-theme
2022-12-20 12:39:30.396 [info] Installing extension: vscodevim.vim
2022-12-20 12:39:30.402 [info] Installing extension: llvm-vs-code-extensions.vscode-clangd
2022-12-20 12:39:30.404 [info] Installing extension: vadimcn.vscode-lldb
2022-12-20 12:39:30.407 [info] Installing extension: franneck94.c-cpp-runner
2022-12-20 12:39:30.409 [info] Installing extension: formulahendry.code-runner
2022-12-20 12:39:30.416 [info] Extensions is already requested to install llvm-vs-code-extensions.vscode-clangd
2022-12-20 12:39:30.418 [info] Extensions is already requested to install vscodevim.vim
2022-12-20 12:39:30.420 [info] Extensions is already requested to install vadimcn.vscode-lldb
2022-12-20 12:39:30.421 [info] Extensions is already requested to install franneck94.c-cpp-runner
2022-12-20 12:39:30.422 [info] Extensions is already requested to install formulahendry.code-runner
2022-12-20 12:39:31.008 [info] Getting Manifest... ms-vscode.cpptools
2022-12-20 12:39:31.874 [info] Extension installed successfully: llvm-vs-code-extensions.vscode-clangd
2022-12-20 12:39:32.066 [info] Getting Manifest... vadimcn.vscode-lldb
2022-12-20 12:39:32.208 [info] Extension installed successfully: formulahendry.code-runner
2022-12-20 12:39:32.583 [info] Extension installed successfully: vadimcn.vscode-lldb
2022-12-20 12:39:33.529 [info] Extension installed successfully: vscodevim.vim
2022-12-20 12:39:35.089 [info] Installing extension: zhuangtongfa.material-theme
2022-12-20 12:39:35.115 [info] Extensions is already requested to install zhuangtongfa.material-theme
2022-12-20 12:39:36.759 [info] Extension installed successfully: zhuangtongfa.material-theme
2022-12-20 12:39:37.012 [info] Extracted extension to /home/thesynthax/.vscode-oss/extensions/.40f8978b-5f47-466e-98c3-96a48ce80f00: franneck94.c-cpp-runner
2022-12-20 12:39:37.142 [info] Renamed to /home/thesynthax/.vscode-oss/extensions/franneck94.c-cpp-runner-5.0.0
2022-12-20 12:39:37.143 [info] Extracting completed. franneck94.c-cpp-runner
2022-12-20 12:39:37.299 [info] Extension installed successfully: franneck94.c-cpp-runner
2022-12-20 12:39:37.322 [info] Marked extension as uninstalled franneck94.c-cpp-runner-4.3.1-universal
2022-12-20 12:39:53.285 [info] Worker process with pid 58238 terminated normally (type: fileWatcher, window: 2).
2022-12-20 12:40:07.697 [info] Getting Manifest... vscode-icons-team.vscode-icons
2022-12-20 12:40:07.702 [info] Installing extension: vscode-icons-team.vscode-icons
2022-12-20 12:40:12.975 [info] Extracted extension to /home/thesynthax/.vscode-oss/extensions/.89dd16c6-fe30-40a4-98cd-f77a3a8c8772: vscode-icons-team.vscode-icons
2022-12-20 12:40:13.689 [info] Renamed to /home/thesynthax/.vscode-oss/extensions/vscode-icons-team.vscode-icons-12.0.1
2022-12-20 12:40:13.698 [info] Extracting completed. vscode-icons-team.vscode-icons
2022-12-20 12:40:14.752 [info] Extension installed successfully: vscode-icons-team.vscode-icons
2022-12-20 12:43:13.595 [info] Getting Manifest... esbenp.prettier-vscode
2022-12-20 12:43:13.600 [info] Installing extension: esbenp.prettier-vscode
2022-12-20 12:43:16.693 [info] Extracted extension to /home/thesynthax/.vscode-oss/extensions/.75ff7f29-be07-46d2-b054-ff7f18a240ee: esbenp.prettier-vscode
2022-12-20 12:43:16.866 [info] Renamed to /home/thesynthax/.vscode-oss/extensions/esbenp.prettier-vscode-9.10.3
2022-12-20 12:43:16.875 [info] Extracting completed. esbenp.prettier-vscode
2022-12-20 12:43:17.282 [info] Extension installed successfully: esbenp.prettier-vscode
2022-12-20 12:43:19.015 [info] Getting Manifest... ms-dotnettools.csharp
2022-12-20 12:43:19.023 [info] Installing extension: ms-dotnettools.csharp
2022-12-20 12:44:04.151 [info] Extracted extension to /home/thesynthax/.vscode-oss/extensions/.1a7b7b97-8fa2-41e3-ae05-9a9e9835aec4: ms-dotnettools.csharp
2022-12-20 12:44:05.800 [info] Renamed to /home/thesynthax/.vscode-oss/extensions/ms-dotnettools.csharp-1.25.2-linux-x64
2022-12-20 12:44:05.812 [info] Extracting completed. ms-dotnettools.csharp
2022-12-20 12:44:07.764 [info] Extension installed successfully: ms-dotnettools.csharp
2022-12-20 12:45:45.746 [info] Getting Manifest... formulahendry.auto-rename-tag
2022-12-20 12:45:45.753 [info] Installing extension: formulahendry.auto-rename-tag
2022-12-20 12:45:47.683 [info] Getting Manifest... formulahendry.auto-close-tag
2022-12-20 12:45:47.694 [info] Installing extension: formulahendry.auto-close-tag
2022-12-20 12:45:51.809 [info] Extracted extension to /home/thesynthax/.vscode-oss/extensions/.0bf854c0-5010-481f-aa23-1a518b09003a: formulahendry.auto-close-tag
2022-12-20 12:45:51.820 [info] Extracted extension to /home/thesynthax/.vscode-oss/extensions/.a0c16122-d3f6-411b-9bfd-58c1b4165081: formulahendry.auto-rename-tag
2022-12-20 12:45:52.066 [info] Renamed to /home/thesynthax/.vscode-oss/extensions/formulahendry.auto-close-tag-0.5.14
2022-12-20 12:45:52.067 [info] Renamed to /home/thesynthax/.vscode-oss/extensions/formulahendry.auto-rename-tag-0.1.10
2022-12-20 12:45:52.068 [info] Extracting completed. formulahendry.auto-rename-tag
2022-12-20 12:45:52.069 [info] Extracting completed. formulahendry.auto-close-tag
2022-12-20 12:45:52.403 [info] Extension installed successfully: formulahendry.auto-rename-tag
2022-12-20 12:45:52.744 [info] Extension installed successfully: formulahendry.auto-close-tag
2022-12-20 12:47:30.071 [info] Getting Manifest... tabnine.tabnine-vscode
2022-12-20 12:47:30.084 [info] Installing extension: tabnine.tabnine-vscode
2022-12-20 12:47:32.660 [info] Extracted extension to /home/thesynthax/.vscode-oss/extensions/.e6e4d0bc-831b-496f-ad23-39c522dc4bc5: tabnine.tabnine-vscode
2022-12-20 12:47:32.972 [info] Renamed to /home/thesynthax/.vscode-oss/extensions/tabnine.tabnine-vscode-3.6.31
2022-12-20 12:47:32.977 [info] Extracting completed. tabnine.tabnine-vscode
2022-12-20 12:47:33.142 [info] Extension installed successfully: tabnine.tabnine-vscode
2022-12-20 12:49:17.048 [info] Getting Manifest... ritwickdey.liveserver
2022-12-20 12:49:17.055 [info] Installing extension: ritwickdey.liveserver
2022-12-20 12:49:21.331 [info] Extracted extension to /home/thesynthax/.vscode-oss/extensions/.ae16cfd5-6640-4d47-8a57-f24ca787e80c: ritwickdey.liveserver
2022-12-20 12:49:22.138 [info] Renamed to /home/thesynthax/.vscode-oss/extensions/ritwickdey.liveserver-5.7.9
2022-12-20 12:49:22.139 [info] Extracting completed. ritwickdey.liveserver
2022-12-20 12:49:22.407 [info] Extension installed successfully: ritwickdey.liveserver
2022-12-20 12:49:31.387 [info] Getting Manifest... arjunreddy.webdev-essentials
2022-12-20 12:49:31.389 [info] Installing extension: arjunreddy.webdev-essentials
2022-12-20 12:49:32.833 [info] Getting Manifest... ritwickdey.liveserver
2022-12-20 12:49:32.847 [info] Getting Manifest... esbenp.prettier-vscode
2022-12-20 12:49:33.228 [info] Getting Manifest... dbaeumer.vscode-eslint
2022-12-20 12:49:34.373 [info] Getting Manifest... vscode-icons-team.vscode-icons
2022-12-20 12:49:34.464 [info] Getting Manifest... formulahendry.auto-rename-tag
2022-12-20 12:49:34.475 [info] Getting Manifest... formulahendry.auto-close-tag
2022-12-20 12:49:34.487 [info] Getting Manifest... donjayamanne.githistory
2022-12-20 12:49:35.604 [info] Getting Manifest... oderwat.indent-rainbow
2022-12-20 12:49:36.732 [info] Getting Manifest... aaron-bond.better-comments
2022-12-20 12:49:37.846 [info] Getting Manifest... wayou.vscode-todo-highlight
2022-12-20 12:49:38.977 [info] Getting Manifest... wix.vscode-import-cost
2022-12-20 12:49:39.293 [info] Getting Manifest... johnpapa.vscode-peacock
2022-12-20 12:49:40.373 [info] Getting Manifest... usernamehw.errorlens
2022-12-20 12:49:41.536 [info] Getting Manifest... robbowen.synthwave-vscode
2022-12-20 12:49:41.923 [info] Installing extension: dbaeumer.vscode-eslint arjunreddy.webdev-essentials
2022-12-20 12:49:41.923 [info] Installing extension: donjayamanne.githistory arjunreddy.webdev-essentials
2022-12-20 12:49:41.923 [info] Installing extension: oderwat.indent-rainbow arjunreddy.webdev-essentials
2022-12-20 12:49:41.923 [info] Installing extension: aaron-bond.better-comments arjunreddy.webdev-essentials
2022-12-20 12:49:41.923 [info] Installing extension: wayou.vscode-todo-highlight arjunreddy.webdev-essentials
2022-12-20 12:49:41.923 [info] Installing extension: wix.vscode-import-cost arjunreddy.webdev-essentials
2022-12-20 12:49:41.923 [info] Installing extension: johnpapa.vscode-peacock arjunreddy.webdev-essentials
2022-12-20 12:49:41.923 [info] Installing extension: usernamehw.errorlens arjunreddy.webdev-essentials
2022-12-20 12:49:41.923 [info] Installing extension: robbowen.synthwave-vscode arjunreddy.webdev-essentials
2022-12-20 12:49:44.735 [info] Extracted extension to /home/thesynthax/.vscode-oss/extensions/.8975cc92-cba8-4832-bdaf-0f5b055ead36: johnpapa.vscode-peacock
2022-12-20 12:49:44.950 [info] Renamed to /home/thesynthax/.vscode-oss/extensions/johnpapa.vscode-peacock-4.2.2
2022-12-20 12:49:44.952 [info] Extracting completed. johnpapa.vscode-peacock
2022-12-20 12:49:45.242 [info] Extracted extension to /home/thesynthax/.vscode-oss/extensions/.0fe93f75-b5c7-4f65-8908-47d5029017bb: aaron-bond.better-comments
2022-12-20 12:49:45.656 [info] Renamed to /home/thesynthax/.vscode-oss/extensions/aaron-bond.better-comments-3.0.2
2022-12-20 12:49:45.674 [info] Extracting completed. aaron-bond.better-comments
2022-12-20 12:49:45.711 [info] Extracted extension to /home/thesynthax/.vscode-oss/extensions/.74757b81-b4e2-414b-a92a-3777b4f3dd03: wayou.vscode-todo-highlight
2022-12-20 12:49:45.719 [info] Extracted extension to /home/thesynthax/.vscode-oss/extensions/.9f16e53b-0941-4a29-83c8-0a96d595d6fa: donjayamanne.githistory
2022-12-20 12:49:45.920 [info] Renamed to /home/thesynthax/.vscode-oss/extensions/donjayamanne.githistory-0.6.19
2022-12-20 12:49:45.920 [info] Renamed to /home/thesynthax/.vscode-oss/extensions/wayou.vscode-todo-highlight-1.0.5
2022-12-20 12:49:45.923 [info] Extracting completed. donjayamanne.githistory
2022-12-20 12:49:45.923 [info] Extracting completed. wayou.vscode-todo-highlight
2022-12-20 12:49:46.237 [info] Extracted extension to /home/thesynthax/.vscode-oss/extensions/.bbb70ab3-b583-4b17-aeb7-c7700b2a31fc: oderwat.indent-rainbow
2022-12-20 12:49:46.380 [info] Renamed to /home/thesynthax/.vscode-oss/extensions/oderwat.indent-rainbow-8.3.1
2022-12-20 12:49:46.385 [info] Extracting completed. oderwat.indent-rainbow
2022-12-20 12:49:47.848 [info] Extracted extension to /home/thesynthax/.vscode-oss/extensions/.81625027-fa65-4487-9e0b-b246caa6c449: wix.vscode-import-cost
2022-12-20 12:49:47.988 [info] Renamed to /home/thesynthax/.vscode-oss/extensions/wix.vscode-import-cost-3.3.0
2022-12-20 12:49:47.992 [info] Extracting completed. wix.vscode-import-cost
2022-12-20 12:49:49.789 [info] Extracted extension to /home/thesynthax/.vscode-oss/extensions/.c1f6b9c0-9746-4bdb-b6fc-d3960d5427a3: usernamehw.errorlens
2022-12-20 12:49:49.857 [info] Extracted extension to /home/thesynthax/.vscode-oss/extensions/.1a56c6ed-0067-4694-a1b7-c38193c8a723: dbaeumer.vscode-eslint
2022-12-20 12:49:49.959 [info] Renamed to /home/thesynthax/.vscode-oss/extensions/usernamehw.errorlens-3.6.0
2022-12-20 12:49:49.966 [info] Extracting completed. usernamehw.errorlens
2022-12-20 12:49:49.997 [info] Extracted extension to /home/thesynthax/.vscode-oss/extensions/.c30ebecb-9620-4c2e-b50e-36bd72221916: robbowen.synthwave-vscode
2022-12-20 12:49:50.035 [info] Renamed to /home/thesynthax/.vscode-oss/extensions/dbaeumer.vscode-eslint-2.2.6
2022-12-20 12:49:50.036 [info] Extracting completed. dbaeumer.vscode-eslint
2022-12-20 12:49:50.205 [info] Renamed to /home/thesynthax/.vscode-oss/extensions/robbowen.synthwave-vscode-0.1.15
2022-12-20 12:49:50.214 [info] Extracting completed. robbowen.synthwave-vscode
2022-12-20 12:49:53.498 [info] Extracted extension to /home/thesynthax/.vscode-oss/extensions/.942aa92f-2c4d-4829-be7e-eee958e81bff: arjunreddy.webdev-essentials
2022-12-20 12:49:53.759 [info] Renamed to /home/thesynthax/.vscode-oss/extensions/arjunreddy.webdev-essentials-0.0.2
2022-12-20 12:49:53.764 [info] Extracting completed. arjunreddy.webdev-essentials
2022-12-20 12:49:54.120 [info] Extension installed successfully: johnpapa.vscode-peacock
2022-12-20 12:49:54.120 [info] Extension installed successfully: aaron-bond.better-comments
2022-12-20 12:49:54.120 [info] Extension installed successfully: donjayamanne.githistory
2022-12-20 12:49:54.120 [info] Extension installed successfully: wayou.vscode-todo-highlight
2022-12-20 12:49:54.121 [info] Extension installed successfully: oderwat.indent-rainbow
2022-12-20 12:49:54.121 [info] Extension installed successfully: wix.vscode-import-cost
2022-12-20 12:49:54.121 [info] Extension installed successfully: usernamehw.errorlens
2022-12-20 12:49:54.121 [info] Extension installed successfully: dbaeumer.vscode-eslint
2022-12-20 12:49:54.121 [info] Extension installed successfully: robbowen.synthwave-vscode
2022-12-20 12:49:54.121 [info] Extension installed successfully: arjunreddy.webdev-essentials
2022-12-20 12:50:55.898 [info] Getting Manifest... ms-vscode.cpptools-extension-pack
2022-12-20 12:50:55.911 [info] Installing extension: ms-vscode.cpptools-extension-pack
2022-12-20 12:50:56.603 [info] Getting Manifest... ms-vscode.cpptools
2022-12-20 12:50:56.670 [info] Getting Manifest... ms-vscode.cmake-tools
2022-12-20 12:50:57.398 [info] Getting Manifest... twxs.cmake
2022-12-20 12:50:57.824 [info] Getting Manifest... ms-vscode.cpptools-themes
2022-12-20 12:50:58.211 [info] Installing extension: ms-vscode.cmake-tools ms-vscode.cpptools-extension-pack
2022-12-20 12:50:58.211 [info] Installing extension: twxs.cmake ms-vscode.cpptools-extension-pack
2022-12-20 12:50:58.211 [info] Installing extension: ms-vscode.cpptools-themes ms-vscode.cpptools-extension-pack
2022-12-20 12:51:02.643 [info] Extracted extension to /home/thesynthax/.vscode-oss/extensions/.ad1b13ce-40b2-43ff-8d6c-293b132c0330: twxs.cmake
2022-12-20 12:51:02.941 [info] Renamed to /home/thesynthax/.vscode-oss/extensions/twxs.cmake-0.0.17
2022-12-20 12:51:02.942 [info] Extracting completed. twxs.cmake
2022-12-20 12:51:05.368 [info] Extracted extension to /home/thesynthax/.vscode-oss/extensions/.6ff34bd5-a9bf-4c95-b702-e1ad8292479c: ms-vscode.cpptools-themes
2022-12-20 12:51:05.621 [info] Extracted extension to /home/thesynthax/.vscode-oss/extensions/.bdc098e4-b06f-45fa-9e31-09bb0b632037: ms-vscode.cmake-tools
2022-12-20 12:51:05.681 [info] Renamed to /home/thesynthax/.vscode-oss/extensions/ms-vscode.cpptools-themes-2.0.0
2022-12-20 12:51:05.683 [info] Extracting completed. ms-vscode.cpptools-themes
2022-12-20 12:51:05.838 [info] Renamed to /home/thesynthax/.vscode-oss/extensions/ms-vscode.cmake-tools-1.12.27
2022-12-20 12:51:05.843 [info] Extracting completed. ms-vscode.cmake-tools
2022-12-20 12:51:08.469 [info] Extracted extension to /home/thesynthax/.vscode-oss/extensions/.f4101cef-fd11-41ab-a24a-6e16e94ebbeb: ms-vscode.cpptools-extension-pack
2022-12-20 12:51:08.709 [info] Renamed to /home/thesynthax/.vscode-oss/extensions/ms-vscode.cpptools-extension-pack-1.3.0
2022-12-20 12:51:08.713 [info] Extracting completed. ms-vscode.cpptools-extension-pack
2022-12-20 12:51:09.482 [info] Extension installed successfully: twxs.cmake
2022-12-20 12:51:09.482 [info] Extension installed successfully: ms-vscode.cpptools-themes
2022-12-20 12:51:09.483 [info] Extension installed successfully: ms-vscode.cmake-tools
2022-12-20 12:51:09.483 [info] Extension installed successfully: ms-vscode.cpptools-extension-pack
2022-12-20 17:02:23.076 [info] Getting Manifest... formulahendry.code-runner
2022-12-20 17:02:23.077 [info] Getting Manifest... llvm-vs-code-extensions.vscode-clangd
2022-12-20 17:02:23.078 [info] Getting Manifest... vadimcn.vscode-lldb
2022-12-20 17:02:23.080 [info] Getting Manifest... vscodevim.vim
2022-12-20 17:02:23.081 [info] Getting Manifest... zhuangtongfa.material-theme
2022-12-20 17:02:24.199 [info] Installing extension: vadimcn.vscode-lldb
2022-12-20 17:02:24.228 [info] Installing extension: formulahendry.code-runner
2022-12-20 17:02:24.229 [info] Installing extension: zhuangtongfa.material-theme
2022-12-20 17:02:24.271 [info] Installing extension: vscodevim.vim
2022-12-20 17:02:24.272 [info] Installing extension: llvm-vs-code-extensions.vscode-clangd
2022-12-20 17:02:25.266 [info] Extension installed successfully: vadimcn.vscode-lldb
2022-12-20 17:02:25.304 [info] Extension installed successfully: formulahendry.code-runner
2022-12-20 17:02:25.394 [info] Extension installed successfully: vscodevim.vim
2022-12-20 17:02:25.439 [info] Extension installed successfully: llvm-vs-code-extensions.vscode-clangd
2022-12-20 17:02:25.490 [info] Extension installed successfully: zhuangtongfa.material-theme
2022-12-20 17:02:28.001 [info] Getting Manifest... xabikos.javascriptsnippets
2022-12-20 17:02:28.013 [info] Installing extension: xabikos.javascriptsnippets
2022-12-20 17:02:30.144 [info] Extracted extension to /home/thesynthax/.vscode-oss/extensions/.0c8376f4-5a99-4152-87a0-ace4f8c9f9ed: xabikos.javascriptsnippets
2022-12-20 17:02:30.188 [info] Renamed to /home/thesynthax/.vscode-oss/extensions/xabikos.javascriptsnippets-1.8.0
2022-12-20 17:02:30.193 [info] Extracting completed. xabikos.javascriptsnippets
2022-12-20 17:02:30.243 [info] Extension installed successfully: xabikos.javascriptsnippets
2022-12-20 17:02:32.399 [info] Getting Manifest... ms-vscode.vscode-typescript-next
2022-12-20 17:02:32.409 [info] Installing extension: ms-vscode.vscode-typescript-next
2022-12-20 17:02:38.059 [info] Getting Manifest... mgmcdermott.vscode-language-babel
2022-12-20 17:02:38.065 [info] Installing extension: mgmcdermott.vscode-language-babel
2022-12-20 17:02:40.222 [info] Extracted extension to /home/thesynthax/.vscode-oss/extensions/.0d86c7f2-8532-4954-86cc-37189303996b: mgmcdermott.vscode-language-babel
2022-12-20 17:02:40.259 [info] Renamed to /home/thesynthax/.vscode-oss/extensions/mgmcdermott.vscode-language-babel-0.0.36
2022-12-20 17:02:40.260 [info] Extracting completed. mgmcdermott.vscode-language-babel
2022-12-20 17:02:40.305 [info] Extension installed successfully: mgmcdermott.vscode-language-babel
2022-12-20 17:02:40.399 [info] Extracted extension to /home/thesynthax/.vscode-oss/extensions/.a5ab81f2-f2e0-4d23-8046-5333e18dc0c7: ms-vscode.vscode-typescript-next
2022-12-20 17:02:40.438 [info] Renamed to /home/thesynthax/.vscode-oss/extensions/ms-vscode.vscode-typescript-next-5.0.202212190
2022-12-20 17:02:40.439 [info] Extracting completed. ms-vscode.vscode-typescript-next
2022-12-20 17:02:40.485 [info] Extension installed successfully: ms-vscode.vscode-typescript-next
2022-12-20 17:06:44.830 [info] Getting Manifest... standard.vscode-standard
2022-12-20 17:06:44.833 [info] Installing extension: standard.vscode-standard
2022-12-20 17:06:47.828 [info] Extracted extension to /home/thesynthax/.vscode-oss/extensions/.76dd7a73-27ef-4172-8d8b-0fbf8304884d: standard.vscode-standard
2022-12-20 17:06:48.854 [info] Renamed to /home/thesynthax/.vscode-oss/extensions/standard.vscode-standard-2.1.3
2022-12-20 17:06:48.857 [info] Extracting completed. standard.vscode-standard
2022-12-20 17:06:49.205 [info] Extension installed successfully: standard.vscode-standard
2022-12-20 17:07:11.371 [info] Getting Manifest... formulahendry.code-runner
2022-12-20 17:07:11.374 [info] Installing extension: formulahendry.code-runner
2022-12-20 17:07:12.004 [info] Extension installed successfully: formulahendry.code-runner
2022-12-20 17:07:12.338 [info] Getting Manifest... vadimcn.vscode-lldb
2022-12-20 17:07:12.349 [info] Installing extension: vadimcn.vscode-lldb
2022-12-20 17:07:12.633 [info] Extension installed successfully: vadimcn.vscode-lldb
2022-12-20 17:07:13.313 [info] Getting Manifest... zhuangtongfa.material-theme
2022-12-20 17:07:13.324 [info] Installing extension: zhuangtongfa.material-theme
2022-12-20 17:07:14.108 [info] Extension installed successfully: zhuangtongfa.material-theme
2022-12-20 17:07:14.580 [info] Getting Manifest... vscodevim.vim
2022-12-20 17:07:14.593 [info] Installing extension: vscodevim.vim
2022-12-20 17:07:15.364 [info] Extension installed successfully: vscodevim.vim
2022-12-20 17:07:15.486 [info] Getting Manifest... llvm-vs-code-extensions.vscode-clangd
2022-12-20 17:07:15.492 [info] Installing extension: llvm-vs-code-extensions.vscode-clangd
2022-12-20 17:07:15.759 [info] Extension installed successfully: llvm-vs-code-extensions.vscode-clangd
2022-12-20 17:07:25.832 [info] Getting Manifest... ms-azuretools.vscode-docker
2022-12-20 17:07:25.840 [info] Installing extension: ms-azuretools.vscode-docker
2022-12-20 17:07:28.479 [info] Extracted extension to /home/thesynthax/.vscode-oss/extensions/.8a87d91a-a787-4d18-ad04-5bf9fc3c5df2: ms-azuretools.vscode-docker
2022-12-20 17:07:28.703 [info] Renamed to /home/thesynthax/.vscode-oss/extensions/ms-azuretools.vscode-docker-1.23.3
2022-12-20 17:07:28.729 [info] Extracting completed. ms-azuretools.vscode-docker
2022-12-20 17:07:29.498 [info] Extension installed successfully: ms-azuretools.vscode-docker
2022-12-20 17:07:30.950 [info] Worker process with pid 58264 terminated normally (type: fileWatcher, window: 1).
2022-12-20 17:07:32.032 [info] Starting worker process with pid 144638 (type: fileWatcher, window: 1).
2022-12-20 17:07:34.589 [info] Getting Manifest... formulahendry.code-runner
2022-12-20 17:07:34.590 [info] Getting Manifest... llvm-vs-code-extensions.vscode-clangd
2022-12-20 17:07:34.592 [info] Getting Manifest... vadimcn.vscode-lldb
2022-12-20 17:07:34.593 [info] Getting Manifest... vscodevim.vim
2022-12-20 17:07:34.594 [info] Getting Manifest... zhuangtongfa.material-theme
2022-12-20 17:07:34.602 [info] Installing extension: formulahendry.code-runner
2022-12-20 17:07:34.603 [info] Installing extension: llvm-vs-code-extensions.vscode-clangd
2022-12-20 17:07:34.616 [info] Installing extension: zhuangtongfa.material-theme
2022-12-20 17:07:34.617 [info] Installing extension: vadimcn.vscode-lldb
2022-12-20 17:07:34.618 [info] Installing extension: vscodevim.vim
2022-12-20 17:07:36.639 [info] Extension installed successfully: llvm-vs-code-extensions.vscode-clangd
2022-12-20 17:07:36.717 [info] Extension installed successfully: formulahendry.code-runner
2022-12-20 17:07:36.835 [info] Extension installed successfully: vadimcn.vscode-lldb
2022-12-20 17:07:36.976 [info] Extension installed successfully: zhuangtongfa.material-theme
2022-12-20 17:07:37.244 [info] Extension installed successfully: vscodevim.vim
