2022-12-23 16:51:50.911 [info] Starting worker process with pid 33799 (type: fileWatcher, window: 1).
2022-12-23 16:51:51.945 [info] Deleted from disk ms-vscode.vscode-typescript-next /home/thesynthax/.vscode-oss/extensions/ms-vscode.vscode-typescript-next-5.0.202212190
2022-12-23 16:51:56.112 [info] Getting Manifest... formulahendry.code-runner
2022-12-23 16:51:56.114 [info] Getting Manifest... llvm-vs-code-extensions.vscode-clangd
2022-12-23 16:51:56.115 [info] Getting Manifest... ms-vscode.vscode-typescript-next
2022-12-23 16:51:56.116 [info] Getting Manifest... vadimcn.vscode-lldb
2022-12-23 16:51:56.117 [info] Getting Manifest... vscodevim.vim
2022-12-23 16:51:56.117 [info] Getting Manifest... zhuangtongfa.material-theme
2022-12-23 16:51:56.593 [info] Installing extension: formulahendry.code-runner
2022-12-23 16:51:57.215 [info] Installing extension: ms-vscode.vscode-typescript-next
2022-12-23 16:51:57.442 [info] Installing extension: llvm-vs-code-extensions.vscode-clangd
2022-12-23 16:51:57.449 [info] Installing extension: vscodevim.vim
2022-12-23 16:51:57.492 [info] Installing extension: vadimcn.vscode-lldb
2022-12-23 16:51:58.829 [info] Extension installed successfully: formulahendry.code-runner
2022-12-23 16:52:01.113 [info] Extension installed successfully: llvm-vs-code-extensions.vscode-clangd
2022-12-23 16:52:02.080 [info] Extension installed successfully: vscodevim.vim
2022-12-23 16:52:02.430 [info] Extension installed successfully: vadimcn.vscode-lldb
2022-12-23 16:52:02.462 [info] Installing extension: zhuangtongfa.material-theme
2022-12-23 16:52:03.275 [info] Extension installed successfully: zhuangtongfa.material-theme
2022-12-23 16:52:04.303 [info] Extracted extension to /home/thesynthax/.vscode-oss/extensions/.0fe99f86-b148-4041-b515-59b682900281: ms-vscode.vscode-typescript-next
2022-12-23 16:52:04.423 [info] Renamed to /home/thesynthax/.vscode-oss/extensions/ms-vscode.vscode-typescript-next-5.0.202212220
2022-12-23 16:52:04.428 [info] Extracting completed. ms-vscode.vscode-typescript-next
2022-12-23 16:52:04.575 [info] Extension installed successfully: ms-vscode.vscode-typescript-next
2022-12-23 16:52:04.619 [info] Marked extension as uninstalled ms-vscode.vscode-typescript-next-5.0.202212210
2022-12-23 20:46:49.369 [warning] No ptyHost heartbeat after 6 seconds
2022-12-23 22:57:15.095 [warning] No ptyHost heartbeat after 6 seconds
2022-12-24 09:14:17.200 [warning] No ptyHost heartbeat after 6 seconds
2022-12-24 19:22:53.193 [warning] No ptyHost heartbeat after 6 seconds
2022-12-24 19:27:12.190 [warning] No ptyHost heartbeat after 6 seconds
2022-12-24 19:27:14.612 [error] RequestService#request (browser) - error https://az764295.vo.msecnd.net/extensions/marketplace.json {"name":"Offline"}
2022-12-24 21:32:24.330 [warning] No ptyHost heartbeat after 6 seconds
2022-12-25 01:05:42.366 [info] Getting Manifest... ms-vscode.vscode-typescript-next
2022-12-25 01:05:43.589 [info] Installing extension: ms-vscode.vscode-typescript-next
2022-12-25 01:05:46.624 [info] Extracted extension to /home/thesynthax/.vscode-oss/extensions/.32693f56-176c-45aa-807c-7ba37a673826: ms-vscode.vscode-typescript-next
2022-12-25 01:05:46.965 [info] Renamed to /home/thesynthax/.vscode-oss/extensions/ms-vscode.vscode-typescript-next-5.0.202212230
2022-12-25 01:05:46.970 [info] Extracting completed. ms-vscode.vscode-typescript-next
2022-12-25 01:05:47.037 [info] Extension installed successfully: ms-vscode.vscode-typescript-next
2022-12-25 01:05:47.077 [info] Marked extension as uninstalled ms-vscode.vscode-typescript-next-5.0.202212220
