2022-12-20 18:18:54.534 [info] Log level: Info
2022-12-20 18:18:54.534 [info] Validating found git in: "git"
2022-12-20 18:18:54.534 [info] Using git "" from "git"
2022-12-20 18:18:54.534 [info] > git rev-parse --show-toplevel [2814ms]
2022-12-20 18:18:54.534 [info] fatal: not a git repository (or any parent up to mount point /)
Stopping at filesystem boundary (GIT_DISCOVERY_ACROSS_FILESYSTEM not set).
2022-12-20 18:19:05.031 [info] > git rev-parse --show-toplevel [3ms]
2022-12-20 18:19:05.031 [info] fatal: not a git repository (or any parent up to mount point /)
Stopping at filesystem boundary (GIT_DISCOVERY_ACROSS_FILESYSTEM not set).
2022-12-20 18:34:49.242 [info] > git rev-parse --show-toplevel [3ms]
2022-12-20 18:34:49.242 [info] fatal: not a git repository (or any parent up to mount point /)
Stopping at filesystem boundary (GIT_DISCOVERY_ACROSS_FILESYSTEM not set).
2022-12-20 18:34:54.639 [info] > git rev-parse --show-toplevel [1ms]
2022-12-20 18:34:54.639 [info] fatal: not a git repository (or any parent up to mount point /)
Stopping at filesystem boundary (GIT_DISCOVERY_ACROSS_FILESYSTEM not set).
2022-12-20 18:34:58.155 [info] > git rev-parse --show-toplevel [1ms]
2022-12-20 18:34:58.155 [info] fatal: not a git repository (or any parent up to mount point /)
Stopping at filesystem boundary (GIT_DISCOVERY_ACROSS_FILESYSTEM not set).
2022-12-20 18:35:19.794 [info] > git rev-parse --show-toplevel [3ms]
2022-12-20 18:35:19.794 [info] fatal: not a git repository (or any parent up to mount point /)
Stopping at filesystem boundary (GIT_DISCOVERY_ACROSS_FILESYSTEM not set).
2022-12-20 18:35:35.313 [info] > git rev-parse --show-toplevel [3ms]
2022-12-20 18:35:35.313 [info] fatal: not a git repository (or any parent up to mount point /)
Stopping at filesystem boundary (GIT_DISCOVERY_ACROSS_FILESYSTEM not set).
2022-12-20 18:35:37.192 [info] > git rev-parse --show-toplevel [2ms]
2022-12-20 18:35:37.192 [info] fatal: not a git repository (or any parent up to mount point /)
Stopping at filesystem boundary (GIT_DISCOVERY_ACROSS_FILESYSTEM not set).
2022-12-20 18:36:15.526 [info] > git rev-parse --show-toplevel [3ms]
2022-12-20 18:36:15.526 [info] fatal: not a git repository (or any parent up to mount point /)
Stopping at filesystem boundary (GIT_DISCOVERY_ACROSS_FILESYSTEM not set).
