2022-12-20 12:39:37.431 [info] Log level: Info
2022-12-20 12:39:37.431 [info] Validating found git in: "git"
2022-12-20 12:39:37.431 [info] Using git "2.39.0" from "git"
2022-12-20 12:39:37.431 [info] > git rev-parse --show-toplevel [230ms]
2022-12-20 12:39:37.431 [info] > git rev-parse --git-dir --git-common-dir [10ms]
2022-12-20 12:39:37.431 [info] Open repository: /home/thesynthax
2022-12-20 12:39:37.431 [info] > git rev-parse --show-toplevel [5ms]
2022-12-20 12:39:37.431 [info] > git rev-parse --git-dir --git-common-dir [9ms]
2022-12-20 12:39:37.431 [info] Open repository: /home/thesynthax/Unity Projects/Unity-Projects
2022-12-20 12:39:37.431 [info] > git rev-parse --show-toplevel [2ms]
2022-12-20 12:39:37.453 [info] > git config --get commit.template [8ms]
2022-12-20 12:39:37.454 [info] > git config --get commit.template [3ms]
2022-12-20 12:39:37.469 [info] > git for-each-ref --format=%(refname)%00%(upstream:short)%00%(objectname)%00%(upstream:track)%00%(upstream:remotename)%00%(upstream:remoteref) refs/heads/refactorScratch refs/remotes/refactorScratch [1ms]
2022-12-20 12:39:38.214 [info] > git check-ignore -v -z --stdin [128ms]
2022-12-20 12:39:38.216 [info] > git for-each-ref --sort -committerdate --format %(refname) %(objectname) %(*objectname) [736ms]
2022-12-20 12:39:38.220 [info] > git check-ignore -v -z --stdin [120ms]
2022-12-20 12:39:38.253 [info] > git ls-files --stage -- /home/thesynthax/Unity Projects/Unity-Projects/two point five D platformer/Assets/Scripts/New/Character Controller/PlayerMovementBase.cs [2ms]
2022-12-20 12:39:38.284 [info] > git cat-file -s 14472db642e226152ec9e34afc05a7a66424b44a [27ms]
2022-12-20 12:39:38.286 [info] > git show --textconv :two point five D platformer/Assets/Scripts/New/Character Controller/PlayerMovementBase.cs [39ms]
2022-12-20 12:39:39.359 [info] > git for-each-ref --format=%(refname)%00%(upstream:short)%00%(objectname)%00%(upstream:track)%00%(upstream:remotename)%00%(upstream:remoteref) refs/heads/main refs/remotes/main [1897ms]
2022-12-20 12:39:39.388 [info] > git for-each-ref --sort -committerdate --format %(refname) %(objectname) %(*objectname) [16ms]
2022-12-20 12:41:45.999 [info] > git status -z -uall [128525ms]
2022-12-20 12:41:46.493 [info] > git config --get commit.template [13ms]
2022-12-20 12:41:46.503 [info] > git for-each-ref --format=%(refname)%00%(upstream:short)%00%(objectname)%00%(upstream:track)%00%(upstream:remotename)%00%(upstream:remoteref) refs/heads/refactorScratch refs/remotes/refactorScratch [3ms]
2022-12-20 12:41:46.523 [info] > git for-each-ref --sort -committerdate --format %(refname) %(objectname) %(*objectname) [6ms]
2022-12-20 12:42:26.783 [info] > git status -z -uall [40273ms]
2022-12-20 12:50:45.776 [info] > git show --textconv :test/.vscode/launch.json [8ms]
2022-12-20 12:50:45.778 [info] > git ls-files --stage -- /home/thesynthax/test/.vscode/launch.json [2ms]
2022-12-20 12:50:46.242 [info] > git check-ignore -v -z --stdin [3ms]
2022-12-20 12:50:49.436 [info] > git show --textconv :test/test.c [5ms]
2022-12-20 12:50:49.436 [info] > git ls-files --stage -- /home/thesynthax/test/test.c [0ms]
2022-12-20 12:50:52.157 [info] > git check-ignore -v -z --stdin [43ms]
2022-12-20 12:50:52.157 [info] > git show --textconv :Downloads/App.js [11ms]
2022-12-20 12:50:52.158 [info] > git ls-files --stage -- /home/thesynthax/Downloads/App.js [3ms]
2022-12-20 12:54:46.350 [info] > git status -z -uall [906984ms] (cancelled)
2022-12-20 16:05:26.783 [info] > git config --get commit.template [11ms]
2022-12-20 16:05:28.053 [info] > git for-each-ref --format=%(refname)%00%(upstream:short)%00%(objectname)%00%(upstream:track)%00%(upstream:remotename)%00%(upstream:remoteref) refs/heads/main refs/remotes/main [1271ms]
2022-12-20 16:05:28.070 [info] > git for-each-ref --sort -committerdate --format %(refname) %(objectname) %(*objectname) [1ms]
2022-12-20 16:05:30.908 [info] > git status -z -uall [2845ms] (cancelled)
2022-12-20 17:07:36.970 [info] Log level: Info
2022-12-20 17:07:36.971 [info] Validating found git in: "git"
2022-12-20 17:07:36.971 [info] Using git "2.39.0" from "git"
2022-12-20 17:07:36.971 [info] > git rev-parse --show-toplevel [4ms]
2022-12-20 17:07:36.980 [info] > git rev-parse --git-dir --git-common-dir [16ms]
2022-12-20 17:07:36.984 [info] Open repository: /home/thesynthax
2022-12-20 17:07:37.000 [info] > git config --get commit.template [2ms]
2022-12-20 17:07:37.000 [info] > git rev-parse --show-toplevel [10ms]
2022-12-20 17:07:37.008 [info] > git for-each-ref --format=%(refname)%00%(upstream:short)%00%(objectname)%00%(upstream:track)%00%(upstream:remotename)%00%(upstream:remoteref) refs/heads/main refs/remotes/main [2ms]
2022-12-20 17:07:37.022 [info] > git for-each-ref --sort -committerdate --format %(refname) %(objectname) %(*objectname) [1ms]
2022-12-20 17:07:40.175 [info] > git status -z -uall [3160ms] (cancelled)
2022-12-20 17:07:55.618 [info] > git config --get commit.template [4ms]
2022-12-20 17:07:55.626 [info] > git for-each-ref --format=%(refname)%00%(upstream:short)%00%(objectname)%00%(upstream:track)%00%(upstream:remotename)%00%(upstream:remoteref) refs/heads/main refs/remotes/main [1ms]
2022-12-20 17:07:55.646 [info] > git for-each-ref --sort -committerdate --format %(refname) %(objectname) %(*objectname) [5ms]
2022-12-20 17:07:57.228 [info] > git status -z -uall [1594ms] (cancelled)
2022-12-20 17:29:45.565 [info] > git check-ignore -v -z --stdin [0ms]
