2024-03-01 14:31:34.983 [info] Added views:workbench.panel.markers.view in workbench.panel.markers
2024-03-01 14:31:35.155 [info] Added views:workbench.panel.output in workbench.panel.output
2024-03-01 14:31:35.155 [info] Added views:terminal in terminal
2024-03-01 14:31:35.155 [info] Added views:outline in workbench.view.explorer
2024-03-01 14:31:35.155 [info] Added views:workbench.scm in workbench.view.scm
2024-03-01 14:31:35.155 [info] Added views:workbench.view.search in workbench.view.search
2024-03-01 14:31:35.155 [info] Added views:timeline in workbench.view.explorer
2024-03-01 14:31:35.155 [info] Added views:workbench.explorer.fileView in workbench.view.explorer
2024-03-01 14:31:35.191 [info] Added views:workbench.debug.welcome in workbench.view.debug
2024-03-01 14:31:45.291 [info] Added views:gitlens.views.home,gitlens.views.workspaces,gitlens.views.account in workbench.view.extension.gitlens
2024-03-01 14:31:45.291 [info] Added views:gitlens.views.commitDetails,gitlens.views.lineHistory,gitlens.views.fileHistory,gitlens.views.searchAndCompare in workbench.view.extension.gitlensInspect
2024-03-01 14:31:45.292 [info] Added views:gitlens.views.commits,gitlens.views.branches,gitlens.views.remotes,gitlens.views.stashes,gitlens.views.tags,gitlens.views.contributors in workbench.view.scm
2024-03-01 14:31:45.292 [info] Added views:pr:github,issues:github in workbench.view.extension.github-pull-requests
2024-03-01 14:31:45.293 [info] Added views:dockerContainers,dockerImages,dockerRegistries,dockerNetworks,dockerVolumes,vscode-docker.views.dockerContexts,vscode-docker.views.help in workbench.view.extension.dockerView
2024-03-01 14:31:45.302 [info] Added views:codetour.tours in workbench.view.explorer
2024-03-01 14:31:45.492 [info] Added views:workbench.panel.repl.view in workbench.panel.repl
2024-03-01 14:31:46.316 [info] Added views:~remote.forwardedPorts in ~remote.forwardedPortsContainer
2024-03-01 14:33:16.527 [info] Added views:gitlens.views.drafts in workbench.view.extension.gitlens
2024-03-01 14:33:23.142 [info] Added views:workbench.panel.comments in workbench.panel.comments
2024-03-01 14:33:23.553 [info] Added views:gitlens.views.graph,gitlens.views.graphDetails in workbench.view.extension.gitlensPanel
2024-03-01 14:33:23.554 [info] Added views:gitlens.views.timeline in workbench.view.extension.gitlensInspect
2024-03-01 14:33:23.556 [info] Added views:gitlens.views.worktrees in workbench.view.scm
2024-03-01 14:33:25.111 [info] Removed views:issues:github,pr:github from workbench.view.extension.github-pull-requests
2024-03-01 14:33:25.112 [info] Added views:github:login in workbench.view.extension.github-pull-requests
2024-03-01 14:33:44.572 [info] Added views:tabnine.loading in workbench.view.extension.tabnine
2024-03-01 14:33:54.807 [info] Removed views:tabnine.loading from workbench.view.extension.tabnine
2024-03-01 14:33:54.808 [info] Added views:tabnine.chat.authenticate in workbench.view.extension.tabnine
