2022-12-20 12:39:27.547 [info] Extension host with pid 58200 started
2022-12-20 12:39:27.547 [info] Skipping acquiring lock for /home/thesynthax/.config/Code - OSS/User/workspaceStorage/f00c5ea68d63123e21da25dc56f26bca.
2022-12-20 12:39:27.596 [info] ExtensionService#_doActivateExtension muhammad-sammy.csharp, startup: false, activationEvent: 'onLanguage:csharp'
2022-12-20 12:39:27.596 [info] ExtensionService#_doActivateExtension vscode.git-base, startup: true, activationEvent: '*', root cause: vscode.git
2022-12-20 12:39:27.596 [info] ExtensionService#_doActivateExtension vscodevim.vim, startup: true, activationEvent: '*'
2022-12-20 12:39:28.135 [info] ExtensionService#_doActivateExtension ms-vscode.cpptools, startup: true, activationEvent: 'workspaceContains:/.vscode/c_cpp_properties.json'
2022-12-20 12:39:28.970 [info] ExtensionService#_doActivateExtension vscode.git, startup: true, activationEvent: '*'
2022-12-20 12:39:28.971 [info] ExtensionService#_doActivateExtension vscode.github, startup: true, activationEvent: '*'
2022-12-20 12:39:28.993 [info] ExtensionService#_doActivateExtension vadimcn.vscode-lldb, startup: true, activationEvent: 'workspaceContains:*.h,*.c,*.hh,*.cc,*.hxx,*.cxx,*.hpp,*.cpp', root cause: franneck94.c-cpp-runner
2022-12-20 12:39:29.280 [info] ExtensionService#_doActivateExtension formulahendry.code-runner, startup: false, activationEvent: 'onLanguage:code-runner-output'
2022-12-20 12:39:37.027 [info] ExtensionService#_doActivateExtension franneck94.c-cpp-runner, startup: true, activationEvent: 'workspaceContains:*.h,*.c,*.hh,*.cc,*.hxx,*.cxx,*.hpp,*.cpp'
2022-12-20 12:39:37.593 [info] ExtensionService#_doActivateExtension vscode.debug-auto-launch, startup: false, activationEvent: 'onStartupFinished'
2022-12-20 12:39:37.594 [info] ExtensionService#_doActivateExtension vscode.emmet, startup: false, activationEvent: 'onStartupFinished'
2022-12-20 12:39:37.595 [info] ExtensionService#_doActivateExtension vscode.merge-conflict, startup: false, activationEvent: 'onStartupFinished'
2022-12-20 12:39:37.595 [info] ExtensionService#_doActivateExtension Equinusocio.vsc-material-theme, startup: false, activationEvent: 'onStartupFinished'
2022-12-20 12:39:37.596 [info] ExtensionService#_doActivateExtension equinusocio.vsc-material-theme-icons, startup: false, activationEvent: 'onStartupFinished'
2022-12-20 12:39:37.596 [info] ExtensionService#_doActivateExtension zhuangtongfa.material-theme, startup: false, activationEvent: 'onStartupFinished'
2022-12-20 12:39:38.329 [info] Eager extensions activated
2022-12-20 12:39:38.337 [info] ExtensionService#_doActivateExtension vscode.configuration-editing, startup: false, activationEvent: 'onLanguage:json'
2022-12-20 12:39:38.337 [info] ExtensionService#_doActivateExtension vscode.extension-editing, startup: false, activationEvent: 'onLanguage:json'
2022-12-20 12:39:38.338 [info] ExtensionService#_doActivateExtension vscode.json-language-features, startup: false, activationEvent: 'onLanguage:json'
2022-12-20 12:39:38.338 [info] ExtensionService#_doActivateExtension vscode.npm, startup: false, activationEvent: 'onLanguage:json'
2022-12-20 12:39:39.194 [info] ExtensionService#_doActivateExtension vscode.typescript-language-features, startup: false, activationEvent: 'onLanguage:jsonc'
2022-12-20 12:40:14.930 [info] ExtensionService#_doActivateExtension vscode-icons-team.vscode-icons, startup: false, activationEvent: 'onStartupFinished'
2022-12-20 12:41:46.143 [warning] [Decorations] CAPPING events from decorations provider vscode.git 3695
2022-12-20 12:42:26.900 [warning] [Decorations] CAPPING events from decorations provider vscode.git 3695
2022-12-20 12:43:17.431 [info] ExtensionService#_doActivateExtension esbenp.prettier-vscode, startup: false, activationEvent: 'onStartupFinished'
2022-12-20 12:44:07.988 [info] ExtensionService#_doActivateExtension ms-dotnettools.csharp, startup: false, activationEvent: 'onLanguage:csharp'
2022-12-20 12:44:09.342 [error] Error: a DebugAdapterDescriptorFactory can only be registered once per a type.
    at w.registerDebugAdapterDescriptorFactory (/usr/lib/code/out/vs/workbench/api/node/extensionHostProcess.js:108:8394)
    at Object.registerDebugAdapterDescriptorFactory (/usr/lib/code/out/vs/workbench/api/node/extensionHostProcess.js:115:49884)
    at Object.<anonymous> (/home/thesynthax/.vscode-oss/extensions/ms-dotnettools.csharp-1.25.2-linux-x64/dist/extension.js:2:760957)
    at Generator.next (<anonymous>)
    at /home/thesynthax/.vscode-oss/extensions/ms-dotnettools.csharp-1.25.2-linux-x64/dist/extension.js:2:758246
    at new Promise (<anonymous>)
    at r (/home/thesynthax/.vscode-oss/extensions/ms-dotnettools.csharp-1.25.2-linux-x64/dist/extension.js:2:757991)
    at Object.t.activate (/home/thesynthax/.vscode-oss/extensions/ms-dotnettools.csharp-1.25.2-linux-x64/dist/extension.js:2:760122)
    at /home/thesynthax/.vscode-oss/extensions/ms-dotnettools.csharp-1.25.2-linux-x64/dist/extension.js:2:865733
    at Generator.next (<anonymous>)
    at s (/home/thesynthax/.vscode-oss/extensions/ms-dotnettools.csharp-1.25.2-linux-x64/dist/extension.js:2:861298)
2022-12-20 12:44:09.343 [error] Error: command 'omnisharp.registerLanguageMiddleware' already exists
    at s.registerCommand (/usr/lib/code/out/vs/workbench/api/node/extensionHostProcess.js:94:106105)
    at Object.registerCommand (/usr/lib/code/out/vs/workbench/api/node/extensionHostProcess.js:115:30012)
    at t.LanguageMiddlewareFeature.register (/home/thesynthax/.vscode-oss/extensions/ms-dotnettools.csharp-1.25.2-linux-x64/dist/extension.js:2:904983)
    at Object.<anonymous> (/home/thesynthax/.vscode-oss/extensions/ms-dotnettools.csharp-1.25.2-linux-x64/dist/extension.js:2:916830)
    at Generator.next (<anonymous>)
    at s (/home/thesynthax/.vscode-oss/extensions/ms-dotnettools.csharp-1.25.2-linux-x64/dist/extension.js:2:915738)
2022-12-20 12:45:52.548 [info] ExtensionService#_doActivateExtension formulahendry.auto-rename-tag, startup: false, activationEvent: '*'
2022-12-20 12:45:52.871 [info] ExtensionService#_doActivateExtension formulahendry.auto-close-tag, startup: false, activationEvent: '*'
2022-12-20 12:47:33.299 [info] ExtensionService#_doActivateExtension TabNine.tabnine-vscode, startup: false, activationEvent: '*'
2022-12-20 12:49:22.577 [info] ExtensionService#_doActivateExtension ritwickdey.LiveServer, startup: false, activationEvent: 'onStartupFinished'
2022-12-20 12:49:54.296 [info] ExtensionService#_doActivateExtension johnpapa.vscode-peacock, startup: false, activationEvent: '*'
2022-12-20 12:49:55.461 [info] ExtensionService#_doActivateExtension aaron-bond.better-comments, startup: false, activationEvent: 'onStartupFinished'
2022-12-20 12:49:55.462 [info] ExtensionService#_doActivateExtension donjayamanne.githistory, startup: false, activationEvent: '*'
2022-12-20 12:49:55.462 [info] ExtensionService#_doActivateExtension wayou.vscode-todo-highlight, startup: false, activationEvent: '*'
2022-12-20 12:49:55.463 [info] ExtensionService#_doActivateExtension oderwat.indent-rainbow, startup: false, activationEvent: '*'
2022-12-20 12:49:55.463 [info] ExtensionService#_doActivateExtension usernamehw.errorlens, startup: false, activationEvent: 'onStartupFinished'
2022-12-20 12:49:55.463 [info] ExtensionService#_doActivateExtension dbaeumer.vscode-eslint, startup: false, activationEvent: 'onStartupFinished'
2022-12-20 12:50:50.690 [info] ExtensionService#_doActivateExtension wix.vscode-import-cost, startup: false, activationEvent: 'onLanguage:javascript'
2022-12-20 16:05:26.750 [warning] [Decorations] CAPPING events from decorations provider vscode.git 9993
2022-12-20 16:05:30.898 [warning] [Decorations] CAPPING events from decorations provider vscode.git 10545
2022-12-20 17:02:40.416 [info] ExtensionService#_doActivateExtension mgmcdermott.vscode-language-babel, startup: false, activationEvent: 'onLanguage:javascript'
2022-12-20 17:06:49.337 [info] ExtensionService#_doActivateExtension standard.vscode-standard, startup: false, activationEvent: '*'
2022-12-20 17:07:30.920 [info] Extension host terminating: received terminate message from renderer
2022-12-20 17:07:31.957 [info] Extension host with pid 58200 exiting with code 0
2022-12-20 17:07:33.331 [info] Extension host with pid 144639 started
2022-12-20 17:07:33.331 [info] Skipping acquiring lock for /home/thesynthax/.config/Code - OSS/User/workspaceStorage/f00c5ea68d63123e21da25dc56f26bca.
2022-12-20 17:07:33.391 [info] ExtensionService#_doActivateExtension formulahendry.code-runner, startup: false, activationEvent: 'onLanguage:code-runner-output'
2022-12-20 17:07:33.392 [info] ExtensionService#_doActivateExtension vscode.git-base, startup: true, activationEvent: '*', root cause: vscode.git
2022-12-20 17:07:33.392 [info] ExtensionService#_doActivateExtension donjayamanne.githistory, startup: true, activationEvent: '*'
2022-12-20 17:07:33.392 [info] ExtensionService#_doActivateExtension formulahendry.auto-close-tag, startup: true, activationEvent: '*'
2022-12-20 17:07:33.392 [info] ExtensionService#_doActivateExtension formulahendry.auto-rename-tag, startup: true, activationEvent: '*'
2022-12-20 17:07:33.392 [info] ExtensionService#_doActivateExtension johnpapa.vscode-peacock, startup: true, activationEvent: '*'
2022-12-20 17:07:33.392 [info] ExtensionService#_doActivateExtension oderwat.indent-rainbow, startup: true, activationEvent: '*'
2022-12-20 17:07:33.393 [info] ExtensionService#_doActivateExtension standard.vscode-standard, startup: true, activationEvent: '*'
2022-12-20 17:07:33.393 [info] ExtensionService#_doActivateExtension TabNine.tabnine-vscode, startup: true, activationEvent: '*'
2022-12-20 17:07:33.393 [info] ExtensionService#_doActivateExtension vscodevim.vim, startup: true, activationEvent: '*'
2022-12-20 17:07:33.393 [info] ExtensionService#_doActivateExtension wayou.vscode-todo-highlight, startup: true, activationEvent: '*'
2022-12-20 17:07:33.393 [info] ExtensionService#_doActivateExtension ms-vscode.cpptools, startup: true, activationEvent: 'workspaceContains:/.vscode/c_cpp_properties.json'
2022-12-20 17:07:36.494 [info] ExtensionService#_doActivateExtension vscode.configuration-editing, startup: false, activationEvent: 'onLanguage:jsonc'
2022-12-20 17:07:36.494 [info] ExtensionService#_doActivateExtension vscode.json-language-features, startup: false, activationEvent: 'onLanguage:jsonc'
2022-12-20 17:07:36.494 [info] ExtensionService#_doActivateExtension vscode.typescript-language-features, startup: false, activationEvent: 'onLanguage:jsonc'
2022-12-20 17:07:36.494 [info] ExtensionService#_doActivateExtension dbaeumer.vscode-eslint, startup: false, activationEvent: 'onLanguage:jsonc'
2022-12-20 17:07:36.495 [info] ExtensionService#_doActivateExtension vscode.git, startup: true, activationEvent: '*'
2022-12-20 17:07:36.495 [info] ExtensionService#_doActivateExtension vscode.github, startup: true, activationEvent: '*'
2022-12-20 17:07:36.902 [info] ExtensionService#_doActivateExtension vadimcn.vscode-lldb, startup: true, activationEvent: 'workspaceContains:*.h,*.c,*.hh,*.cc,*.hxx,*.cxx,*.hpp,*.cpp', root cause: franneck94.c-cpp-runner
2022-12-20 17:07:37.074 [info] ExtensionService#_doActivateExtension vscode.extension-editing, startup: false, activationEvent: 'onLanguage:json'
2022-12-20 17:07:37.074 [info] ExtensionService#_doActivateExtension vscode.npm, startup: false, activationEvent: 'onLanguage:json'
2022-12-20 17:07:37.074 [info] ExtensionService#_doActivateExtension franneck94.c-cpp-runner, startup: true, activationEvent: 'workspaceContains:*.h,*.c,*.hh,*.cc,*.hxx,*.cxx,*.hpp,*.cpp'
2022-12-20 17:07:37.308 [info] Eager extensions activated
2022-12-20 17:07:37.311 [info] ExtensionService#_doActivateExtension vscode.debug-auto-launch, startup: false, activationEvent: 'onStartupFinished'
2022-12-20 17:07:37.311 [info] ExtensionService#_doActivateExtension vscode.emmet, startup: false, activationEvent: 'onStartupFinished'
2022-12-20 17:07:37.311 [info] ExtensionService#_doActivateExtension vscode.merge-conflict, startup: false, activationEvent: 'onStartupFinished'
2022-12-20 17:07:37.311 [info] ExtensionService#_doActivateExtension aaron-bond.better-comments, startup: false, activationEvent: 'onStartupFinished'
2022-12-20 17:07:37.311 [info] ExtensionService#_doActivateExtension Equinusocio.vsc-material-theme, startup: false, activationEvent: 'onStartupFinished'
2022-12-20 17:07:37.312 [info] ExtensionService#_doActivateExtension equinusocio.vsc-material-theme-icons, startup: false, activationEvent: 'onStartupFinished'
2022-12-20 17:07:37.312 [info] ExtensionService#_doActivateExtension ritwickdey.LiveServer, startup: false, activationEvent: 'onStartupFinished'
2022-12-20 17:07:37.312 [info] ExtensionService#_doActivateExtension usernamehw.errorlens, startup: false, activationEvent: 'onStartupFinished'
2022-12-20 17:07:37.312 [info] ExtensionService#_doActivateExtension vscode-icons-team.vscode-icons, startup: false, activationEvent: 'onStartupFinished'
2022-12-20 17:07:37.312 [info] ExtensionService#_doActivateExtension zhuangtongfa.material-theme, startup: false, activationEvent: 'onStartupFinished'
2022-12-20 17:07:39.087 [info] ExtensionService#_doActivateExtension esbenp.prettier-vscode, startup: false, activationEvent: 'onLanguage:json'
2022-12-20 17:07:55.594 [warning] [Decorations] CAPPING events from decorations provider vscode.git 9993
2022-12-20 17:07:57.219 [warning] [Decorations] CAPPING events from decorations provider vscode.git 9994
2022-12-20 17:29:45.566 [error] {"message":"Git error","stdout":"","stderr":"fatal: not a git repository (or any parent up to mount point /)\nStopping at filesystem boundary (GIT_DISCOVERY_ACROSS_FILESYSTEM not set).\n","exitCode":128}
2022-12-20 17:29:45.566 [error] {"message":"Git error","stdout":"","stderr":"fatal: not a git repository (or any parent up to mount point /)\nStopping at filesystem boundary (GIT_DISCOVERY_ACROSS_FILESYSTEM not set).\n","exitCode":128}
2022-12-20 17:29:45.566 [error] {"message":"Git error","stdout":"","stderr":"fatal: not a git repository (or any parent up to mount point /)\nStopping at filesystem boundary (GIT_DISCOVERY_ACROSS_FILESYSTEM not set).\n","exitCode":128}
2022-12-20 17:29:45.566 [error] {"message":"Git error","stdout":"","stderr":"fatal: not a git repository (or any parent up to mount point /)\nStopping at filesystem boundary (GIT_DISCOVERY_ACROSS_FILESYSTEM not set).\n","exitCode":128}
2022-12-20 17:29:45.566 [error] {"message":"Git error","stdout":"","stderr":"fatal: not a git repository (or any parent up to mount point /)\nStopping at filesystem boundary (GIT_DISCOVERY_ACROSS_FILESYSTEM not set).\n","exitCode":128}
2022-12-20 17:29:45.566 [error] {"message":"Git error","stdout":"","stderr":"fatal: not a git repository (or any parent up to mount point /)\nStopping at filesystem boundary (GIT_DISCOVERY_ACROSS_FILESYSTEM not set).\n","exitCode":128}
2022-12-20 17:29:46.568 [error] {"message":"Git error","stdout":"","stderr":"fatal: not a git repository (or any parent up to mount point /)\nStopping at filesystem boundary (GIT_DISCOVERY_ACROSS_FILESYSTEM not set).\n","exitCode":128}
2022-12-20 17:29:46.569 [error] {"message":"Git error","stdout":"","stderr":"fatal: not a git repository (or any parent up to mount point /)\nStopping at filesystem boundary (GIT_DISCOVERY_ACROSS_FILESYSTEM not set).\n","exitCode":128}
2022-12-20 17:29:46.569 [error] {"message":"Git error","stdout":"","stderr":"fatal: not a git repository (or any parent up to mount point /)\nStopping at filesystem boundary (GIT_DISCOVERY_ACROSS_FILESYSTEM not set).\n","exitCode":128}
2022-12-20 17:29:46.570 [error] {"message":"Git error","stdout":"","stderr":"fatal: not a git repository (or any parent up to mount point /)\nStopping at filesystem boundary (GIT_DISCOVERY_ACROSS_FILESYSTEM not set).\n","exitCode":128}
2022-12-20 17:29:46.570 [error] {"message":"Git error","stdout":"","stderr":"fatal: not a git repository (or any parent up to mount point /)\nStopping at filesystem boundary (GIT_DISCOVERY_ACROSS_FILESYSTEM not set).\n","exitCode":128}
2022-12-20 17:29:46.570 [error] {"message":"Git error","stdout":"","stderr":"fatal: not a git repository (or any parent up to mount point /)\nStopping at filesystem boundary (GIT_DISCOVERY_ACROSS_FILESYSTEM not set).\n","exitCode":128}
2022-12-20 17:29:47.994 [info] Extension host terminating: received terminate message from renderer
2022-12-20 17:29:49.021 [info] Extension host with pid 144639 exiting with code 0
