2024-03-01 14:34:45.980 [info] /vscode-extensions closed
2024-03-01 14:34:46.082 [info] /settings/configurationDefaults closed
2024-03-01 14:36:44.608 [info] /settings/resourceLanguage closed
2024-03-01 14:36:44.671 [info] /launch closed
2024-03-01 14:36:44.673 [info] /token-styling closed
2024-03-01 14:36:44.674 [info] /textmate-colors closed
2024-03-01 14:36:44.680 [info] /workbench-colors closed
2024-03-01 14:37:45.994 [info] /vscode-extensions closed
2024-03-01 14:37:46.177 [info] /settings/configurationDefaults closed
2024-03-01 14:39:44.688 [info] /settings/resourceLanguage closed
2024-03-01 14:39:44.901 [info] /launch closed
2024-03-01 14:39:44.904 [info] /token-styling closed
2024-03-01 14:39:44.906 [info] /textmate-colors closed
2024-03-01 14:39:44.920 [info] /workbench-colors closed
2024-03-01 14:40:46.077 [info] /vscode-extensions closed
2024-03-01 14:40:46.273 [info] /settings/configurationDefaults closed
2024-03-01 14:42:44.797 [info] /settings/resourceLanguage closed
2024-03-01 14:42:45.082 [info] /launch closed
2024-03-01 14:42:45.084 [info] /token-styling closed
2024-03-01 14:42:45.085 [info] /textmate-colors closed
2024-03-01 14:42:45.088 [info] /workbench-colors closed
2024-03-01 14:43:46.124 [info] /vscode-extensions closed
2024-03-01 14:43:46.370 [info] /settings/configurationDefaults closed
2024-03-01 14:45:44.902 [info] /settings/resourceLanguage closed
2024-03-01 14:45:45.242 [info] /launch closed
2024-03-01 14:45:45.244 [info] /token-styling closed
2024-03-01 14:45:45.247 [info] /textmate-colors closed
2024-03-01 14:45:45.266 [info] /workbench-colors closed
2024-03-01 14:46:46.175 [info] /vscode-extensions closed
2024-03-01 14:46:46.457 [info] /settings/configurationDefaults closed
2024-03-01 14:48:45.015 [info] /settings/resourceLanguage closed
2024-03-01 14:48:45.391 [info] /launch closed
2024-03-01 14:48:45.392 [info] /token-styling closed
2024-03-01 14:48:45.394 [info] /textmate-colors closed
2024-03-01 14:48:45.408 [info] /workbench-colors closed
2024-03-01 14:49:46.225 [info] /vscode-extensions closed
2024-03-01 14:49:46.542 [info] /settings/configurationDefaults closed
2024-03-01 14:51:45.143 [info] /settings/resourceLanguage closed
2024-03-01 14:51:45.541 [info] /launch closed
2024-03-01 14:51:45.542 [info] /token-styling closed
2024-03-01 14:51:45.544 [info] /textmate-colors closed
2024-03-01 14:51:45.548 [info] /workbench-colors closed
2024-03-01 14:52:46.275 [info] /vscode-extensions closed
2024-03-01 14:52:46.629 [info] /settings/configurationDefaults closed
2024-03-01 14:54:45.251 [info] /settings/resourceLanguage closed
2024-03-01 14:54:45.678 [info] /launch closed
2024-03-01 14:54:45.679 [info] /token-styling closed
2024-03-01 14:54:45.681 [info] /textmate-colors closed
2024-03-01 14:54:45.684 [info] /workbench-colors closed
2024-03-01 14:55:46.326 [info] /vscode-extensions closed
2024-03-01 14:55:46.686 [info] /settings/configurationDefaults closed
2024-03-01 14:57:45.350 [info] /settings/resourceLanguage closed
2024-03-01 14:57:45.839 [info] /launch closed
2024-03-01 14:57:45.840 [info] /token-styling closed
2024-03-01 14:57:45.843 [info] /textmate-colors closed
2024-03-01 14:57:45.856 [info] /workbench-colors closed
2024-03-01 14:58:46.375 [info] /vscode-extensions closed
2024-03-01 14:58:46.737 [info] /settings/configurationDefaults closed
2024-03-01 15:00:45.484 [info] /settings/resourceLanguage closed
2024-03-01 15:00:45.990 [info] /launch closed
2024-03-01 15:00:45.992 [info] /token-styling closed
2024-03-01 15:00:45.994 [info] /textmate-colors closed
2024-03-01 15:00:45.997 [info] /workbench-colors closed
2024-03-01 15:01:46.426 [info] /vscode-extensions closed
2024-03-01 15:01:46.826 [info] /settings/configurationDefaults closed
2024-03-01 15:03:45.590 [info] /settings/resourceLanguage closed
2024-03-01 15:03:46.123 [info] /launch closed
2024-03-01 15:03:46.124 [info] /token-styling closed
2024-03-01 15:03:46.126 [info] /textmate-colors closed
2024-03-01 15:03:46.142 [info] /workbench-colors closed
2024-03-01 15:04:46.523 [info] /vscode-extensions closed
2024-03-01 15:04:46.881 [info] /settings/configurationDefaults closed
2024-03-01 15:06:45.701 [info] /settings/resourceLanguage closed
2024-03-01 15:06:46.281 [info] /launch closed
2024-03-01 15:06:46.282 [info] /token-styling closed
2024-03-01 15:06:46.283 [info] /textmate-colors closed
2024-03-01 15:06:46.288 [info] /workbench-colors closed
2024-03-01 15:07:46.571 [info] /vscode-extensions closed
2024-03-01 15:07:46.979 [info] /settings/configurationDefaults closed
2024-03-01 15:09:45.835 [info] /settings/resourceLanguage closed
2024-03-01 15:09:46.398 [info] /launch closed
2024-03-01 15:09:46.399 [info] /token-styling closed
2024-03-01 15:09:46.400 [info] /textmate-colors closed
2024-03-01 15:09:46.404 [info] /workbench-colors closed
2024-03-01 15:10:46.620 [info] /vscode-extensions closed
2024-03-01 15:10:47.039 [info] /settings/configurationDefaults closed
2024-03-01 15:12:45.943 [info] /settings/resourceLanguage closed
2024-03-01 15:12:46.515 [info] /launch closed
2024-03-01 15:12:46.515 [info] /token-styling closed
2024-03-01 15:12:46.516 [info] /textmate-colors closed
2024-03-01 15:12:46.521 [info] /workbench-colors closed
2024-03-01 15:13:46.670 [info] /vscode-extensions closed
2024-03-01 15:13:47.097 [info] /settings/configurationDefaults closed
2024-03-01 15:15:46.061 [info] /settings/resourceLanguage closed
2024-03-01 15:15:46.639 [info] /launch closed
2024-03-01 15:15:46.641 [info] /token-styling closed
2024-03-01 15:15:46.642 [info] /textmate-colors closed
2024-03-01 15:15:46.646 [info] /workbench-colors closed
2024-03-01 15:16:46.718 [info] /vscode-extensions closed
2024-03-01 15:16:47.182 [info] /settings/configurationDefaults closed
2024-03-01 15:18:46.165 [info] /settings/resourceLanguage closed
2024-03-01 15:18:46.779 [info] /launch closed
2024-03-01 15:18:46.780 [info] /token-styling closed
2024-03-01 15:18:46.782 [info] /textmate-colors closed
2024-03-01 15:18:46.796 [info] /workbench-colors closed
2024-03-01 15:19:46.768 [info] /vscode-extensions closed
2024-03-01 15:19:47.265 [info] /settings/configurationDefaults closed
2024-03-01 15:21:46.277 [info] /settings/resourceLanguage closed
2024-03-01 15:21:46.925 [info] /launch closed
2024-03-01 15:21:46.927 [info] /token-styling closed
2024-03-01 15:21:46.929 [info] /textmate-colors closed
2024-03-01 15:21:46.941 [info] /workbench-colors closed
2024-03-01 15:22:46.781 [info] /vscode-extensions closed
2024-03-01 15:22:47.354 [info] /settings/configurationDefaults closed
2024-03-01 15:24:46.427 [info] /settings/resourceLanguage closed
2024-03-01 15:24:47.066 [info] /launch closed
2024-03-01 15:24:47.067 [info] /token-styling closed
2024-03-01 15:24:47.068 [info] /textmate-colors closed
2024-03-01 15:24:47.087 [info] /workbench-colors closed
2024-03-01 15:25:46.885 [info] /vscode-extensions closed
2024-03-01 15:25:47.421 [info] /settings/configurationDefaults closed
2024-03-01 15:27:46.586 [info] /settings/resourceLanguage closed
2024-03-01 15:27:47.265 [info] /launch closed
2024-03-01 15:27:47.266 [info] /token-styling closed
2024-03-01 15:27:47.270 [info] /textmate-colors closed
2024-03-01 15:27:47.277 [info] /workbench-colors closed
2024-03-01 15:28:46.969 [info] /vscode-extensions closed
2024-03-01 15:28:47.504 [info] /settings/configurationDefaults closed
2024-03-01 15:30:46.727 [info] /settings/resourceLanguage closed
2024-03-01 15:30:47.450 [info] /launch closed
2024-03-01 15:30:47.451 [info] /token-styling closed
2024-03-01 15:30:47.453 [info] /textmate-colors closed
2024-03-01 15:30:47.466 [info] /workbench-colors closed
2024-03-01 15:31:47.052 [info] /vscode-extensions closed
2024-03-01 15:31:47.591 [info] /settings/configurationDefaults closed
2024-03-01 15:33:46.869 [info] /settings/resourceLanguage closed
2024-03-01 15:33:47.625 [info] /launch closed
2024-03-01 15:33:47.627 [info] /token-styling closed
2024-03-01 15:33:47.627 [info] /textmate-colors closed
2024-03-01 15:33:47.644 [info] /workbench-colors closed
2024-03-01 15:34:47.099 [info] /vscode-extensions closed
2024-03-01 15:34:47.671 [info] /settings/configurationDefaults closed
2024-03-01 15:36:46.992 [info] /settings/resourceLanguage closed
2024-03-01 15:36:47.809 [info] /launch closed
2024-03-01 15:36:47.810 [info] /token-styling closed
2024-03-01 15:36:47.813 [info] /textmate-colors closed
2024-03-01 15:36:47.817 [info] /workbench-colors closed
2024-03-01 15:37:47.147 [info] /vscode-extensions closed
2024-03-01 15:37:47.741 [info] /settings/configurationDefaults closed
2024-03-01 15:39:47.149 [info] /settings/resourceLanguage closed
2024-03-01 15:39:47.948 [info] /launch closed
2024-03-01 15:39:47.953 [info] /token-styling closed
2024-03-01 15:39:47.953 [info] /textmate-colors closed
2024-03-01 15:39:47.958 [info] /workbench-colors closed
2024-03-01 15:40:47.226 [info] /vscode-extensions closed
2024-03-01 15:40:47.834 [info] /settings/configurationDefaults closed
2024-03-01 15:42:47.276 [info] /settings/resourceLanguage closed
2024-03-01 15:42:48.124 [info] /launch closed
2024-03-01 15:42:48.126 [info] /token-styling closed
2024-03-01 15:42:48.133 [info] /textmate-colors closed
2024-03-01 15:42:48.135 [info] /workbench-colors closed
2024-03-01 15:43:47.274 [info] /vscode-extensions closed
2024-03-01 15:43:47.897 [info] /settings/configurationDefaults closed
2024-03-01 15:45:47.429 [info] /settings/resourceLanguage closed
2024-03-01 15:45:48.294 [info] /launch closed
2024-03-01 15:45:48.295 [info] /token-styling closed
2024-03-01 15:45:48.296 [info] /textmate-colors closed
2024-03-01 15:45:48.307 [info] /workbench-colors closed
2024-03-01 15:46:47.335 [info] /vscode-extensions closed
2024-03-01 15:46:47.983 [info] /settings/configurationDefaults closed
2024-03-01 15:48:47.578 [info] /settings/resourceLanguage closed
2024-03-01 15:48:48.460 [info] /launch closed
2024-03-01 15:48:48.461 [info] /token-styling closed
2024-03-01 15:48:48.464 [info] /textmate-colors closed
2024-03-01 15:48:48.469 [info] /workbench-colors closed
2024-03-01 15:49:47.423 [info] /vscode-extensions closed
2024-03-01 15:49:48.073 [info] /settings/configurationDefaults closed
2024-03-01 15:50:13.334 [info] Active editor: comment://codetour/commentinput-7d010af2-4907-40b9-be85-83a75f960a27-1.md?%7B%22extensionId%22%3A%22vsls-contrib.codetour%22%2C%22commentThreadId%22%3A%22codetour.0%22%7D
2024-03-01 15:50:30.952 [info] Active editor: file:///home/thesynthax/projects/web/RocketChat-tour/package.json
2024-03-01 15:50:30.973 [info] /commentinput-7d010af2-4907-40b9-be85-83a75f960a27-1.md closed
2024-03-01 15:50:31.020 [info] /home/thesynthax/projects/web/RocketChat-tour/package.json closed
2024-03-01 15:50:31.026 [info] Active editor: codetour-content://current/CodeTour
2024-03-01 15:50:31.033 [info] /home/thesynthax/projects/web/RocketChat-tour/package.json.git closed
2024-03-01 15:51:47.742 [info] /settings/resourceLanguage closed
2024-03-01 15:51:48.645 [info] /launch closed
2024-03-01 15:51:48.648 [info] /token-styling closed
2024-03-01 15:51:48.648 [info] /textmate-colors closed
2024-03-01 15:51:48.650 [info] /workbench-colors closed
2024-03-01 15:52:47.473 [info] /vscode-extensions closed
2024-03-01 15:52:48.132 [info] /settings/configurationDefaults closed
2024-03-01 15:53:06.819 [info] Active editor: comment://codetour/commentinput-e7bc91d1-4f43-4900-b3fc-2fb148dfa6be-2.md?%7B%22extensionId%22%3A%22vsls-contrib.codetour%22%2C%22commentThreadId%22%3A%22codetour.2%22%7D
2024-03-01 15:53:18.549 [info] Active editor: codetour-content://current/CodeTour
2024-03-01 15:53:18.550 [warning] invalid cursor position. [[2000, 0] | [2000, 0]].
2024-03-01 15:53:18.645 [info] /commentinput-e7bc91d1-4f43-4900-b3fc-2fb148dfa6be-2.md closed
2024-03-01 15:53:18.676 [info] Active editor: comment://codetour/commentinput-1c8e5b81-2b7e-4489-bacf-2f6514389163-3.md?%7B%22extensionId%22%3A%22vsls-contrib.codetour%22%2C%22commentThreadId%22%3A%22codetour.3%22%7D
2024-03-01 15:53:24.323 [info] Active editor: codetour-content://current/CodeTour
2024-03-01 15:53:24.324 [warning] invalid cursor position. [[2000, 0] | [2000, 0]].
2024-03-01 15:54:59.754 [info] /commentinput-1c8e5b81-2b7e-4489-bacf-2f6514389163-3.md closed
2024-03-01 15:54:59.772 [info] Active editor: comment://codetour/commentinput-12a761e4-a442-4a58-87e8-6b8cf7b95f0a-4.md?%7B%22extensionId%22%3A%22vsls-contrib.codetour%22%2C%22commentThreadId%22%3A%22codetour.4%22%7D
2024-03-01 15:55:09.265 [info] Active editor: codetour-content://current/CodeTour
2024-03-01 15:55:09.265 [warning] invalid cursor position. [[2000, 0] | [2000, 0]].
2024-03-01 15:56:12.263 [info] /commentinput-12a761e4-a442-4a58-87e8-6b8cf7b95f0a-4.md closed
2024-03-01 15:56:12.323 [info] Active editor: comment://codetour/commentinput-636f84fa-4955-449a-8a0f-a9fa4d06d1f4-5.md?%7B%22extensionId%22%3A%22vsls-contrib.codetour%22%2C%22commentThreadId%22%3A%22codetour.5%22%7D
2024-03-01 15:56:16.050 [info] Active editor: codetour-content://current/CodeTour
2024-03-01 15:56:16.050 [warning] invalid cursor position. [[2000, 0] | [2000, 0]].
2024-03-01 15:56:52.804 [info] /commentinput-636f84fa-4955-449a-8a0f-a9fa4d06d1f4-5.md closed
2024-03-01 15:56:52.863 [info] Active editor: comment://codetour/commentinput-b9e4415c-b35c-4fc3-93db-554d3744ffc0-6.md?%7B%22extensionId%22%3A%22vsls-contrib.codetour%22%2C%22commentThreadId%22%3A%22codetour.6%22%7D
2024-03-01 15:56:54.974 [info] Active editor: codetour-content://current/CodeTour
2024-03-01 15:56:54.975 [warning] invalid cursor position. [[2000, 0] | [2000, 0]].
2024-03-01 15:57:30.450 [info] /commentinput-b9e4415c-b35c-4fc3-93db-554d3744ffc0-6.md closed
2024-03-01 15:57:30.493 [info] Active editor: comment://codetour/commentinput-f6cf4043-5848-425d-82a7-deb178b2c7dd-7.md?%7B%22extensionId%22%3A%22vsls-contrib.codetour%22%2C%22commentThreadId%22%3A%22codetour.7%22%7D
2024-03-01 15:59:45.409 [info] Active editor: codetour-content://current/CodeTour
2024-03-01 15:59:45.409 [warning] invalid cursor position. [[2000, 0] | [2000, 0]].
2024-03-01 15:59:45.519 [info] /commentinput-f6cf4043-5848-425d-82a7-deb178b2c7dd-7.md closed
2024-03-01 15:59:45.668 [info] Active editor: file:///home/thesynthax/projects/web/RocketChat-tour/apps/meteor/client/views/root/AppRoot.tsx
2024-03-01 15:59:54.410 [info] Active editor: codetour-content://current/CodeTour
2024-03-01 15:59:54.452 [info] /home/thesynthax/projects/web/RocketChat-tour/apps/meteor/client/views/root/AppRoot.tsx.git closed
2024-03-01 16:00:01.398 [info] Active editor: file:///home/thesynthax/projects/web/RocketChat-tour/apps/meteor/client/views/root/AppRoot.tsx
2024-03-01 16:00:01.455 [info] Active editor: comment://codetour/commentinput-d98ded7d-95bc-4d31-aed4-3bfa33b69684-8.md?%7B%22extensionId%22%3A%22vsls-contrib.codetour%22%2C%22commentThreadId%22%3A%22codetour.8%22%7D
2024-03-01 16:00:55.143 [info] Active editor: file:///home/thesynthax/projects/web/RocketChat-tour/apps/meteor/client/views/root/AppRoot.tsx
2024-03-01 16:00:55.291 [info] /commentinput-d98ded7d-95bc-4d31-aed4-3bfa33b69684-8.md closed
2024-03-01 16:00:55.310 [info] Active editor: codetour-content://current/CodeTour
2024-03-01 16:00:55.315 [info] /home/thesynthax/projects/web/RocketChat-tour/apps/meteor/client/views/root/AppRoot.tsx.git closed
2024-03-01 16:00:55.343 [info] Active editor: comment://codetour/commentinput-dcd31849-f788-450e-b6b4-a3100a2bf773-9.md?%7B%22extensionId%22%3A%22vsls-contrib.codetour%22%2C%22commentThreadId%22%3A%22codetour.9%22%7D
2024-03-01 16:00:58.614 [info] Active editor: codetour-content://current/CodeTour
2024-03-01 16:00:58.615 [warning] invalid cursor position. [[2000, 0] | [2000, 0]].
2024-03-01 16:01:44.736 [info] /commentinput-dcd31849-f788-450e-b6b4-a3100a2bf773-9.md closed
2024-03-01 16:01:44.788 [info] Active editor: comment://codetour/commentinput-b55f77e2-2b65-40b7-ba66-f2f0358631e4-10.md?%7B%22extensionId%22%3A%22vsls-contrib.codetour%22%2C%22commentThreadId%22%3A%22codetour.10%22%7D
2024-03-01 16:01:47.399 [info] Active editor: codetour-content://current/CodeTour
2024-03-01 16:01:47.400 [warning] invalid cursor position. [[2000, 0] | [2000, 0]].
2024-03-01 16:01:47.441 [info] /commentinput-b55f77e2-2b65-40b7-ba66-f2f0358631e4-10.md closed
2024-03-01 16:01:47.451 [info] Active editor: comment://codetour/commentinput-2ca4647f-2971-4118-9de8-1b4d37f054dd-11.md?%7B%22extensionId%22%3A%22vsls-contrib.codetour%22%2C%22commentThreadId%22%3A%22codetour.11%22%7D
2024-03-01 16:02:01.854 [info] Active editor: codetour-content://current/CodeTour
2024-03-01 16:02:01.854 [warning] invalid cursor position. [[2000, 0] | [2000, 0]].
2024-03-01 16:02:06.554 [info] /commentinput-2ca4647f-2971-4118-9de8-1b4d37f054dd-11.md closed
2024-03-01 16:02:06.609 [info] Active editor: comment://codetour/commentinput-0bf3f8b0-379f-4e28-aded-89e48489a559-12.md?%7B%22extensionId%22%3A%22vsls-contrib.codetour%22%2C%22commentThreadId%22%3A%22codetour.12%22%7D
2024-03-01 16:02:08.870 [info] Active editor: codetour-content://current/CodeTour
2024-03-01 16:02:08.871 [warning] invalid cursor position. [[2000, 0] | [2000, 0]].
2024-03-01 16:02:54.879 [info] /commentinput-0bf3f8b0-379f-4e28-aded-89e48489a559-12.md closed
2024-03-01 16:02:54.928 [info] /home/thesynthax/projects/web/RocketChat-tour/apps/meteor/client/views/root/AppRoot.tsx closed
2024-03-01 16:02:54.942 [info] Active editor: file:///home/thesynthax/projects/web/RocketChat-tour/apps/meteor/client/views/room/body/RoomBody.tsx
2024-03-01 16:34:21.870 [info] Active editor: comment://codetour/commentinput-57784074-4e7b-429b-b86c-c5fe6269f939-13.md?%7B%22extensionId%22%3A%22vsls-contrib.codetour%22%2C%22commentThreadId%22%3A%22codetour.14%22%7D
2024-03-01 16:35:36.669 [info] Active editor: file:///home/thesynthax/projects/web/RocketChat-tour/apps/meteor/client/views/room/body/RoomBody.tsx
2024-03-01 16:36:11.698 [info] /commentinput-57784074-4e7b-429b-b86c-c5fe6269f939-13.md closed
2024-03-01 16:36:11.726 [info] Active editor: comment://codetour/commentinput-717134d8-e69c-49c4-b91d-5b994586edec-14.md?%7B%22extensionId%22%3A%22vsls-contrib.codetour%22%2C%22commentThreadId%22%3A%22codetour.15%22%7D
2024-03-01 16:36:15.567 [info] Active editor: file:///home/thesynthax/projects/web/RocketChat-tour/apps/meteor/client/views/room/body/RoomBody.tsx
2024-03-01 16:36:36.075 [info] /commentinput-717134d8-e69c-49c4-b91d-5b994586edec-14.md closed
2024-03-01 16:36:36.120 [info] Active editor: comment://codetour/commentinput-a7b896c5-3454-4859-b1be-ad9b029c4fd8-15.md?%7B%22extensionId%22%3A%22vsls-contrib.codetour%22%2C%22commentThreadId%22%3A%22codetour.16%22%7D
2024-03-01 16:36:53.485 [info] Active editor: file:///home/thesynthax/projects/web/RocketChat-tour/apps/meteor/client/views/room/body/RoomBody.tsx
2024-03-01 16:37:15.049 [info] /commentinput-a7b896c5-3454-4859-b1be-ad9b029c4fd8-15.md closed
2024-03-01 16:37:15.180 [info] /home/thesynthax/projects/web/RocketChat-tour/apps/meteor/client/views/room/body/RoomBody.tsx closed
2024-03-01 16:37:15.194 [info] Active editor: file:///home/thesynthax/projects/web/RocketChat-tour/apps/meteor/client/views/room/composer/ComposerContainer.tsx
2024-03-01 16:37:15.220 [info] /home/thesynthax/projects/web/RocketChat-tour/apps/meteor/client/views/room/body/RoomBody.tsx.git closed
2024-03-01 16:37:48.262 [info] Active editor: file:///home/thesynthax/projects/web/RocketChat-tour/apps/meteor/client/views/room/body/RoomBody.tsx
2024-03-01 16:37:48.286 [info] /home/thesynthax/projects/web/RocketChat-tour/apps/meteor/client/views/room/composer/ComposerContainer.tsx.git closed
2024-03-01 16:38:10.828 [info] Active editor: file:///home/thesynthax/projects/web/RocketChat-tour/apps/meteor/client/views/room/composer/ComposerContainer.tsx
2024-03-01 16:38:10.834 [info] /home/thesynthax/projects/web/RocketChat-tour/apps/meteor/client/views/room/body/RoomBody.tsx.git closed
2024-03-01 16:38:10.883 [info] Active editor: comment://codetour/commentinput-a95a5dc7-3512-46b6-b335-1abbf6d0271c-16.md?%7B%22extensionId%22%3A%22vsls-contrib.codetour%22%2C%22commentThreadId%22%3A%22codetour.19%22%7D
2024-03-01 16:38:57.525 [info] Active editor: file:///home/thesynthax/projects/web/RocketChat-tour/apps/meteor/client/views/room/composer/ComposerContainer.tsx
2024-03-01 16:40:37.875 [info] /commentinput-a95a5dc7-3512-46b6-b335-1abbf6d0271c-16.md closed
2024-03-01 16:40:37.905 [info] Active editor: comment://codetour/commentinput-86a447a6-a61e-4334-ac36-fcc8a5fec692-17.md?%7B%22extensionId%22%3A%22vsls-contrib.codetour%22%2C%22commentThreadId%22%3A%22codetour.20%22%7D
2024-03-01 16:40:41.782 [info] Active editor: file:///home/thesynthax/projects/web/RocketChat-tour/apps/meteor/client/views/room/composer/ComposerContainer.tsx
2024-03-01 16:40:48.268 [info] /home/thesynthax/projects/web/RocketChat-tour/apps/meteor/client/views/room/body/RoomBody.tsx closed
2024-03-01 16:41:06.891 [info] /commentinput-86a447a6-a61e-4334-ac36-fcc8a5fec692-17.md closed
2024-03-01 16:41:06.986 [info] /home/thesynthax/projects/web/RocketChat-tour/apps/meteor/client/views/room/composer/ComposerContainer.tsx closed
2024-03-01 16:41:06.996 [info] Active editor: file:///home/thesynthax/projects/web/RocketChat-tour/apps/meteor/client/views/room/composer/ComposerMessage.tsx
2024-03-01 16:41:07.052 [info] /home/thesynthax/projects/web/RocketChat-tour/apps/meteor/client/views/room/composer/ComposerContainer.tsx.git closed
2024-03-01 16:41:52.946 [info] Active editor: file:///home/thesynthax/projects/web/RocketChat-tour/apps/meteor/client/views/room/composer/messageBox/MessageBox.tsx
2024-03-01 16:41:52.965 [info] /home/thesynthax/projects/web/RocketChat-tour/apps/meteor/client/views/room/composer/ComposerMessage.tsx.git closed
2024-03-01 16:44:06.964 [info] /home/thesynthax/projects/web/RocketChat-tour/apps/meteor/client/views/room/composer/ComposerMessage.tsx closed
2024-03-01 17:25:58.525 [info] Active editor: comment://codetour/commentinput-f2deb318-b09d-42ff-8847-97af5efd2d05-18.md?%7B%22extensionId%22%3A%22vsls-contrib.codetour%22%2C%22commentThreadId%22%3A%22codetour.23%22%7D
2024-03-01 17:26:04.595 [info] Active editor: file:///home/thesynthax/projects/web/RocketChat-tour/apps/meteor/client/views/room/composer/messageBox/MessageBox.tsx
2024-03-01 17:26:13.845 [info] /commentinput-f2deb318-b09d-42ff-8847-97af5efd2d05-18.md closed
2024-03-01 17:26:13.875 [info] Active editor: comment://codetour/commentinput-b2d799c0-3f4f-41dc-ba07-2f46e3ba9415-19.md?%7B%22extensionId%22%3A%22vsls-contrib.codetour%22%2C%22commentThreadId%22%3A%22codetour.24%22%7D
2024-03-01 17:26:29.836 [info] Active editor: file:///home/thesynthax/projects/web/RocketChat-tour/apps/meteor/client/views/room/composer/messageBox/MessageBox.tsx
2024-03-01 17:26:29.870 [info] /commentinput-b2d799c0-3f4f-41dc-ba07-2f46e3ba9415-19.md closed
2024-03-01 17:26:29.883 [info] Active editor: comment://codetour/commentinput-cdb391f7-e6e7-4566-907c-eca8cc747c56-20.md?%7B%22extensionId%22%3A%22vsls-contrib.codetour%22%2C%22commentThreadId%22%3A%22codetour.25%22%7D
2024-03-01 17:26:35.747 [info] Active editor: file:///home/thesynthax/projects/web/RocketChat-tour/apps/meteor/client/views/room/composer/messageBox/MessageBox.tsx
2024-03-01 17:26:35.825 [info] /commentinput-cdb391f7-e6e7-4566-907c-eca8cc747c56-20.md closed
2024-03-01 17:26:35.860 [info] Active editor: comment://codetour/commentinput-8928bba9-5b00-40fb-ad53-777cb120d82d-21.md?%7B%22extensionId%22%3A%22vsls-contrib.codetour%22%2C%22commentThreadId%22%3A%22codetour.26%22%7D
2024-03-01 17:27:30.036 [info] Active editor: file:///home/thesynthax/projects/web/RocketChat-tour/apps/meteor/client/views/room/composer/messageBox/MessageBox.tsx
2024-03-01 17:27:30.066 [info] /commentinput-8928bba9-5b00-40fb-ad53-777cb120d82d-21.md closed
2024-03-01 17:27:30.069 [info] Active editor: comment://codetour/commentinput-95083bbe-8b5c-440f-b4e5-a526c51b87e1-22.md?%7B%22extensionId%22%3A%22vsls-contrib.codetour%22%2C%22commentThreadId%22%3A%22codetour.27%22%7D
2024-03-01 17:27:31.183 [info] Active editor: file:///home/thesynthax/projects/web/RocketChat-tour/apps/meteor/client/views/room/composer/messageBox/MessageBox.tsx
2024-03-01 17:27:31.209 [info] /commentinput-95083bbe-8b5c-440f-b4e5-a526c51b87e1-22.md closed
2024-03-01 17:27:31.211 [info] Active editor: comment://codetour/commentinput-de995db7-19f0-4948-8167-3286adbca130-23.md?%7B%22extensionId%22%3A%22vsls-contrib.codetour%22%2C%22commentThreadId%22%3A%22codetour.28%22%7D
2024-03-01 17:27:32.022 [info] Active editor: file:///home/thesynthax/projects/web/RocketChat-tour/apps/meteor/client/views/room/composer/messageBox/MessageBox.tsx
2024-03-01 17:27:32.044 [info] /commentinput-de995db7-19f0-4948-8167-3286adbca130-23.md closed
2024-03-01 17:27:32.060 [info] Active editor: comment://codetour/commentinput-a681de07-faea-4d0d-a91f-df177daaf7a2-24.md?%7B%22extensionId%22%3A%22vsls-contrib.codetour%22%2C%22commentThreadId%22%3A%22codetour.29%22%7D
2024-03-01 17:27:32.686 [info] Active editor: file:///home/thesynthax/projects/web/RocketChat-tour/apps/meteor/client/views/room/composer/messageBox/MessageBox.tsx
2024-03-01 17:27:32.713 [info] /commentinput-a681de07-faea-4d0d-a91f-df177daaf7a2-24.md closed
2024-03-01 17:27:32.726 [info] Active editor: comment://codetour/commentinput-99d7c29a-b486-49b4-8023-5520addc3fc1-25.md?%7B%22extensionId%22%3A%22vsls-contrib.codetour%22%2C%22commentThreadId%22%3A%22codetour.30%22%7D
2024-03-01 17:27:33.443 [info] Active editor: file:///home/thesynthax/projects/web/RocketChat-tour/apps/meteor/client/views/room/composer/messageBox/MessageBox.tsx
2024-03-01 17:27:33.456 [info] /commentinput-99d7c29a-b486-49b4-8023-5520addc3fc1-25.md closed
2024-03-01 17:27:33.519 [info] /home/thesynthax/projects/web/RocketChat-tour/apps/meteor/client/views/room/composer/messageBox/MessageBox.tsx closed
2024-03-01 17:27:33.532 [info] Active editor: file:///home/thesynthax/projects/web/RocketChat-tour/apps/meteor/client/views/room/composer/ComposerMessage.tsx
2024-03-01 17:27:33.543 [info] /home/thesynthax/projects/web/RocketChat-tour/apps/meteor/client/views/room/composer/messageBox/MessageBox.tsx.git closed
2024-03-01 17:27:33.579 [info] Active editor: comment://codetour/commentinput-0fa949c1-59af-4b95-b202-c9734e6d6bd8-26.md?%7B%22extensionId%22%3A%22vsls-contrib.codetour%22%2C%22commentThreadId%22%3A%22codetour.31%22%7D
2024-03-01 17:27:34.156 [info] Active editor: file:///home/thesynthax/projects/web/RocketChat-tour/apps/meteor/client/views/room/composer/ComposerMessage.tsx
2024-03-01 17:27:34.165 [info] /commentinput-0fa949c1-59af-4b95-b202-c9734e6d6bd8-26.md closed
2024-03-01 17:27:34.210 [info] Active editor: file:///home/thesynthax/projects/web/RocketChat-tour/apps/meteor/client/views/room/composer/ComposerContainer.tsx
2024-03-01 17:27:34.219 [info] /home/thesynthax/projects/web/RocketChat-tour/apps/meteor/client/views/room/composer/ComposerMessage.tsx.git closed
2024-03-01 17:27:34.256 [info] Active editor: comment://codetour/commentinput-fa0da241-e8c6-4212-a005-3c73b8039961-27.md?%7B%22extensionId%22%3A%22vsls-contrib.codetour%22%2C%22commentThreadId%22%3A%22codetour.32%22%7D
2024-03-01 17:27:35.530 [info] Active editor: file:///home/thesynthax/projects/web/RocketChat-tour/apps/meteor/client/views/room/composer/ComposerContainer.tsx
2024-03-01 17:27:35.534 [info] /commentinput-fa0da241-e8c6-4212-a005-3c73b8039961-27.md closed
2024-03-01 17:27:35.539 [info] Active editor: comment://codetour/commentinput-21512847-6d34-407b-aa88-c7d97d88c96b-28.md?%7B%22extensionId%22%3A%22vsls-contrib.codetour%22%2C%22commentThreadId%22%3A%22codetour.33%22%7D
2024-03-01 17:27:37.961 [info] Active editor: file:///home/thesynthax/projects/web/RocketChat-tour/apps/meteor/client/views/room/composer/ComposerContainer.tsx
2024-03-01 17:27:37.975 [info] /commentinput-21512847-6d34-407b-aa88-c7d97d88c96b-28.md closed
2024-03-01 17:27:38.310 [info] Active editor: file:///home/thesynthax/projects/web/RocketChat-tour/apps/meteor/client/views/room/body/RoomBody.tsx
2024-03-01 17:27:38.350 [info] /home/thesynthax/projects/web/RocketChat-tour/apps/meteor/client/views/room/composer/ComposerContainer.tsx.git closed
2024-03-01 17:30:33.573 [info] /home/thesynthax/projects/web/RocketChat-tour/apps/meteor/client/views/room/composer/ComposerMessage.tsx closed
2024-03-01 17:30:34.193 [info] /home/thesynthax/projects/web/RocketChat-tour/apps/meteor/client/views/room/composer/ComposerContainer.tsx closed
2024-03-02 20:24:29.555 [info] /home/thesynthax/projects/web/RocketChat-tour/apps/meteor/client/views/room/body/RoomBody.tsx closed
2024-03-02 20:24:29.653 [info] Active editor: file:///home/thesynthax/projects/web/RocketChat-tour/apps/meteor/client/lib/chats/ChatAPI.ts
2024-03-02 20:24:29.695 [info] /home/thesynthax/projects/web/RocketChat-tour/apps/meteor/client/views/room/body/RoomBody.tsx.git closed
2024-03-02 20:26:20.510 [info] Active editor: comment://codetour/commentinput-8db9e68f-e7e2-4ff0-bb41-5776e053d809-29.md?%7B%22extensionId%22%3A%22vsls-contrib.codetour%22%2C%22commentThreadId%22%3A%22codetour.36%22%7D
2024-03-02 20:26:25.475 [info] Active editor: file:///home/thesynthax/projects/web/RocketChat-tour/apps/meteor/client/lib/chats/ChatAPI.ts
2024-03-02 20:26:25.499 [info] /commentinput-8db9e68f-e7e2-4ff0-bb41-5776e053d809-29.md closed
2024-03-02 20:26:25.593 [info] Active editor: file:///home/thesynthax/projects/web/RocketChat-tour/apps/meteor/app/ui/client/lib/ChatMessages.ts
2024-03-02 20:26:25.663 [info] /home/thesynthax/projects/web/RocketChat-tour/apps/meteor/client/lib/chats/ChatAPI.ts.git closed
2024-03-02 20:26:29.420 [info] Active editor: comment://codetour/commentinput-5e0009ac-e762-42ec-b9e0-18b4234cb5cc-30.md?%7B%22extensionId%22%3A%22vsls-contrib.codetour%22%2C%22commentThreadId%22%3A%22codetour.38%22%7D
2024-03-02 20:26:31.282 [info] Active editor: file:///home/thesynthax/projects/web/RocketChat-tour/apps/meteor/app/ui/client/lib/ChatMessages.ts
2024-03-02 20:26:31.295 [info] /commentinput-5e0009ac-e762-42ec-b9e0-18b4234cb5cc-30.md closed
2024-03-02 20:26:31.394 [info] Active editor: file:///home/thesynthax/projects/web/RocketChat-tour/apps/meteor/client/lib/chats/flows/sendMessage.ts
2024-03-02 20:26:31.425 [info] /home/thesynthax/projects/web/RocketChat-tour/apps/meteor/app/ui/client/lib/ChatMessages.ts.git closed
2024-03-02 20:26:59.276 [info] Active editor: file:///home/thesynthax/projects/web/RocketChat-tour/apps/meteor/app/api/server/index.ts
2024-03-02 20:26:59.296 [info] /home/thesynthax/projects/web/RocketChat-tour/apps/meteor/client/lib/chats/flows/sendMessage.ts.git closed
2024-03-02 20:26:59.345 [info] Active editor: comment://codetour/commentinput-0c8cbe81-4a83-4cf2-9024-cd9a34f86f07-31.md?%7B%22extensionId%22%3A%22vsls-contrib.codetour%22%2C%22commentThreadId%22%3A%22codetour.40%22%7D
2024-03-02 20:27:28.617 [info] Active editor: file:///home/thesynthax/projects/web/RocketChat-tour/apps/meteor/app/api/server/index.ts
2024-03-02 20:27:29.354 [info] /home/thesynthax/projects/web/RocketChat-tour/apps/meteor/client/lib/chats/ChatAPI.ts closed
2024-03-02 20:27:49.210 [info] /commentinput-0c8cbe81-4a83-4cf2-9024-cd9a34f86f07-31.md closed
2024-03-02 20:27:49.255 [info] Active editor: file:///home/thesynthax/projects/web/RocketChat-tour/apps/meteor/app/api/server/api.ts
2024-03-02 20:27:49.315 [info] /home/thesynthax/projects/web/RocketChat-tour/apps/meteor/app/api/server/index.ts.git closed
2024-03-02 20:27:49.319 [info] Active editor: comment://codetour/commentinput-c6ca2080-338e-48d7-a4f3-9500a4ed17c2-32.md?%7B%22extensionId%22%3A%22vsls-contrib.codetour%22%2C%22commentThreadId%22%3A%22codetour.41%22%7D
2024-03-02 20:27:53.363 [info] Active editor: file:///home/thesynthax/projects/web/RocketChat-tour/apps/meteor/app/api/server/api.ts
2024-03-02 20:28:24.629 [info] /commentinput-c6ca2080-338e-48d7-a4f3-9500a4ed17c2-32.md closed
2024-03-02 20:28:25.152 [info] Active editor: file:///home/thesynthax/projects/web/RocketChat-tour/apps/meteor/app/api/server/v1/chat.ts
2024-03-02 20:28:25.212 [info] /home/thesynthax/projects/web/RocketChat-tour/apps/meteor/app/api/server/api.ts.git closed
2024-03-02 20:28:51.031 [info] Active editor: file:///home/thesynthax/projects/web/RocketChat-tour/apps/meteor/app/api/server/api.ts
2024-03-02 20:28:51.070 [info] /home/thesynthax/projects/web/RocketChat-tour/apps/meteor/app/api/server/v1/chat.ts.git closed
2024-03-02 20:28:51.113 [info] Active editor: comment://codetour/commentinput-b5172f68-d482-4cf8-8803-932cd6be5514-33.md?%7B%22extensionId%22%3A%22vsls-contrib.codetour%22%2C%22commentThreadId%22%3A%22codetour.43%22%7D
2024-03-02 20:28:59.758 [info] Active editor: file:///home/thesynthax/projects/web/RocketChat-tour/apps/meteor/app/api/server/api.ts
2024-03-02 20:29:08.514 [info] /commentinput-b5172f68-d482-4cf8-8803-932cd6be5514-33.md closed
2024-03-02 20:29:08.589 [info] Active editor: comment://codetour/commentinput-27f69dc1-5e2a-4a69-a81d-2f00398b71c6-34.md?%7B%22extensionId%22%3A%22vsls-contrib.codetour%22%2C%22commentThreadId%22%3A%22codetour.44%22%7D
2024-03-02 20:29:25.578 [info] /home/thesynthax/projects/web/RocketChat-tour/apps/meteor/app/ui/client/lib/ChatMessages.ts closed
2024-03-02 20:29:25.578 [info] Active editor: file:///home/thesynthax/projects/web/RocketChat-tour/apps/meteor/app/api/server/api.ts
2024-03-02 20:29:31.376 [info] /home/thesynthax/projects/web/RocketChat-tour/apps/meteor/client/lib/chats/flows/sendMessage.ts closed
2024-03-02 20:29:32.260 [info] /commentinput-27f69dc1-5e2a-4a69-a81d-2f00398b71c6-34.md closed
2024-03-02 20:29:32.350 [info] Active editor: file:///home/thesynthax/projects/web/RocketChat-tour/apps/meteor/app/api/server/v1/chat.ts
2024-03-02 20:29:32.372 [info] /home/thesynthax/projects/web/RocketChat-tour/apps/meteor/app/api/server/api.ts.git closed
2024-03-02 20:29:32.417 [info] Active editor: comment://codetour/commentinput-a0599902-2b51-41c9-aaf4-46ade2c4fb5f-35.md?%7B%22extensionId%22%3A%22vsls-contrib.codetour%22%2C%22commentThreadId%22%3A%22codetour.45%22%7D
2024-03-02 20:29:54.058 [info] Active editor: file:///home/thesynthax/projects/web/RocketChat-tour/apps/meteor/app/api/server/v1/chat.ts
2024-03-02 20:29:54.092 [info] /commentinput-a0599902-2b51-41c9-aaf4-46ade2c4fb5f-35.md closed
2024-03-02 20:29:54.185 [info] Active editor: file:///home/thesynthax/projects/web/RocketChat-tour/apps/meteor/app/lib/server/methods/sendMessage.ts
2024-03-02 20:29:54.207 [info] /home/thesynthax/projects/web/RocketChat-tour/apps/meteor/app/api/server/v1/chat.ts.git closed
2024-03-02 20:29:59.257 [info] /home/thesynthax/projects/web/RocketChat-tour/apps/meteor/app/api/server/index.ts closed
2024-03-02 20:30:49.235 [info] /home/thesynthax/projects/web/RocketChat-tour/apps/meteor/app/api/server/api.ts closed
2024-03-02 20:31:25.129 [info] /home/thesynthax/projects/web/RocketChat-tour/apps/meteor/app/api/server/v1/chat.ts closed
2024-03-02 20:31:37.387 [info] Active editor: comment://codetour/commentinput-072d6cf5-e5ef-4042-a96f-c7199116c8c0-36.md?%7B%22extensionId%22%3A%22vsls-contrib.codetour%22%2C%22commentThreadId%22%3A%22codetour.47%22%7D
2024-03-02 20:31:39.906 [info] Active editor: file:///home/thesynthax/projects/web/RocketChat-tour/apps/meteor/app/lib/server/methods/sendMessage.ts
2024-03-02 20:31:49.536 [info] /commentinput-072d6cf5-e5ef-4042-a96f-c7199116c8c0-36.md closed
2024-03-02 20:31:49.605 [info] Active editor: comment://codetour/commentinput-682845d6-933f-46d0-a537-f687ee7c8c6d-37.md?%7B%22extensionId%22%3A%22vsls-contrib.codetour%22%2C%22commentThreadId%22%3A%22codetour.48%22%7D
2024-03-02 20:31:59.494 [info] Active editor: file:///home/thesynthax/projects/web/RocketChat-tour/apps/meteor/app/lib/server/methods/sendMessage.ts
2024-03-02 20:31:59.513 [info] /commentinput-682845d6-933f-46d0-a537-f687ee7c8c6d-37.md closed
2024-03-02 20:31:59.616 [info] Active editor: file:///home/thesynthax/projects/web/RocketChat-tour/apps/meteor/client/lib/chats/flows/sendMessage.ts
2024-03-02 20:31:59.624 [info] /home/thesynthax/projects/web/RocketChat-tour/apps/meteor/app/lib/server/methods/sendMessage.ts.git closed
2024-03-02 20:32:01.207 [info] Active editor: file:///home/thesynthax/projects/web/RocketChat-tour/apps/meteor/app/utils/client/lib/SDKClient.ts
2024-03-02 20:32:01.240 [info] /home/thesynthax/projects/web/RocketChat-tour/apps/meteor/client/lib/chats/flows/sendMessage.ts.git closed
2024-03-02 20:32:01.271 [info] Active editor: comment://codetour/commentinput-85cf4a68-0ca1-4917-bc0c-f39184ca9ed9-38.md?%7B%22extensionId%22%3A%22vsls-contrib.codetour%22%2C%22commentThreadId%22%3A%22codetour.50%22%7D
2024-03-02 20:32:16.279 [info] Active editor: file:///home/thesynthax/projects/web/RocketChat-tour/apps/meteor/app/utils/client/lib/SDKClient.ts
2024-03-02 20:32:16.382 [info] /commentinput-85cf4a68-0ca1-4917-bc0c-f39184ca9ed9-38.md closed
2024-03-02 20:32:16.418 [info] Active editor: codetour-content://current/CodeTour
2024-03-02 20:32:16.423 [info] /home/thesynthax/projects/web/RocketChat-tour/apps/meteor/app/utils/client/lib/SDKClient.ts.git closed
2024-03-02 20:32:16.449 [info] Active editor: comment://codetour/commentinput-4e096c83-d055-47f9-89af-32f43943420e-39.md?%7B%22extensionId%22%3A%22vsls-contrib.codetour%22%2C%22commentThreadId%22%3A%22codetour.51%22%7D
2024-03-02 20:32:22.900 [info] Active editor: codetour-content://current/CodeTour
2024-03-02 20:32:22.900 [warning] invalid cursor position. [[2000, 0] | [2000, 0]].
2024-03-02 20:32:22.992 [info] /commentinput-4e096c83-d055-47f9-89af-32f43943420e-39.md closed
2024-03-02 20:32:23.820 [info] Active editor: file:///home/thesynthax/projects/web/RocketChat-tour/apps/meteor/server/models/raw/Messages.ts
2024-03-02 20:32:30.775 [info] Active editor: comment://codetour/commentinput-db530fc3-57d6-4984-b0f6-ea7163be8339-40.md?%7B%22extensionId%22%3A%22vsls-contrib.codetour%22%2C%22commentThreadId%22%3A%22codetour.53%22%7D
2024-03-02 20:32:32.131 [info] Active editor: file:///home/thesynthax/projects/web/RocketChat-tour/apps/meteor/server/models/raw/Messages.ts
2024-03-02 20:32:32.186 [info] /commentinput-db530fc3-57d6-4984-b0f6-ea7163be8339-40.md closed
2024-03-02 20:32:51.392 [info] Active editor: codetour-content://current/CodeTour
2024-03-02 20:32:51.398 [info] /home/thesynthax/projects/web/RocketChat-tour/apps/meteor/server/models/raw/Messages.ts.git closed
2024-03-02 20:32:51.425 [info] Active editor: comment://codetour/commentinput-8946db15-c5ff-44ae-bec6-920241d7888e-41.md?%7B%22extensionId%22%3A%22vsls-contrib.codetour%22%2C%22commentThreadId%22%3A%22codetour.54%22%7D
2024-03-02 20:32:54.157 [info] /home/thesynthax/projects/web/RocketChat-tour/apps/meteor/app/lib/server/methods/sendMessage.ts closed
2024-03-02 20:32:54.157 [info] Active editor: codetour-content://current/CodeTour
2024-03-02 20:32:54.158 [warning] invalid cursor position. [[2000, 0] | [2000, 0]].
2024-03-02 20:32:54.532 [info] /commentinput-8946db15-c5ff-44ae-bec6-920241d7888e-41.md closed
2024-03-02 20:32:54.547 [info] Active editor: comment://codetour/commentinput-6c4635b8-479d-4126-92ab-c3f7ed323523-42.md?%7B%22extensionId%22%3A%22vsls-contrib.codetour%22%2C%22commentThreadId%22%3A%22codetour.55%22%7D
2024-03-02 20:32:59.807 [info] Active editor: codetour-content://current/CodeTour
2024-03-02 20:32:59.807 [warning] invalid cursor position. [[2000, 0] | [2000, 0]].
2024-03-02 20:32:59.905 [info] /commentinput-6c4635b8-479d-4126-92ab-c3f7ed323523-42.md closed
2024-03-02 20:32:59.944 [info] Active editor: comment://codetour/commentinput-791adcd4-0e1e-47d1-a8a8-8be185914790-43.md?%7B%22extensionId%22%3A%22vsls-contrib.codetour%22%2C%22commentThreadId%22%3A%22codetour.56%22%7D
2024-03-02 20:34:59.598 [info] /home/thesynthax/projects/web/RocketChat-tour/apps/meteor/client/lib/chats/flows/sendMessage.ts closed
2024-03-02 20:34:59.599 [info] Active editor: codetour-content://current/CodeTour
2024-03-02 20:34:59.600 [warning] invalid cursor position. [[2000, 0] | [2000, 0]].
2024-03-02 20:35:01.184 [info] /home/thesynthax/projects/web/RocketChat-tour/apps/meteor/app/utils/client/lib/SDKClient.ts closed
