2024-02-18 15:44:46.894 [info] Added views:workbench.panel.markers.view in workbench.panel.markers
2024-02-18 15:44:46.894 [info] Added views:workbench.panel.output in workbench.panel.output
2024-02-18 15:44:46.894 [info] Added views:terminal in terminal
2024-02-18 15:44:46.894 [info] Added views:workbench.scm in workbench.view.scm
2024-02-18 15:44:46.894 [info] Added views:workbench.view.search in workbench.view.search
2024-02-18 15:44:46.894 [info] Added views:outline in workbench.view.explorer
2024-02-18 15:44:46.894 [info] Added views:timeline in workbench.view.explorer
2024-02-18 15:44:46.894 [info] Added views:workbench.explorer.fileView in workbench.view.explorer
2024-02-18 15:44:47.308 [info] Added views:workbench.debug.variablesView,workbench.debug.watchExpressionsView,workbench.debug.callStackView,workbench.debug.breakPointsView in workbench.view.debug
2024-02-18 15:44:47.446 [info] Added views:gitlens.views.home,gitlens.views.workspaces,gitlens.views.account in workbench.view.extension.gitlens
2024-02-18 15:44:47.447 [info] Added views:gitlens.views.commitDetails,gitlens.views.lineHistory,gitlens.views.fileHistory,gitlens.views.searchAndCompare in workbench.view.extension.gitlensInspect
2024-02-18 15:44:47.451 [info] Added views:gitlens.views.commits,gitlens.views.branches,gitlens.views.remotes,gitlens.views.stashes,gitlens.views.tags,gitlens.views.contributors in workbench.view.scm
2024-02-18 15:44:47.452 [info] Added views:pr:github,issues:github in workbench.view.extension.github-pull-requests
2024-02-18 15:44:47.453 [info] Added views:dockerContainers,dockerImages,dockerRegistries,dockerNetworks,dockerVolumes,vscode-docker.views.dockerContexts,vscode-docker.views.help in workbench.view.extension.dockerView
2024-02-18 15:44:47.461 [info] Added views:codetour.tours in workbench.view.explorer
2024-02-18 15:44:47.685 [info] Added views:workbench.panel.repl.view in workbench.panel.repl
2024-02-18 15:44:47.687 [info] Removed views:workbench.debug.breakPointsView,workbench.debug.callStackView,workbench.debug.watchExpressionsView,workbench.debug.variablesView from workbench.view.debug
2024-02-18 15:44:47.687 [info] Added views:workbench.debug.welcome in workbench.view.debug
2024-02-18 15:44:47.717 [info] Added views:~remote.forwardedPorts in ~remote.forwardedPortsContainer
2024-02-18 15:44:49.795 [info] Removed views:gitlens.views.searchAndCompare,gitlens.views.fileHistory,gitlens.views.lineHistory,gitlens.views.commitDetails from workbench.view.extension.gitlensInspect
2024-02-18 15:44:49.796 [info] Removed views:gitlens.views.contributors,gitlens.views.tags,gitlens.views.stashes,gitlens.views.remotes,gitlens.views.branches,gitlens.views.commits from workbench.view.scm
2024-02-18 15:44:49.860 [info] Added views:gitlens.views.drafts in workbench.view.extension.gitlens
2024-02-18 15:44:49.883 [info] Added views:workbench.panel.comments in workbench.panel.comments
2024-02-18 15:44:50.864 [info] Added views:gitlens.views.graph,gitlens.views.graphDetails in workbench.view.extension.gitlensPanel
2024-02-18 15:44:50.866 [info] Added views:gitlens.views.commitDetails,gitlens.views.lineHistory,gitlens.views.fileHistory,gitlens.views.timeline,gitlens.views.searchAndCompare in workbench.view.extension.gitlensInspect
2024-02-18 15:44:50.869 [info] Added views:gitlens.views.commits,gitlens.views.branches,gitlens.views.remotes,gitlens.views.stashes,gitlens.views.tags,gitlens.views.worktrees,gitlens.views.contributors in workbench.view.scm
2024-02-18 15:44:50.960 [info] Removed views:issues:github,pr:github from workbench.view.extension.github-pull-requests
2024-02-18 15:44:50.960 [info] Added views:github:login in workbench.view.extension.github-pull-requests
2024-02-18 15:45:12.644 [info] Added views:tabnine.loading in workbench.view.extension.tabnine
2024-02-18 15:45:12.649 [info] Removed views:tabnine.loading from workbench.view.extension.tabnine
2024-02-18 15:45:12.650 [info] Added views:tabnine.chat.preview_ended in workbench.view.extension.tabnine
