2022-12-17 12:17:01.255 [info] Extension host with pid 137264 started
2022-12-17 12:17:01.255 [info] Skipping acquiring lock for /home/thesynthax/.config/Code - OSS/User/workspaceStorage/f00c5ea68d63123e21da25dc56f26bca.
2022-12-17 12:17:01.381 [info] ExtensionService#_doActivateExtension vadimcn.vscode-lldb, startup: false, activationEvent: 'onLanguage:c', root cause: franneck94.c-cpp-runner
2022-12-17 12:17:01.381 [info] ExtensionService#_doActivateExtension ms-vscode.cpptools, startup: false, activationEvent: 'onLanguage:c'
2022-12-17 12:17:01.382 [info] ExtensionService#_doActivateExtension vscode.git-base, startup: true, activationEvent: '*', root cause: vscode.git
2022-12-17 12:17:01.382 [info] ExtensionService#_doActivateExtension vscodevim.vim, startup: true, activationEvent: '*'
2022-12-17 12:17:01.533 [info] ExtensionService#_doActivateExtension franneck94.c-cpp-runner, startup: false, activationEvent: 'onLanguage:c'
2022-12-17 12:17:01.533 [info] ExtensionService#_doActivateExtension vscode.git, startup: true, activationEvent: '*'
2022-12-17 12:17:01.533 [info] ExtensionService#_doActivateExtension vscode.github, startup: true, activationEvent: '*'
2022-12-17 12:17:01.572 [info] ExtensionService#_doActivateExtension formulahendry.code-runner, startup: false, activationEvent: 'onLanguage:code-runner-output'
2022-12-17 12:17:01.800 [info] Eager extensions activated
2022-12-17 12:17:01.807 [info] ExtensionService#_doActivateExtension vscode.configuration-editing, startup: false, activationEvent: 'onLanguage:json'
2022-12-17 12:17:01.808 [info] ExtensionService#_doActivateExtension vscode.extension-editing, startup: false, activationEvent: 'onLanguage:json'
2022-12-17 12:17:01.808 [info] ExtensionService#_doActivateExtension vscode.json-language-features, startup: false, activationEvent: 'onLanguage:json'
2022-12-17 12:17:01.808 [info] ExtensionService#_doActivateExtension vscode.npm, startup: false, activationEvent: 'onLanguage:json'
2022-12-17 12:17:01.808 [info] ExtensionService#_doActivateExtension vscode.debug-auto-launch, startup: false, activationEvent: 'onStartupFinished'
2022-12-17 12:17:01.808 [info] ExtensionService#_doActivateExtension vscode.emmet, startup: false, activationEvent: 'onStartupFinished'
2022-12-17 12:17:01.808 [info] ExtensionService#_doActivateExtension vscode.merge-conflict, startup: false, activationEvent: 'onStartupFinished'
2022-12-17 12:17:01.808 [info] ExtensionService#_doActivateExtension Equinusocio.vsc-material-theme, startup: false, activationEvent: 'onStartupFinished'
2022-12-17 12:17:01.808 [info] ExtensionService#_doActivateExtension equinusocio.vsc-material-theme-icons, startup: false, activationEvent: 'onStartupFinished'
2022-12-17 12:17:01.808 [info] ExtensionService#_doActivateExtension zhuangtongfa.material-theme, startup: false, activationEvent: 'onStartupFinished'
2022-12-17 12:17:01.870 [info] ExtensionService#_doActivateExtension vscode.typescript-language-features, startup: false, activationEvent: 'onLanguage:jsonc'
2022-12-17 12:17:08.107 [warning] [Decorations] CAPPING events from decorations provider vscode.git 9993
2022-12-17 12:17:13.846 [warning] [Decorations] CAPPING events from decorations provider vscode.git 9993
2022-12-17 12:18:18.309 [info] ExtensionService#_doActivateExtension muhammad-sammy.csharp, startup: false, activationEvent: 'onLanguage:csharp'
2022-12-17 12:27:19.975 [info] Extension host terminating: received terminate message from renderer
2022-12-17 12:27:20.261 [error] TypeError: Converting circular structure to JSON
    --> starting at object with constructor 't'
    |     property '_readableState' -> object with constructor 'M'
    |     property 'pipes' -> object with constructor 'Array'
    |     index 0 -> object with constructor 't.ConsoleForElectron'
    --- property 'parent' closes the circle
    at JSON.stringify (<anonymous>)
    at /home/thesynthax/.vscode-oss/extensions/vscodevim.vim-1.24.3-universal/src/register/register.ts:333:16
    at process.async (node:internal/process/task_queues:96:5)
    at Object.e.deactivate (/home/thesynthax/.vscode-oss/extensions/vscodevim.vim-1.24.3-universal/extension.ts:64:8)
    at async Promise.all (index 18)
    at d.Q (/usr/lib/code/out/vs/workbench/api/node/extensionHostProcess.js:106:9315)
2022-12-17 12:27:20.264 [info] Extension host with pid 137264 exiting with code 0
