2024-11-09 12:19:15.464 [info] Added views:outline in workbench.view.explorer
2024-11-09 12:19:15.464 [info] Added views:workbench.view.search in workbench.view.search
2024-11-09 12:19:15.464 [info] Added views:workbench.scm in workbench.view.scm
2024-11-09 12:19:15.464 [info] Added views:workbench.panel.markers.view in workbench.panel.markers
2024-11-09 12:19:15.464 [info] Added views:workbench.panel.output in workbench.panel.output
2024-11-09 12:19:15.464 [info] Added views:terminal in terminal
2024-11-09 12:19:15.464 [info] Added views:timeline in workbench.view.explorer
2024-11-09 12:19:15.464 [info] Added views:workbench.explorer.emptyView in workbench.view.explorer
2024-11-09 12:19:17.576 [info] Added views:workbench.debug.variablesView,workbench.debug.watchExpressionsView,workbench.debug.callStackView,workbench.debug.breakPointsView in workbench.view.debug
2024-11-09 12:19:18.674 [info] Added views:gitlens.views.home,gitlens.views.workspaces,gitlens.views.account in workbench.view.extension.gitlens
2024-11-09 12:19:18.674 [info] Added views:gitlens.views.commitDetails,gitlens.views.lineHistory,gitlens.views.fileHistory,gitlens.views.searchAndCompare in workbench.view.extension.gitlensInspect
2024-11-09 12:19:18.675 [info] Added views:gitlens.views.commits,gitlens.views.branches,gitlens.views.remotes,gitlens.views.stashes,gitlens.views.tags,gitlens.views.contributors in workbench.view.scm
2024-11-09 12:19:18.676 [info] Added views:pr:github,issues:github in workbench.view.extension.github-pull-requests
2024-11-09 12:19:18.676 [info] Added views:dockerContainers,dockerImages,dockerRegistries,dockerNetworks,dockerVolumes,vscode-docker.views.dockerContexts,vscode-docker.views.help in workbench.view.extension.dockerView
2024-11-09 12:19:18.728 [info] Added views:~remote.forwardedPorts in ~remote.forwardedPortsContainer
2024-11-09 12:19:19.110 [info] Added views:workbench.panel.repl.view in workbench.panel.repl
2024-11-09 12:19:19.111 [info] Removed views:workbench.debug.breakPointsView,workbench.debug.callStackView,workbench.debug.watchExpressionsView,workbench.debug.variablesView from workbench.view.debug
2024-11-09 12:19:19.111 [info] Added views:workbench.debug.welcome in workbench.view.debug
2024-11-09 12:19:29.498 [info] Removed views:gitlens.views.searchAndCompare,gitlens.views.fileHistory,gitlens.views.lineHistory,gitlens.views.commitDetails from workbench.view.extension.gitlensInspect
2024-11-09 12:19:29.499 [info] Removed views:gitlens.views.contributors,gitlens.views.tags,gitlens.views.stashes,gitlens.views.remotes,gitlens.views.branches,gitlens.views.commits from workbench.view.scm
2024-11-09 12:19:29.824 [info] Added views:gitlens.views.drafts in workbench.view.extension.gitlens
2024-11-09 12:19:29.947 [info] Added views:workbench.panel.comments in workbench.panel.comments
2024-11-09 12:19:31.458 [info] Added views:workbench.view.testing in workbench.view.extension.test
2024-11-09 12:19:50.314 [info] Added views:tabnine.loading in workbench.view.extension.tabnine
2024-11-09 12:19:50.325 [info] Removed views:tabnine.loading from workbench.view.extension.tabnine
2024-11-09 12:19:50.326 [info] Added views:tabnine.chat.authenticate in workbench.view.extension.tabnine
2024-11-09 12:21:51.196 [info] Added views:jupyterViewVariables in workbench.view.extension.jupyter-variables
2024-11-09 12:21:51.200 [info] Added views:cell-tag in workbench.view.extension.jupyter-variables
