2022-12-17 08:48:36.638 [info] Extension host with pid 40569 started
2022-12-17 08:48:36.670 [info] ExtensionService#_doActivateExtension vscode.git-base, startup: true, activationEvent: '*', root cause: vscode.git
2022-12-17 08:48:36.671 [info] ExtensionService#_doActivateExtension vscodevim.vim, startup: true, activationEvent: '*'
2022-12-17 08:48:36.758 [info] ExtensionService#_doActivateExtension vscode.git, startup: true, activationEvent: '*'
2022-12-17 08:48:36.758 [info] ExtensionService#_doActivateExtension vscode.github, startup: true, activationEvent: '*'
2022-12-17 08:48:36.794 [info] Eager extensions activated
2022-12-17 08:48:36.805 [info] ExtensionService#_doActivateExtension vscode.debug-auto-launch, startup: false, activationEvent: 'onStartupFinished'
2022-12-17 08:48:36.805 [info] ExtensionService#_doActivateExtension vscode.emmet, startup: false, activationEvent: 'onStartupFinished'
2022-12-17 08:48:36.805 [info] ExtensionService#_doActivateExtension vscode.merge-conflict, startup: false, activationEvent: 'onStartupFinished'
2022-12-17 08:48:36.805 [info] ExtensionService#_doActivateExtension Equinusocio.vsc-material-theme, startup: false, activationEvent: 'onStartupFinished'
2022-12-17 08:48:36.806 [info] ExtensionService#_doActivateExtension equinusocio.vsc-material-theme-icons, startup: false, activationEvent: 'onStartupFinished'
2022-12-17 08:48:36.806 [info] ExtensionService#_doActivateExtension zhuangtongfa.material-theme, startup: false, activationEvent: 'onStartupFinished'
2022-12-17 08:49:04.196 [info] ExtensionService#_doActivateExtension llvm-vs-code-extensions.vscode-clangd, startup: false, activationEvent: 'onLanguage:c'
2022-12-17 08:51:15.535 [info] ExtensionService#_doActivateExtension vscode.configuration-editing, startup: false, activationEvent: 'onLanguage:jsonc'
2022-12-17 08:51:15.536 [info] ExtensionService#_doActivateExtension vscode.json-language-features, startup: false, activationEvent: 'onLanguage:jsonc'
2022-12-17 08:51:15.536 [info] ExtensionService#_doActivateExtension vscode.typescript-language-features, startup: false, activationEvent: 'onLanguage:jsonc'
2022-12-17 08:52:09.570 [info] Extension host terminating: received terminate message from renderer
2022-12-17 08:52:09.605 [error] An error occurred when deactivating the subscriptions for extension 'llvm-vs-code-extensions.vscode-clangd':
2022-12-17 08:52:09.609 [error] TypeError: Cannot read properties of undefined (reading 'stop')
    at hp.dispose (/home/thesynthax/.vscode-oss/extensions/llvm-vs-code-extensions.vscode-clangd-0.1.23-universal/out/bundle.js:242:11365)
    at y (/usr/lib/code/out/vs/workbench/api/node/extensionHostProcess.js:10:12121)
    at d.X (/usr/lib/code/out/vs/workbench/api/node/extensionHostProcess.js:106:11533)
    at /usr/lib/code/out/vs/workbench/api/node/extensionHostProcess.js:106:9301
    at Array.map (<anonymous>)
    at d.Q (/usr/lib/code/out/vs/workbench/api/node/extensionHostProcess.js:106:9288)
    at d.terminate (/usr/lib/code/out/vs/workbench/api/node/extensionHostProcess.js:106:9563)
    at f.terminate (/usr/lib/code/out/vs/workbench/api/node/extensionHostProcess.js:110:1397)
    at b (/usr/lib/code/out/vs/workbench/api/node/extensionHostProcess.js:120:17815)
    at /usr/lib/code/out/vs/workbench/api/node/extensionHostProcess.js:120:15750
    at d.invoke (/usr/lib/code/out/vs/workbench/api/node/extensionHostProcess.js:63:145)
    at w.deliver (/usr/lib/code/out/vs/workbench/api/node/extensionHostProcess.js:63:2029)
    at g.fire (/usr/lib/code/out/vs/workbench/api/node/extensionHostProcess.js:63:1667)
    at h.fire (/usr/lib/code/out/vs/workbench/api/node/extensionHostProcess.js:72:14314)
    at c.y (/usr/lib/code/out/vs/workbench/api/node/extensionHostProcess.js:72:17324)
    at /usr/lib/code/out/vs/workbench/api/node/extensionHostProcess.js:72:15795
    at d.invoke (/usr/lib/code/out/vs/workbench/api/node/extensionHostProcess.js:63:145)
    at w.deliver (/usr/lib/code/out/vs/workbench/api/node/extensionHostProcess.js:63:2029)
    at g.fire (/usr/lib/code/out/vs/workbench/api/node/extensionHostProcess.js:63:1667)
    at g.acceptChunk (/usr/lib/code/out/vs/workbench/api/node/extensionHostProcess.js:72:12045)
    at /usr/lib/code/out/vs/workbench/api/node/extensionHostProcess.js:72:11332
    at Socket.l (/usr/lib/code/out/vs/workbench/api/node/extensionHostProcess.js:72:19792)
    at Socket.emit (node:events:526:28)
    at addChunk (node:internal/streams/readable:315:12)
    at readableAddChunk (node:internal/streams/readable:289:9)
    at Socket.Readable.push (node:internal/streams/readable:228:10)
    at Pipe.onStreamRead (node:internal/stream_base_commons:190:23)
2022-12-17 08:52:09.617 [info] Extension host with pid 40569 exiting with code 0
