2024-02-18 15:45:28.224 [info] Active editor: file:///home/thesynthax/projects/web/RocketChat-tour/package.json
2024-02-18 15:45:48.768 [info] Active editor: codetour-content://current/CodeTour
2024-02-18 15:45:48.775 [info] /home/thesynthax/projects/web/RocketChat-tour/package.json.git closed
2024-02-18 15:46:00.777 [info] Active editor: comment://codetour/commentinput-56eec5f2-9f2a-4783-b08d-4a90e4fabfde-1.md?%7B%22extensionId%22%3A%22vsls-contrib.codetour%22%2C%22commentThreadId%22%3A%22codetour.2%22%7D
2024-02-18 15:46:03.125 [info] Active editor: codetour-content://current/CodeTour
2024-02-18 15:46:03.126 [warning] invalid cursor position. [[2000, 0] | [2000, 0]].
2024-02-18 15:46:03.270 [info] /commentinput-56eec5f2-9f2a-4783-b08d-4a90e4fabfde-1.md closed
2024-02-18 15:46:03.297 [info] Active editor: comment://codetour/commentinput-ba395590-142e-484a-baf7-7491ce4ea1a6-2.md?%7B%22extensionId%22%3A%22vsls-contrib.codetour%22%2C%22commentThreadId%22%3A%22codetour.3%22%7D
2024-02-18 15:46:19.321 [info] Active editor: codetour-content://current/CodeTour
2024-02-18 15:46:19.321 [warning] invalid cursor position. [[2000, 0] | [2000, 0]].
2024-02-18 15:46:19.440 [info] /commentinput-ba395590-142e-484a-baf7-7491ce4ea1a6-2.md closed
2024-02-18 15:46:19.451 [info] Active editor: comment://codetour/commentinput-4d94f75b-7e5a-4ab1-a8f8-153484209355-3.md?%7B%22extensionId%22%3A%22vsls-contrib.codetour%22%2C%22commentThreadId%22%3A%22codetour.4%22%7D
2024-02-18 15:46:20.744 [info] Active editor: codetour-content://current/CodeTour
2024-02-18 15:46:20.745 [warning] invalid cursor position. [[2000, 0] | [2000, 0]].
2024-02-18 15:46:20.872 [info] /commentinput-4d94f75b-7e5a-4ab1-a8f8-153484209355-3.md closed
2024-02-18 15:46:20.900 [info] Active editor: comment://codetour/commentinput-dea65555-8f06-4d1e-aeaa-f85496e6bf42-4.md?%7B%22extensionId%22%3A%22vsls-contrib.codetour%22%2C%22commentThreadId%22%3A%22codetour.5%22%7D
2024-02-18 15:46:29.993 [info] Active editor: codetour-content://current/CodeTour
2024-02-18 15:46:29.994 [warning] invalid cursor position. [[2000, 0] | [2000, 0]].
2024-02-18 15:46:30.001 [info] /commentinput-dea65555-8f06-4d1e-aeaa-f85496e6bf42-4.md closed
2024-02-18 15:46:30.027 [info] Active editor: comment://codetour/commentinput-65e95eba-f300-4b68-886b-6597bf3dbb46-5.md?%7B%22extensionId%22%3A%22vsls-contrib.codetour%22%2C%22commentThreadId%22%3A%22codetour.6%22%7D
2024-02-18 15:46:32.950 [info] Active editor: codetour-content://current/CodeTour
2024-02-18 15:46:32.951 [warning] invalid cursor position. [[2000, 0] | [2000, 0]].
2024-02-18 15:46:32.952 [info] /commentinput-65e95eba-f300-4b68-886b-6597bf3dbb46-5.md closed
2024-02-18 15:46:32.965 [info] Active editor: comment://codetour/commentinput-a0288741-489a-4f30-afc5-ec0b921dd99f-6.md?%7B%22extensionId%22%3A%22vsls-contrib.codetour%22%2C%22commentThreadId%22%3A%22codetour.7%22%7D
2024-02-18 15:46:43.243 [info] Active editor: codetour-content://current/CodeTour
2024-02-18 15:46:43.244 [warning] invalid cursor position. [[2000, 0] | [2000, 0]].
2024-02-18 15:46:43.381 [info] /commentinput-a0288741-489a-4f30-afc5-ec0b921dd99f-6.md closed
2024-02-18 15:46:43.693 [info] Active editor: file:///home/thesynthax/projects/web/RocketChat-tour/apps/meteor/client/views/root/AppRoot.tsx
2024-02-18 15:46:53.453 [info] Active editor: codetour-content://current/CodeTour
2024-02-18 15:46:53.770 [info] Active editor: file:///home/thesynthax/projects/web/RocketChat-tour/apps/meteor/client/views/root/AppRoot.tsx
2024-02-18 15:46:53.787 [info] Active editor: codetour-content://current/CodeTour
2024-02-18 15:46:53.873 [info] /home/thesynthax/projects/web/RocketChat-tour/apps/meteor/client/views/root/AppRoot.tsx.git closed
2024-02-18 15:46:56.228 [info] Active editor: file:///home/thesynthax/projects/web/RocketChat-tour/apps/meteor/client/views/root/AppRoot.tsx
2024-02-18 15:46:56.328 [info] Active editor: comment://codetour/commentinput-cbb9e7ba-2f48-4175-b36d-f32b91f841af-7.md?%7B%22extensionId%22%3A%22vsls-contrib.codetour%22%2C%22commentThreadId%22%3A%22codetour.8%22%7D
2024-02-18 15:47:01.029 [info] Active editor: file:///home/thesynthax/projects/web/RocketChat-tour/apps/meteor/client/views/root/AppRoot.tsx
2024-02-18 15:47:01.178 [info] /commentinput-cbb9e7ba-2f48-4175-b36d-f32b91f841af-7.md closed
2024-02-18 15:47:01.203 [info] Active editor: codetour-content://current/CodeTour
2024-02-18 15:47:01.207 [info] /home/thesynthax/projects/web/RocketChat-tour/apps/meteor/client/views/root/AppRoot.tsx.git closed
2024-02-18 15:47:01.233 [info] Active editor: comment://codetour/commentinput-7e1b2097-119a-43fd-b85d-6c965e8ec19d-8.md?%7B%22extensionId%22%3A%22vsls-contrib.codetour%22%2C%22commentThreadId%22%3A%22codetour.9%22%7D
2024-02-18 15:47:07.713 [info] Active editor: codetour-content://current/CodeTour
2024-02-18 15:47:07.714 [warning] invalid cursor position. [[2000, 0] | [2000, 0]].
2024-02-18 15:47:07.883 [info] /commentinput-7e1b2097-119a-43fd-b85d-6c965e8ec19d-8.md closed
2024-02-18 15:47:07.904 [info] Active editor: comment://codetour/commentinput-cb2ed47e-b5b8-405b-b3dc-c92aa2b73a5f-9.md?%7B%22extensionId%22%3A%22vsls-contrib.codetour%22%2C%22commentThreadId%22%3A%22codetour.10%22%7D
2024-02-18 15:47:17.121 [info] Active editor: codetour-content://current/CodeTour
2024-02-18 15:47:17.122 [warning] invalid cursor position. [[2000, 0] | [2000, 0]].
2024-02-18 15:47:17.239 [info] /commentinput-cb2ed47e-b5b8-405b-b3dc-c92aa2b73a5f-9.md closed
2024-02-18 15:47:17.280 [info] /home/thesynthax/projects/web/RocketChat-tour/apps/meteor/client/views/root/AppRoot.tsx closed
2024-02-18 15:47:17.291 [info] Active editor: file:///home/thesynthax/projects/web/RocketChat-tour/apps/meteor/client/views/room/body/RoomBody.tsx
2024-02-18 15:47:21.357 [info] Active editor: comment://codetour/commentinput-a1d1b343-4ebb-43dc-ba8c-593d4a9ab5af-10.md?%7B%22extensionId%22%3A%22vsls-contrib.codetour%22%2C%22commentThreadId%22%3A%22codetour.12%22%7D
2024-02-18 15:47:25.531 [info] Active editor: file:///home/thesynthax/projects/web/RocketChat-tour/apps/meteor/client/views/room/body/RoomBody.tsx
2024-02-18 15:47:25.646 [info] /commentinput-a1d1b343-4ebb-43dc-ba8c-593d4a9ab5af-10.md closed
2024-02-18 15:47:25.671 [info] Active editor: comment://codetour/commentinput-a17ba3e2-661d-4089-bfe4-45c03f60e576-11.md?%7B%22extensionId%22%3A%22vsls-contrib.codetour%22%2C%22commentThreadId%22%3A%22codetour.13%22%7D
2024-02-18 15:48:04.888 [info] Active editor: file:///home/thesynthax/projects/web/RocketChat-tour/apps/meteor/client/views/room/body/RoomBody.tsx
2024-02-18 15:48:06.147 [info] /commentinput-a17ba3e2-661d-4089-bfe4-45c03f60e576-11.md closed
2024-02-18 15:48:06.184 [info] Active editor: comment://codetour/commentinput-77dbe6c5-2c5a-409b-819d-db9243c64d09-12.md?%7B%22extensionId%22%3A%22vsls-contrib.codetour%22%2C%22commentThreadId%22%3A%22codetour.14%22%7D
2024-02-18 15:48:21.341 [info] Active editor: file:///home/thesynthax/projects/web/RocketChat-tour/apps/meteor/client/views/room/body/RoomBody.tsx
2024-02-18 15:48:21.491 [info] /commentinput-77dbe6c5-2c5a-409b-819d-db9243c64d09-12.md closed
2024-02-18 15:48:21.551 [info] Active editor: file:///home/thesynthax/projects/web/RocketChat-tour/apps/meteor/client/views/room/composer/ComposerContainer.tsx
2024-02-18 15:48:21.575 [info] /home/thesynthax/projects/web/RocketChat-tour/apps/meteor/client/views/room/body/RoomBody.tsx.git closed
2024-02-18 15:48:21.631 [info] Active editor: comment://codetour/commentinput-0726e28a-1988-4ce5-a788-e8bd4bca4b43-13.md?%7B%22extensionId%22%3A%22vsls-contrib.codetour%22%2C%22commentThreadId%22%3A%22codetour.15%22%7D
2024-02-18 15:48:28.047 [info] /home/thesynthax/projects/web/RocketChat-tour/package.json closed
2024-02-18 15:48:28.052 [info] Active editor: file:///home/thesynthax/projects/web/RocketChat-tour/apps/meteor/client/views/room/composer/ComposerContainer.tsx
2024-02-18 15:48:28.247 [info] /vscode-extensions closed
2024-02-18 15:48:28.526 [info] /settings/configurationDefaults closed
2024-02-18 15:48:28.770 [info] /settings/resourceLanguage closed
2024-02-18 15:48:28.843 [info] /launch closed
2024-02-18 15:48:28.848 [info] /token-styling closed
2024-02-18 15:48:28.851 [info] /textmate-colors closed
2024-02-18 15:48:28.863 [info] /workbench-colors closed
2024-02-18 15:48:31.141 [info] /commentinput-0726e28a-1988-4ce5-a788-e8bd4bca4b43-13.md closed
2024-02-18 15:48:31.181 [info] Active editor: comment://codetour/commentinput-0ce92e62-1ef5-476b-acda-a4fc8189ce49-14.md?%7B%22extensionId%22%3A%22vsls-contrib.codetour%22%2C%22commentThreadId%22%3A%22codetour.16%22%7D
2024-02-18 15:48:31.253 [info] Active editor: file:///home/thesynthax/projects/web/RocketChat-tour/apps/meteor/client/views/room/composer/ComposerContainer.tsx
2024-02-18 15:48:31.262 [info] Active editor: comment:commentinput-1-1708251511250.md
2024-02-18 15:48:33.911 [info] Active editor: file:///home/thesynthax/projects/web/RocketChat-tour/apps/meteor/client/views/room/composer/ComposerContainer.tsx
2024-02-18 15:48:33.919 [info] commentinput-1-1708251511250.md closed
2024-02-18 15:48:33.920 [info] /commentinput-0ce92e62-1ef5-476b-acda-a4fc8189ce49-14.md closed
2024-02-18 15:48:37.318 [info] /home/thesynthax/projects/web/RocketChat-tour/apps/meteor/client/views/room/composer/hooks/useMessageComposerIsReadOnly.ts closed
2024-02-18 15:50:17.266 [info] /home/thesynthax/projects/web/RocketChat-tour/apps/meteor/client/views/room/body/RoomBody.tsx closed
2024-02-18 15:52:30.603 [info] /home/thesynthax/projects/web/RocketChat-tour/apps/meteor/client/views/room/composer/hooks/useMessageComposerIsAnonymous.ts closed
2024-02-18 15:52:34.169 [info] /home/thesynthax/projects/web/RocketChat-tour/apps/meteor/client/views/room/composer/ComposerContainer.tsx closed
2024-02-18 15:52:34.178 [info] Active editor: file:///home/thesynthax/projects/web/RocketChat-tour/apps/meteor/app/api/server/index.ts
2024-02-18 15:52:34.201 [info] /home/thesynthax/projects/web/RocketChat-tour/apps/meteor/client/views/room/composer/ComposerContainer.tsx.git closed
2024-02-18 15:52:34.261 [info] Active editor: comment://codetour/commentinput-047314e9-e571-4e28-843c-17ef29684492-15.md?%7B%22extensionId%22%3A%22vsls-contrib.codetour%22%2C%22commentThreadId%22%3A%22codetour.17%22%7D
2024-02-18 15:52:43.817 [info] Active editor: file:///home/thesynthax/projects/web/RocketChat-tour/apps/meteor/app/api/server/index.ts
2024-02-18 16:04:50.952 [info] /commentinput-047314e9-e571-4e28-843c-17ef29684492-15.md closed
2024-02-18 16:04:50.986 [info] /home/thesynthax/projects/web/RocketChat-tour/apps/meteor/app/api/server/index.ts closed
2024-02-18 16:04:50.997 [info] Active editor: file:///home/thesynthax/projects/web/RocketChat-tour/apps/meteor/app/api/server/api.ts
2024-02-18 16:04:51.126 [info] /home/thesynthax/projects/web/RocketChat-tour/apps/meteor/app/api/server/index.ts.git closed
2024-02-18 16:04:51.178 [info] Active editor: comment://codetour/commentinput-9fe9c90e-3f7d-448b-8d95-db006db5d4b9-16.md?%7B%22extensionId%22%3A%22vsls-contrib.codetour%22%2C%22commentThreadId%22%3A%22codetour.18%22%7D
2024-02-18 16:04:55.951 [info] Active editor: file:///home/thesynthax/projects/web/RocketChat-tour/apps/meteor/app/api/server/api.ts
2024-02-18 16:04:56.166 [info] /commentinput-9fe9c90e-3f7d-448b-8d95-db006db5d4b9-16.md closed
2024-02-18 16:04:56.238 [info] Active editor: file:///home/thesynthax/projects/web/RocketChat-tour/apps/meteor/app/api/server/v1/chat.ts
2024-02-18 16:04:56.288 [info] /home/thesynthax/projects/web/RocketChat-tour/apps/meteor/app/api/server/api.ts.git closed
2024-02-18 16:05:02.110 [info] Active editor: file:///home/thesynthax/projects/web/RocketChat-tour/apps/meteor/app/api/server/api.ts
2024-02-18 16:05:02.144 [info] /home/thesynthax/projects/web/RocketChat-tour/apps/meteor/app/api/server/v1/chat.ts.git closed
2024-02-18 16:05:02.205 [info] Active editor: comment://codetour/commentinput-5e2b80df-6bd2-478f-bd49-3ae62c4336e8-17.md?%7B%22extensionId%22%3A%22vsls-contrib.codetour%22%2C%22commentThreadId%22%3A%22codetour.20%22%7D
2024-02-18 16:05:06.945 [info] Active editor: file:///home/thesynthax/projects/web/RocketChat-tour/apps/meteor/app/api/server/api.ts
2024-02-18 16:05:06.972 [info] /commentinput-5e2b80df-6bd2-478f-bd49-3ae62c4336e8-17.md closed
2024-02-18 16:05:06.974 [info] Active editor: comment://codetour/commentinput-ca0412ed-c3fc-47a8-9377-5df1c168a46e-18.md?%7B%22extensionId%22%3A%22vsls-contrib.codetour%22%2C%22commentThreadId%22%3A%22codetour.21%22%7D
2024-02-18 16:05:08.062 [info] Active editor: file:///home/thesynthax/projects/web/RocketChat-tour/apps/meteor/app/api/server/api.ts
2024-02-18 16:05:08.089 [info] /commentinput-ca0412ed-c3fc-47a8-9377-5df1c168a46e-18.md closed
2024-02-18 16:05:08.108 [info] Active editor: file:///home/thesynthax/projects/web/RocketChat-tour/apps/meteor/app/api/server/v1/chat.ts
2024-02-18 16:05:08.132 [info] /home/thesynthax/projects/web/RocketChat-tour/apps/meteor/app/api/server/api.ts.git closed
2024-02-18 16:05:08.193 [info] Active editor: comment://codetour/commentinput-b834c422-5fc0-47e2-92fd-b1c9eb103379-19.md?%7B%22extensionId%22%3A%22vsls-contrib.codetour%22%2C%22commentThreadId%22%3A%22codetour.22%22%7D
2024-02-18 16:05:13.320 [info] Active editor: file:///home/thesynthax/projects/web/RocketChat-tour/apps/meteor/app/api/server/v1/chat.ts
2024-02-18 16:05:13.323 [info] /commentinput-b834c422-5fc0-47e2-92fd-b1c9eb103379-19.md closed
2024-02-18 16:05:13.386 [info] Active editor: file:///home/thesynthax/projects/web/RocketChat-tour/apps/meteor/app/lib/server/methods/sendMessage.ts
2024-02-18 16:05:13.414 [info] /home/thesynthax/projects/web/RocketChat-tour/apps/meteor/app/api/server/v1/chat.ts.git closed
2024-02-18 16:05:14.350 [info] Active editor: comment://codetour/commentinput-bdcef061-29e5-4c89-a2e5-1222dc92b703-20.md?%7B%22extensionId%22%3A%22vsls-contrib.codetour%22%2C%22commentThreadId%22%3A%22codetour.24%22%7D
2024-02-18 16:05:14.960 [info] Active editor: file:///home/thesynthax/projects/web/RocketChat-tour/apps/meteor/app/lib/server/methods/sendMessage.ts
2024-02-18 16:05:14.968 [info] /commentinput-bdcef061-29e5-4c89-a2e5-1222dc92b703-20.md closed
2024-02-18 16:05:14.974 [info] Active editor: comment://codetour/commentinput-dfc5395c-9aa3-489b-974e-61f54291fc73-21.md?%7B%22extensionId%22%3A%22vsls-contrib.codetour%22%2C%22commentThreadId%22%3A%22codetour.25%22%7D
2024-02-18 16:05:15.539 [info] Active editor: file:///home/thesynthax/projects/web/RocketChat-tour/apps/meteor/app/lib/server/methods/sendMessage.ts
2024-02-18 16:05:15.550 [info] /commentinput-dfc5395c-9aa3-489b-974e-61f54291fc73-21.md closed
2024-02-18 16:05:15.615 [info] Active editor: file:///home/thesynthax/projects/web/RocketChat-tour/apps/meteor/client/lib/chats/flows/sendMessage.ts
2024-02-18 16:05:15.636 [info] /home/thesynthax/projects/web/RocketChat-tour/apps/meteor/app/lib/server/methods/sendMessage.ts.git closed
2024-02-18 16:05:17.923 [info] Active editor: file:///home/thesynthax/projects/web/RocketChat-tour/apps/meteor/app/utils/client/lib/SDKClient.ts
2024-02-18 16:05:17.949 [info] /home/thesynthax/projects/web/RocketChat-tour/apps/meteor/client/lib/chats/flows/sendMessage.ts.git closed
2024-02-18 16:05:18.004 [info] Active editor: comment://codetour/commentinput-0e724cee-8102-4844-978e-b47f50775d5e-22.md?%7B%22extensionId%22%3A%22vsls-contrib.codetour%22%2C%22commentThreadId%22%3A%22codetour.27%22%7D
2024-02-18 16:05:26.190 [info] Active editor: file:///home/thesynthax/projects/web/RocketChat-tour/apps/meteor/app/utils/client/lib/SDKClient.ts
2024-02-18 16:05:26.350 [info] /commentinput-0e724cee-8102-4844-978e-b47f50775d5e-22.md closed
2024-02-18 16:05:26.380 [info] Active editor: codetour-content://current/CodeTour
2024-02-18 16:05:26.384 [info] /home/thesynthax/projects/web/RocketChat-tour/apps/meteor/app/utils/client/lib/SDKClient.ts.git closed
2024-02-18 16:05:26.403 [info] Active editor: comment://codetour/commentinput-323d514d-4ce9-4bdd-a945-4e030bbcab2c-23.md?%7B%22extensionId%22%3A%22vsls-contrib.codetour%22%2C%22commentThreadId%22%3A%22codetour.28%22%7D
2024-02-18 16:05:32.908 [info] Active editor: codetour-content://current/CodeTour
2024-02-18 16:05:32.909 [warning] invalid cursor position. [[2000, 0] | [2000, 0]].
2024-02-18 16:05:45.833 [info] /commentinput-323d514d-4ce9-4bdd-a945-4e030bbcab2c-23.md closed
2024-02-18 16:05:45.900 [info] Active editor: comment://codetour/commentinput-d0c15556-744d-4f95-b1b6-162033590a04-24.md?%7B%22extensionId%22%3A%22vsls-contrib.codetour%22%2C%22commentThreadId%22%3A%22codetour.29%22%7D
2024-02-18 16:05:54.799 [info] Active editor: codetour-content://current/CodeTour
2024-02-18 16:05:54.799 [warning] invalid cursor position. [[2000, 0] | [2000, 0]].
2024-02-18 16:05:54.955 [info] /commentinput-d0c15556-744d-4f95-b1b6-162033590a04-24.md closed
2024-02-18 16:05:55.029 [info] Active editor: comment://codetour/commentinput-66040309-9b96-4526-bdf4-2d580cf62c76-25.md?%7B%22extensionId%22%3A%22vsls-contrib.codetour%22%2C%22commentThreadId%22%3A%22codetour.30%22%7D
2024-02-18 16:05:57.814 [info] Active editor: codetour-content://current/CodeTour
2024-02-18 16:05:57.815 [warning] invalid cursor position. [[2000, 0] | [2000, 0]].
2024-02-18 16:05:57.978 [info] /commentinput-66040309-9b96-4526-bdf4-2d580cf62c76-25.md closed
2024-02-18 16:05:58.037 [info] Active editor: comment://codetour/commentinput-bf7f0533-921d-47c4-8e42-cbcacdb47643-26.md?%7B%22extensionId%22%3A%22vsls-contrib.codetour%22%2C%22commentThreadId%22%3A%22codetour.31%22%7D
2024-02-18 16:06:03.217 [info] Active editor: codetour-content://current/CodeTour
2024-02-18 16:06:03.218 [warning] invalid cursor position. [[2000, 0] | [2000, 0]].
2024-02-18 16:06:03.345 [info] /commentinput-bf7f0533-921d-47c4-8e42-cbcacdb47643-26.md closed
2024-02-18 16:06:03.380 [info] Active editor: comment://codetour/commentinput-675b902a-2349-4132-9f6f-4c0788e06fe1-27.md?%7B%22extensionId%22%3A%22vsls-contrib.codetour%22%2C%22commentThreadId%22%3A%22codetour.32%22%7D
2024-02-18 16:06:05.240 [info] Active editor: codetour-content://current/CodeTour
2024-02-18 16:06:05.240 [warning] invalid cursor position. [[2000, 0] | [2000, 0]].
2024-02-18 16:06:05.373 [info] /commentinput-675b902a-2349-4132-9f6f-4c0788e06fe1-27.md closed
2024-02-18 16:06:05.417 [info] Active editor: file:///home/thesynthax/projects/web/RocketChat-tour/apps/meteor/server/services/room/service.ts
2024-02-18 16:06:05.495 [info] Active editor: comment://codetour/commentinput-1bb534f1-0eaf-4fda-9b73-1640b74aa3a1-28.md?%7B%22extensionId%22%3A%22vsls-contrib.codetour%22%2C%22commentThreadId%22%3A%22codetour.33%22%7D
2024-02-18 16:06:10.108 [info] Active editor: file:///home/thesynthax/projects/web/RocketChat-tour/apps/meteor/server/services/room/service.ts
2024-02-18 16:06:10.167 [info] /commentinput-1bb534f1-0eaf-4fda-9b73-1640b74aa3a1-28.md closed
2024-02-18 16:06:10.192 [info] Active editor: comment://codetour/commentinput-94161020-cea7-4610-a12f-6285003e6702-29.md?%7B%22extensionId%22%3A%22vsls-contrib.codetour%22%2C%22commentThreadId%22%3A%22codetour.34%22%7D
2024-02-18 16:06:13.186 [info] Active editor: file:///home/thesynthax/projects/web/RocketChat-tour/apps/meteor/server/services/room/service.ts
2024-02-18 16:06:13.339 [info] /commentinput-94161020-cea7-4610-a12f-6285003e6702-29.md closed
2024-02-18 16:06:13.360 [info] Active editor: comment://codetour/commentinput-5888583b-a74f-44b4-9499-39b060509752-30.md?%7B%22extensionId%22%3A%22vsls-contrib.codetour%22%2C%22commentThreadId%22%3A%22codetour.35%22%7D
