["INFO" - 5:16:15 PM] Extension Name: esbenp.prettier-vscode.
["INFO" - 5:16:15 PM] Extension Version: 9.10.3.
["INFO" - 5:19:14 PM] Formatting file:///home/thesynthax/Downloads/node%20crash%20course/nodejsevents.js
["INFO" - 5:19:14 PM] Using ignore file (if present) at /home/thesynthax/Downloads/node crash course/.prettierignore
["INFO" - 5:19:14 PM] File Info:
{
  "ignored": false,
  "inferredParser": "babel"
}
["INFO" - 5:19:14 PM] No local configuration (i.e. .prettierrc or .editorconfig) detected, falling back to VS Code configuration
["INFO" - 5:19:14 PM] Prettier Options:
{
  "arrowParens": "always",
  "bracketSpacing": true,
  "endOfLine": "lf",
  "htmlWhitespaceSensitivity": "css",
  "insertPragma": false,
  "singleAttributePerLine": false,
  "bracketSameLine": false,
  "jsxBracketSameLine": false,
  "jsxSingleQuote": false,
  "printWidth": 80,
  "proseWrap": "preserve",
  "quoteProps": "as-needed",
  "requirePragma": false,
  "semi": true,
  "singleQuote": false,
  "tabWidth": 2,
  "trailingComma": "es5",
  "useTabs": false,
  "vueIndentScriptAndStyle": false,
  "filepath": "/home/thesynthax/Downloads/node crash course/nodejsevents.js",
  "parser": "babel"
}
["INFO" - 5:19:15 PM] Formatting completed in 818ms.
["INFO" - 5:19:23 PM] Formatting file:///home/thesynthax/Downloads/node%20crash%20course/nodejsevents.js
["INFO" - 5:19:23 PM] Using ignore file (if present) at /home/thesynthax/Downloads/node crash course/.prettierignore
["INFO" - 5:19:23 PM] File Info:
{
  "ignored": false,
  "inferredParser": "babel"
}
["INFO" - 5:19:23 PM] No local configuration (i.e. .prettierrc or .editorconfig) detected, falling back to VS Code configuration
["INFO" - 5:19:23 PM] Prettier Options:
{
  "arrowParens": "always",
  "bracketSpacing": true,
  "endOfLine": "lf",
  "htmlWhitespaceSensitivity": "css",
  "insertPragma": false,
  "singleAttributePerLine": false,
  "bracketSameLine": false,
  "jsxBracketSameLine": false,
  "jsxSingleQuote": false,
  "printWidth": 80,
  "proseWrap": "preserve",
  "quoteProps": "as-needed",
  "requirePragma": false,
  "semi": true,
  "singleQuote": false,
  "tabWidth": 2,
  "trailingComma": "es5",
  "useTabs": false,
  "vueIndentScriptAndStyle": false,
  "filepath": "/home/thesynthax/Downloads/node crash course/nodejsevents.js",
  "parser": "babel"
}
["INFO" - 5:19:23 PM] Formatting completed in 8ms.
["INFO" - 5:19:47 PM] Formatting file:///home/thesynthax/Downloads/node%20crash%20course/nodejsevents.js
["INFO" - 5:19:47 PM] Using ignore file (if present) at /home/thesynthax/Downloads/node crash course/.prettierignore
["INFO" - 5:19:47 PM] File Info:
{
  "ignored": false,
  "inferredParser": "babel"
}
["INFO" - 5:19:47 PM] No local configuration (i.e. .prettierrc or .editorconfig) detected, falling back to VS Code configuration
["INFO" - 5:19:47 PM] Prettier Options:
{
  "arrowParens": "always",
  "bracketSpacing": true,
  "endOfLine": "lf",
  "htmlWhitespaceSensitivity": "css",
  "insertPragma": false,
  "singleAttributePerLine": false,
  "bracketSameLine": false,
  "jsxBracketSameLine": false,
  "jsxSingleQuote": false,
  "printWidth": 80,
  "proseWrap": "preserve",
  "quoteProps": "as-needed",
  "requirePragma": false,
  "semi": true,
  "singleQuote": false,
  "tabWidth": 2,
  "trailingComma": "es5",
  "useTabs": false,
  "vueIndentScriptAndStyle": false,
  "filepath": "/home/thesynthax/Downloads/node crash course/nodejsevents.js",
  "parser": "babel"
}
["INFO" - 5:19:47 PM] Formatting completed in 8ms.
