2024-06-04 13:23:34.409 [info] Added views:workbench.panel.markers.view in workbench.panel.markers
2024-06-04 13:23:34.409 [info] Added views:workbench.panel.output in workbench.panel.output
2024-06-04 13:23:34.409 [info] Added views:terminal in terminal
2024-06-04 13:23:34.409 [info] Added views:outline in workbench.view.explorer
2024-06-04 13:23:34.409 [info] Added views:workbench.scm in workbench.view.scm
2024-06-04 13:23:34.409 [info] Added views:workbench.view.search in workbench.view.search
2024-06-04 13:23:34.409 [info] Added views:timeline in workbench.view.explorer
2024-06-04 13:23:34.409 [info] Added views:workbench.explorer.fileView in workbench.view.explorer
2024-06-04 13:23:34.724 [info] Added views:workbench.debug.variablesView,workbench.debug.watchExpressionsView,workbench.debug.callStackView,workbench.debug.breakPointsView in workbench.view.debug
2024-06-04 13:23:36.813 [info] Added views:gitlens.views.home,gitlens.views.workspaces,gitlens.views.account in workbench.view.extension.gitlens
2024-06-04 13:23:36.813 [info] Added views:gitlens.views.commitDetails,gitlens.views.lineHistory,gitlens.views.fileHistory,gitlens.views.searchAndCompare in workbench.view.extension.gitlensInspect
2024-06-04 13:23:36.814 [info] Added views:gitlens.views.commits,gitlens.views.branches,gitlens.views.remotes,gitlens.views.stashes,gitlens.views.tags,gitlens.views.contributors in workbench.view.scm
2024-06-04 13:23:36.814 [info] Added views:pr:github,issues:github in workbench.view.extension.github-pull-requests
2024-06-04 13:23:36.814 [info] Added views:dockerContainers,dockerImages,dockerRegistries,dockerNetworks,dockerVolumes,vscode-docker.views.dockerContexts,vscode-docker.views.help in workbench.view.extension.dockerView
2024-06-04 13:23:36.821 [info] Added views:codetour.tours in workbench.view.explorer
2024-06-04 13:23:36.851 [info] Added views:~remote.forwardedPorts in ~remote.forwardedPortsContainer
2024-06-04 13:23:37.384 [info] Added views:workbench.panel.repl.view in workbench.panel.repl
2024-06-04 13:23:37.386 [info] Removed views:workbench.debug.breakPointsView,workbench.debug.callStackView,workbench.debug.watchExpressionsView,workbench.debug.variablesView from workbench.view.debug
2024-06-04 13:23:37.386 [info] Added views:workbench.debug.welcome in workbench.view.debug
2024-06-04 13:23:48.467 [info] Removed views:gitlens.views.searchAndCompare,gitlens.views.fileHistory,gitlens.views.lineHistory,gitlens.views.commitDetails from workbench.view.extension.gitlensInspect
2024-06-04 13:23:48.468 [info] Removed views:gitlens.views.contributors,gitlens.views.tags,gitlens.views.stashes,gitlens.views.remotes,gitlens.views.branches,gitlens.views.commits from workbench.view.scm
2024-06-04 13:23:48.684 [info] Added views:gitlens.views.drafts in workbench.view.extension.gitlens
2024-06-04 13:23:48.788 [info] Added views:workbench.panel.comments in workbench.panel.comments
2024-06-04 13:23:50.762 [info] Added views:gitlens.views.graph,gitlens.views.graphDetails in workbench.view.extension.gitlensPanel
2024-06-04 13:23:50.764 [info] Added views:gitlens.views.commitDetails,gitlens.views.lineHistory,gitlens.views.fileHistory,gitlens.views.timeline,gitlens.views.searchAndCompare in workbench.view.extension.gitlensInspect
2024-06-04 13:23:50.766 [info] Added views:gitlens.views.commits,gitlens.views.branches,gitlens.views.remotes,gitlens.views.stashes,gitlens.views.tags,gitlens.views.worktrees,gitlens.views.contributors in workbench.view.scm
2024-06-04 13:23:50.820 [info] Removed views:issues:github,pr:github from workbench.view.extension.github-pull-requests
2024-06-04 13:23:50.821 [info] Added views:github:login in workbench.view.extension.github-pull-requests
2024-06-04 13:24:09.768 [info] Added views:tabnine.loading in workbench.view.extension.tabnine
2024-06-04 13:24:17.661 [info] Removed views:tabnine.loading from workbench.view.extension.tabnine
2024-06-04 13:24:17.661 [info] Added views:tabnine.chat.authenticate in workbench.view.extension.tabnine
2024-06-04 13:24:19.751 [info] Added views:cmake.projectStatus,cmake.outline,cmake.pinnedCommands in workbench.view.extension.cmake-view
2024-06-04 13:24:29.934 [info] Added views:workbench.views.extensions.installed,workbench.views.extensions.popular,extensions.recommendedList in workbench.view.extensions
2024-06-04 13:24:29.945 [info] Removed views:workbench.views.extensions.popular from workbench.view.extensions
2024-06-04 13:24:33.829 [info] Removed views:extensions.recommendedList,workbench.views.extensions.installed from workbench.view.extensions
2024-06-04 13:24:33.834 [info] Added views:workbench.views.extensions.marketplace in workbench.view.extensions
2024-06-04 13:24:49.717 [info] Removed views:workbench.views.extensions.marketplace from workbench.view.extensions
2024-06-04 13:24:49.736 [info] Added views:workbench.views.extensions.installed,extensions.recommendedList in workbench.view.extensions
2024-06-04 13:24:51.368 [info] Removed views:extensions.recommendedList,workbench.views.extensions.installed from workbench.view.extensions
2024-06-04 13:24:51.373 [info] Added views:workbench.views.extensions.marketplace in workbench.view.extensions
2024-06-04 13:24:57.762 [info] Removed views:workbench.views.extensions.marketplace from workbench.view.extensions
2024-06-04 13:24:57.783 [info] Added views:workbench.views.extensions.installed,extensions.recommendedList in workbench.view.extensions
2024-06-04 13:25:03.583 [info] Removed views:extensions.recommendedList,workbench.views.extensions.installed from workbench.view.extensions
2024-06-04 13:25:03.588 [info] Added views:workbench.views.extensions.marketplace in workbench.view.extensions
2024-06-04 13:25:07.641 [info] Removed views:workbench.views.extensions.marketplace from workbench.view.extensions
2024-06-04 13:25:07.650 [info] Added views:workbench.views.extensions.installed,extensions.recommendedList in workbench.view.extensions
