2024-06-04 13:23:42.735 [info] Log level: Info
2024-06-04 13:23:42.735 [info] Validating found git in: "git"
2024-06-04 13:23:42.735 [info] Using git "2.45.1" from "git"
2024-06-04 13:23:42.735 [info] > git rev-parse --show-toplevel [14ms]
2024-06-04 13:23:42.735 [info] > git rev-parse --git-dir --git-common-dir [10ms]
2024-06-04 13:23:42.735 [info] Open repository: /home/thesynthax/projects/cpp/opengl-raytracing
2024-06-04 13:23:42.875 [info] > git rev-parse --show-toplevel [14ms]
2024-06-04 13:23:42.876 [info] > git config --get commit.template [27ms]
2024-06-04 13:23:43.235 [info] > git for-each-ref --format=%(refname)%00%(upstream:short)%00%(objectname)%00%(upstream:track)%00%(upstream:remotename)%00%(upstream:remoteref) refs/heads/main refs/remotes/main [133ms]
2024-06-04 13:23:43.236 [info] > git rev-parse --show-toplevel [142ms]
2024-06-04 13:23:43.241 [warning] ENOENT: no such file or directory, open '/home/thesynthax/projects/cpp/opengl-raytracing/.git/refs/remotes/origin/main'
2024-06-04 13:23:43.249 [info] > git check-ignore -v -z --stdin [1ms]
2024-06-04 13:23:43.250 [info] > git rev-parse --show-toplevel [7ms]
2024-06-04 13:23:43.250 [info] > git rev-parse refs/remotes/origin/main [10ms]
2024-06-04 13:23:43.262 [info] > git rev-parse --show-toplevel [4ms]
2024-06-04 13:23:48.448 [info] > git status -z -uall [5194ms]
2024-06-04 13:23:48.989 [info] > git merge-base refs/heads/main refs/remotes/origin/main [536ms]
2024-06-04 13:23:49.595 [info] > git rev-list --count --left-right refs/heads/main...refs/remotes/origin/main [600ms]
2024-06-04 13:23:49.622 [info] > git config --get commit.template [654ms]
2024-06-04 13:23:49.739 [info] > git diff --name-status -z --diff-filter=ADMR e3ba22b716d222f25fda627739d72b56dccac5cc...refs/remotes/origin/main [131ms]
2024-06-04 13:23:50.622 [info] > git for-each-ref --format=%(refname)%00%(upstream:short)%00%(objectname)%00%(upstream:track)%00%(upstream:remotename)%00%(upstream:remoteref) refs/heads/main refs/remotes/main [861ms]
2024-06-04 13:23:50.645 [warning] ENOENT: no such file or directory, open '/home/thesynthax/projects/cpp/opengl-raytracing/.git/refs/remotes/origin/main'
2024-06-04 13:23:50.676 [info] > git rev-parse refs/remotes/origin/main [31ms]
2024-06-04 13:23:50.825 [info] > git config --local branch.main.github-pr-owner-number [1ms]
2024-06-04 13:23:50.825 [warning] git config failed: Failed to execute git
2024-06-04 13:23:51.067 [info] > git status -z -uall [388ms]
2024-06-04 13:24:20.892 [info] > git config --get commit.template [1ms]
2024-06-04 13:24:20.903 [info] > git for-each-ref --format=%(refname)%00%(upstream:short)%00%(objectname)%00%(upstream:track)%00%(upstream:remotename)%00%(upstream:remoteref) refs/heads/main refs/remotes/main [6ms]
2024-06-04 13:24:20.910 [warning] ENOENT: no such file or directory, open '/home/thesynthax/projects/cpp/opengl-raytracing/.git/refs/remotes/origin/main'
2024-06-04 13:24:20.910 [info] > git check-ignore -v -z --stdin [8ms]
2024-06-04 13:24:20.911 [info] > git rev-parse refs/remotes/origin/main [1ms]
2024-06-04 13:24:21.306 [info] > git status -z -uall [390ms]
2024-06-04 13:24:26.352 [info] > git config --get commit.template [19ms]
2024-06-04 13:24:26.353 [info] > git for-each-ref --format=%(refname)%00%(upstream:short)%00%(objectname)%00%(upstream:track)%00%(upstream:remotename)%00%(upstream:remoteref) refs/heads/main refs/remotes/main [5ms]
2024-06-04 13:24:26.366 [warning] ENOENT: no such file or directory, open '/home/thesynthax/projects/cpp/opengl-raytracing/.git/refs/remotes/origin/main'
2024-06-04 13:24:26.368 [info] > git rev-parse refs/remotes/origin/main [2ms]
2024-06-04 13:24:26.717 [info] > git status -z -uall [341ms]
2024-06-04 13:25:15.656 [info] > git check-ignore -v -z --stdin [1ms]
2024-06-04 13:25:19.929 [info] > git show --textconv :src/main.cpp [18ms]
2024-06-04 13:25:19.929 [info] > git ls-files --stage -- /home/thesynthax/projects/cpp/opengl-raytracing/src/main.cpp [13ms]
2024-06-04 13:25:19.974 [info] > git cat-file -s 5cf277a3c958bac725621f7c6f59028aa6baa460 [40ms]
2024-06-04 13:25:26.024 [info] > git show --textconv :opengl-raytracing.sln [4ms]
2024-06-04 13:25:26.025 [info] > git ls-files --stage -- /home/thesynthax/projects/cpp/opengl-raytracing/opengl-raytracing.sln [1ms]
2024-06-04 13:25:26.030 [info] > git cat-file -s c9bd04ef4ccb98256ccef5f21b03df8b5fcb91a5 [0ms]
2024-06-04 13:25:30.886 [info] > git show --textconv :src/scene.cpp [22ms]
2024-06-04 13:25:30.886 [info] > git ls-files --stage -- /home/thesynthax/projects/cpp/opengl-raytracing/src/scene.cpp [1ms]
2024-06-04 13:25:30.894 [info] > git cat-file -s 52f6e80c4e8c4cdb1ad9a6f104381a7fa0c48b53 [3ms]
2024-06-04 13:25:34.079 [info] > git config --get commit.template [21ms]
2024-06-04 13:25:34.081 [info] > git for-each-ref --format=%(refname)%00%(upstream:short)%00%(objectname)%00%(upstream:track)%00%(upstream:remotename)%00%(upstream:remoteref) refs/heads/main refs/remotes/main [6ms]
2024-06-04 13:25:34.093 [warning] ENOENT: no such file or directory, open '/home/thesynthax/projects/cpp/opengl-raytracing/.git/refs/remotes/origin/main'
2024-06-04 13:25:34.094 [info] > git rev-parse refs/remotes/origin/main [2ms]
2024-06-04 13:25:34.457 [info] > git status -z -uall [357ms]
2024-06-04 13:27:16.902 [info] > git show --textconv :src/scene.h [6ms]
2024-06-04 13:27:16.903 [info] > git ls-files --stage -- /home/thesynthax/projects/cpp/opengl-raytracing/src/scene.h [1ms]
2024-06-04 13:27:16.908 [info] > git cat-file -s 3a33a5064b6efb16154a5823528b39824e6c3d25 [1ms]
2024-06-04 13:28:50.812 [info] > git config --local branch.main.github-pr-owner-number [1ms]
2024-06-04 13:28:50.812 [warning] git config failed: Failed to execute git
2024-06-04 13:33:50.826 [info] > git config --local branch.main.github-pr-owner-number [1ms]
2024-06-04 13:33:50.826 [warning] git config failed: Failed to execute git
2024-06-04 13:38:50.843 [info] > git config --local branch.main.github-pr-owner-number [1ms]
2024-06-04 13:38:50.843 [warning] git config failed: Failed to execute git
2024-06-04 13:43:50.854 [info] > git config --local branch.main.github-pr-owner-number [0ms]
2024-06-04 13:43:50.854 [warning] git config failed: Failed to execute git
2024-06-04 13:48:50.864 [info] > git config --local branch.main.github-pr-owner-number [1ms]
2024-06-04 13:48:50.864 [warning] git config failed: Failed to execute git
2024-06-04 13:53:50.871 [info] > git config --local branch.main.github-pr-owner-number [1ms]
2024-06-04 13:53:50.871 [warning] git config failed: Failed to execute git
2024-06-04 13:58:50.880 [info] > git config --local branch.main.github-pr-owner-number [0ms]
2024-06-04 13:58:50.881 [warning] git config failed: Failed to execute git
