2024-02-18 15:19:05.753 [info] Added views:workbench.panel.markers.view in workbench.panel.markers
2024-02-18 15:19:05.753 [info] Added views:workbench.panel.output in workbench.panel.output
2024-02-18 15:19:05.753 [info] Added views:terminal in terminal
2024-02-18 15:19:05.753 [info] Added views:outline in workbench.view.explorer
2024-02-18 15:19:05.753 [info] Added views:workbench.scm in workbench.view.scm
2024-02-18 15:19:05.753 [info] Added views:workbench.view.search in workbench.view.search
2024-02-18 15:19:05.753 [info] Added views:timeline in workbench.view.explorer
2024-02-18 15:19:05.753 [info] Added views:workbench.explorer.fileView in workbench.view.explorer
2024-02-18 15:19:05.881 [info] Added views:workbench.debug.welcome in workbench.view.debug
2024-02-18 15:19:09.796 [info] Added views:gitlens.views.home,gitlens.views.drafts,gitlens.views.workspaces,gitlens.views.account in workbench.view.extension.gitlens
2024-02-18 15:19:09.796 [info] Added views:gitlens.views.commitDetails,gitlens.views.lineHistory,gitlens.views.fileHistory,gitlens.views.searchAndCompare in workbench.view.extension.gitlensInspect
2024-02-18 15:19:09.797 [info] Added views:gitlens.views.commits,gitlens.views.branches,gitlens.views.remotes,gitlens.views.stashes,gitlens.views.tags,gitlens.views.contributors in workbench.view.scm
2024-02-18 15:19:09.798 [info] Added views:dockerContainers,dockerImages,dockerRegistries,dockerNetworks,dockerVolumes,vscode-docker.views.dockerContexts,vscode-docker.views.help in workbench.view.extension.dockerView
2024-02-18 15:19:09.850 [info] Added views:~remote.forwardedPorts in ~remote.forwardedPortsContainer
2024-02-18 15:19:09.936 [info] Added views:workbench.panel.repl.view in workbench.panel.repl
2024-02-18 15:19:20.359 [info] Added views:workbench.panel.markers.view in workbench.panel.markers
2024-02-18 15:19:20.359 [info] Added views:workbench.panel.output in workbench.panel.output
2024-02-18 15:19:20.359 [info] Added views:terminal in terminal
2024-02-18 15:19:20.359 [info] Added views:outline in workbench.view.explorer
2024-02-18 15:19:20.359 [info] Added views:workbench.scm in workbench.view.scm
2024-02-18 15:19:20.359 [info] Added views:workbench.view.search in workbench.view.search
2024-02-18 15:19:20.359 [info] Added views:timeline in workbench.view.explorer
2024-02-18 15:19:20.359 [info] Added views:workbench.explorer.fileView in workbench.view.explorer
2024-02-18 15:19:20.602 [info] Added views:gitlens.views.home,gitlens.views.drafts,gitlens.views.workspaces,gitlens.views.account in workbench.view.extension.gitlens
2024-02-18 15:19:20.603 [info] Added views:gitlens.views.commitDetails,gitlens.views.lineHistory,gitlens.views.fileHistory,gitlens.views.searchAndCompare in workbench.view.extension.gitlensInspect
2024-02-18 15:19:20.604 [info] Added views:gitlens.views.commits,gitlens.views.branches,gitlens.views.remotes,gitlens.views.stashes,gitlens.views.tags,gitlens.views.contributors in workbench.view.scm
2024-02-18 15:19:20.604 [info] Added views:dockerContainers,dockerImages,dockerRegistries,dockerNetworks,dockerVolumes,vscode-docker.views.dockerContexts,vscode-docker.views.help in workbench.view.extension.dockerView
2024-02-18 15:19:20.854 [info] Added views:workbench.debug.variablesView,workbench.debug.watchExpressionsView,workbench.debug.callStackView,workbench.debug.breakPointsView in workbench.view.debug
2024-02-18 15:19:20.882 [info] Added views:workbench.panel.repl.view in workbench.panel.repl
2024-02-18 15:19:20.885 [info] Removed views:workbench.debug.breakPointsView,workbench.debug.callStackView,workbench.debug.watchExpressionsView,workbench.debug.variablesView from workbench.view.debug
2024-02-18 15:19:20.885 [info] Added views:workbench.debug.welcome in workbench.view.debug
2024-02-18 15:19:20.979 [info] Added views:~remote.forwardedPorts in ~remote.forwardedPortsContainer
2024-02-18 15:19:28.705 [info] Added views:workbench.views.extensions.installed,workbench.views.extensions.popular,extensions.recommendedList in workbench.view.extensions
2024-02-18 15:19:28.706 [info] Removed views:workbench.views.extensions.popular from workbench.view.extensions
2024-02-18 15:19:29.279 [info] Removed views:extensions.recommendedList,workbench.views.extensions.installed from workbench.view.extensions
2024-02-18 15:19:29.284 [info] Added views:workbench.views.extensions.marketplace in workbench.view.extensions
2024-02-18 15:19:37.109 [info] Removed views:gitlens.views.searchAndCompare,gitlens.views.fileHistory,gitlens.views.lineHistory,gitlens.views.commitDetails from workbench.view.extension.gitlensInspect
2024-02-18 15:19:37.111 [info] Removed views:gitlens.views.contributors,gitlens.views.tags,gitlens.views.stashes,gitlens.views.remotes,gitlens.views.branches,gitlens.views.commits from workbench.view.scm
2024-02-18 15:19:37.881 [info] Added views:workbench.panel.comments in workbench.panel.comments
2024-02-18 15:19:38.896 [info] Added views:gitlens.views.graph,gitlens.views.graphDetails in workbench.view.extension.gitlensPanel
2024-02-18 15:19:38.900 [info] Added views:gitlens.views.commitDetails,gitlens.views.lineHistory,gitlens.views.fileHistory,gitlens.views.timeline,gitlens.views.searchAndCompare in workbench.view.extension.gitlensInspect
2024-02-18 15:19:38.901 [info] Added views:gitlens.views.commits,gitlens.views.branches,gitlens.views.remotes,gitlens.views.stashes,gitlens.views.tags,gitlens.views.worktrees,gitlens.views.contributors in workbench.view.scm
2024-02-18 15:19:58.617 [info] Added views:tabnine.loading in workbench.view.extension.tabnine
2024-02-18 15:20:02.862 [info] Removed views:workbench.views.extensions.marketplace from workbench.view.extensions
2024-02-18 15:20:02.874 [info] Added views:workbench.views.extensions.installed,extensions.recommendedList in workbench.view.extensions
2024-02-18 15:20:07.588 [info] Added views:workbench.panel.markers.view in workbench.panel.markers
2024-02-18 15:20:07.588 [info] Added views:workbench.panel.output in workbench.panel.output
2024-02-18 15:20:07.588 [info] Added views:terminal in terminal
2024-02-18 15:20:07.588 [info] Added views:outline in workbench.view.explorer
2024-02-18 15:20:07.588 [info] Added views:workbench.scm in workbench.view.scm
2024-02-18 15:20:07.588 [info] Added views:workbench.view.search in workbench.view.search
2024-02-18 15:20:07.588 [info] Added views:timeline in workbench.view.explorer
2024-02-18 15:20:07.588 [info] Added views:workbench.explorer.fileView in workbench.view.explorer
2024-02-18 15:20:07.910 [info] Added views:workbench.debug.welcome in workbench.view.debug
2024-02-18 15:20:07.993 [info] Added views:workbench.views.extensions.installed,extensions.recommendedList in workbench.view.extensions
2024-02-18 15:20:11.251 [info] Added views:gitlens.views.home,gitlens.views.workspaces,gitlens.views.account in workbench.view.extension.gitlens
2024-02-18 15:20:11.251 [info] Added views:gitlens.views.commitDetails,gitlens.views.lineHistory,gitlens.views.fileHistory,gitlens.views.searchAndCompare in workbench.view.extension.gitlensInspect
2024-02-18 15:20:11.252 [info] Added views:gitlens.views.commits,gitlens.views.branches,gitlens.views.remotes,gitlens.views.stashes,gitlens.views.tags,gitlens.views.contributors in workbench.view.scm
2024-02-18 15:20:11.252 [info] Added views:dockerContainers,dockerImages,dockerRegistries,dockerNetworks,dockerVolumes,vscode-docker.views.dockerContexts,vscode-docker.views.help in workbench.view.extension.dockerView
2024-02-18 15:20:11.284 [info] Added views:~remote.forwardedPorts in ~remote.forwardedPortsContainer
2024-02-18 15:20:11.644 [info] Added views:workbench.panel.repl.view in workbench.panel.repl
2024-02-18 15:20:13.623 [info] Added views:gitlens.views.drafts in workbench.view.extension.gitlens
2024-02-18 15:20:13.632 [info] Added views:workbench.panel.comments in workbench.panel.comments
2024-02-18 15:20:14.520 [info] Added views:gitlens.views.graph,gitlens.views.graphDetails in workbench.view.extension.gitlensPanel
2024-02-18 15:20:14.520 [info] Added views:gitlens.views.timeline in workbench.view.extension.gitlensInspect
2024-02-18 15:20:14.520 [info] Added views:gitlens.views.worktrees in workbench.view.scm
2024-02-18 15:20:29.897 [info] Added views:tabnine.loading in workbench.view.extension.tabnine
2024-02-18 15:20:29.902 [info] Removed views:tabnine.loading from workbench.view.extension.tabnine
2024-02-18 15:20:29.936 [info] Added views:tabnine.chat.preview_ended in workbench.view.extension.tabnine
2024-02-18 15:20:40.987 [info] Removed views:extensions.recommendedList,workbench.views.extensions.installed from workbench.view.extensions
2024-02-18 15:20:47.800 [info] Added views:workbench.views.extensions.marketplace in workbench.view.extensions
2024-02-18 15:20:52.042 [info] Added views:pr:github,issues:github in workbench.view.extension.github-pull-requests
2024-02-18 15:20:52.461 [info] Removed views:issues:github,pr:github from workbench.view.extension.github-pull-requests
2024-02-18 15:20:52.563 [info] Added views:github:login in workbench.view.extension.github-pull-requests
2024-02-18 15:21:00.022 [info] Added views:codetour.tours in workbench.view.explorer
