2022-12-27 17:31:01.673 [info] Starting worker process with pid 145478 (type: fileWatcher, window: 1).
2022-12-27 17:31:02.269 [info] Deleted from disk ms-vscode.vscode-typescript-next /home/thesynthax/.vscode-oss/extensions/ms-vscode.vscode-typescript-next-5.0.202212220
2022-12-27 17:31:02.270 [info] Deleted from disk ms-vscode.vscode-typescript-next /home/thesynthax/.vscode-oss/extensions/ms-vscode.vscode-typescript-next-5.0.202212210
2022-12-27 17:31:05.163 [info] Getting Manifest... formulahendry.code-runner
2022-12-27 17:31:05.164 [info] Getting Manifest... llvm-vs-code-extensions.vscode-clangd
2022-12-27 17:31:05.165 [info] Getting Manifest... ms-vscode.vscode-typescript-next
2022-12-27 17:31:05.166 [info] Getting Manifest... vadimcn.vscode-lldb
2022-12-27 17:31:05.167 [info] Getting Manifest... vscodevim.vim
2022-12-27 17:31:05.168 [info] Getting Manifest... zhuangtongfa.material-theme
2022-12-27 17:31:06.377 [info] Installing extension: ms-vscode.vscode-typescript-next
2022-12-27 17:31:06.700 [info] Installing extension: llvm-vs-code-extensions.vscode-clangd
2022-12-27 17:31:06.732 [info] Installing extension: zhuangtongfa.material-theme
2022-12-27 17:31:06.934 [info] Installing extension: vadimcn.vscode-lldb
2022-12-27 17:31:06.935 [info] Installing extension: vscodevim.vim
2022-12-27 17:31:08.004 [info] Extension installed successfully: llvm-vs-code-extensions.vscode-clangd
2022-12-27 17:31:08.656 [info] Extension installed successfully: zhuangtongfa.material-theme
2022-12-27 17:31:09.046 [info] Extension installed successfully: vadimcn.vscode-lldb
2022-12-27 17:31:09.491 [info] Extension installed successfully: vscodevim.vim
2022-12-27 17:31:11.573 [info] Installing extension: formulahendry.code-runner
2022-12-27 17:31:12.513 [info] Extension installed successfully: formulahendry.code-runner
2022-12-27 17:31:12.564 [info] Extracted extension to /home/thesynthax/.vscode-oss/extensions/.8115cbaa-fd7c-44e5-8f72-f14897031dc7: ms-vscode.vscode-typescript-next
2022-12-27 17:31:12.904 [info] Renamed to /home/thesynthax/.vscode-oss/extensions/ms-vscode.vscode-typescript-next-5.0.202212260
2022-12-27 17:31:12.909 [info] Extracting completed. ms-vscode.vscode-typescript-next
2022-12-27 17:31:13.738 [info] Extension installed successfully: ms-vscode.vscode-typescript-next
2022-12-27 17:31:13.786 [info] Marked extension as uninstalled ms-vscode.vscode-typescript-next-5.0.202212230
