2024-03-01 11:39:23.699 [info] Added views:workbench.panel.markers.view in workbench.panel.markers
2024-03-01 11:39:23.700 [info] Added views:workbench.panel.output in workbench.panel.output
2024-03-01 11:39:23.700 [info] Added views:terminal in terminal
2024-03-01 11:39:23.700 [info] Added views:outline in workbench.view.explorer
2024-03-01 11:39:23.700 [info] Added views:workbench.scm in workbench.view.scm
2024-03-01 11:39:23.700 [info] Added views:workbench.view.search in workbench.view.search
2024-03-01 11:39:23.700 [info] Added views:timeline in workbench.view.explorer
2024-03-01 11:39:23.700 [info] Added views:workbench.explorer.fileView in workbench.view.explorer
2024-03-01 11:39:23.834 [info] Added views:workbench.debug.welcome in workbench.view.debug
2024-03-01 11:39:33.425 [info] Added views:gitlens.views.home,gitlens.views.workspaces,gitlens.views.account in workbench.view.extension.gitlens
2024-03-01 11:39:33.425 [info] Added views:gitlens.views.commitDetails,gitlens.views.lineHistory,gitlens.views.fileHistory,gitlens.views.searchAndCompare in workbench.view.extension.gitlensInspect
2024-03-01 11:39:33.426 [info] Added views:gitlens.views.commits,gitlens.views.branches,gitlens.views.remotes,gitlens.views.stashes,gitlens.views.tags,gitlens.views.contributors in workbench.view.scm
2024-03-01 11:39:33.426 [info] Added views:pr:github,issues:github in workbench.view.extension.github-pull-requests
2024-03-01 11:39:33.427 [info] Added views:dockerContainers,dockerImages,dockerRegistries,dockerNetworks,dockerVolumes,vscode-docker.views.dockerContexts,vscode-docker.views.help in workbench.view.extension.dockerView
2024-03-01 11:39:33.433 [info] Added views:codetour.tours in workbench.view.explorer
2024-03-01 11:39:33.615 [info] Added views:workbench.panel.repl.view in workbench.panel.repl
2024-03-01 11:39:34.101 [info] Added views:~remote.forwardedPorts in ~remote.forwardedPortsContainer
2024-03-01 11:40:48.806 [info] Added views:gitlens.views.drafts in workbench.view.extension.gitlens
2024-03-01 11:40:50.102 [info] Added views:workbench.panel.comments in workbench.panel.comments
2024-03-01 11:40:50.321 [info] Added views:gitlens.views.graph,gitlens.views.graphDetails in workbench.view.extension.gitlensPanel
2024-03-01 11:40:50.322 [info] Added views:gitlens.views.timeline in workbench.view.extension.gitlensInspect
2024-03-01 11:40:50.325 [info] Added views:gitlens.views.worktrees in workbench.view.scm
2024-03-01 11:41:08.298 [info] Removed views:issues:github,pr:github from workbench.view.extension.github-pull-requests
2024-03-01 11:41:08.299 [info] Added views:github:login in workbench.view.extension.github-pull-requests
2024-03-01 11:41:25.108 [info] Added views:tabnine.loading in workbench.view.extension.tabnine
2024-03-01 11:42:41.931 [info] Removed views:tabnine.loading from workbench.view.extension.tabnine
2024-03-01 11:42:41.932 [info] Added views:tabnine.chat.preview_ended in workbench.view.extension.tabnine
