2022-12-17 08:40:55.323 [info] Extension host with pid 36981 started
2022-12-17 08:40:55.357 [info] ExtensionService#_doActivateExtension vscode.git-base, startup: true, activationEvent: '*', root cause: vscode.git
2022-12-17 08:40:55.358 [info] ExtensionService#_doActivateExtension vscodevim.vim, startup: true, activationEvent: '*'
2022-12-17 08:40:55.466 [info] ExtensionService#_doActivateExtension vscode.git, startup: true, activationEvent: '*'
2022-12-17 08:40:55.466 [info] ExtensionService#_doActivateExtension vscode.github, startup: true, activationEvent: '*'
2022-12-17 08:40:55.508 [info] Eager extensions activated
2022-12-17 08:40:55.516 [info] ExtensionService#_doActivateExtension vscode.debug-auto-launch, startup: false, activationEvent: 'onStartupFinished'
2022-12-17 08:40:55.517 [info] ExtensionService#_doActivateExtension vscode.emmet, startup: false, activationEvent: 'onStartupFinished'
2022-12-17 08:40:55.517 [info] ExtensionService#_doActivateExtension vscode.merge-conflict, startup: false, activationEvent: 'onStartupFinished'
2022-12-17 08:40:55.517 [info] ExtensionService#_doActivateExtension Equinusocio.vsc-material-theme, startup: false, activationEvent: 'onStartupFinished'
2022-12-17 08:40:55.517 [info] ExtensionService#_doActivateExtension equinusocio.vsc-material-theme-icons, startup: false, activationEvent: 'onStartupFinished'
2022-12-17 08:40:55.517 [info] ExtensionService#_doActivateExtension zhuangtongfa.material-theme, startup: false, activationEvent: 'onStartupFinished'
2022-12-17 08:40:56.446 [error] Error: ENOENT: no such file or directory, open '/home/thesynthax/.config/Code - OSS/User/globalStorage/vscodevim.vim/.registers'
2022-12-17 08:41:18.287 [info] ExtensionService#_doActivateExtension vscode.configuration-editing, startup: false, activationEvent: 'onLanguage:jsonc'
2022-12-17 08:41:18.287 [info] ExtensionService#_doActivateExtension vscode.json-language-features, startup: false, activationEvent: 'onLanguage:jsonc'
2022-12-17 08:41:18.288 [info] ExtensionService#_doActivateExtension vscode.typescript-language-features, startup: false, activationEvent: 'onLanguage:jsonc'
2022-12-17 08:42:04.071 [info] Extension host terminating: received terminate message from renderer
2022-12-17 08:42:04.344 [error] TypeError: Converting circular structure to JSON
    --> starting at object with constructor 't'
    |     property '_readableState' -> object with constructor 'M'
    |     property 'pipes' -> object with constructor 'Array'
    |     index 0 -> object with constructor 't.ConsoleForElectron'
    --- property 'parent' closes the circle
    at JSON.stringify (<anonymous>)
    at /home/thesynthax/.vscode-oss/extensions/vscodevim.vim-1.24.3-universal/src/register/register.ts:333:16
    at process.async (node:internal/process/task_queues:96:5)
    at Object.e.deactivate (/home/thesynthax/.vscode-oss/extensions/vscodevim.vim-1.24.3-universal/extension.ts:64:8)
    at async Promise.all (index 11)
    at d.Q (/usr/lib/code/out/vs/workbench/api/node/extensionHostProcess.js:106:9315)
2022-12-17 08:42:04.346 [info] Extension host with pid 36981 exiting with code 0
