2022-12-20 17:30:03.273 [info] Extension host with pid 160808 started
2022-12-20 17:30:03.273 [info] Skipping acquiring lock for /home/thesynthax/.config/Code - OSS/User/workspaceStorage/18c6a0b3d84e74aea7961713b7840eb9.
2022-12-20 17:30:03.330 [info] ExtensionService#_doActivateExtension vscode.git-base, startup: true, activationEvent: '*', root cause: vscode.git
2022-12-20 17:30:03.331 [info] ExtensionService#_doActivateExtension donjayamanne.githistory, startup: true, activationEvent: '*'
2022-12-20 17:30:03.331 [info] ExtensionService#_doActivateExtension formulahendry.auto-close-tag, startup: true, activationEvent: '*'
2022-12-20 17:30:03.331 [info] ExtensionService#_doActivateExtension formulahendry.auto-rename-tag, startup: true, activationEvent: '*'
2022-12-20 17:30:03.331 [info] ExtensionService#_doActivateExtension johnpapa.vscode-peacock, startup: true, activationEvent: '*'
2022-12-20 17:30:03.331 [info] ExtensionService#_doActivateExtension oderwat.indent-rainbow, startup: true, activationEvent: '*'
2022-12-20 17:30:03.331 [info] ExtensionService#_doActivateExtension standard.vscode-standard, startup: true, activationEvent: '*'
2022-12-20 17:30:03.332 [info] ExtensionService#_doActivateExtension TabNine.tabnine-vscode, startup: true, activationEvent: '*'
2022-12-20 17:30:03.332 [info] ExtensionService#_doActivateExtension vscodevim.vim, startup: true, activationEvent: '*'
2022-12-20 17:30:03.332 [info] ExtensionService#_doActivateExtension wayou.vscode-todo-highlight, startup: true, activationEvent: '*'
2022-12-20 17:30:03.332 [info] ExtensionService#_doActivateExtension vscode.npm, startup: true, activationEvent: 'workspaceContains:package.json'
2022-12-20 17:30:03.675 [info] ExtensionService#_doActivateExtension vscode.git, startup: true, activationEvent: '*'
2022-12-20 17:30:03.675 [info] ExtensionService#_doActivateExtension vscode.github, startup: true, activationEvent: '*'
2022-12-20 17:30:03.675 [info] ExtensionService#_doActivateExtension vscode.configuration-editing, startup: false, activationEvent: 'onLanguage:jsonc'
2022-12-20 17:30:03.675 [info] ExtensionService#_doActivateExtension vscode.json-language-features, startup: false, activationEvent: 'onLanguage:jsonc'
2022-12-20 17:30:03.675 [info] ExtensionService#_doActivateExtension vscode.typescript-language-features, startup: false, activationEvent: 'onLanguage:jsonc'
2022-12-20 17:30:03.675 [info] ExtensionService#_doActivateExtension dbaeumer.vscode-eslint, startup: false, activationEvent: 'onLanguage:jsonc'
2022-12-20 17:30:03.825 [info] ExtensionService#_doActivateExtension formulahendry.code-runner, startup: false, activationEvent: 'onLanguage:code-runner-output'
2022-12-20 17:30:03.917 [info] Eager extensions activated
2022-12-20 17:30:03.938 [info] ExtensionService#_doActivateExtension vscode.debug-auto-launch, startup: false, activationEvent: 'onStartupFinished'
2022-12-20 17:30:03.938 [info] ExtensionService#_doActivateExtension vscode.emmet, startup: false, activationEvent: 'onStartupFinished'
2022-12-20 17:30:03.938 [info] ExtensionService#_doActivateExtension vscode.merge-conflict, startup: false, activationEvent: 'onStartupFinished'
2022-12-20 17:30:03.938 [info] ExtensionService#_doActivateExtension aaron-bond.better-comments, startup: false, activationEvent: 'onStartupFinished'
2022-12-20 17:30:03.938 [info] ExtensionService#_doActivateExtension Equinusocio.vsc-material-theme, startup: false, activationEvent: 'onStartupFinished'
2022-12-20 17:30:03.939 [info] ExtensionService#_doActivateExtension equinusocio.vsc-material-theme-icons, startup: false, activationEvent: 'onStartupFinished'
2022-12-20 17:30:03.939 [info] ExtensionService#_doActivateExtension esbenp.prettier-vscode, startup: false, activationEvent: 'onStartupFinished'
2022-12-20 17:30:03.939 [info] ExtensionService#_doActivateExtension ritwickdey.LiveServer, startup: false, activationEvent: 'onStartupFinished'
2022-12-20 17:30:03.939 [info] ExtensionService#_doActivateExtension usernamehw.errorlens, startup: false, activationEvent: 'onStartupFinished'
2022-12-20 17:30:03.939 [info] ExtensionService#_doActivateExtension vadimcn.vscode-lldb, startup: false, activationEvent: 'onStartupFinished'
2022-12-20 17:30:03.939 [info] ExtensionService#_doActivateExtension vscode-icons-team.vscode-icons, startup: false, activationEvent: 'onStartupFinished'
2022-12-20 17:30:03.939 [info] ExtensionService#_doActivateExtension zhuangtongfa.material-theme, startup: false, activationEvent: 'onStartupFinished'
2022-12-20 17:30:10.308 [info] ExtensionService#_doActivateExtension mgmcdermott.vscode-language-babel, startup: false, activationEvent: 'onLanguage:javascript'
2022-12-20 17:30:10.308 [info] ExtensionService#_doActivateExtension wix.vscode-import-cost, startup: false, activationEvent: 'onLanguage:javascript'
2022-12-20 17:33:47.614 [info] Extension host terminating: received terminate message from renderer
2022-12-20 17:33:47.634 [warning] {"name":"Canceled"}
2022-12-20 17:33:48.637 [info] Extension host with pid 160808 exiting with code 0
2022-12-20 17:33:49.454 [info] Extension host with pid 162917 started
2022-12-20 17:33:49.488 [info] ExtensionService#_doActivateExtension vscode.git-base, startup: true, activationEvent: '*', root cause: vscode.git
2022-12-20 17:33:49.488 [info] ExtensionService#_doActivateExtension donjayamanne.githistory, startup: true, activationEvent: '*'
2022-12-20 17:33:49.488 [info] ExtensionService#_doActivateExtension formulahendry.auto-close-tag, startup: true, activationEvent: '*'
2022-12-20 17:33:49.488 [info] ExtensionService#_doActivateExtension formulahendry.auto-rename-tag, startup: true, activationEvent: '*'
2022-12-20 17:33:49.488 [info] ExtensionService#_doActivateExtension johnpapa.vscode-peacock, startup: true, activationEvent: '*'
2022-12-20 17:33:49.488 [info] ExtensionService#_doActivateExtension oderwat.indent-rainbow, startup: true, activationEvent: '*'
2022-12-20 17:33:49.489 [info] ExtensionService#_doActivateExtension standard.vscode-standard, startup: true, activationEvent: '*'
2022-12-20 17:33:49.489 [info] ExtensionService#_doActivateExtension TabNine.tabnine-vscode, startup: true, activationEvent: '*'
2022-12-20 17:33:49.489 [info] ExtensionService#_doActivateExtension vscodevim.vim, startup: true, activationEvent: '*'
2022-12-20 17:33:49.489 [info] ExtensionService#_doActivateExtension wayou.vscode-todo-highlight, startup: true, activationEvent: '*'
2022-12-20 17:33:49.779 [info] ExtensionService#_doActivateExtension vscode.git, startup: true, activationEvent: '*'
2022-12-20 17:33:49.779 [info] ExtensionService#_doActivateExtension vscode.github, startup: true, activationEvent: '*'
2022-12-20 17:33:49.820 [info] ExtensionService#_doActivateExtension vscode.configuration-editing, startup: false, activationEvent: 'onLanguage:jsonc'
2022-12-20 17:33:49.821 [info] ExtensionService#_doActivateExtension vscode.json-language-features, startup: false, activationEvent: 'onLanguage:jsonc'
2022-12-20 17:33:49.821 [info] ExtensionService#_doActivateExtension vscode.typescript-language-features, startup: false, activationEvent: 'onLanguage:jsonc'
2022-12-20 17:33:49.821 [info] ExtensionService#_doActivateExtension dbaeumer.vscode-eslint, startup: false, activationEvent: 'onLanguage:jsonc'
2022-12-20 17:33:49.912 [info] ExtensionService#_doActivateExtension formulahendry.code-runner, startup: false, activationEvent: 'onLanguage:code-runner-output'
2022-12-20 17:33:49.956 [info] Eager extensions activated
2022-12-20 17:33:49.969 [info] ExtensionService#_doActivateExtension vscode.debug-auto-launch, startup: false, activationEvent: 'onStartupFinished'
2022-12-20 17:33:49.969 [info] ExtensionService#_doActivateExtension vscode.emmet, startup: false, activationEvent: 'onStartupFinished'
2022-12-20 17:33:49.969 [info] ExtensionService#_doActivateExtension vscode.merge-conflict, startup: false, activationEvent: 'onStartupFinished'
2022-12-20 17:33:49.969 [info] ExtensionService#_doActivateExtension aaron-bond.better-comments, startup: false, activationEvent: 'onStartupFinished'
2022-12-20 17:33:49.969 [info] ExtensionService#_doActivateExtension Equinusocio.vsc-material-theme, startup: false, activationEvent: 'onStartupFinished'
2022-12-20 17:33:49.970 [info] ExtensionService#_doActivateExtension equinusocio.vsc-material-theme-icons, startup: false, activationEvent: 'onStartupFinished'
2022-12-20 17:33:49.970 [info] ExtensionService#_doActivateExtension vscode.npm, startup: false, activationEvent: 'onStartupFinished', root cause: esbenp.prettier-vscode
2022-12-20 17:33:49.970 [info] ExtensionService#_doActivateExtension ritwickdey.LiveServer, startup: false, activationEvent: 'onStartupFinished'
2022-12-20 17:33:49.970 [info] ExtensionService#_doActivateExtension usernamehw.errorlens, startup: false, activationEvent: 'onStartupFinished'
2022-12-20 17:33:49.970 [info] ExtensionService#_doActivateExtension vadimcn.vscode-lldb, startup: false, activationEvent: 'onStartupFinished'
2022-12-20 17:33:49.970 [info] ExtensionService#_doActivateExtension vscode-icons-team.vscode-icons, startup: false, activationEvent: 'onStartupFinished'
2022-12-20 17:33:49.970 [info] ExtensionService#_doActivateExtension zhuangtongfa.material-theme, startup: false, activationEvent: 'onStartupFinished'
2022-12-20 17:33:50.118 [info] ExtensionService#_doActivateExtension esbenp.prettier-vscode, startup: false, activationEvent: 'onStartupFinished'
2022-12-20 17:34:22.661 [info] ExtensionService#_doActivateExtension mgmcdermott.vscode-language-babel, startup: false, activationEvent: 'onLanguage:javascript'
2022-12-20 17:34:22.661 [info] ExtensionService#_doActivateExtension wix.vscode-import-cost, startup: false, activationEvent: 'onLanguage:javascript'
2022-12-20 17:35:18.019 [info] ExtensionService#_doActivateExtension vscode.debug-server-ready, startup: false, activationEvent: 'onDebugResolve'
2022-12-20 17:35:21.222 [info] Extension host terminating: received terminate message from renderer
2022-12-20 17:35:21.628 [info] Extension host with pid 162917 exiting with code 0
2022-12-20 17:35:24.016 [info] Extension host with pid 163842 started
2022-12-20 17:35:24.155 [info] ExtensionService#_doActivateExtension vscode.typescript-language-features, startup: false, activationEvent: 'onLanguage:javascript'
2022-12-20 17:35:24.155 [info] ExtensionService#_doActivateExtension wix.vscode-import-cost, startup: false, activationEvent: 'onLanguage:javascript'
2022-12-20 17:35:24.155 [info] ExtensionService#_doActivateExtension vscode.git-base, startup: true, activationEvent: '*', root cause: vscode.git
2022-12-20 17:35:24.155 [info] ExtensionService#_doActivateExtension donjayamanne.githistory, startup: true, activationEvent: '*'
2022-12-20 17:35:24.155 [info] ExtensionService#_doActivateExtension formulahendry.auto-close-tag, startup: true, activationEvent: '*'
2022-12-20 17:35:24.155 [info] ExtensionService#_doActivateExtension formulahendry.auto-rename-tag, startup: true, activationEvent: '*'
2022-12-20 17:35:24.155 [info] ExtensionService#_doActivateExtension johnpapa.vscode-peacock, startup: true, activationEvent: '*'
2022-12-20 17:35:24.156 [info] ExtensionService#_doActivateExtension oderwat.indent-rainbow, startup: true, activationEvent: '*'
2022-12-20 17:35:24.156 [info] ExtensionService#_doActivateExtension standard.vscode-standard, startup: true, activationEvent: '*'
2022-12-20 17:35:24.156 [info] ExtensionService#_doActivateExtension TabNine.tabnine-vscode, startup: true, activationEvent: '*'
2022-12-20 17:35:24.156 [info] ExtensionService#_doActivateExtension vscodevim.vim, startup: true, activationEvent: '*'
2022-12-20 17:35:24.156 [info] ExtensionService#_doActivateExtension wayou.vscode-todo-highlight, startup: true, activationEvent: '*'
2022-12-20 17:35:24.892 [info] ExtensionService#_doActivateExtension vscode.git, startup: true, activationEvent: '*'
2022-12-20 17:35:24.892 [info] ExtensionService#_doActivateExtension vscode.github, startup: true, activationEvent: '*'
2022-12-20 17:35:24.893 [info] ExtensionService#_doActivateExtension vscode.configuration-editing, startup: false, activationEvent: 'onLanguage:jsonc'
2022-12-20 17:35:24.893 [info] ExtensionService#_doActivateExtension vscode.json-language-features, startup: false, activationEvent: 'onLanguage:jsonc'
2022-12-20 17:35:24.893 [info] ExtensionService#_doActivateExtension dbaeumer.vscode-eslint, startup: false, activationEvent: 'onLanguage:jsonc'
2022-12-20 17:35:25.006 [info] ExtensionService#_doActivateExtension formulahendry.code-runner, startup: false, activationEvent: 'onLanguage:code-runner-output'
2022-12-20 17:35:25.107 [info] Eager extensions activated
2022-12-20 17:35:25.160 [info] ExtensionService#_doActivateExtension vscode.debug-auto-launch, startup: false, activationEvent: 'onStartupFinished'
2022-12-20 17:35:25.160 [info] ExtensionService#_doActivateExtension vscode.emmet, startup: false, activationEvent: 'onStartupFinished'
2022-12-20 17:35:25.160 [info] ExtensionService#_doActivateExtension vscode.merge-conflict, startup: false, activationEvent: 'onStartupFinished'
2022-12-20 17:35:25.160 [info] ExtensionService#_doActivateExtension aaron-bond.better-comments, startup: false, activationEvent: 'onStartupFinished'
2022-12-20 17:35:25.161 [info] ExtensionService#_doActivateExtension Equinusocio.vsc-material-theme, startup: false, activationEvent: 'onStartupFinished'
2022-12-20 17:35:25.161 [info] ExtensionService#_doActivateExtension equinusocio.vsc-material-theme-icons, startup: false, activationEvent: 'onStartupFinished'
2022-12-20 17:35:25.161 [info] ExtensionService#_doActivateExtension vscode.npm, startup: false, activationEvent: 'onStartupFinished', root cause: esbenp.prettier-vscode
2022-12-20 17:35:25.161 [info] ExtensionService#_doActivateExtension ritwickdey.LiveServer, startup: false, activationEvent: 'onStartupFinished'
2022-12-20 17:35:25.161 [info] ExtensionService#_doActivateExtension usernamehw.errorlens, startup: false, activationEvent: 'onStartupFinished'
2022-12-20 17:35:25.161 [info] ExtensionService#_doActivateExtension vadimcn.vscode-lldb, startup: false, activationEvent: 'onStartupFinished'
2022-12-20 17:35:25.161 [info] ExtensionService#_doActivateExtension vscode-icons-team.vscode-icons, startup: false, activationEvent: 'onStartupFinished'
2022-12-20 17:35:25.162 [info] ExtensionService#_doActivateExtension zhuangtongfa.material-theme, startup: false, activationEvent: 'onStartupFinished'
2022-12-20 17:35:25.775 [info] ExtensionService#_doActivateExtension esbenp.prettier-vscode, startup: false, activationEvent: 'onStartupFinished'
2022-12-20 17:35:31.690 [info] ExtensionService#_doActivateExtension vscode.debug-server-ready, startup: false, activationEvent: 'onDebugResolve'
2022-12-20 17:36:39.076 [info] Extension host terminating: received terminate message from renderer
2022-12-20 17:36:39.452 [info] Extension host with pid 163842 exiting with code 0
2022-12-20 17:36:42.006 [info] Extension host with pid 164840 started
2022-12-20 17:36:42.132 [info] ExtensionService#_doActivateExtension vscode.typescript-language-features, startup: false, activationEvent: 'onLanguage:javascript'
2022-12-20 17:36:42.132 [info] ExtensionService#_doActivateExtension wix.vscode-import-cost, startup: false, activationEvent: 'onLanguage:javascript'
2022-12-20 17:36:42.132 [info] ExtensionService#_doActivateExtension vscode.git-base, startup: true, activationEvent: '*', root cause: vscode.git
2022-12-20 17:36:42.132 [info] ExtensionService#_doActivateExtension donjayamanne.githistory, startup: true, activationEvent: '*'
2022-12-20 17:36:42.132 [info] ExtensionService#_doActivateExtension formulahendry.auto-close-tag, startup: true, activationEvent: '*'
2022-12-20 17:36:42.132 [info] ExtensionService#_doActivateExtension formulahendry.auto-rename-tag, startup: true, activationEvent: '*'
2022-12-20 17:36:42.133 [info] ExtensionService#_doActivateExtension johnpapa.vscode-peacock, startup: true, activationEvent: '*'
2022-12-20 17:36:42.133 [info] ExtensionService#_doActivateExtension oderwat.indent-rainbow, startup: true, activationEvent: '*'
2022-12-20 17:36:42.133 [info] ExtensionService#_doActivateExtension standard.vscode-standard, startup: true, activationEvent: '*'
2022-12-20 17:36:42.133 [info] ExtensionService#_doActivateExtension TabNine.tabnine-vscode, startup: true, activationEvent: '*'
2022-12-20 17:36:42.133 [info] ExtensionService#_doActivateExtension vscodevim.vim, startup: true, activationEvent: '*'
2022-12-20 17:36:42.133 [info] ExtensionService#_doActivateExtension wayou.vscode-todo-highlight, startup: true, activationEvent: '*'
2022-12-20 17:36:42.895 [info] ExtensionService#_doActivateExtension vscode.git, startup: true, activationEvent: '*'
2022-12-20 17:36:42.895 [info] ExtensionService#_doActivateExtension vscode.github, startup: true, activationEvent: '*'
2022-12-20 17:36:42.928 [info] ExtensionService#_doActivateExtension vscode.configuration-editing, startup: false, activationEvent: 'onLanguage:jsonc'
2022-12-20 17:36:42.928 [info] ExtensionService#_doActivateExtension vscode.json-language-features, startup: false, activationEvent: 'onLanguage:jsonc'
2022-12-20 17:36:42.928 [info] ExtensionService#_doActivateExtension dbaeumer.vscode-eslint, startup: false, activationEvent: 'onLanguage:jsonc'
2022-12-20 17:36:43.035 [info] ExtensionService#_doActivateExtension formulahendry.code-runner, startup: false, activationEvent: 'onLanguage:code-runner-output'
2022-12-20 17:36:43.117 [info] Eager extensions activated
2022-12-20 17:36:43.156 [info] ExtensionService#_doActivateExtension vscode.debug-auto-launch, startup: false, activationEvent: 'onStartupFinished'
2022-12-20 17:36:43.157 [info] ExtensionService#_doActivateExtension vscode.emmet, startup: false, activationEvent: 'onStartupFinished'
2022-12-20 17:36:43.157 [info] ExtensionService#_doActivateExtension vscode.merge-conflict, startup: false, activationEvent: 'onStartupFinished'
2022-12-20 17:36:43.157 [info] ExtensionService#_doActivateExtension aaron-bond.better-comments, startup: false, activationEvent: 'onStartupFinished'
2022-12-20 17:36:43.157 [info] ExtensionService#_doActivateExtension Equinusocio.vsc-material-theme, startup: false, activationEvent: 'onStartupFinished'
2022-12-20 17:36:43.157 [info] ExtensionService#_doActivateExtension equinusocio.vsc-material-theme-icons, startup: false, activationEvent: 'onStartupFinished'
2022-12-20 17:36:43.157 [info] ExtensionService#_doActivateExtension vscode.npm, startup: false, activationEvent: 'onStartupFinished', root cause: esbenp.prettier-vscode
2022-12-20 17:36:43.157 [info] ExtensionService#_doActivateExtension ritwickdey.LiveServer, startup: false, activationEvent: 'onStartupFinished'
2022-12-20 17:36:43.158 [info] ExtensionService#_doActivateExtension usernamehw.errorlens, startup: false, activationEvent: 'onStartupFinished'
2022-12-20 17:36:43.158 [info] ExtensionService#_doActivateExtension vadimcn.vscode-lldb, startup: false, activationEvent: 'onStartupFinished'
2022-12-20 17:36:43.158 [info] ExtensionService#_doActivateExtension vscode-icons-team.vscode-icons, startup: false, activationEvent: 'onStartupFinished'
2022-12-20 17:36:43.158 [info] ExtensionService#_doActivateExtension zhuangtongfa.material-theme, startup: false, activationEvent: 'onStartupFinished'
2022-12-20 17:36:43.657 [info] ExtensionService#_doActivateExtension esbenp.prettier-vscode, startup: false, activationEvent: 'onStartupFinished'
2022-12-20 17:37:30.736 [info] ExtensionService#_doActivateExtension vscode.debug-server-ready, startup: false, activationEvent: 'onDebugResolve'
2022-12-20 17:40:53.353 [error] Error: Illegal value for `line`
    at E.t (/usr/lib/code/out/vs/workbench/api/node/extensionHostProcess.js:93:966)
    at Object.lineAt (/usr/lib/code/out/vs/workbench/api/node/extensionHostProcess.js:93:90)
    at t.default.isIndentOutChange (/home/thesynthax/.vscode-oss/extensions/tabnine.tabnine-vscode-3.6.31/out/extension.js:17:83170)
    at /home/thesynthax/.vscode-oss/extensions/tabnine.tabnine-vscode-3.6.31/out/extension.js:17:83820
    at d.invoke (/usr/lib/code/out/vs/workbench/api/node/extensionHostProcess.js:63:145)
    at w.deliver (/usr/lib/code/out/vs/workbench/api/node/extensionHostProcess.js:63:2029)
    at g.fire (/usr/lib/code/out/vs/workbench/api/node/extensionHostProcess.js:63:1667)
    at P.$acceptModelChanged (/usr/lib/code/out/vs/workbench/api/node/extensionHostProcess.js:96:11193)
    at u.N (/usr/lib/code/out/vs/workbench/api/node/extensionHostProcess.js:104:11208)
    at u.M (/usr/lib/code/out/vs/workbench/api/node/extensionHostProcess.js:104:10926)
    at u.H (/usr/lib/code/out/vs/workbench/api/node/extensionHostProcess.js:104:10019)
    at u.G (/usr/lib/code/out/vs/workbench/api/node/extensionHostProcess.js:104:9000)
    at /usr/lib/code/out/vs/workbench/api/node/extensionHostProcess.js:104:7788
    at d.invoke (/usr/lib/code/out/vs/workbench/api/node/extensionHostProcess.js:63:145)
    at w.deliver (/usr/lib/code/out/vs/workbench/api/node/extensionHostProcess.js:63:2029)
    at g.fire (/usr/lib/code/out/vs/workbench/api/node/extensionHostProcess.js:63:1667)
    at h.fire (/usr/lib/code/out/vs/workbench/api/node/extensionHostProcess.js:72:14314)
    at /usr/lib/code/out/vs/workbench/api/node/extensionHostProcess.js:120:15804
    at d.invoke (/usr/lib/code/out/vs/workbench/api/node/extensionHostProcess.js:63:145)
    at w.deliver (/usr/lib/code/out/vs/workbench/api/node/extensionHostProcess.js:63:2029)
    at g.fire (/usr/lib/code/out/vs/workbench/api/node/extensionHostProcess.js:63:1667)
    at h.fire (/usr/lib/code/out/vs/workbench/api/node/extensionHostProcess.js:72:14314)
    at c.y (/usr/lib/code/out/vs/workbench/api/node/extensionHostProcess.js:72:17324)
    at /usr/lib/code/out/vs/workbench/api/node/extensionHostProcess.js:72:15795
    at d.invoke (/usr/lib/code/out/vs/workbench/api/node/extensionHostProcess.js:63:145)
    at w.deliver (/usr/lib/code/out/vs/workbench/api/node/extensionHostProcess.js:63:2029)
    at g.fire (/usr/lib/code/out/vs/workbench/api/node/extensionHostProcess.js:63:1667)
    at g.acceptChunk (/usr/lib/code/out/vs/workbench/api/node/extensionHostProcess.js:72:12045)
    at /usr/lib/code/out/vs/workbench/api/node/extensionHostProcess.js:72:11332
    at Socket.l (/usr/lib/code/out/vs/workbench/api/node/extensionHostProcess.js:72:19792)
    at Socket.emit (node:events:526:28)
    at addChunk (node:internal/streams/readable:315:12)
    at readableAddChunk (node:internal/streams/readable:289:9)
    at Socket.Readable.push (node:internal/streams/readable:228:10)
    at Pipe.onStreamRead (node:internal/stream_base_commons:190:23)
2022-12-20 17:42:21.966 [error] Error: Illegal value for `line`
    at E.t (/usr/lib/code/out/vs/workbench/api/node/extensionHostProcess.js:93:966)
    at Object.lineAt (/usr/lib/code/out/vs/workbench/api/node/extensionHostProcess.js:93:90)
    at t.default.isIndentOutChange (/home/thesynthax/.vscode-oss/extensions/tabnine.tabnine-vscode-3.6.31/out/extension.js:17:83170)
    at /home/thesynthax/.vscode-oss/extensions/tabnine.tabnine-vscode-3.6.31/out/extension.js:17:83820
    at d.invoke (/usr/lib/code/out/vs/workbench/api/node/extensionHostProcess.js:63:145)
    at w.deliver (/usr/lib/code/out/vs/workbench/api/node/extensionHostProcess.js:63:2029)
    at g.fire (/usr/lib/code/out/vs/workbench/api/node/extensionHostProcess.js:63:1667)
    at P.$acceptModelChanged (/usr/lib/code/out/vs/workbench/api/node/extensionHostProcess.js:96:11193)
    at u.N (/usr/lib/code/out/vs/workbench/api/node/extensionHostProcess.js:104:11208)
    at u.M (/usr/lib/code/out/vs/workbench/api/node/extensionHostProcess.js:104:10926)
    at u.H (/usr/lib/code/out/vs/workbench/api/node/extensionHostProcess.js:104:10019)
    at u.G (/usr/lib/code/out/vs/workbench/api/node/extensionHostProcess.js:104:9000)
    at /usr/lib/code/out/vs/workbench/api/node/extensionHostProcess.js:104:7788
    at d.invoke (/usr/lib/code/out/vs/workbench/api/node/extensionHostProcess.js:63:145)
    at w.deliver (/usr/lib/code/out/vs/workbench/api/node/extensionHostProcess.js:63:2029)
    at g.fire (/usr/lib/code/out/vs/workbench/api/node/extensionHostProcess.js:63:1667)
    at h.fire (/usr/lib/code/out/vs/workbench/api/node/extensionHostProcess.js:72:14314)
    at /usr/lib/code/out/vs/workbench/api/node/extensionHostProcess.js:120:15804
    at d.invoke (/usr/lib/code/out/vs/workbench/api/node/extensionHostProcess.js:63:145)
    at w.deliver (/usr/lib/code/out/vs/workbench/api/node/extensionHostProcess.js:63:2029)
    at g.fire (/usr/lib/code/out/vs/workbench/api/node/extensionHostProcess.js:63:1667)
    at h.fire (/usr/lib/code/out/vs/workbench/api/node/extensionHostProcess.js:72:14314)
    at c.y (/usr/lib/code/out/vs/workbench/api/node/extensionHostProcess.js:72:17324)
    at /usr/lib/code/out/vs/workbench/api/node/extensionHostProcess.js:72:15795
    at d.invoke (/usr/lib/code/out/vs/workbench/api/node/extensionHostProcess.js:63:145)
    at w.deliver (/usr/lib/code/out/vs/workbench/api/node/extensionHostProcess.js:63:2029)
    at g.fire (/usr/lib/code/out/vs/workbench/api/node/extensionHostProcess.js:63:1667)
    at g.acceptChunk (/usr/lib/code/out/vs/workbench/api/node/extensionHostProcess.js:72:12045)
    at /usr/lib/code/out/vs/workbench/api/node/extensionHostProcess.js:72:11332
    at Socket.l (/usr/lib/code/out/vs/workbench/api/node/extensionHostProcess.js:72:19792)
    at Socket.emit (node:events:526:28)
    at addChunk (node:internal/streams/readable:315:12)
    at readableAddChunk (node:internal/streams/readable:289:9)
    at Socket.Readable.push (node:internal/streams/readable:228:10)
    at Pipe.onStreamRead (node:internal/stream_base_commons:190:23)
2022-12-20 17:42:24.179 [error] Error: Illegal value for `line`
    at E.t (/usr/lib/code/out/vs/workbench/api/node/extensionHostProcess.js:93:966)
    at Object.lineAt (/usr/lib/code/out/vs/workbench/api/node/extensionHostProcess.js:93:90)
    at t.default.isIndentOutChange (/home/thesynthax/.vscode-oss/extensions/tabnine.tabnine-vscode-3.6.31/out/extension.js:17:83170)
    at /home/thesynthax/.vscode-oss/extensions/tabnine.tabnine-vscode-3.6.31/out/extension.js:17:83820
    at d.invoke (/usr/lib/code/out/vs/workbench/api/node/extensionHostProcess.js:63:145)
    at w.deliver (/usr/lib/code/out/vs/workbench/api/node/extensionHostProcess.js:63:2029)
    at g.fire (/usr/lib/code/out/vs/workbench/api/node/extensionHostProcess.js:63:1667)
    at P.$acceptModelChanged (/usr/lib/code/out/vs/workbench/api/node/extensionHostProcess.js:96:11193)
    at u.N (/usr/lib/code/out/vs/workbench/api/node/extensionHostProcess.js:104:11208)
    at u.M (/usr/lib/code/out/vs/workbench/api/node/extensionHostProcess.js:104:10926)
    at u.H (/usr/lib/code/out/vs/workbench/api/node/extensionHostProcess.js:104:10019)
    at u.G (/usr/lib/code/out/vs/workbench/api/node/extensionHostProcess.js:104:9000)
    at /usr/lib/code/out/vs/workbench/api/node/extensionHostProcess.js:104:7788
    at d.invoke (/usr/lib/code/out/vs/workbench/api/node/extensionHostProcess.js:63:145)
    at w.deliver (/usr/lib/code/out/vs/workbench/api/node/extensionHostProcess.js:63:2029)
    at g.fire (/usr/lib/code/out/vs/workbench/api/node/extensionHostProcess.js:63:1667)
    at h.fire (/usr/lib/code/out/vs/workbench/api/node/extensionHostProcess.js:72:14314)
    at /usr/lib/code/out/vs/workbench/api/node/extensionHostProcess.js:120:15804
    at d.invoke (/usr/lib/code/out/vs/workbench/api/node/extensionHostProcess.js:63:145)
    at w.deliver (/usr/lib/code/out/vs/workbench/api/node/extensionHostProcess.js:63:2029)
    at g.fire (/usr/lib/code/out/vs/workbench/api/node/extensionHostProcess.js:63:1667)
    at h.fire (/usr/lib/code/out/vs/workbench/api/node/extensionHostProcess.js:72:14314)
    at c.y (/usr/lib/code/out/vs/workbench/api/node/extensionHostProcess.js:72:17324)
    at /usr/lib/code/out/vs/workbench/api/node/extensionHostProcess.js:72:15795
    at d.invoke (/usr/lib/code/out/vs/workbench/api/node/extensionHostProcess.js:63:145)
    at w.deliver (/usr/lib/code/out/vs/workbench/api/node/extensionHostProcess.js:63:2029)
    at g.fire (/usr/lib/code/out/vs/workbench/api/node/extensionHostProcess.js:63:1667)
    at g.acceptChunk (/usr/lib/code/out/vs/workbench/api/node/extensionHostProcess.js:72:12045)
    at /usr/lib/code/out/vs/workbench/api/node/extensionHostProcess.js:72:11332
    at Socket.l (/usr/lib/code/out/vs/workbench/api/node/extensionHostProcess.js:72:19792)
    at Socket.emit (node:events:526:28)
    at addChunk (node:internal/streams/readable:315:12)
    at readableAddChunk (node:internal/streams/readable:289:9)
    at Socket.Readable.push (node:internal/streams/readable:228:10)
    at Pipe.onStreamRead (node:internal/stream_base_commons:190:23)
2022-12-20 17:42:33.029 [error] Error: Illegal value for `line`
    at E.t (/usr/lib/code/out/vs/workbench/api/node/extensionHostProcess.js:93:966)
    at Object.lineAt (/usr/lib/code/out/vs/workbench/api/node/extensionHostProcess.js:93:90)
    at t.default.isIndentOutChange (/home/thesynthax/.vscode-oss/extensions/tabnine.tabnine-vscode-3.6.31/out/extension.js:17:83170)
    at /home/thesynthax/.vscode-oss/extensions/tabnine.tabnine-vscode-3.6.31/out/extension.js:17:83820
    at d.invoke (/usr/lib/code/out/vs/workbench/api/node/extensionHostProcess.js:63:145)
    at w.deliver (/usr/lib/code/out/vs/workbench/api/node/extensionHostProcess.js:63:2029)
    at g.fire (/usr/lib/code/out/vs/workbench/api/node/extensionHostProcess.js:63:1667)
    at P.$acceptModelChanged (/usr/lib/code/out/vs/workbench/api/node/extensionHostProcess.js:96:11193)
    at u.N (/usr/lib/code/out/vs/workbench/api/node/extensionHostProcess.js:104:11208)
    at u.M (/usr/lib/code/out/vs/workbench/api/node/extensionHostProcess.js:104:10926)
    at u.H (/usr/lib/code/out/vs/workbench/api/node/extensionHostProcess.js:104:10019)
    at u.G (/usr/lib/code/out/vs/workbench/api/node/extensionHostProcess.js:104:9000)
    at /usr/lib/code/out/vs/workbench/api/node/extensionHostProcess.js:104:7788
    at d.invoke (/usr/lib/code/out/vs/workbench/api/node/extensionHostProcess.js:63:145)
    at w.deliver (/usr/lib/code/out/vs/workbench/api/node/extensionHostProcess.js:63:2029)
    at g.fire (/usr/lib/code/out/vs/workbench/api/node/extensionHostProcess.js:63:1667)
    at h.fire (/usr/lib/code/out/vs/workbench/api/node/extensionHostProcess.js:72:14314)
    at /usr/lib/code/out/vs/workbench/api/node/extensionHostProcess.js:120:15804
    at d.invoke (/usr/lib/code/out/vs/workbench/api/node/extensionHostProcess.js:63:145)
    at w.deliver (/usr/lib/code/out/vs/workbench/api/node/extensionHostProcess.js:63:2029)
    at g.fire (/usr/lib/code/out/vs/workbench/api/node/extensionHostProcess.js:63:1667)
    at h.fire (/usr/lib/code/out/vs/workbench/api/node/extensionHostProcess.js:72:14314)
    at c.y (/usr/lib/code/out/vs/workbench/api/node/extensionHostProcess.js:72:17324)
    at /usr/lib/code/out/vs/workbench/api/node/extensionHostProcess.js:72:15795
    at d.invoke (/usr/lib/code/out/vs/workbench/api/node/extensionHostProcess.js:63:145)
    at w.deliver (/usr/lib/code/out/vs/workbench/api/node/extensionHostProcess.js:63:2029)
    at g.fire (/usr/lib/code/out/vs/workbench/api/node/extensionHostProcess.js:63:1667)
    at g.acceptChunk (/usr/lib/code/out/vs/workbench/api/node/extensionHostProcess.js:72:12045)
    at /usr/lib/code/out/vs/workbench/api/node/extensionHostProcess.js:72:11332
    at Socket.l (/usr/lib/code/out/vs/workbench/api/node/extensionHostProcess.js:72:19792)
    at Socket.emit (node:events:526:28)
    at addChunk (node:internal/streams/readable:315:12)
    at readableAddChunk (node:internal/streams/readable:289:9)
    at Socket.Readable.push (node:internal/streams/readable:228:10)
    at Pipe.onStreamRead (node:internal/stream_base_commons:190:23)
2022-12-20 17:43:05.590 [error] Error: Illegal value for `line`
    at E.t (/usr/lib/code/out/vs/workbench/api/node/extensionHostProcess.js:93:966)
    at Object.lineAt (/usr/lib/code/out/vs/workbench/api/node/extensionHostProcess.js:93:90)
    at t.default.isIndentOutChange (/home/thesynthax/.vscode-oss/extensions/tabnine.tabnine-vscode-3.6.31/out/extension.js:17:83170)
    at /home/thesynthax/.vscode-oss/extensions/tabnine.tabnine-vscode-3.6.31/out/extension.js:17:83820
    at d.invoke (/usr/lib/code/out/vs/workbench/api/node/extensionHostProcess.js:63:145)
    at w.deliver (/usr/lib/code/out/vs/workbench/api/node/extensionHostProcess.js:63:2029)
    at g.fire (/usr/lib/code/out/vs/workbench/api/node/extensionHostProcess.js:63:1667)
    at P.$acceptModelChanged (/usr/lib/code/out/vs/workbench/api/node/extensionHostProcess.js:96:11193)
    at u.N (/usr/lib/code/out/vs/workbench/api/node/extensionHostProcess.js:104:11208)
    at u.M (/usr/lib/code/out/vs/workbench/api/node/extensionHostProcess.js:104:10926)
    at u.H (/usr/lib/code/out/vs/workbench/api/node/extensionHostProcess.js:104:10019)
    at u.G (/usr/lib/code/out/vs/workbench/api/node/extensionHostProcess.js:104:9000)
    at /usr/lib/code/out/vs/workbench/api/node/extensionHostProcess.js:104:7788
    at d.invoke (/usr/lib/code/out/vs/workbench/api/node/extensionHostProcess.js:63:145)
    at w.deliver (/usr/lib/code/out/vs/workbench/api/node/extensionHostProcess.js:63:2029)
    at g.fire (/usr/lib/code/out/vs/workbench/api/node/extensionHostProcess.js:63:1667)
    at h.fire (/usr/lib/code/out/vs/workbench/api/node/extensionHostProcess.js:72:14314)
    at /usr/lib/code/out/vs/workbench/api/node/extensionHostProcess.js:120:15804
    at d.invoke (/usr/lib/code/out/vs/workbench/api/node/extensionHostProcess.js:63:145)
    at w.deliver (/usr/lib/code/out/vs/workbench/api/node/extensionHostProcess.js:63:2029)
    at g.fire (/usr/lib/code/out/vs/workbench/api/node/extensionHostProcess.js:63:1667)
    at h.fire (/usr/lib/code/out/vs/workbench/api/node/extensionHostProcess.js:72:14314)
    at c.y (/usr/lib/code/out/vs/workbench/api/node/extensionHostProcess.js:72:17324)
    at /usr/lib/code/out/vs/workbench/api/node/extensionHostProcess.js:72:15795
    at d.invoke (/usr/lib/code/out/vs/workbench/api/node/extensionHostProcess.js:63:145)
    at w.deliver (/usr/lib/code/out/vs/workbench/api/node/extensionHostProcess.js:63:2029)
    at g.fire (/usr/lib/code/out/vs/workbench/api/node/extensionHostProcess.js:63:1667)
    at g.acceptChunk (/usr/lib/code/out/vs/workbench/api/node/extensionHostProcess.js:72:12045)
    at /usr/lib/code/out/vs/workbench/api/node/extensionHostProcess.js:72:11332
    at Socket.l (/usr/lib/code/out/vs/workbench/api/node/extensionHostProcess.js:72:19792)
    at Socket.emit (node:events:526:28)
    at addChunk (node:internal/streams/readable:315:12)
    at readableAddChunk (node:internal/streams/readable:289:9)
    at Socket.Readable.push (node:internal/streams/readable:228:10)
    at Pipe.onStreamRead (node:internal/stream_base_commons:190:23)
2022-12-20 17:44:10.104 [error] Error: Illegal value for `line`
    at E.t (/usr/lib/code/out/vs/workbench/api/node/extensionHostProcess.js:93:966)
    at Object.lineAt (/usr/lib/code/out/vs/workbench/api/node/extensionHostProcess.js:93:90)
    at t.default.isIndentOutChange (/home/thesynthax/.vscode-oss/extensions/tabnine.tabnine-vscode-3.6.31/out/extension.js:17:83170)
    at /home/thesynthax/.vscode-oss/extensions/tabnine.tabnine-vscode-3.6.31/out/extension.js:17:83820
    at d.invoke (/usr/lib/code/out/vs/workbench/api/node/extensionHostProcess.js:63:145)
    at w.deliver (/usr/lib/code/out/vs/workbench/api/node/extensionHostProcess.js:63:2029)
    at g.fire (/usr/lib/code/out/vs/workbench/api/node/extensionHostProcess.js:63:1667)
    at P.$acceptModelChanged (/usr/lib/code/out/vs/workbench/api/node/extensionHostProcess.js:96:11193)
    at u.N (/usr/lib/code/out/vs/workbench/api/node/extensionHostProcess.js:104:11208)
    at u.M (/usr/lib/code/out/vs/workbench/api/node/extensionHostProcess.js:104:10926)
    at u.H (/usr/lib/code/out/vs/workbench/api/node/extensionHostProcess.js:104:10019)
    at u.G (/usr/lib/code/out/vs/workbench/api/node/extensionHostProcess.js:104:9000)
    at /usr/lib/code/out/vs/workbench/api/node/extensionHostProcess.js:104:7788
    at d.invoke (/usr/lib/code/out/vs/workbench/api/node/extensionHostProcess.js:63:145)
    at w.deliver (/usr/lib/code/out/vs/workbench/api/node/extensionHostProcess.js:63:2029)
    at g.fire (/usr/lib/code/out/vs/workbench/api/node/extensionHostProcess.js:63:1667)
    at h.fire (/usr/lib/code/out/vs/workbench/api/node/extensionHostProcess.js:72:14314)
    at /usr/lib/code/out/vs/workbench/api/node/extensionHostProcess.js:120:15804
    at d.invoke (/usr/lib/code/out/vs/workbench/api/node/extensionHostProcess.js:63:145)
    at w.deliver (/usr/lib/code/out/vs/workbench/api/node/extensionHostProcess.js:63:2029)
    at g.fire (/usr/lib/code/out/vs/workbench/api/node/extensionHostProcess.js:63:1667)
    at h.fire (/usr/lib/code/out/vs/workbench/api/node/extensionHostProcess.js:72:14314)
    at c.y (/usr/lib/code/out/vs/workbench/api/node/extensionHostProcess.js:72:17324)
    at /usr/lib/code/out/vs/workbench/api/node/extensionHostProcess.js:72:15795
    at d.invoke (/usr/lib/code/out/vs/workbench/api/node/extensionHostProcess.js:63:145)
    at w.deliver (/usr/lib/code/out/vs/workbench/api/node/extensionHostProcess.js:63:2029)
    at g.fire (/usr/lib/code/out/vs/workbench/api/node/extensionHostProcess.js:63:1667)
    at g.acceptChunk (/usr/lib/code/out/vs/workbench/api/node/extensionHostProcess.js:72:12045)
    at /usr/lib/code/out/vs/workbench/api/node/extensionHostProcess.js:72:11332
    at Socket.l (/usr/lib/code/out/vs/workbench/api/node/extensionHostProcess.js:72:19792)
    at Socket.emit (node:events:526:28)
    at addChunk (node:internal/streams/readable:315:12)
    at readableAddChunk (node:internal/streams/readable:289:9)
    at Socket.Readable.push (node:internal/streams/readable:228:10)
    at Pipe.onStreamRead (node:internal/stream_base_commons:190:23)
2022-12-20 17:45:11.543 [error] Error: Illegal value for `line`
    at E.t (/usr/lib/code/out/vs/workbench/api/node/extensionHostProcess.js:93:966)
    at Object.lineAt (/usr/lib/code/out/vs/workbench/api/node/extensionHostProcess.js:93:90)
    at t.default.isIndentOutChange (/home/thesynthax/.vscode-oss/extensions/tabnine.tabnine-vscode-3.6.31/out/extension.js:17:83170)
    at /home/thesynthax/.vscode-oss/extensions/tabnine.tabnine-vscode-3.6.31/out/extension.js:17:83820
    at d.invoke (/usr/lib/code/out/vs/workbench/api/node/extensionHostProcess.js:63:145)
    at w.deliver (/usr/lib/code/out/vs/workbench/api/node/extensionHostProcess.js:63:2029)
    at g.fire (/usr/lib/code/out/vs/workbench/api/node/extensionHostProcess.js:63:1667)
    at P.$acceptModelChanged (/usr/lib/code/out/vs/workbench/api/node/extensionHostProcess.js:96:11193)
    at u.N (/usr/lib/code/out/vs/workbench/api/node/extensionHostProcess.js:104:11208)
    at u.M (/usr/lib/code/out/vs/workbench/api/node/extensionHostProcess.js:104:10926)
    at u.H (/usr/lib/code/out/vs/workbench/api/node/extensionHostProcess.js:104:10019)
    at u.G (/usr/lib/code/out/vs/workbench/api/node/extensionHostProcess.js:104:9000)
    at /usr/lib/code/out/vs/workbench/api/node/extensionHostProcess.js:104:7788
    at d.invoke (/usr/lib/code/out/vs/workbench/api/node/extensionHostProcess.js:63:145)
    at w.deliver (/usr/lib/code/out/vs/workbench/api/node/extensionHostProcess.js:63:2029)
    at g.fire (/usr/lib/code/out/vs/workbench/api/node/extensionHostProcess.js:63:1667)
    at h.fire (/usr/lib/code/out/vs/workbench/api/node/extensionHostProcess.js:72:14314)
    at /usr/lib/code/out/vs/workbench/api/node/extensionHostProcess.js:120:15804
    at d.invoke (/usr/lib/code/out/vs/workbench/api/node/extensionHostProcess.js:63:145)
    at w.deliver (/usr/lib/code/out/vs/workbench/api/node/extensionHostProcess.js:63:2029)
    at g.fire (/usr/lib/code/out/vs/workbench/api/node/extensionHostProcess.js:63:1667)
    at h.fire (/usr/lib/code/out/vs/workbench/api/node/extensionHostProcess.js:72:14314)
    at c.y (/usr/lib/code/out/vs/workbench/api/node/extensionHostProcess.js:72:17324)
    at /usr/lib/code/out/vs/workbench/api/node/extensionHostProcess.js:72:15795
    at d.invoke (/usr/lib/code/out/vs/workbench/api/node/extensionHostProcess.js:63:145)
    at w.deliver (/usr/lib/code/out/vs/workbench/api/node/extensionHostProcess.js:63:2029)
    at g.fire (/usr/lib/code/out/vs/workbench/api/node/extensionHostProcess.js:63:1667)
    at g.acceptChunk (/usr/lib/code/out/vs/workbench/api/node/extensionHostProcess.js:72:12045)
    at /usr/lib/code/out/vs/workbench/api/node/extensionHostProcess.js:72:11332
    at Socket.l (/usr/lib/code/out/vs/workbench/api/node/extensionHostProcess.js:72:19792)
    at Socket.emit (node:events:526:28)
    at addChunk (node:internal/streams/readable:315:12)
    at readableAddChunk (node:internal/streams/readable:289:9)
    at Socket.Readable.push (node:internal/streams/readable:228:10)
    at Pipe.onStreamRead (node:internal/stream_base_commons:190:23)
2022-12-20 17:46:54.734 [error] SyntaxError: Missing semicolon. (3:14)
    at instantiate (/home/thesynthax/.vscode-oss/node_modules/@babel/parser/lib/index.js:72:32)
    at toParseError (/home/thesynthax/.vscode-oss/node_modules/@babel/parser/lib/index.js:358:12)
    at St.raise (/home/thesynthax/.vscode-oss/node_modules/@babel/parser/lib/index.js:3335:19)
    at St.semicolon (/home/thesynthax/.vscode-oss/node_modules/@babel/parser/lib/index.js:3996:10)
    at St.parseExpressionStatement (/home/thesynthax/.vscode-oss/node_modules/@babel/parser/lib/index.js:15134:10)
    at St.parseExpressionStatement (/home/thesynthax/.vscode-oss/node_modules/@babel/parser/lib/index.js:5849:18)
    at St.parseStatementContent (/home/thesynthax/.vscode-oss/node_modules/@babel/parser/lib/index.js:14681:19)
    at St.parseStatement (/home/thesynthax/.vscode-oss/node_modules/@babel/parser/lib/index.js:14533:17)
    at St.parseStatement (/home/thesynthax/.vscode-oss/node_modules/@babel/parser/lib/index.js:5823:24)
    at St.parseBlockOrModuleBlockBody (/home/thesynthax/.vscode-oss/node_modules/@babel/parser/lib/index.js:15176:25)
    at St.parseBlockBody (/home/thesynthax/.vscode-oss/node_modules/@babel/parser/lib/index.js:15167:10)
    at St.parseProgram (/home/thesynthax/.vscode-oss/node_modules/@babel/parser/lib/index.js:14451:10)
    at St.parseTopLevel (/home/thesynthax/.vscode-oss/node_modules/@babel/parser/lib/index.js:14438:25)
    at St.parseTopLevel (/home/thesynthax/.vscode-oss/node_modules/@babel/parser/lib/index.js:6827:28)
    at St.parse (/home/thesynthax/.vscode-oss/node_modules/@babel/parser/lib/index.js:16401:10)
    at jsParse (/home/thesynthax/.vscode-oss/node_modules/@babel/parser/lib/index.js:16453:38)
    at parse (/home/thesynthax/.vscode-oss/extensions/import-cost/src/babel-parser.js:65:10)
    at getPackagesFromJS (/home/thesynthax/.vscode-oss/extensions/import-cost/src/babel-parser.js:57:15)
    at getPackages (/home/thesynthax/.vscode-oss/extensions/import-cost/src/parser.js:37:12)
    at Timeout._onTimeout (/home/thesynthax/.vscode-oss/extensions/import-cost/src/index.js:21:21)
    at listOnTimeout (node:internal/timers:559:17)
    at processTimers (node:internal/timers:502:7)
2022-12-20 17:47:00.126 [error] SyntaxError: Missing semicolon. (3:14)
    at instantiate (/home/thesynthax/.vscode-oss/node_modules/@babel/parser/lib/index.js:72:32)
    at toParseError (/home/thesynthax/.vscode-oss/node_modules/@babel/parser/lib/index.js:358:12)
    at St.raise (/home/thesynthax/.vscode-oss/node_modules/@babel/parser/lib/index.js:3335:19)
    at St.semicolon (/home/thesynthax/.vscode-oss/node_modules/@babel/parser/lib/index.js:3996:10)
    at St.parseExpressionStatement (/home/thesynthax/.vscode-oss/node_modules/@babel/parser/lib/index.js:15134:10)
    at St.parseExpressionStatement (/home/thesynthax/.vscode-oss/node_modules/@babel/parser/lib/index.js:5849:18)
    at St.parseStatementContent (/home/thesynthax/.vscode-oss/node_modules/@babel/parser/lib/index.js:14681:19)
    at St.parseStatement (/home/thesynthax/.vscode-oss/node_modules/@babel/parser/lib/index.js:14533:17)
    at St.parseStatement (/home/thesynthax/.vscode-oss/node_modules/@babel/parser/lib/index.js:5823:24)
    at St.parseBlockOrModuleBlockBody (/home/thesynthax/.vscode-oss/node_modules/@babel/parser/lib/index.js:15176:25)
    at St.parseBlockBody (/home/thesynthax/.vscode-oss/node_modules/@babel/parser/lib/index.js:15167:10)
    at St.parseProgram (/home/thesynthax/.vscode-oss/node_modules/@babel/parser/lib/index.js:14451:10)
    at St.parseTopLevel (/home/thesynthax/.vscode-oss/node_modules/@babel/parser/lib/index.js:14438:25)
    at St.parseTopLevel (/home/thesynthax/.vscode-oss/node_modules/@babel/parser/lib/index.js:6827:28)
    at St.parse (/home/thesynthax/.vscode-oss/node_modules/@babel/parser/lib/index.js:16401:10)
    at jsParse (/home/thesynthax/.vscode-oss/node_modules/@babel/parser/lib/index.js:16453:38)
    at parse (/home/thesynthax/.vscode-oss/extensions/import-cost/src/babel-parser.js:65:10)
    at getPackagesFromJS (/home/thesynthax/.vscode-oss/extensions/import-cost/src/babel-parser.js:57:15)
    at getPackages (/home/thesynthax/.vscode-oss/extensions/import-cost/src/parser.js:37:12)
    at Timeout._onTimeout (/home/thesynthax/.vscode-oss/extensions/import-cost/src/index.js:21:21)
    at listOnTimeout (node:internal/timers:559:17)
    at processTimers (node:internal/timers:502:7)
2022-12-20 18:12:58.342 [error] SyntaxError: Invalid shorthand property initializer. (1:46)
    at instantiate (/home/thesynthax/.vscode-oss/node_modules/@babel/parser/lib/index.js:72:32)
    at toParseError (/home/thesynthax/.vscode-oss/node_modules/@babel/parser/lib/index.js:358:12)
    at St.raise (/home/thesynthax/.vscode-oss/node_modules/@babel/parser/lib/index.js:3335:19)
    at St.checkExpressionErrors (/home/thesynthax/.vscode-oss/node_modules/@babel/parser/lib/index.js:4079:12)
    at St.parseMaybeAssign (/home/thesynthax/.vscode-oss/node_modules/@babel/parser/lib/index.js:12251:12)
    at St.parseMaybeAssign (/home/thesynthax/.vscode-oss/node_modules/@babel/parser/lib/index.js:6662:18)
    at callback (/home/thesynthax/.vscode-oss/node_modules/@babel/parser/lib/index.js:12172:39)
    at St.allowInAnd (/home/thesynthax/.vscode-oss/node_modules/@babel/parser/lib/index.js:14242:12)
    at St.parseMaybeAssignAllowIn (/home/thesynthax/.vscode-oss/node_modules/@babel/parser/lib/index.js:12172:17)
    at St.parseExprListItem (/home/thesynthax/.vscode-oss/node_modules/@babel/parser/lib/index.js:13947:18)
    at St.parseCallExpressionArguments (/home/thesynthax/.vscode-oss/node_modules/@babel/parser/lib/index.js:12766:22)
    at St.parseCoverCallAndAsyncArrowHead (/home/thesynthax/.vscode-oss/node_modules/@babel/parser/lib/index.js:12663:29)
    at St.parseSubscript (/home/thesynthax/.vscode-oss/node_modules/@babel/parser/lib/index.js:12588:19)
    at St.parseSubscript (/home/thesynthax/.vscode-oss/node_modules/@babel/parser/lib/index.js:6781:18)
    at St.parseSubscripts (/home/thesynthax/.vscode-oss/node_modules/@babel/parser/lib/index.js:12557:19)
    at St.parseSubscripts (/home/thesynthax/.vscode-oss/node_modules/@babel/parser/lib/index.js:6744:18)
    at St.parseExprSubscripts (/home/thesynthax/.vscode-oss/node_modules/@babel/parser/lib/index.js:12546:17)
    at St.parseUpdate (/home/thesynthax/.vscode-oss/node_modules/@babel/parser/lib/index.js:12519:21)
    at St.parseMaybeUnary (/home/thesynthax/.vscode-oss/node_modules/@babel/parser/lib/index.js:12490:23)
    at St.parseMaybeUnaryOrPrivate (/home/thesynthax/.vscode-oss/node_modules/@babel/parser/lib/index.js:12284:61)
    at St.parseExprOps (/home/thesynthax/.vscode-oss/node_modules/@babel/parser/lib/index.js:12291:23)
    at St.parseMaybeConditional (/home/thesynthax/.vscode-oss/node_modules/@babel/parser/lib/index.js:12261:23)
    at St.parseMaybeAssign (/home/thesynthax/.vscode-oss/node_modules/@babel/parser/lib/index.js:12214:21)
    at St.parseMaybeAssign (/home/thesynthax/.vscode-oss/node_modules/@babel/parser/lib/index.js:6662:18)
    at callback (/home/thesynthax/.vscode-oss/node_modules/@babel/parser/lib/index.js:12172:39)
    at St.allowInAnd (/home/thesynthax/.vscode-oss/node_modules/@babel/parser/lib/index.js:14236:16)
    at St.parseMaybeAssignAllowIn (/home/thesynthax/.vscode-oss/node_modules/@babel/parser/lib/index.js:12172:17)
    at St.parseVar (/home/thesynthax/.vscode-oss/node_modules/@babel/parser/lib/index.js:15264:91)
    at St.parseVarStatement (/home/thesynthax/.vscode-oss/node_modules/@babel/parser/lib/index.js:15066:10)
    at St.parseStatementContent (/home/thesynthax/.vscode-oss/node_modules/@babel/parser/lib/index.js:14608:21)
    at St.parseStatement (/home/thesynthax/.vscode-oss/node_modules/@babel/parser/lib/index.js:14533:17)
    at St.parseStatement (/home/thesynthax/.vscode-oss/node_modules/@babel/parser/lib/index.js:5823:24)
    at St.parseBlockOrModuleBlockBody (/home/thesynthax/.vscode-oss/node_modules/@babel/parser/lib/index.js:15176:25)
    at St.parseBlockBody (/home/thesynthax/.vscode-oss/node_modules/@babel/parser/lib/index.js:15167:10)
    at St.parseProgram (/home/thesynthax/.vscode-oss/node_modules/@babel/parser/lib/index.js:14451:10)
    at St.parseTopLevel (/home/thesynthax/.vscode-oss/node_modules/@babel/parser/lib/index.js:14438:25)
    at St.parseTopLevel (/home/thesynthax/.vscode-oss/node_modules/@babel/parser/lib/index.js:6827:28)
    at St.parse (/home/thesynthax/.vscode-oss/node_modules/@babel/parser/lib/index.js:16401:10)
    at jsParse (/home/thesynthax/.vscode-oss/node_modules/@babel/parser/lib/index.js:16453:38)
    at parse (/home/thesynthax/.vscode-oss/extensions/import-cost/src/babel-parser.js:65:10)
    at getPackagesFromJS (/home/thesynthax/.vscode-oss/extensions/import-cost/src/babel-parser.js:57:15)
    at getPackages (/home/thesynthax/.vscode-oss/extensions/import-cost/src/parser.js:37:12)
    at Timeout._onTimeout (/home/thesynthax/.vscode-oss/extensions/import-cost/src/index.js:21:21)
    at listOnTimeout (node:internal/timers:559:17)
    at processTimers (node:internal/timers:502:7)
2022-12-20 18:12:59.924 [error] SyntaxError: Invalid shorthand property initializer. (1:46)
    at instantiate (/home/thesynthax/.vscode-oss/node_modules/@babel/parser/lib/index.js:72:32)
    at toParseError (/home/thesynthax/.vscode-oss/node_modules/@babel/parser/lib/index.js:358:12)
    at St.raise (/home/thesynthax/.vscode-oss/node_modules/@babel/parser/lib/index.js:3335:19)
    at St.checkExpressionErrors (/home/thesynthax/.vscode-oss/node_modules/@babel/parser/lib/index.js:4079:12)
    at St.parseMaybeAssign (/home/thesynthax/.vscode-oss/node_modules/@babel/parser/lib/index.js:12251:12)
    at St.parseMaybeAssign (/home/thesynthax/.vscode-oss/node_modules/@babel/parser/lib/index.js:6662:18)
    at callback (/home/thesynthax/.vscode-oss/node_modules/@babel/parser/lib/index.js:12172:39)
    at St.allowInAnd (/home/thesynthax/.vscode-oss/node_modules/@babel/parser/lib/index.js:14242:12)
    at St.parseMaybeAssignAllowIn (/home/thesynthax/.vscode-oss/node_modules/@babel/parser/lib/index.js:12172:17)
    at St.parseExprListItem (/home/thesynthax/.vscode-oss/node_modules/@babel/parser/lib/index.js:13947:18)
    at St.parseCallExpressionArguments (/home/thesynthax/.vscode-oss/node_modules/@babel/parser/lib/index.js:12766:22)
    at St.parseCoverCallAndAsyncArrowHead (/home/thesynthax/.vscode-oss/node_modules/@babel/parser/lib/index.js:12663:29)
    at St.parseSubscript (/home/thesynthax/.vscode-oss/node_modules/@babel/parser/lib/index.js:12588:19)
    at St.parseSubscript (/home/thesynthax/.vscode-oss/node_modules/@babel/parser/lib/index.js:6781:18)
    at St.parseSubscripts (/home/thesynthax/.vscode-oss/node_modules/@babel/parser/lib/index.js:12557:19)
    at St.parseSubscripts (/home/thesynthax/.vscode-oss/node_modules/@babel/parser/lib/index.js:6744:18)
    at St.parseExprSubscripts (/home/thesynthax/.vscode-oss/node_modules/@babel/parser/lib/index.js:12546:17)
    at St.parseUpdate (/home/thesynthax/.vscode-oss/node_modules/@babel/parser/lib/index.js:12519:21)
    at St.parseMaybeUnary (/home/thesynthax/.vscode-oss/node_modules/@babel/parser/lib/index.js:12490:23)
    at St.parseMaybeUnaryOrPrivate (/home/thesynthax/.vscode-oss/node_modules/@babel/parser/lib/index.js:12284:61)
    at St.parseExprOps (/home/thesynthax/.vscode-oss/node_modules/@babel/parser/lib/index.js:12291:23)
    at St.parseMaybeConditional (/home/thesynthax/.vscode-oss/node_modules/@babel/parser/lib/index.js:12261:23)
    at St.parseMaybeAssign (/home/thesynthax/.vscode-oss/node_modules/@babel/parser/lib/index.js:12214:21)
    at St.parseMaybeAssign (/home/thesynthax/.vscode-oss/node_modules/@babel/parser/lib/index.js:6662:18)
    at callback (/home/thesynthax/.vscode-oss/node_modules/@babel/parser/lib/index.js:12172:39)
    at St.allowInAnd (/home/thesynthax/.vscode-oss/node_modules/@babel/parser/lib/index.js:14236:16)
    at St.parseMaybeAssignAllowIn (/home/thesynthax/.vscode-oss/node_modules/@babel/parser/lib/index.js:12172:17)
    at St.parseVar (/home/thesynthax/.vscode-oss/node_modules/@babel/parser/lib/index.js:15264:91)
    at St.parseVarStatement (/home/thesynthax/.vscode-oss/node_modules/@babel/parser/lib/index.js:15066:10)
    at St.parseStatementContent (/home/thesynthax/.vscode-oss/node_modules/@babel/parser/lib/index.js:14608:21)
    at St.parseStatement (/home/thesynthax/.vscode-oss/node_modules/@babel/parser/lib/index.js:14533:17)
    at St.parseStatement (/home/thesynthax/.vscode-oss/node_modules/@babel/parser/lib/index.js:5823:24)
    at St.parseBlockOrModuleBlockBody (/home/thesynthax/.vscode-oss/node_modules/@babel/parser/lib/index.js:15176:25)
    at St.parseBlockBody (/home/thesynthax/.vscode-oss/node_modules/@babel/parser/lib/index.js:15167:10)
    at St.parseProgram (/home/thesynthax/.vscode-oss/node_modules/@babel/parser/lib/index.js:14451:10)
    at St.parseTopLevel (/home/thesynthax/.vscode-oss/node_modules/@babel/parser/lib/index.js:14438:25)
    at St.parseTopLevel (/home/thesynthax/.vscode-oss/node_modules/@babel/parser/lib/index.js:6827:28)
    at St.parse (/home/thesynthax/.vscode-oss/node_modules/@babel/parser/lib/index.js:16401:10)
    at jsParse (/home/thesynthax/.vscode-oss/node_modules/@babel/parser/lib/index.js:16453:38)
    at parse (/home/thesynthax/.vscode-oss/extensions/import-cost/src/babel-parser.js:65:10)
    at getPackagesFromJS (/home/thesynthax/.vscode-oss/extensions/import-cost/src/babel-parser.js:57:15)
    at getPackages (/home/thesynthax/.vscode-oss/extensions/import-cost/src/parser.js:37:12)
    at Timeout._onTimeout (/home/thesynthax/.vscode-oss/extensions/import-cost/src/index.js:21:21)
    at listOnTimeout (node:internal/timers:559:17)
    at processTimers (node:internal/timers:502:7)
