2024-01-27 12:36:45.879 [info] Added views:workbench.panel.output in workbench.panel.output
2024-01-27 12:36:45.879 [info] Added views:workbench.panel.markers.view in workbench.panel.markers
2024-01-27 12:36:45.879 [info] Added views:terminal in terminal
2024-01-27 12:36:45.879 [info] Added views:outline in workbench.view.explorer
2024-01-27 12:36:45.879 [info] Added views:workbench.scm in workbench.view.scm
2024-01-27 12:36:45.879 [info] Added views:workbench.view.search in workbench.view.search
2024-01-27 12:36:45.879 [info] Added views:timeline in workbench.view.explorer
2024-01-27 12:36:45.879 [info] Added views:workbench.explorer.fileView in workbench.view.explorer
2024-01-27 12:36:46.086 [info] Added views:workbench.debug.variablesView,workbench.debug.watchExpressionsView,workbench.debug.callStackView,workbench.debug.breakPointsView in workbench.view.debug
2024-01-27 12:36:49.140 [info] Added views:dockerContainers,dockerImages,dockerRegistries,dockerNetworks,dockerVolumes,vscode-docker.views.dockerContexts,vscode-docker.views.help in workbench.view.extension.dockerView
2024-01-27 12:36:49.171 [info] Added views:~remote.forwardedPorts in ~remote.forwardedPortsContainer
2024-01-27 12:36:49.493 [info] Added views:workbench.panel.repl.view in workbench.panel.repl
2024-01-27 12:36:56.148 [info] Added views:workbench.panel.comments in workbench.panel.comments
2024-01-27 12:36:58.504 [info] Added views:workbench.panel.markers.view in workbench.panel.markers
2024-01-27 12:36:58.504 [info] Added views:workbench.panel.output in workbench.panel.output
2024-01-27 12:36:58.504 [info] Added views:terminal in terminal
2024-01-27 12:36:58.504 [info] Added views:outline in workbench.view.explorer
2024-01-27 12:36:58.504 [info] Added views:workbench.scm in workbench.view.scm
2024-01-27 12:36:58.504 [info] Added views:workbench.view.search in workbench.view.search
2024-01-27 12:36:58.504 [info] Added views:timeline in workbench.view.explorer
2024-01-27 12:36:58.504 [info] Added views:workbench.explorer.emptyView in workbench.view.explorer
2024-01-27 12:36:58.614 [info] Added views:workbench.debug.variablesView,workbench.debug.watchExpressionsView,workbench.debug.callStackView,workbench.debug.breakPointsView in workbench.view.debug
2024-01-27 12:36:59.634 [info] Added views:dockerContainers,dockerImages,dockerRegistries,dockerNetworks,dockerVolumes,vscode-docker.views.dockerContexts,vscode-docker.views.help in workbench.view.extension.dockerView
2024-01-27 12:36:59.649 [info] Added views:~remote.forwardedPorts in ~remote.forwardedPortsContainer
2024-01-27 12:36:59.770 [info] Added views:workbench.panel.repl.view in workbench.panel.repl
2024-01-27 12:36:59.771 [info] Removed views:workbench.debug.breakPointsView,workbench.debug.callStackView,workbench.debug.watchExpressionsView,workbench.debug.variablesView from workbench.view.debug
2024-01-27 12:36:59.771 [info] Added views:workbench.debug.welcome in workbench.view.debug
2024-01-27 12:37:00.109 [info] Added views:workbench.panel.comments in workbench.panel.comments
2024-01-27 12:37:07.318 [info] Added views:tabnine-home in workbench.view.extension.tabnine-access
2024-01-27 12:37:25.325 [info] Added views:workbench.panel.markers.view in workbench.panel.markers
2024-01-27 12:37:25.326 [info] Added views:workbench.panel.output in workbench.panel.output
2024-01-27 12:37:25.326 [info] Added views:terminal in terminal
2024-01-27 12:37:25.326 [info] Added views:outline in workbench.view.explorer
2024-01-27 12:37:25.326 [info] Added views:workbench.scm in workbench.view.scm
2024-01-27 12:37:25.326 [info] Added views:workbench.view.search in workbench.view.search
2024-01-27 12:37:25.326 [info] Added views:timeline in workbench.view.explorer
2024-01-27 12:37:25.326 [info] Added views:workbench.explorer.fileView in workbench.view.explorer
2024-01-27 12:37:25.379 [info] Added views:workbench.debug.variablesView,workbench.debug.watchExpressionsView,workbench.debug.callStackView,workbench.debug.breakPointsView in workbench.view.debug
2024-01-27 12:37:26.835 [info] Added views:dockerContainers,dockerImages,dockerRegistries,dockerNetworks,dockerVolumes,vscode-docker.views.dockerContexts,vscode-docker.views.help in workbench.view.extension.dockerView
2024-01-27 12:37:26.855 [info] Added views:~remote.forwardedPorts in ~remote.forwardedPortsContainer
2024-01-27 12:37:27.020 [info] Added views:workbench.panel.repl.view in workbench.panel.repl
2024-01-27 12:37:27.021 [info] Removed views:workbench.debug.breakPointsView,workbench.debug.callStackView,workbench.debug.watchExpressionsView,workbench.debug.variablesView from workbench.view.debug
2024-01-27 12:37:27.022 [info] Added views:workbench.debug.welcome in workbench.view.debug
2024-01-27 12:37:27.269 [info] Added views:workbench.panel.comments in workbench.panel.comments
2024-01-27 12:37:32.622 [info] Added views:tabnine-home in workbench.view.extension.tabnine-access
2024-01-27 12:37:32.622 [info] Added views:tabnine-notifications in workbench.view.extension.tabnine-access
2024-01-27 12:37:32.622 [info] Added views:tabnine-today in workbench.view.extension.tabnine-access
2024-01-27 12:37:46.490 [info] Added views:workbench.views.extensions.installed,workbench.views.extensions.popular,extensions.recommendedList in workbench.view.extensions
2024-01-27 12:37:46.491 [info] Removed views:workbench.views.extensions.popular from workbench.view.extensions
2024-01-27 12:37:47.106 [info] Removed views:extensions.recommendedList,workbench.views.extensions.installed from workbench.view.extensions
2024-01-27 12:37:47.115 [info] Added views:workbench.views.extensions.workspaceRecommendations,workbench.views.extensions.otherRecommendations in workbench.view.extensions
2024-01-27 12:38:17.782 [info] Removed views:workbench.views.extensions.otherRecommendations,workbench.views.extensions.workspaceRecommendations from workbench.view.extensions
2024-01-27 12:38:19.567 [info] Added views:workbench.views.extensions.installed,extensions.recommendedList in workbench.view.extensions
2024-01-27 12:38:22.090 [info] Added views:gitlens.views.home,gitlens.views.drafts,gitlens.views.workspaces,gitlens.views.account in workbench.view.extension.gitlens
2024-01-27 12:38:22.093 [info] Added views:gitlens.views.commitDetails,gitlens.views.lineHistory,gitlens.views.fileHistory,gitlens.views.searchAndCompare in workbench.view.extension.gitlensInspect
2024-01-27 12:38:22.095 [info] Added views:gitlens.views.commits,gitlens.views.branches,gitlens.views.remotes,gitlens.views.stashes,gitlens.views.tags,gitlens.views.contributors in workbench.view.scm
2024-01-27 12:38:22.662 [info] Removed views:gitlens.views.searchAndCompare,gitlens.views.fileHistory,gitlens.views.lineHistory,gitlens.views.commitDetails from workbench.view.extension.gitlensInspect
2024-01-27 12:38:22.675 [info] Removed views:gitlens.views.contributors,gitlens.views.tags,gitlens.views.stashes,gitlens.views.remotes,gitlens.views.branches,gitlens.views.commits from workbench.view.scm
2024-01-27 12:38:28.536 [info] Added views:workbench.panel.markers.view in workbench.panel.markers
2024-01-27 12:38:28.536 [info] Added views:workbench.panel.output in workbench.panel.output
2024-01-27 12:38:28.536 [info] Added views:terminal in terminal
2024-01-27 12:38:28.536 [info] Added views:outline in workbench.view.explorer
2024-01-27 12:38:28.536 [info] Added views:workbench.scm in workbench.view.scm
2024-01-27 12:38:28.536 [info] Added views:workbench.view.search in workbench.view.search
2024-01-27 12:38:28.536 [info] Added views:timeline in workbench.view.explorer
2024-01-27 12:38:28.536 [info] Added views:workbench.explorer.fileView in workbench.view.explorer
2024-01-27 12:38:28.908 [info] Added views:gitlens.views.home,gitlens.views.drafts,gitlens.views.workspaces,gitlens.views.account in workbench.view.extension.gitlens
2024-01-27 12:38:28.908 [info] Added views:gitlens.views.commitDetails,gitlens.views.lineHistory,gitlens.views.fileHistory,gitlens.views.searchAndCompare in workbench.view.extension.gitlensInspect
2024-01-27 12:38:28.908 [info] Added views:gitlens.views.commits,gitlens.views.branches,gitlens.views.remotes,gitlens.views.stashes,gitlens.views.tags,gitlens.views.contributors in workbench.view.scm
2024-01-27 12:38:28.909 [info] Added views:dockerContainers,dockerImages,dockerRegistries,dockerNetworks,dockerVolumes,vscode-docker.views.dockerContexts,vscode-docker.views.help in workbench.view.extension.dockerView
2024-01-27 12:38:29.077 [info] Added views:workbench.debug.welcome in workbench.view.debug
2024-01-27 12:38:29.097 [info] Added views:workbench.panel.repl.view in workbench.panel.repl
2024-01-27 12:38:29.244 [info] Removed views:gitlens.views.searchAndCompare,gitlens.views.fileHistory,gitlens.views.lineHistory,gitlens.views.commitDetails from workbench.view.extension.gitlensInspect
2024-01-27 12:38:29.244 [info] Removed views:gitlens.views.contributors,gitlens.views.tags,gitlens.views.stashes,gitlens.views.remotes,gitlens.views.branches,gitlens.views.commits from workbench.view.scm
2024-01-27 12:38:29.826 [info] Added views:workbench.views.extensions.installed,extensions.recommendedList in workbench.view.extensions
2024-01-27 12:38:29.827 [info] Added views:~remote.forwardedPorts in ~remote.forwardedPortsContainer
2024-01-27 12:38:30.355 [info] Added views:workbench.panel.comments in workbench.panel.comments
2024-01-27 12:38:36.628 [info] Added views:tabnine.loading in workbench.view.extension.tabnine
2024-01-27 12:38:36.640 [info] Removed views:tabnine.loading from workbench.view.extension.tabnine
2024-01-27 12:38:36.640 [info] Added views:tabnine.chat.preview_ended in workbench.view.extension.tabnine
2024-01-27 12:44:27.738 [info] Removed views:extensions.recommendedList,workbench.views.extensions.installed from workbench.view.extensions
2024-01-27 12:44:27.748 [info] Added views:workbench.views.extensions.marketplace in workbench.view.extensions
2024-01-27 12:44:36.827 [info] Removed views:workbench.views.extensions.marketplace from workbench.view.extensions
2024-01-27 12:44:36.842 [info] Added views:workbench.views.extensions.installed,extensions.recommendedList in workbench.view.extensions
2024-01-27 12:45:06.647 [info] Removed views:extensions.recommendedList,workbench.views.extensions.installed from workbench.view.extensions
2024-01-27 12:45:06.654 [info] Added views:workbench.views.extensions.marketplace in workbench.view.extensions
2024-01-27 12:45:10.850 [info] Removed views:workbench.views.extensions.marketplace from workbench.view.extensions
2024-01-27 12:45:10.862 [info] Added views:workbench.views.extensions.installed,extensions.recommendedList in workbench.view.extensions
