2022-12-20 12:21:43.700 [info] Extension host with pid 5725 started
2022-12-20 12:21:43.700 [info] Skipping acquiring lock for /home/thesynthax/.config/Code - OSS/User/workspaceStorage/f00c5ea68d63123e21da25dc56f26bca.
2022-12-20 12:21:43.797 [info] ExtensionService#_doActivateExtension muhammad-sammy.csharp, startup: false, activationEvent: 'onLanguage:csharp'
2022-12-20 12:21:43.797 [info] ExtensionService#_doActivateExtension formulahendry.code-runner, startup: false, activationEvent: 'onLanguage:code-runner-output'
2022-12-20 12:21:43.798 [info] ExtensionService#_doActivateExtension vscode.git-base, startup: true, activationEvent: '*', root cause: vscode.git
2022-12-20 12:21:43.798 [info] ExtensionService#_doActivateExtension vscodevim.vim, startup: true, activationEvent: '*'
2022-12-20 12:21:48.569 [info] ExtensionService#_doActivateExtension ms-vscode.cpptools, startup: true, activationEvent: 'workspaceContains:/.vscode/c_cpp_properties.json'
2022-12-20 12:21:49.211 [info] ExtensionService#_doActivateExtension vscode.git, startup: true, activationEvent: '*'
2022-12-20 12:21:49.211 [info] ExtensionService#_doActivateExtension vscode.github, startup: true, activationEvent: '*'
2022-12-20 12:21:49.297 [info] ExtensionService#_doActivateExtension vadimcn.vscode-lldb, startup: true, activationEvent: 'workspaceContains:*.h,*.c,*.hh,*.cc,*.hxx,*.cxx,*.hpp,*.cpp', root cause: franneck94.c-cpp-runner
2022-12-20 12:21:49.647 [info] ExtensionService#_doActivateExtension franneck94.c-cpp-runner, startup: true, activationEvent: 'workspaceContains:*.h,*.c,*.hh,*.cc,*.hxx,*.cxx,*.hpp,*.cpp'
2022-12-20 12:21:51.999 [info] Eager extensions activated
2022-12-20 12:21:52.003 [info] ExtensionService#_doActivateExtension vscode.configuration-editing, startup: false, activationEvent: 'onLanguage:json'
2022-12-20 12:21:52.003 [info] ExtensionService#_doActivateExtension vscode.extension-editing, startup: false, activationEvent: 'onLanguage:json'
2022-12-20 12:21:52.003 [info] ExtensionService#_doActivateExtension vscode.json-language-features, startup: false, activationEvent: 'onLanguage:json'
2022-12-20 12:21:52.003 [info] ExtensionService#_doActivateExtension vscode.npm, startup: false, activationEvent: 'onLanguage:json'
2022-12-20 12:21:52.003 [info] ExtensionService#_doActivateExtension vscode.debug-auto-launch, startup: false, activationEvent: 'onStartupFinished'
2022-12-20 12:21:52.003 [info] ExtensionService#_doActivateExtension vscode.emmet, startup: false, activationEvent: 'onStartupFinished'
2022-12-20 12:21:52.003 [info] ExtensionService#_doActivateExtension vscode.merge-conflict, startup: false, activationEvent: 'onStartupFinished'
2022-12-20 12:21:52.003 [info] ExtensionService#_doActivateExtension Equinusocio.vsc-material-theme, startup: false, activationEvent: 'onStartupFinished'
2022-12-20 12:21:52.004 [info] ExtensionService#_doActivateExtension equinusocio.vsc-material-theme-icons, startup: false, activationEvent: 'onStartupFinished'
2022-12-20 12:21:52.004 [info] ExtensionService#_doActivateExtension zhuangtongfa.material-theme, startup: false, activationEvent: 'onStartupFinished'
2022-12-20 12:21:57.645 [info] ExtensionService#_doActivateExtension vscode.typescript-language-features, startup: false, activationEvent: 'onLanguage:jsonc'
2022-12-20 12:30:21.672 [warning] [Decorations] CAPPING events from decorations provider vscode.git 3695
2022-12-20 12:35:43.999 [warning] [Decorations] CAPPING events from decorations provider vscode.git 3695
2022-12-20 12:39:12.703 [info] Extension host terminating: received terminate message from renderer
2022-12-20 12:39:12.754 [info] Extension host with pid 5725 exiting with code 0
