I[08:56:28.984] clangd version 15.0.6 (https://github.com/llvm/llvm-project 088f33605d8a61ff519c580a71b1dd57d16a03f8)
I[08:56:28.984] Features: linux+grpc
I[08:56:28.984] PID: 43513
I[08:56:28.984] Working directory: /home/thesynthax
I[08:56:28.984] argv[0]: /home/thesynthax/.config/Code - OSS/User/globalStorage/llvm-vs-code-extensions.vscode-clangd/install/15.0.6/clangd_15.0.6/bin/clangd
I[08:56:28.984] Starting LSP over stdin/stdout
I[08:56:29.015] <-- initialize(0)
I[08:56:29.015] --> reply:initialize(0) 0 ms
I[08:56:29.031] <-- initialized
I[08:56:29.041] <-- textDocument/didOpen
I[08:56:29.041] Failed to find compilation database for /home/thesynthax/test.c
I[08:56:29.041] ASTWorker building file /home/thesynthax/test.c version 1 with command clangd fallback
[/home/thesynthax]
/usr/bin/clang "-resource-dir=/home/thesynthax/dotfiles/.config/Code - OSS/User/globalStorage/llvm-vs-code-extensions.vscode-clangd/install/15.0.6/clangd_15.0.6/lib/clang/15.0.6" -- /home/thesynthax/test.c
I[08:56:29.042] --> textDocument/clangd.fileStatus
I[08:56:29.055] --> workspace/semanticTokens/refresh(0)
I[08:56:29.055] --> textDocument/clangd.fileStatus
I[08:56:29.059] --> textDocument/publishDiagnostics
I[08:56:29.060] --> textDocument/clangd.fileStatus
I[08:56:29.069] <-- textDocument/codeAction(1)
I[08:56:29.070] --> reply:textDocument/codeAction(1) 0 ms
I[08:56:29.070] --> textDocument/clangd.fileStatus
I[08:56:29.092] <-- textDocument/documentLink(2)
I[08:56:29.092] <-- textDocument/inlayHint(3)
I[08:56:29.092] --> reply:textDocument/documentLink(2) 0 ms
I[08:56:29.092] <-- textDocument/documentLink(4)
I[08:56:29.092] --> reply:textDocument/inlayHint(3) 0 ms
I[08:56:29.092] --> reply:textDocument/documentLink(4) 0 ms
I[08:56:29.092] --> textDocument/clangd.fileStatus
I[08:56:29.093] <-- reply(0)
I[08:56:29.093] <-- $/cancelRequest
I[08:56:29.198] <-- textDocument/semanticTokens/full(5)
I[08:56:29.199] --> reply:textDocument/semanticTokens/full(5) 0 ms
I[08:56:29.199] --> textDocument/clangd.fileStatus
I[08:56:30.317] <-- textDocument/documentSymbol(6)
I[08:56:30.317] <-- textDocument/codeAction(7)
I[08:56:30.317] --> reply:textDocument/documentSymbol(6) 0 ms
I[08:56:30.317] --> reply:textDocument/codeAction(7) 0 ms
I[08:56:30.317] --> textDocument/clangd.fileStatus
I[08:56:44.234] <-- textDocument/codeAction(8)
I[08:56:44.234] --> reply:textDocument/codeAction(8) 0 ms
I[08:56:44.234] --> textDocument/clangd.fileStatus
I[08:56:44.245] <-- textDocument/documentLink(9)
I[08:56:44.245] --> reply:textDocument/documentLink(9) 0 ms
I[08:56:44.245] <-- textDocument/inlayHint(10)
I[08:56:44.245] --> reply:textDocument/inlayHint(10) 0 ms
I[08:56:44.245] --> textDocument/clangd.fileStatus
I[08:56:44.462] <-- textDocument/codeAction(11)
I[08:56:44.462] --> reply:textDocument/codeAction(11) 0 ms
I[08:56:44.462] --> textDocument/clangd.fileStatus
I[08:56:48.277] <-- textDocument/codeAction(12)
I[08:56:48.277] --> reply:textDocument/codeAction(12) 0 ms
I[08:56:48.277] --> textDocument/clangd.fileStatus
I[08:56:48.281] <-- textDocument/documentLink(13)
I[08:56:48.281] <-- textDocument/inlayHint(14)
I[08:56:48.281] --> reply:textDocument/documentLink(13) 0 ms
I[08:56:48.281] --> reply:textDocument/inlayHint(14) 0 ms
I[08:56:48.281] --> textDocument/clangd.fileStatus
I[08:56:48.509] <-- textDocument/codeAction(15)
I[08:56:48.509] --> reply:textDocument/codeAction(15) 0 ms
I[08:56:48.509] --> textDocument/clangd.fileStatus
I[09:01:39.102] <-- $/setTrace
I[09:01:39.102] unhandled notification $/setTrace
I[09:01:39.153] <-- $/setTrace
I[09:01:39.153] unhandled notification $/setTrace
I[09:01:39.850] <-- textDocument/semanticTokens/full/delta(16)
I[09:01:39.850] --> reply:textDocument/semanticTokens/full/delta(16) 0 ms
I[09:01:39.850] --> textDocument/clangd.fileStatus
