2022-12-28 00:05:01.304 [info] Added views:workbench.panel.markers.view in workbench.panel.markers
2022-12-28 00:05:01.304 [info] Added views:workbench.panel.output in workbench.panel.output
2022-12-28 00:05:01.304 [info] Added views:terminal in terminal
2022-12-28 00:05:01.304 [info] Added views:outline in workbench.view.explorer
2022-12-28 00:05:01.304 [info] Added views:workbench.scm in workbench.view.scm
2022-12-28 00:05:01.304 [info] Added views:workbench.view.search in workbench.view.search
2022-12-28 00:05:01.304 [info] Added views:timeline in workbench.view.explorer
2022-12-28 00:05:01.304 [info] Added views:workbench.explorer.fileView in workbench.view.explorer
2022-12-28 00:05:01.409 [info] Added views:workbench.debug.welcome in workbench.view.debug
2022-12-28 00:05:03.411 [info] Added views:dockerContainers,dockerImages,dockerRegistries,dockerNetworks,dockerVolumes,vscode-docker.views.dockerContexts,vscode-docker.views.help in workbench.view.extension.dockerView
2022-12-28 00:05:04.026 [info] Added views:workbench.panel.repl.view in workbench.panel.repl
2022-12-28 00:05:07.801 [info] Added views:workbench.panel.comments in workbench.panel.comments
2022-12-28 00:05:17.439 [info] Added views:workbench.panel.markers.view in workbench.panel.markers
2022-12-28 00:05:17.439 [info] Added views:workbench.panel.output in workbench.panel.output
2022-12-28 00:05:17.439 [info] Added views:terminal in terminal
2022-12-28 00:05:17.439 [info] Added views:outline in workbench.view.explorer
2022-12-28 00:05:17.439 [info] Added views:workbench.scm in workbench.view.scm
2022-12-28 00:05:17.439 [info] Added views:workbench.view.search in workbench.view.search
2022-12-28 00:05:17.439 [info] Added views:timeline in workbench.view.explorer
2022-12-28 00:05:17.439 [info] Added views:workbench.explorer.fileView in workbench.view.explorer
2022-12-28 00:05:17.439 [info] Added views:workbench.debug.variablesView,workbench.debug.watchExpressionsView,workbench.debug.callStackView,workbench.debug.breakPointsView in workbench.view.debug
2022-12-28 00:05:18.498 [info] Added views:dockerContainers,dockerImages,dockerRegistries,dockerNetworks,dockerVolumes,vscode-docker.views.dockerContexts,vscode-docker.views.help in workbench.view.extension.dockerView
2022-12-28 00:05:18.751 [info] Added views:workbench.panel.repl.view in workbench.panel.repl
2022-12-28 00:05:18.752 [info] Removed views:workbench.debug.breakPointsView,workbench.debug.callStackView,workbench.debug.watchExpressionsView,workbench.debug.variablesView from workbench.view.debug
2022-12-28 00:05:18.753 [info] Added views:workbench.debug.welcome in workbench.view.debug
2022-12-28 00:05:18.944 [info] Added views:workbench.panel.comments in workbench.panel.comments
2022-12-28 00:05:26.399 [info] Added views:tabnine-home in workbench.view.extension.tabnine-access
2022-12-28 00:05:26.400 [info] Added views:tabnine-notifications in workbench.view.extension.tabnine-access
2022-12-28 00:05:26.400 [info] Added views:tabnine-today in workbench.view.extension.tabnine-access
