2024-03-01 13:28:41.866 [info] /home/thesynthax/projects/web/RocketChat-tour/apps/meteor/server/services/room/service.ts closed
2024-03-01 13:28:41.866 [info] /home/thesynthax/projects/web/RocketChat-tour/apps/meteor/server/services/room/service.ts.git closed
2024-03-01 13:28:50.167 [info] Active editor: file:///home/thesynthax/projects/web/RocketChat-tour/package.json
2024-03-01 13:28:51.737 [info] Active editor: comment://codetour/commentinput-50146d5d-abe7-496a-ad04-244dd993b2fc-1.md?%7B%22extensionId%22%3A%22vsls-contrib.codetour%22%2C%22commentThreadId%22%3A%22codetour.0%22%7D
2024-03-01 13:31:51.832 [info] /vscode-extensions closed
2024-03-01 13:31:51.833 [info] Active editor: file:///home/thesynthax/projects/web/RocketChat-tour/package.json
2024-03-01 13:31:52.138 [info] /settings/configurationDefaults closed
2024-03-01 13:31:52.251 [info] /settings/resourceLanguage closed
2024-03-01 13:31:52.327 [info] /launch closed
2024-03-01 13:31:52.328 [info] /token-styling closed
2024-03-01 13:31:52.329 [info] /textmate-colors closed
2024-03-01 13:31:52.332 [info] /workbench-colors closed
2024-03-01 13:34:51.856 [info] /vscode-extensions closed
2024-03-01 13:34:52.197 [info] /settings/configurationDefaults closed
2024-03-01 13:34:52.480 [info] /settings/resourceLanguage closed
2024-03-01 13:34:52.537 [info] /launch closed
2024-03-01 13:34:52.547 [info] /token-styling closed
2024-03-01 13:34:52.548 [info] /textmate-colors closed
2024-03-01 13:34:52.548 [info] /workbench-colors closed
2024-03-01 13:37:51.907 [info] /vscode-extensions closed
2024-03-01 13:37:52.293 [info] /settings/configurationDefaults closed
2024-03-01 13:37:52.544 [info] /settings/resourceLanguage closed
2024-03-01 13:37:52.764 [info] /launch closed
2024-03-01 13:37:52.767 [info] /token-styling closed
2024-03-01 13:37:52.769 [info] /textmate-colors closed
2024-03-01 13:37:52.786 [info] /workbench-colors closed
2024-03-01 13:40:51.953 [info] /vscode-extensions closed
2024-03-01 13:40:52.395 [info] /settings/configurationDefaults closed
2024-03-01 13:40:52.623 [info] /settings/resourceLanguage closed
2024-03-01 13:40:52.929 [info] /launch closed
2024-03-01 13:40:52.931 [info] /token-styling closed
2024-03-01 13:40:52.938 [info] /textmate-colors closed
2024-03-01 13:40:52.939 [info] /workbench-colors closed
2024-03-01 13:43:52.006 [info] /vscode-extensions closed
2024-03-01 13:43:52.489 [info] /settings/configurationDefaults closed
2024-03-01 13:43:52.717 [info] /settings/resourceLanguage closed
2024-03-01 13:43:53.074 [info] /launch closed
2024-03-01 13:43:53.076 [info] /token-styling closed
2024-03-01 13:43:53.078 [info] /textmate-colors closed
2024-03-01 13:43:53.081 [info] /workbench-colors closed
2024-03-01 13:46:52.058 [info] /vscode-extensions closed
2024-03-01 13:46:52.548 [info] /settings/configurationDefaults closed
2024-03-01 13:46:52.789 [info] /settings/resourceLanguage closed
2024-03-01 13:46:53.233 [info] /launch closed
2024-03-01 13:46:53.235 [info] /token-styling closed
2024-03-01 13:46:53.237 [info] /textmate-colors closed
2024-03-01 13:46:53.240 [info] /workbench-colors closed
2024-03-01 13:49:52.104 [info] /vscode-extensions closed
2024-03-01 13:49:52.605 [info] /settings/configurationDefaults closed
2024-03-01 13:49:52.864 [info] /settings/resourceLanguage closed
2024-03-01 13:49:53.386 [info] /launch closed
2024-03-01 13:49:53.388 [info] /token-styling closed
2024-03-01 13:49:53.390 [info] /textmate-colors closed
2024-03-01 13:49:53.393 [info] /workbench-colors closed
2024-03-01 13:52:52.189 [info] /vscode-extensions closed
2024-03-01 13:52:52.695 [info] /settings/configurationDefaults closed
2024-03-01 13:52:52.931 [info] /settings/resourceLanguage closed
2024-03-01 13:52:53.551 [info] /launch closed
2024-03-01 13:52:53.553 [info] /token-styling closed
2024-03-01 13:52:53.555 [info] /textmate-colors closed
2024-03-01 13:52:53.571 [info] /workbench-colors closed
2024-03-01 13:55:52.271 [info] /vscode-extensions closed
2024-03-01 13:55:52.791 [info] /settings/configurationDefaults closed
2024-03-01 13:55:53.059 [info] /settings/resourceLanguage closed
2024-03-01 13:55:53.742 [info] /launch closed
2024-03-01 13:55:53.744 [info] /token-styling closed
2024-03-01 13:55:53.747 [info] /textmate-colors closed
2024-03-01 13:55:53.765 [info] /workbench-colors closed
2024-03-01 13:58:52.353 [info] /vscode-extensions closed
2024-03-01 13:58:52.883 [info] /settings/configurationDefaults closed
2024-03-01 13:58:53.177 [info] /settings/resourceLanguage closed
2024-03-01 13:58:53.905 [info] /launch closed
2024-03-01 13:58:53.907 [info] /token-styling closed
2024-03-01 13:58:53.909 [info] /textmate-colors closed
2024-03-01 13:58:53.910 [info] /workbench-colors closed
2024-03-01 14:01:52.400 [info] /vscode-extensions closed
2024-03-01 14:01:52.943 [info] /settings/configurationDefaults closed
2024-03-01 14:01:53.276 [info] /settings/resourceLanguage closed
2024-03-01 14:01:54.043 [info] /launch closed
2024-03-01 14:01:54.044 [info] /token-styling closed
2024-03-01 14:01:54.047 [info] /textmate-colors closed
2024-03-01 14:01:54.053 [info] /workbench-colors closed
2024-03-01 14:04:52.450 [info] /vscode-extensions closed
2024-03-01 14:04:53.037 [info] /settings/configurationDefaults closed
2024-03-01 14:04:53.383 [info] /settings/resourceLanguage closed
2024-03-01 14:04:54.180 [info] /launch closed
2024-03-01 14:04:54.182 [info] /token-styling closed
2024-03-01 14:04:54.184 [info] /textmate-colors closed
2024-03-01 14:04:54.185 [info] /workbench-colors closed
2024-03-01 14:07:52.498 [info] /vscode-extensions closed
2024-03-01 14:07:53.137 [info] /settings/configurationDefaults closed
2024-03-01 14:07:53.459 [info] /settings/resourceLanguage closed
2024-03-01 14:07:54.304 [info] /launch closed
2024-03-01 14:07:54.305 [info] /token-styling closed
2024-03-01 14:07:54.308 [info] /textmate-colors closed
2024-03-01 14:07:54.317 [info] /workbench-colors closed
2024-03-01 14:10:52.543 [info] /vscode-extensions closed
2024-03-01 14:10:53.198 [info] /settings/configurationDefaults closed
2024-03-01 14:10:53.562 [info] /settings/resourceLanguage closed
2024-03-01 14:10:54.438 [info] /launch closed
2024-03-01 14:10:54.440 [info] /token-styling closed
2024-03-01 14:10:54.441 [info] /textmate-colors closed
2024-03-01 14:10:54.442 [info] /workbench-colors closed
2024-03-01 14:13:52.591 [info] /vscode-extensions closed
2024-03-01 14:13:53.256 [info] /settings/configurationDefaults closed
2024-03-01 14:13:53.669 [info] /settings/resourceLanguage closed
2024-03-01 14:13:54.568 [info] /launch closed
2024-03-01 14:13:54.570 [info] /token-styling closed
2024-03-01 14:13:54.572 [info] /textmate-colors closed
2024-03-01 14:13:54.579 [info] /workbench-colors closed
2024-03-01 14:16:52.659 [info] /vscode-extensions closed
2024-03-01 14:16:53.312 [info] /settings/configurationDefaults closed
2024-03-01 14:16:53.739 [info] /settings/resourceLanguage closed
2024-03-01 14:16:54.703 [info] /launch closed
2024-03-01 14:16:54.705 [info] /token-styling closed
2024-03-01 14:16:54.707 [info] /textmate-colors closed
2024-03-01 14:16:54.711 [info] /workbench-colors closed
2024-03-01 14:19:52.709 [info] /vscode-extensions closed
2024-03-01 14:19:53.372 [info] /settings/configurationDefaults closed
2024-03-01 14:19:53.849 [info] /settings/resourceLanguage closed
2024-03-01 14:19:54.834 [info] /launch closed
2024-03-01 14:19:54.836 [info] /token-styling closed
2024-03-01 14:19:54.837 [info] /textmate-colors closed
2024-03-01 14:19:54.838 [info] /workbench-colors closed
2024-03-01 14:22:52.762 [info] /vscode-extensions closed
2024-03-01 14:22:53.431 [info] /settings/configurationDefaults closed
2024-03-01 14:22:53.957 [info] /settings/resourceLanguage closed
2024-03-01 14:22:54.972 [info] /launch closed
2024-03-01 14:22:54.974 [info] /token-styling closed
2024-03-01 14:22:54.976 [info] /textmate-colors closed
2024-03-01 14:22:54.979 [info] /workbench-colors closed
2024-03-01 14:25:52.810 [info] /vscode-extensions closed
2024-03-01 14:25:53.491 [info] /settings/configurationDefaults closed
2024-03-01 14:25:54.024 [info] /settings/resourceLanguage closed
2024-03-01 14:25:55.101 [info] /launch closed
2024-03-01 14:25:55.103 [info] /token-styling closed
2024-03-01 14:25:55.104 [info] /textmate-colors closed
2024-03-01 14:25:55.108 [info] /workbench-colors closed
2024-03-01 14:28:52.862 [info] /vscode-extensions closed
2024-03-01 14:28:53.548 [info] /settings/configurationDefaults closed
2024-03-01 14:28:54.099 [info] /settings/resourceLanguage closed
2024-03-01 14:28:55.252 [info] /launch closed
2024-03-01 14:28:55.254 [info] /token-styling closed
2024-03-01 14:28:55.256 [info] /textmate-colors closed
2024-03-01 14:28:55.259 [info] /workbench-colors closed
