2022-12-17 12:17:01.625 [info] Log level: Info
2022-12-17 12:17:01.625 [info] Validating found git in: "git"
2022-12-17 12:17:01.625 [info] Using git "2.39.0" from "git"
2022-12-17 12:17:01.625 [info] > git rev-parse --show-toplevel [6ms]
2022-12-17 12:17:01.627 [info] > git rev-parse --git-dir --git-common-dir [4ms]
2022-12-17 12:17:01.633 [info] Open repository: /home/thesynthax
2022-12-17 12:17:01.651 [info] > git config --get commit.template [8ms]
2022-12-17 12:17:01.651 [info] > git rev-parse --show-toplevel [12ms]
2022-12-17 12:17:01.662 [info] > git rev-parse --show-toplevel [6ms]
2022-12-17 12:17:01.662 [info] > git for-each-ref --format=%(refname)%00%(upstream:short)%00%(objectname)%00%(upstream:track)%00%(upstream:remotename)%00%(upstream:remoteref) refs/heads/main refs/remotes/main [1ms]
2022-12-17 12:17:01.671 [info] > git for-each-ref --sort -committerdate --format %(refname) %(objectname) %(*objectname) [1ms]
2022-12-17 12:17:02.016 [info] > git show --textconv :test/test.c [14ms]
2022-12-17 12:17:02.016 [info] > git ls-files --stage -- /home/thesynthax/test/test.c [10ms]
2022-12-17 12:17:02.148 [info] > git check-ignore -v -z --stdin [1ms]
2022-12-17 12:17:04.343 [info] > git status -z -uall [2676ms] (cancelled)
2022-12-17 12:17:08.130 [info] > git config --get commit.template [4ms]
2022-12-17 12:17:08.140 [info] > git for-each-ref --format=%(refname)%00%(upstream:short)%00%(objectname)%00%(upstream:track)%00%(upstream:remotename)%00%(upstream:remoteref) refs/heads/main refs/remotes/main [11ms]
2022-12-17 12:17:08.149 [info] > git for-each-ref --sort -committerdate --format %(refname) %(objectname) %(*objectname) [1ms]
2022-12-17 12:17:13.857 [info] > git status -z -uall [5712ms] (cancelled)
2022-12-17 12:17:17.781 [info] > git show --textconv :Downloads/App.js [5ms]
2022-12-17 12:17:17.782 [info] > git ls-files --stage -- /home/thesynthax/Downloads/App.js [1ms]
2022-12-17 12:17:17.982 [info] > git check-ignore -v -z --stdin [0ms]
2022-12-17 12:18:19.213 [info] > git check-ignore -v -z --stdin [11ms]
2022-12-17 12:18:19.228 [info] > git show --textconv :Unity Projects/Unity-Projects/two point five D platformer/Assets/Scripts/New/Character Controller/PlayerMovementBase.cs [5ms]
2022-12-17 12:18:19.229 [info] > git ls-files --stage -- /home/thesynthax/Unity Projects/Unity-Projects/two point five D platformer/Assets/Scripts/New/Character Controller/PlayerMovementBase.cs [1ms]
2022-12-17 12:18:39.221 [info] > git show --textconv :Unity Projects/Unity-Projects/two point five D platformer/Assets/Scripts/New/Character Controller/SlideCrouchHandler.cs [5ms]
2022-12-17 12:18:39.221 [info] > git ls-files --stage -- /home/thesynthax/Unity Projects/Unity-Projects/two point five D platformer/Assets/Scripts/New/Character Controller/SlideCrouchHandler.cs [1ms]
2022-12-17 12:18:39.495 [info] > git check-ignore -v -z --stdin [1ms]
