2024-02-18 15:44:47.613 [info] Extension host with pid 424651 started
2024-02-18 15:44:47.613 [info] Skipping acquiring lock for /home/thesynthax/.config/Code - OSS/User/workspaceStorage/1efe15b970c9a1dcef2502f1e36440f8.
2024-02-18 15:44:47.688 [info] ExtensionService#_doActivateExtension vscode.git-base, startup: true, activationEvent: '*', root cause: vscode.git
2024-02-18 15:44:47.693 [info] ExtensionService#_doActivateExtension EditorConfig.EditorConfig, startup: true, activationEvent: '*'
2024-02-18 15:44:47.712 [info] ExtensionService#_doActivateExtension formulahendry.auto-close-tag, startup: true, activationEvent: '*'
2024-02-18 15:44:47.718 [info] ExtensionService#_doActivateExtension formulahendry.auto-rename-tag, startup: true, activationEvent: '*'
2024-02-18 15:44:47.750 [info] ExtensionService#_doActivateExtension johnpapa.vscode-peacock, startup: true, activationEvent: '*'
2024-02-18 15:44:47.757 [info] ExtensionService#_doActivateExtension minhthai.vscode-todo-parser, startup: true, activationEvent: '*'
2024-02-18 15:44:47.773 [info] ExtensionService#_doActivateExtension oderwat.indent-rainbow, startup: true, activationEvent: '*'
2024-02-18 15:44:47.774 [info] ExtensionService#_doActivateExtension standard.vscode-standard, startup: true, activationEvent: '*'
2024-02-18 15:44:47.963 [info] ExtensionService#_doActivateExtension wayou.vscode-todo-highlight, startup: true, activationEvent: '*'
2024-02-18 15:44:47.965 [info] ExtensionService#_doActivateExtension vscode.npm, startup: true, activationEvent: 'workspaceContains:package.json'
2024-02-18 15:44:48.121 [info] ExtensionService#_doActivateExtension vscode.git, startup: true, activationEvent: '*'
2024-02-18 15:44:48.213 [info] ExtensionService#_doActivateExtension vscode.github, startup: true, activationEvent: '*'
2024-02-18 15:44:48.425 [info] Eager extensions activated
2024-02-18 15:44:48.486 [info] ExtensionService#_doActivateExtension vscode.debug-auto-launch, startup: false, activationEvent: 'onStartupFinished'
2024-02-18 15:44:48.488 [info] ExtensionService#_doActivateExtension vscode.merge-conflict, startup: false, activationEvent: 'onStartupFinished'
2024-02-18 15:44:48.509 [info] ExtensionService#_doActivateExtension aaron-bond.better-comments, startup: false, activationEvent: 'onStartupFinished'
2024-02-18 15:44:48.771 [info] ExtensionService#_doActivateExtension dbaeumer.vscode-eslint, startup: false, activationEvent: 'onStartupFinished'
2024-02-18 15:44:48.826 [info] ExtensionService#_doActivateExtension eamodio.gitlens, startup: false, activationEvent: 'onStartupFinished'
2024-02-18 15:44:48.970 [info] ExtensionService#_doActivateExtension Equinusocio.vsc-material-theme, startup: false, activationEvent: 'onStartupFinished'
2024-02-18 15:44:48.993 [info] ExtensionService#_doActivateExtension equinusocio.vsc-material-theme-icons, startup: false, activationEvent: 'onStartupFinished'
2024-02-18 15:44:49.179 [info] ExtensionService#_doActivateExtension esbenp.prettier-vscode, startup: false, activationEvent: 'onStartupFinished'
2024-02-18 15:44:49.262 [info] ExtensionService#_doActivateExtension formulahendry.code-runner, startup: false, activationEvent: 'onStartupFinished'
2024-02-18 15:44:49.424 [info] ExtensionService#_doActivateExtension vscode.github-authentication, startup: false, activationEvent: 'onStartupFinished', root cause: GitHub.vscode-pull-request-github
2024-02-18 15:44:49.476 [info] ExtensionService#_doActivateExtension ritwickdey.LiveServer, startup: false, activationEvent: 'onStartupFinished'
2024-02-18 15:44:49.480 [info] ExtensionService#_doActivateExtension TabNine.tabnine-vscode, startup: false, activationEvent: 'onStartupFinished'
2024-02-18 15:44:49.557 [info] ExtensionService#_doActivateExtension usernamehw.errorlens, startup: false, activationEvent: 'onStartupFinished'
2024-02-18 15:44:49.562 [info] ExtensionService#_doActivateExtension vadimcn.vscode-lldb, startup: false, activationEvent: 'onStartupFinished'
2024-02-18 15:44:49.576 [info] ExtensionService#_doActivateExtension vscode-icons-team.vscode-icons, startup: false, activationEvent: 'onStartupFinished'
2024-02-18 15:44:49.627 [info] ExtensionService#_doActivateExtension vscodevim.vim, startup: false, activationEvent: 'onStartupFinished'
2024-02-18 15:44:49.725 [info] ExtensionService#_doActivateExtension vsls-contrib.codetour, startup: false, activationEvent: 'onStartupFinished'
2024-02-18 15:44:49.736 [info] ExtensionService#_doActivateExtension zhuangtongfa.material-theme, startup: false, activationEvent: 'onStartupFinished'
2024-02-18 15:44:50.081 [info] ExtensionService#_doActivateExtension GitHub.vscode-pull-request-github, startup: false, activationEvent: 'onStartupFinished'
2024-02-18 15:44:50.195 [info] ExtensionService#_doActivateExtension vscode.json-language-features, startup: false, activationEvent: 'onLanguage:jsonc'
2024-02-18 15:44:50.249 [info] ExtensionService#_doActivateExtension vscode.typescript-language-features, startup: false, activationEvent: 'onLanguage:jsonc'
2024-02-18 15:44:50.326 [info] ExtensionService#_doActivateExtension vscode.emmet, startup: false, activationEvent: 'onLanguage'
2024-02-18 15:44:50.923 [error] Activating extension GitHub.vscode-pull-request-github failed due to an error:
2024-02-18 15:44:50.923 [error] Error: Extension 'GitHub.vscode-pull-request-github' CANNOT use API proposal: diffCommand.
Its package.json#enabledApiProposals-property declares:  but NOT diffCommand.
 The missing proposal MUST be added and you must start in extension development mode or use the following command line switch: --enable-proposed-api GitHub.vscode-pull-request-github
    at E (/usr/lib/code/out/vs/workbench/api/node/extensionHostProcess.js:138:51177)
    at Object.registerDiffInformationCommand (/usr/lib/code/out/vs/workbench/api/node/extensionHostProcess.js:160:21335)
    at V1 (/home/thesynthax/.vscode-oss/extensions/github.vscode-pull-request-github-0.80.1/dist/extension.js:2001:9875)
    at B2 (/home/thesynthax/.vscode-oss/extensions/github.vscode-pull-request-github-0.80.1/dist/extension.js:2120:4420)
    at $2 (/home/thesynthax/.vscode-oss/extensions/github.vscode-pull-request-github-0.80.1/dist/extension.js:2120:8378)
    at q2 (/home/thesynthax/.vscode-oss/extensions/github.vscode-pull-request-github-0.80.1/dist/extension.js:2120:5739)
    at c.n (/usr/lib/code/out/vs/workbench/api/node/extensionHostProcess.js:140:6256)
    at c.m (/usr/lib/code/out/vs/workbench/api/node/extensionHostProcess.js:140:6219)
    at c.l (/usr/lib/code/out/vs/workbench/api/node/extensionHostProcess.js:140:5676)
2024-02-18 15:45:28.036 [info] ExtensionService#_doActivateExtension vscode.extension-editing, startup: false, activationEvent: 'onLanguage:json'
2024-02-18 15:45:48.747 [warning] TextEditor is closed/disposed
2024-02-18 15:46:00.808 [info] ExtensionService#_doActivateExtension vscode.markdown-language-features, startup: false, activationEvent: 'onLanguage:markdown'
2024-02-18 15:46:43.763 [info] ExtensionService#_doActivateExtension ms-vscode.vscode-typescript-tslint-plugin, startup: false, activationEvent: 'onLanguage:typescriptreact'
2024-02-18 15:46:45.877 [info] ExtensionService#_doActivateExtension rbbit.typescript-hero, startup: false, activationEvent: 'onLanguage:typescriptreact'
2024-02-18 15:46:51.359 [info] ExtensionService#_doActivateExtension wix.vscode-import-cost, startup: false, activationEvent: 'onLanguage:typescriptreact'
2024-02-18 15:46:53.832 [warning] Illegal argument: TextEditor(vs.editor.ICodeEditor:1,$model18)
2024-02-18 15:46:53.832 [warning] Illegal argument: TextEditor(vs.editor.ICodeEditor:1,$model18)
2024-02-18 15:46:53.832 [warning] Illegal argument: TextEditor(vs.editor.ICodeEditor:1,$model18)
2024-02-18 15:46:53.832 [warning] Illegal argument: TextEditor(vs.editor.ICodeEditor:1,$model18)
2024-02-18 15:46:53.834 [warning] Illegal argument: TextEditor(vs.editor.ICodeEditor:1,$model18)
2024-02-18 15:46:53.834 [warning] Illegal argument: TextEditor(vs.editor.ICodeEditor:1,$model18)
2024-02-18 15:46:53.862 [warning] TextEditor is closed/disposed
2024-02-18 15:46:54.038 [warning] TextEditor is closed/disposed
2024-02-18 15:47:01.208 [warning] Illegal argument: TextEditor(vs.editor.ICodeEditor:1,$model18)
2024-02-18 15:47:01.208 [warning] Illegal argument: TextEditor(vs.editor.ICodeEditor:1,$model18)
2024-02-18 15:47:17.233 [error] Error: unknown thread
    at n.k (vscode-file://vscode-app/usr/lib/code/out/vs/workbench/workbench.desktop.main.js:2376:60867)
    at n.deleteCommentThread (vscode-file://vscode-app/usr/lib/code/out/vs/workbench/workbench.desktop.main.js:2376:60323)
    at g.$deleteCommentThread (vscode-file://vscode-app/usr/lib/code/out/vs/workbench/workbench.desktop.main.js:2376:63337)
    at m.S (vscode-file://vscode-app/usr/lib/code/out/vs/workbench/workbench.desktop.main.js:1590:13967)
    at m.Q (vscode-file://vscode-app/usr/lib/code/out/vs/workbench/workbench.desktop.main.js:1590:13733)
    at m.M (vscode-file://vscode-app/usr/lib/code/out/vs/workbench/workbench.desktop.main.js:1590:12826)
    at m.L (vscode-file://vscode-app/usr/lib/code/out/vs/workbench/workbench.desktop.main.js:1590:11905)
    at a.value (vscode-file://vscode-app/usr/lib/code/out/vs/workbench/workbench.desktop.main.js:1590:10692)
    at o.y (vscode-file://vscode-app/usr/lib/code/out/vs/workbench/workbench.desktop.main.js:87:1902)
    at o.fire (vscode-file://vscode-app/usr/lib/code/out/vs/workbench/workbench.desktop.main.js:87:2119)
    at s.fire (vscode-file://vscode-app/usr/lib/code/out/vs/workbench/workbench.desktop.main.js:628:14470)
    at x.onmessage (vscode-file://vscode-app/usr/lib/code/out/vs/workbench/workbench.desktop.main.js:1662:7751)
2024-02-18 15:47:17.234 [error] Error: unknown thread
    at n.k (vscode-file://vscode-app/usr/lib/code/out/vs/workbench/workbench.desktop.main.js:2376:60867)
    at n.deleteCommentThread (vscode-file://vscode-app/usr/lib/code/out/vs/workbench/workbench.desktop.main.js:2376:60323)
    at g.$deleteCommentThread (vscode-file://vscode-app/usr/lib/code/out/vs/workbench/workbench.desktop.main.js:2376:63337)
    at m.S (vscode-file://vscode-app/usr/lib/code/out/vs/workbench/workbench.desktop.main.js:1590:13967)
    at m.Q (vscode-file://vscode-app/usr/lib/code/out/vs/workbench/workbench.desktop.main.js:1590:13733)
    at m.M (vscode-file://vscode-app/usr/lib/code/out/vs/workbench/workbench.desktop.main.js:1590:12826)
    at m.L (vscode-file://vscode-app/usr/lib/code/out/vs/workbench/workbench.desktop.main.js:1590:11905)
    at a.value (vscode-file://vscode-app/usr/lib/code/out/vs/workbench/workbench.desktop.main.js:1590:10692)
    at o.y (vscode-file://vscode-app/usr/lib/code/out/vs/workbench/workbench.desktop.main.js:87:1902)
    at o.fire (vscode-file://vscode-app/usr/lib/code/out/vs/workbench/workbench.desktop.main.js:87:2119)
    at s.fire (vscode-file://vscode-app/usr/lib/code/out/vs/workbench/workbench.desktop.main.js:628:14470)
    at x.onmessage (vscode-file://vscode-app/usr/lib/code/out/vs/workbench/workbench.desktop.main.js:1662:7751)
2024-02-18 15:47:17.234 [error] Error: unknown thread
    at n.k (vscode-file://vscode-app/usr/lib/code/out/vs/workbench/workbench.desktop.main.js:2376:60867)
    at n.deleteCommentThread (vscode-file://vscode-app/usr/lib/code/out/vs/workbench/workbench.desktop.main.js:2376:60323)
    at g.$deleteCommentThread (vscode-file://vscode-app/usr/lib/code/out/vs/workbench/workbench.desktop.main.js:2376:63337)
    at m.S (vscode-file://vscode-app/usr/lib/code/out/vs/workbench/workbench.desktop.main.js:1590:13967)
    at m.Q (vscode-file://vscode-app/usr/lib/code/out/vs/workbench/workbench.desktop.main.js:1590:13733)
    at m.M (vscode-file://vscode-app/usr/lib/code/out/vs/workbench/workbench.desktop.main.js:1590:12826)
    at m.L (vscode-file://vscode-app/usr/lib/code/out/vs/workbench/workbench.desktop.main.js:1590:11905)
    at a.value (vscode-file://vscode-app/usr/lib/code/out/vs/workbench/workbench.desktop.main.js:1590:10692)
    at o.y (vscode-file://vscode-app/usr/lib/code/out/vs/workbench/workbench.desktop.main.js:87:1902)
    at o.fire (vscode-file://vscode-app/usr/lib/code/out/vs/workbench/workbench.desktop.main.js:87:2119)
    at s.fire (vscode-file://vscode-app/usr/lib/code/out/vs/workbench/workbench.desktop.main.js:628:14470)
    at x.onmessage (vscode-file://vscode-app/usr/lib/code/out/vs/workbench/workbench.desktop.main.js:1662:7751)
2024-02-18 15:47:17.234 [error] Error: unknown thread
    at n.k (vscode-file://vscode-app/usr/lib/code/out/vs/workbench/workbench.desktop.main.js:2376:60867)
    at n.deleteCommentThread (vscode-file://vscode-app/usr/lib/code/out/vs/workbench/workbench.desktop.main.js:2376:60323)
    at g.$deleteCommentThread (vscode-file://vscode-app/usr/lib/code/out/vs/workbench/workbench.desktop.main.js:2376:63337)
    at m.S (vscode-file://vscode-app/usr/lib/code/out/vs/workbench/workbench.desktop.main.js:1590:13967)
    at m.Q (vscode-file://vscode-app/usr/lib/code/out/vs/workbench/workbench.desktop.main.js:1590:13733)
    at m.M (vscode-file://vscode-app/usr/lib/code/out/vs/workbench/workbench.desktop.main.js:1590:12826)
    at m.L (vscode-file://vscode-app/usr/lib/code/out/vs/workbench/workbench.desktop.main.js:1590:11905)
    at a.value (vscode-file://vscode-app/usr/lib/code/out/vs/workbench/workbench.desktop.main.js:1590:10692)
    at o.y (vscode-file://vscode-app/usr/lib/code/out/vs/workbench/workbench.desktop.main.js:87:1902)
    at o.fire (vscode-file://vscode-app/usr/lib/code/out/vs/workbench/workbench.desktop.main.js:87:2119)
    at s.fire (vscode-file://vscode-app/usr/lib/code/out/vs/workbench/workbench.desktop.main.js:628:14470)
    at x.onmessage (vscode-file://vscode-app/usr/lib/code/out/vs/workbench/workbench.desktop.main.js:1662:7751)
2024-02-18 15:47:17.234 [error] Error: unknown thread
    at n.k (vscode-file://vscode-app/usr/lib/code/out/vs/workbench/workbench.desktop.main.js:2376:60867)
    at n.deleteCommentThread (vscode-file://vscode-app/usr/lib/code/out/vs/workbench/workbench.desktop.main.js:2376:60323)
    at g.$deleteCommentThread (vscode-file://vscode-app/usr/lib/code/out/vs/workbench/workbench.desktop.main.js:2376:63337)
    at m.S (vscode-file://vscode-app/usr/lib/code/out/vs/workbench/workbench.desktop.main.js:1590:13967)
    at m.Q (vscode-file://vscode-app/usr/lib/code/out/vs/workbench/workbench.desktop.main.js:1590:13733)
    at m.M (vscode-file://vscode-app/usr/lib/code/out/vs/workbench/workbench.desktop.main.js:1590:12826)
    at m.L (vscode-file://vscode-app/usr/lib/code/out/vs/workbench/workbench.desktop.main.js:1590:11905)
    at a.value (vscode-file://vscode-app/usr/lib/code/out/vs/workbench/workbench.desktop.main.js:1590:10692)
    at o.y (vscode-file://vscode-app/usr/lib/code/out/vs/workbench/workbench.desktop.main.js:87:1902)
    at o.fire (vscode-file://vscode-app/usr/lib/code/out/vs/workbench/workbench.desktop.main.js:87:2119)
    at s.fire (vscode-file://vscode-app/usr/lib/code/out/vs/workbench/workbench.desktop.main.js:628:14470)
    at x.onmessage (vscode-file://vscode-app/usr/lib/code/out/vs/workbench/workbench.desktop.main.js:1662:7751)
2024-02-18 15:47:17.234 [error] Error: unknown thread
    at n.k (vscode-file://vscode-app/usr/lib/code/out/vs/workbench/workbench.desktop.main.js:2376:60867)
    at n.deleteCommentThread (vscode-file://vscode-app/usr/lib/code/out/vs/workbench/workbench.desktop.main.js:2376:60323)
    at g.$deleteCommentThread (vscode-file://vscode-app/usr/lib/code/out/vs/workbench/workbench.desktop.main.js:2376:63337)
    at m.S (vscode-file://vscode-app/usr/lib/code/out/vs/workbench/workbench.desktop.main.js:1590:13967)
    at m.Q (vscode-file://vscode-app/usr/lib/code/out/vs/workbench/workbench.desktop.main.js:1590:13733)
    at m.M (vscode-file://vscode-app/usr/lib/code/out/vs/workbench/workbench.desktop.main.js:1590:12826)
    at m.L (vscode-file://vscode-app/usr/lib/code/out/vs/workbench/workbench.desktop.main.js:1590:11905)
    at a.value (vscode-file://vscode-app/usr/lib/code/out/vs/workbench/workbench.desktop.main.js:1590:10692)
    at o.y (vscode-file://vscode-app/usr/lib/code/out/vs/workbench/workbench.desktop.main.js:87:1902)
    at o.fire (vscode-file://vscode-app/usr/lib/code/out/vs/workbench/workbench.desktop.main.js:87:2119)
    at s.fire (vscode-file://vscode-app/usr/lib/code/out/vs/workbench/workbench.desktop.main.js:628:14470)
    at x.onmessage (vscode-file://vscode-app/usr/lib/code/out/vs/workbench/workbench.desktop.main.js:1662:7751)
2024-02-18 15:47:17.235 [error] Error: unknown thread
    at n.k (vscode-file://vscode-app/usr/lib/code/out/vs/workbench/workbench.desktop.main.js:2376:60867)
    at n.deleteCommentThread (vscode-file://vscode-app/usr/lib/code/out/vs/workbench/workbench.desktop.main.js:2376:60323)
    at g.$deleteCommentThread (vscode-file://vscode-app/usr/lib/code/out/vs/workbench/workbench.desktop.main.js:2376:63337)
    at m.S (vscode-file://vscode-app/usr/lib/code/out/vs/workbench/workbench.desktop.main.js:1590:13967)
    at m.Q (vscode-file://vscode-app/usr/lib/code/out/vs/workbench/workbench.desktop.main.js:1590:13733)
    at m.M (vscode-file://vscode-app/usr/lib/code/out/vs/workbench/workbench.desktop.main.js:1590:12826)
    at m.L (vscode-file://vscode-app/usr/lib/code/out/vs/workbench/workbench.desktop.main.js:1590:11905)
    at a.value (vscode-file://vscode-app/usr/lib/code/out/vs/workbench/workbench.desktop.main.js:1590:10692)
    at o.y (vscode-file://vscode-app/usr/lib/code/out/vs/workbench/workbench.desktop.main.js:87:1902)
    at o.fire (vscode-file://vscode-app/usr/lib/code/out/vs/workbench/workbench.desktop.main.js:87:2119)
    at s.fire (vscode-file://vscode-app/usr/lib/code/out/vs/workbench/workbench.desktop.main.js:628:14470)
    at x.onmessage (vscode-file://vscode-app/usr/lib/code/out/vs/workbench/workbench.desktop.main.js:1662:7751)
2024-02-18 15:47:17.235 [error] Error: unknown thread
    at n.k (vscode-file://vscode-app/usr/lib/code/out/vs/workbench/workbench.desktop.main.js:2376:60867)
    at n.deleteCommentThread (vscode-file://vscode-app/usr/lib/code/out/vs/workbench/workbench.desktop.main.js:2376:60323)
    at g.$deleteCommentThread (vscode-file://vscode-app/usr/lib/code/out/vs/workbench/workbench.desktop.main.js:2376:63337)
    at m.S (vscode-file://vscode-app/usr/lib/code/out/vs/workbench/workbench.desktop.main.js:1590:13967)
    at m.Q (vscode-file://vscode-app/usr/lib/code/out/vs/workbench/workbench.desktop.main.js:1590:13733)
    at m.M (vscode-file://vscode-app/usr/lib/code/out/vs/workbench/workbench.desktop.main.js:1590:12826)
    at m.L (vscode-file://vscode-app/usr/lib/code/out/vs/workbench/workbench.desktop.main.js:1590:11905)
    at a.value (vscode-file://vscode-app/usr/lib/code/out/vs/workbench/workbench.desktop.main.js:1590:10692)
    at o.y (vscode-file://vscode-app/usr/lib/code/out/vs/workbench/workbench.desktop.main.js:87:1902)
    at o.fire (vscode-file://vscode-app/usr/lib/code/out/vs/workbench/workbench.desktop.main.js:87:2119)
    at s.fire (vscode-file://vscode-app/usr/lib/code/out/vs/workbench/workbench.desktop.main.js:628:14470)
    at x.onmessage (vscode-file://vscode-app/usr/lib/code/out/vs/workbench/workbench.desktop.main.js:1662:7751)
2024-02-18 15:47:17.235 [error] Error: unknown thread
    at n.k (vscode-file://vscode-app/usr/lib/code/out/vs/workbench/workbench.desktop.main.js:2376:60867)
    at n.deleteCommentThread (vscode-file://vscode-app/usr/lib/code/out/vs/workbench/workbench.desktop.main.js:2376:60323)
    at g.$deleteCommentThread (vscode-file://vscode-app/usr/lib/code/out/vs/workbench/workbench.desktop.main.js:2376:63337)
    at m.S (vscode-file://vscode-app/usr/lib/code/out/vs/workbench/workbench.desktop.main.js:1590:13967)
    at m.Q (vscode-file://vscode-app/usr/lib/code/out/vs/workbench/workbench.desktop.main.js:1590:13733)
    at m.M (vscode-file://vscode-app/usr/lib/code/out/vs/workbench/workbench.desktop.main.js:1590:12826)
    at m.L (vscode-file://vscode-app/usr/lib/code/out/vs/workbench/workbench.desktop.main.js:1590:11905)
    at a.value (vscode-file://vscode-app/usr/lib/code/out/vs/workbench/workbench.desktop.main.js:1590:10692)
    at o.y (vscode-file://vscode-app/usr/lib/code/out/vs/workbench/workbench.desktop.main.js:87:1902)
    at o.fire (vscode-file://vscode-app/usr/lib/code/out/vs/workbench/workbench.desktop.main.js:87:2119)
    at s.fire (vscode-file://vscode-app/usr/lib/code/out/vs/workbench/workbench.desktop.main.js:628:14470)
    at x.onmessage (vscode-file://vscode-app/usr/lib/code/out/vs/workbench/workbench.desktop.main.js:1662:7751)
2024-02-18 15:47:17.235 [error] Error: unknown thread
    at n.k (vscode-file://vscode-app/usr/lib/code/out/vs/workbench/workbench.desktop.main.js:2376:60867)
    at n.deleteCommentThread (vscode-file://vscode-app/usr/lib/code/out/vs/workbench/workbench.desktop.main.js:2376:60323)
    at g.$deleteCommentThread (vscode-file://vscode-app/usr/lib/code/out/vs/workbench/workbench.desktop.main.js:2376:63337)
    at m.S (vscode-file://vscode-app/usr/lib/code/out/vs/workbench/workbench.desktop.main.js:1590:13967)
    at m.Q (vscode-file://vscode-app/usr/lib/code/out/vs/workbench/workbench.desktop.main.js:1590:13733)
    at m.M (vscode-file://vscode-app/usr/lib/code/out/vs/workbench/workbench.desktop.main.js:1590:12826)
    at m.L (vscode-file://vscode-app/usr/lib/code/out/vs/workbench/workbench.desktop.main.js:1590:11905)
    at a.value (vscode-file://vscode-app/usr/lib/code/out/vs/workbench/workbench.desktop.main.js:1590:10692)
    at o.y (vscode-file://vscode-app/usr/lib/code/out/vs/workbench/workbench.desktop.main.js:87:1902)
    at o.fire (vscode-file://vscode-app/usr/lib/code/out/vs/workbench/workbench.desktop.main.js:87:2119)
    at s.fire (vscode-file://vscode-app/usr/lib/code/out/vs/workbench/workbench.desktop.main.js:628:14470)
    at x.onmessage (vscode-file://vscode-app/usr/lib/code/out/vs/workbench/workbench.desktop.main.js:1662:7751)
2024-02-18 15:48:31.133 [error] Error: unknown thread
    at n.k (vscode-file://vscode-app/usr/lib/code/out/vs/workbench/workbench.desktop.main.js:2376:60867)
    at n.deleteCommentThread (vscode-file://vscode-app/usr/lib/code/out/vs/workbench/workbench.desktop.main.js:2376:60323)
    at g.$deleteCommentThread (vscode-file://vscode-app/usr/lib/code/out/vs/workbench/workbench.desktop.main.js:2376:63337)
    at m.S (vscode-file://vscode-app/usr/lib/code/out/vs/workbench/workbench.desktop.main.js:1590:13967)
    at m.Q (vscode-file://vscode-app/usr/lib/code/out/vs/workbench/workbench.desktop.main.js:1590:13733)
    at m.M (vscode-file://vscode-app/usr/lib/code/out/vs/workbench/workbench.desktop.main.js:1590:12826)
    at m.L (vscode-file://vscode-app/usr/lib/code/out/vs/workbench/workbench.desktop.main.js:1590:11905)
    at a.value (vscode-file://vscode-app/usr/lib/code/out/vs/workbench/workbench.desktop.main.js:1590:10692)
    at o.y (vscode-file://vscode-app/usr/lib/code/out/vs/workbench/workbench.desktop.main.js:87:1902)
    at o.fire (vscode-file://vscode-app/usr/lib/code/out/vs/workbench/workbench.desktop.main.js:87:2119)
    at s.fire (vscode-file://vscode-app/usr/lib/code/out/vs/workbench/workbench.desktop.main.js:628:14470)
    at x.onmessage (vscode-file://vscode-app/usr/lib/code/out/vs/workbench/workbench.desktop.main.js:1662:7751)
2024-02-18 15:48:31.133 [error] Error: unknown thread
    at n.k (vscode-file://vscode-app/usr/lib/code/out/vs/workbench/workbench.desktop.main.js:2376:60867)
    at n.deleteCommentThread (vscode-file://vscode-app/usr/lib/code/out/vs/workbench/workbench.desktop.main.js:2376:60323)
    at g.$deleteCommentThread (vscode-file://vscode-app/usr/lib/code/out/vs/workbench/workbench.desktop.main.js:2376:63337)
    at m.S (vscode-file://vscode-app/usr/lib/code/out/vs/workbench/workbench.desktop.main.js:1590:13967)
    at m.Q (vscode-file://vscode-app/usr/lib/code/out/vs/workbench/workbench.desktop.main.js:1590:13733)
    at m.M (vscode-file://vscode-app/usr/lib/code/out/vs/workbench/workbench.desktop.main.js:1590:12826)
    at m.L (vscode-file://vscode-app/usr/lib/code/out/vs/workbench/workbench.desktop.main.js:1590:11905)
    at a.value (vscode-file://vscode-app/usr/lib/code/out/vs/workbench/workbench.desktop.main.js:1590:10692)
    at o.y (vscode-file://vscode-app/usr/lib/code/out/vs/workbench/workbench.desktop.main.js:87:1902)
    at o.fire (vscode-file://vscode-app/usr/lib/code/out/vs/workbench/workbench.desktop.main.js:87:2119)
    at s.fire (vscode-file://vscode-app/usr/lib/code/out/vs/workbench/workbench.desktop.main.js:628:14470)
    at x.onmessage (vscode-file://vscode-app/usr/lib/code/out/vs/workbench/workbench.desktop.main.js:1662:7751)
2024-02-18 15:48:31.134 [error] Error: unknown thread
    at n.k (vscode-file://vscode-app/usr/lib/code/out/vs/workbench/workbench.desktop.main.js:2376:60867)
    at n.deleteCommentThread (vscode-file://vscode-app/usr/lib/code/out/vs/workbench/workbench.desktop.main.js:2376:60323)
    at g.$deleteCommentThread (vscode-file://vscode-app/usr/lib/code/out/vs/workbench/workbench.desktop.main.js:2376:63337)
    at m.S (vscode-file://vscode-app/usr/lib/code/out/vs/workbench/workbench.desktop.main.js:1590:13967)
    at m.Q (vscode-file://vscode-app/usr/lib/code/out/vs/workbench/workbench.desktop.main.js:1590:13733)
    at m.M (vscode-file://vscode-app/usr/lib/code/out/vs/workbench/workbench.desktop.main.js:1590:12826)
    at m.L (vscode-file://vscode-app/usr/lib/code/out/vs/workbench/workbench.desktop.main.js:1590:11905)
    at a.value (vscode-file://vscode-app/usr/lib/code/out/vs/workbench/workbench.desktop.main.js:1590:10692)
    at o.y (vscode-file://vscode-app/usr/lib/code/out/vs/workbench/workbench.desktop.main.js:87:1902)
    at o.fire (vscode-file://vscode-app/usr/lib/code/out/vs/workbench/workbench.desktop.main.js:87:2119)
    at s.fire (vscode-file://vscode-app/usr/lib/code/out/vs/workbench/workbench.desktop.main.js:628:14470)
    at x.onmessage (vscode-file://vscode-app/usr/lib/code/out/vs/workbench/workbench.desktop.main.js:1662:7751)
2024-02-18 15:48:31.134 [error] Error: unknown thread
    at n.k (vscode-file://vscode-app/usr/lib/code/out/vs/workbench/workbench.desktop.main.js:2376:60867)
    at n.deleteCommentThread (vscode-file://vscode-app/usr/lib/code/out/vs/workbench/workbench.desktop.main.js:2376:60323)
    at g.$deleteCommentThread (vscode-file://vscode-app/usr/lib/code/out/vs/workbench/workbench.desktop.main.js:2376:63337)
    at m.S (vscode-file://vscode-app/usr/lib/code/out/vs/workbench/workbench.desktop.main.js:1590:13967)
    at m.Q (vscode-file://vscode-app/usr/lib/code/out/vs/workbench/workbench.desktop.main.js:1590:13733)
    at m.M (vscode-file://vscode-app/usr/lib/code/out/vs/workbench/workbench.desktop.main.js:1590:12826)
    at m.L (vscode-file://vscode-app/usr/lib/code/out/vs/workbench/workbench.desktop.main.js:1590:11905)
    at a.value (vscode-file://vscode-app/usr/lib/code/out/vs/workbench/workbench.desktop.main.js:1590:10692)
    at o.y (vscode-file://vscode-app/usr/lib/code/out/vs/workbench/workbench.desktop.main.js:87:1902)
    at o.fire (vscode-file://vscode-app/usr/lib/code/out/vs/workbench/workbench.desktop.main.js:87:2119)
    at s.fire (vscode-file://vscode-app/usr/lib/code/out/vs/workbench/workbench.desktop.main.js:628:14470)
    at x.onmessage (vscode-file://vscode-app/usr/lib/code/out/vs/workbench/workbench.desktop.main.js:1662:7751)
2024-02-18 15:48:33.920 [error] Error: unknown thread
    at n.k (vscode-file://vscode-app/usr/lib/code/out/vs/workbench/workbench.desktop.main.js:2376:60867)
    at n.deleteCommentThread (vscode-file://vscode-app/usr/lib/code/out/vs/workbench/workbench.desktop.main.js:2376:60323)
    at g.$deleteCommentThread (vscode-file://vscode-app/usr/lib/code/out/vs/workbench/workbench.desktop.main.js:2376:63337)
    at m.S (vscode-file://vscode-app/usr/lib/code/out/vs/workbench/workbench.desktop.main.js:1590:13967)
    at m.Q (vscode-file://vscode-app/usr/lib/code/out/vs/workbench/workbench.desktop.main.js:1590:13733)
    at m.M (vscode-file://vscode-app/usr/lib/code/out/vs/workbench/workbench.desktop.main.js:1590:12826)
    at m.L (vscode-file://vscode-app/usr/lib/code/out/vs/workbench/workbench.desktop.main.js:1590:11905)
    at a.value (vscode-file://vscode-app/usr/lib/code/out/vs/workbench/workbench.desktop.main.js:1590:10692)
    at o.y (vscode-file://vscode-app/usr/lib/code/out/vs/workbench/workbench.desktop.main.js:87:1902)
    at o.fire (vscode-file://vscode-app/usr/lib/code/out/vs/workbench/workbench.desktop.main.js:87:2119)
    at s.fire (vscode-file://vscode-app/usr/lib/code/out/vs/workbench/workbench.desktop.main.js:628:14470)
    at x.onmessage (vscode-file://vscode-app/usr/lib/code/out/vs/workbench/workbench.desktop.main.js:1662:7751)
2024-02-18 15:52:34.161 [warning] TextEditor is closed/disposed
2024-02-18 16:05:02.063 [warning] TextEditor is closed/disposed
2024-02-18 16:05:02.169 [warning] Illegal argument: TextEditor(vs.editor.ICodeEditor:1,$model42)
2024-02-18 16:05:08.133 [warning] Illegal argument: TextEditor(vs.editor.ICodeEditor:1,$model39)
2024-02-18 16:05:08.153 [warning] Illegal argument: TextEditor(vs.editor.ICodeEditor:1,$model39)
2024-02-18 16:05:08.153 [warning] Illegal argument: TextEditor(vs.editor.ICodeEditor:1,$model39)
2024-02-18 16:05:08.154 [warning] Illegal argument: TextEditor(vs.editor.ICodeEditor:1,$model39)
2024-02-18 16:05:08.154 [warning] Illegal argument: TextEditor(vs.editor.ICodeEditor:1,$model39)
2024-02-18 16:05:17.909 [warning] TextEditor is closed/disposed
2024-02-18 16:05:26.347 [error] Error: unknown thread
    at n.k (vscode-file://vscode-app/usr/lib/code/out/vs/workbench/workbench.desktop.main.js:2376:60867)
    at n.deleteCommentThread (vscode-file://vscode-app/usr/lib/code/out/vs/workbench/workbench.desktop.main.js:2376:60323)
    at g.$deleteCommentThread (vscode-file://vscode-app/usr/lib/code/out/vs/workbench/workbench.desktop.main.js:2376:63337)
    at m.S (vscode-file://vscode-app/usr/lib/code/out/vs/workbench/workbench.desktop.main.js:1590:13967)
    at m.Q (vscode-file://vscode-app/usr/lib/code/out/vs/workbench/workbench.desktop.main.js:1590:13733)
    at m.M (vscode-file://vscode-app/usr/lib/code/out/vs/workbench/workbench.desktop.main.js:1590:12826)
    at m.L (vscode-file://vscode-app/usr/lib/code/out/vs/workbench/workbench.desktop.main.js:1590:11905)
    at a.value (vscode-file://vscode-app/usr/lib/code/out/vs/workbench/workbench.desktop.main.js:1590:10692)
    at o.y (vscode-file://vscode-app/usr/lib/code/out/vs/workbench/workbench.desktop.main.js:87:1902)
    at o.fire (vscode-file://vscode-app/usr/lib/code/out/vs/workbench/workbench.desktop.main.js:87:2119)
    at s.fire (vscode-file://vscode-app/usr/lib/code/out/vs/workbench/workbench.desktop.main.js:628:14470)
    at x.onmessage (vscode-file://vscode-app/usr/lib/code/out/vs/workbench/workbench.desktop.main.js:1662:7751)
2024-02-18 16:05:26.347 [error] Error: unknown thread
    at n.k (vscode-file://vscode-app/usr/lib/code/out/vs/workbench/workbench.desktop.main.js:2376:60867)
    at n.deleteCommentThread (vscode-file://vscode-app/usr/lib/code/out/vs/workbench/workbench.desktop.main.js:2376:60323)
    at g.$deleteCommentThread (vscode-file://vscode-app/usr/lib/code/out/vs/workbench/workbench.desktop.main.js:2376:63337)
    at m.S (vscode-file://vscode-app/usr/lib/code/out/vs/workbench/workbench.desktop.main.js:1590:13967)
    at m.Q (vscode-file://vscode-app/usr/lib/code/out/vs/workbench/workbench.desktop.main.js:1590:13733)
    at m.M (vscode-file://vscode-app/usr/lib/code/out/vs/workbench/workbench.desktop.main.js:1590:12826)
    at m.L (vscode-file://vscode-app/usr/lib/code/out/vs/workbench/workbench.desktop.main.js:1590:11905)
    at a.value (vscode-file://vscode-app/usr/lib/code/out/vs/workbench/workbench.desktop.main.js:1590:10692)
    at o.y (vscode-file://vscode-app/usr/lib/code/out/vs/workbench/workbench.desktop.main.js:87:1902)
    at o.fire (vscode-file://vscode-app/usr/lib/code/out/vs/workbench/workbench.desktop.main.js:87:2119)
    at s.fire (vscode-file://vscode-app/usr/lib/code/out/vs/workbench/workbench.desktop.main.js:628:14470)
    at x.onmessage (vscode-file://vscode-app/usr/lib/code/out/vs/workbench/workbench.desktop.main.js:1662:7751)
2024-02-18 16:05:26.347 [error] Error: unknown thread
    at n.k (vscode-file://vscode-app/usr/lib/code/out/vs/workbench/workbench.desktop.main.js:2376:60867)
    at n.deleteCommentThread (vscode-file://vscode-app/usr/lib/code/out/vs/workbench/workbench.desktop.main.js:2376:60323)
    at g.$deleteCommentThread (vscode-file://vscode-app/usr/lib/code/out/vs/workbench/workbench.desktop.main.js:2376:63337)
    at m.S (vscode-file://vscode-app/usr/lib/code/out/vs/workbench/workbench.desktop.main.js:1590:13967)
    at m.Q (vscode-file://vscode-app/usr/lib/code/out/vs/workbench/workbench.desktop.main.js:1590:13733)
    at m.M (vscode-file://vscode-app/usr/lib/code/out/vs/workbench/workbench.desktop.main.js:1590:12826)
    at m.L (vscode-file://vscode-app/usr/lib/code/out/vs/workbench/workbench.desktop.main.js:1590:11905)
    at a.value (vscode-file://vscode-app/usr/lib/code/out/vs/workbench/workbench.desktop.main.js:1590:10692)
    at o.y (vscode-file://vscode-app/usr/lib/code/out/vs/workbench/workbench.desktop.main.js:87:1902)
    at o.fire (vscode-file://vscode-app/usr/lib/code/out/vs/workbench/workbench.desktop.main.js:87:2119)
    at s.fire (vscode-file://vscode-app/usr/lib/code/out/vs/workbench/workbench.desktop.main.js:628:14470)
    at x.onmessage (vscode-file://vscode-app/usr/lib/code/out/vs/workbench/workbench.desktop.main.js:1662:7751)
2024-02-18 16:05:26.347 [error] Error: unknown thread
    at n.k (vscode-file://vscode-app/usr/lib/code/out/vs/workbench/workbench.desktop.main.js:2376:60867)
    at n.deleteCommentThread (vscode-file://vscode-app/usr/lib/code/out/vs/workbench/workbench.desktop.main.js:2376:60323)
    at g.$deleteCommentThread (vscode-file://vscode-app/usr/lib/code/out/vs/workbench/workbench.desktop.main.js:2376:63337)
    at m.S (vscode-file://vscode-app/usr/lib/code/out/vs/workbench/workbench.desktop.main.js:1590:13967)
    at m.Q (vscode-file://vscode-app/usr/lib/code/out/vs/workbench/workbench.desktop.main.js:1590:13733)
    at m.M (vscode-file://vscode-app/usr/lib/code/out/vs/workbench/workbench.desktop.main.js:1590:12826)
    at m.L (vscode-file://vscode-app/usr/lib/code/out/vs/workbench/workbench.desktop.main.js:1590:11905)
    at a.value (vscode-file://vscode-app/usr/lib/code/out/vs/workbench/workbench.desktop.main.js:1590:10692)
    at o.y (vscode-file://vscode-app/usr/lib/code/out/vs/workbench/workbench.desktop.main.js:87:1902)
    at o.fire (vscode-file://vscode-app/usr/lib/code/out/vs/workbench/workbench.desktop.main.js:87:2119)
    at s.fire (vscode-file://vscode-app/usr/lib/code/out/vs/workbench/workbench.desktop.main.js:628:14470)
    at x.onmessage (vscode-file://vscode-app/usr/lib/code/out/vs/workbench/workbench.desktop.main.js:1662:7751)
2024-02-18 16:05:26.347 [error] Error: unknown thread
    at n.k (vscode-file://vscode-app/usr/lib/code/out/vs/workbench/workbench.desktop.main.js:2376:60867)
    at n.deleteCommentThread (vscode-file://vscode-app/usr/lib/code/out/vs/workbench/workbench.desktop.main.js:2376:60323)
    at g.$deleteCommentThread (vscode-file://vscode-app/usr/lib/code/out/vs/workbench/workbench.desktop.main.js:2376:63337)
    at m.S (vscode-file://vscode-app/usr/lib/code/out/vs/workbench/workbench.desktop.main.js:1590:13967)
    at m.Q (vscode-file://vscode-app/usr/lib/code/out/vs/workbench/workbench.desktop.main.js:1590:13733)
    at m.M (vscode-file://vscode-app/usr/lib/code/out/vs/workbench/workbench.desktop.main.js:1590:12826)
    at m.L (vscode-file://vscode-app/usr/lib/code/out/vs/workbench/workbench.desktop.main.js:1590:11905)
    at a.value (vscode-file://vscode-app/usr/lib/code/out/vs/workbench/workbench.desktop.main.js:1590:10692)
    at o.y (vscode-file://vscode-app/usr/lib/code/out/vs/workbench/workbench.desktop.main.js:87:1902)
    at o.fire (vscode-file://vscode-app/usr/lib/code/out/vs/workbench/workbench.desktop.main.js:87:2119)
    at s.fire (vscode-file://vscode-app/usr/lib/code/out/vs/workbench/workbench.desktop.main.js:628:14470)
    at x.onmessage (vscode-file://vscode-app/usr/lib/code/out/vs/workbench/workbench.desktop.main.js:1662:7751)
2024-02-18 16:05:26.347 [error] Error: unknown thread
    at n.k (vscode-file://vscode-app/usr/lib/code/out/vs/workbench/workbench.desktop.main.js:2376:60867)
    at n.deleteCommentThread (vscode-file://vscode-app/usr/lib/code/out/vs/workbench/workbench.desktop.main.js:2376:60323)
    at g.$deleteCommentThread (vscode-file://vscode-app/usr/lib/code/out/vs/workbench/workbench.desktop.main.js:2376:63337)
    at m.S (vscode-file://vscode-app/usr/lib/code/out/vs/workbench/workbench.desktop.main.js:1590:13967)
    at m.Q (vscode-file://vscode-app/usr/lib/code/out/vs/workbench/workbench.desktop.main.js:1590:13733)
    at m.M (vscode-file://vscode-app/usr/lib/code/out/vs/workbench/workbench.desktop.main.js:1590:12826)
    at m.L (vscode-file://vscode-app/usr/lib/code/out/vs/workbench/workbench.desktop.main.js:1590:11905)
    at a.value (vscode-file://vscode-app/usr/lib/code/out/vs/workbench/workbench.desktop.main.js:1590:10692)
    at o.y (vscode-file://vscode-app/usr/lib/code/out/vs/workbench/workbench.desktop.main.js:87:1902)
    at o.fire (vscode-file://vscode-app/usr/lib/code/out/vs/workbench/workbench.desktop.main.js:87:2119)
    at s.fire (vscode-file://vscode-app/usr/lib/code/out/vs/workbench/workbench.desktop.main.js:628:14470)
    at x.onmessage (vscode-file://vscode-app/usr/lib/code/out/vs/workbench/workbench.desktop.main.js:1662:7751)
2024-02-18 16:05:26.347 [error] Error: unknown thread
    at n.k (vscode-file://vscode-app/usr/lib/code/out/vs/workbench/workbench.desktop.main.js:2376:60867)
    at n.deleteCommentThread (vscode-file://vscode-app/usr/lib/code/out/vs/workbench/workbench.desktop.main.js:2376:60323)
    at g.$deleteCommentThread (vscode-file://vscode-app/usr/lib/code/out/vs/workbench/workbench.desktop.main.js:2376:63337)
    at m.S (vscode-file://vscode-app/usr/lib/code/out/vs/workbench/workbench.desktop.main.js:1590:13967)
    at m.Q (vscode-file://vscode-app/usr/lib/code/out/vs/workbench/workbench.desktop.main.js:1590:13733)
    at m.M (vscode-file://vscode-app/usr/lib/code/out/vs/workbench/workbench.desktop.main.js:1590:12826)
    at m.L (vscode-file://vscode-app/usr/lib/code/out/vs/workbench/workbench.desktop.main.js:1590:11905)
    at a.value (vscode-file://vscode-app/usr/lib/code/out/vs/workbench/workbench.desktop.main.js:1590:10692)
    at o.y (vscode-file://vscode-app/usr/lib/code/out/vs/workbench/workbench.desktop.main.js:87:1902)
    at o.fire (vscode-file://vscode-app/usr/lib/code/out/vs/workbench/workbench.desktop.main.js:87:2119)
    at s.fire (vscode-file://vscode-app/usr/lib/code/out/vs/workbench/workbench.desktop.main.js:628:14470)
    at x.onmessage (vscode-file://vscode-app/usr/lib/code/out/vs/workbench/workbench.desktop.main.js:1662:7751)
2024-02-18 16:05:26.347 [error] Error: unknown thread
    at n.k (vscode-file://vscode-app/usr/lib/code/out/vs/workbench/workbench.desktop.main.js:2376:60867)
    at n.deleteCommentThread (vscode-file://vscode-app/usr/lib/code/out/vs/workbench/workbench.desktop.main.js:2376:60323)
    at g.$deleteCommentThread (vscode-file://vscode-app/usr/lib/code/out/vs/workbench/workbench.desktop.main.js:2376:63337)
    at m.S (vscode-file://vscode-app/usr/lib/code/out/vs/workbench/workbench.desktop.main.js:1590:13967)
    at m.Q (vscode-file://vscode-app/usr/lib/code/out/vs/workbench/workbench.desktop.main.js:1590:13733)
    at m.M (vscode-file://vscode-app/usr/lib/code/out/vs/workbench/workbench.desktop.main.js:1590:12826)
    at m.L (vscode-file://vscode-app/usr/lib/code/out/vs/workbench/workbench.desktop.main.js:1590:11905)
    at a.value (vscode-file://vscode-app/usr/lib/code/out/vs/workbench/workbench.desktop.main.js:1590:10692)
    at o.y (vscode-file://vscode-app/usr/lib/code/out/vs/workbench/workbench.desktop.main.js:87:1902)
    at o.fire (vscode-file://vscode-app/usr/lib/code/out/vs/workbench/workbench.desktop.main.js:87:2119)
    at s.fire (vscode-file://vscode-app/usr/lib/code/out/vs/workbench/workbench.desktop.main.js:628:14470)
    at x.onmessage (vscode-file://vscode-app/usr/lib/code/out/vs/workbench/workbench.desktop.main.js:1662:7751)
2024-02-18 16:05:26.347 [error] Error: unknown thread
    at n.k (vscode-file://vscode-app/usr/lib/code/out/vs/workbench/workbench.desktop.main.js:2376:60867)
    at n.deleteCommentThread (vscode-file://vscode-app/usr/lib/code/out/vs/workbench/workbench.desktop.main.js:2376:60323)
    at g.$deleteCommentThread (vscode-file://vscode-app/usr/lib/code/out/vs/workbench/workbench.desktop.main.js:2376:63337)
    at m.S (vscode-file://vscode-app/usr/lib/code/out/vs/workbench/workbench.desktop.main.js:1590:13967)
    at m.Q (vscode-file://vscode-app/usr/lib/code/out/vs/workbench/workbench.desktop.main.js:1590:13733)
    at m.M (vscode-file://vscode-app/usr/lib/code/out/vs/workbench/workbench.desktop.main.js:1590:12826)
    at m.L (vscode-file://vscode-app/usr/lib/code/out/vs/workbench/workbench.desktop.main.js:1590:11905)
    at a.value (vscode-file://vscode-app/usr/lib/code/out/vs/workbench/workbench.desktop.main.js:1590:10692)
    at o.y (vscode-file://vscode-app/usr/lib/code/out/vs/workbench/workbench.desktop.main.js:87:1902)
    at o.fire (vscode-file://vscode-app/usr/lib/code/out/vs/workbench/workbench.desktop.main.js:87:2119)
    at s.fire (vscode-file://vscode-app/usr/lib/code/out/vs/workbench/workbench.desktop.main.js:628:14470)
    at x.onmessage (vscode-file://vscode-app/usr/lib/code/out/vs/workbench/workbench.desktop.main.js:1662:7751)
2024-02-18 16:05:26.348 [error] Error: unknown thread
    at n.k (vscode-file://vscode-app/usr/lib/code/out/vs/workbench/workbench.desktop.main.js:2376:60867)
    at n.deleteCommentThread (vscode-file://vscode-app/usr/lib/code/out/vs/workbench/workbench.desktop.main.js:2376:60323)
    at g.$deleteCommentThread (vscode-file://vscode-app/usr/lib/code/out/vs/workbench/workbench.desktop.main.js:2376:63337)
    at m.S (vscode-file://vscode-app/usr/lib/code/out/vs/workbench/workbench.desktop.main.js:1590:13967)
    at m.Q (vscode-file://vscode-app/usr/lib/code/out/vs/workbench/workbench.desktop.main.js:1590:13733)
    at m.M (vscode-file://vscode-app/usr/lib/code/out/vs/workbench/workbench.desktop.main.js:1590:12826)
    at m.L (vscode-file://vscode-app/usr/lib/code/out/vs/workbench/workbench.desktop.main.js:1590:11905)
    at a.value (vscode-file://vscode-app/usr/lib/code/out/vs/workbench/workbench.desktop.main.js:1590:10692)
    at o.y (vscode-file://vscode-app/usr/lib/code/out/vs/workbench/workbench.desktop.main.js:87:1902)
    at o.fire (vscode-file://vscode-app/usr/lib/code/out/vs/workbench/workbench.desktop.main.js:87:2119)
    at s.fire (vscode-file://vscode-app/usr/lib/code/out/vs/workbench/workbench.desktop.main.js:628:14470)
    at x.onmessage (vscode-file://vscode-app/usr/lib/code/out/vs/workbench/workbench.desktop.main.js:1662:7751)
2024-02-18 16:05:26.387 [warning] Illegal argument: TextEditor(vs.editor.ICodeEditor:1,$model55)
2024-02-18 16:05:26.387 [warning] Illegal argument: TextEditor(vs.editor.ICodeEditor:1,$model55)
2024-02-18 16:06:03.336 [error] Error: unknown thread
    at n.k (vscode-file://vscode-app/usr/lib/code/out/vs/workbench/workbench.desktop.main.js:2376:60867)
    at n.deleteCommentThread (vscode-file://vscode-app/usr/lib/code/out/vs/workbench/workbench.desktop.main.js:2376:60323)
    at g.$deleteCommentThread (vscode-file://vscode-app/usr/lib/code/out/vs/workbench/workbench.desktop.main.js:2376:63337)
    at m.S (vscode-file://vscode-app/usr/lib/code/out/vs/workbench/workbench.desktop.main.js:1590:13967)
    at m.Q (vscode-file://vscode-app/usr/lib/code/out/vs/workbench/workbench.desktop.main.js:1590:13733)
    at m.M (vscode-file://vscode-app/usr/lib/code/out/vs/workbench/workbench.desktop.main.js:1590:12826)
    at m.L (vscode-file://vscode-app/usr/lib/code/out/vs/workbench/workbench.desktop.main.js:1590:11905)
    at a.value (vscode-file://vscode-app/usr/lib/code/out/vs/workbench/workbench.desktop.main.js:1590:10692)
    at o.y (vscode-file://vscode-app/usr/lib/code/out/vs/workbench/workbench.desktop.main.js:87:1902)
    at o.fire (vscode-file://vscode-app/usr/lib/code/out/vs/workbench/workbench.desktop.main.js:87:2119)
    at s.fire (vscode-file://vscode-app/usr/lib/code/out/vs/workbench/workbench.desktop.main.js:628:14470)
    at x.onmessage (vscode-file://vscode-app/usr/lib/code/out/vs/workbench/workbench.desktop.main.js:1662:7751)
2024-02-18 16:06:03.336 [error] Error: unknown thread
    at n.k (vscode-file://vscode-app/usr/lib/code/out/vs/workbench/workbench.desktop.main.js:2376:60867)
    at n.deleteCommentThread (vscode-file://vscode-app/usr/lib/code/out/vs/workbench/workbench.desktop.main.js:2376:60323)
    at g.$deleteCommentThread (vscode-file://vscode-app/usr/lib/code/out/vs/workbench/workbench.desktop.main.js:2376:63337)
    at m.S (vscode-file://vscode-app/usr/lib/code/out/vs/workbench/workbench.desktop.main.js:1590:13967)
    at m.Q (vscode-file://vscode-app/usr/lib/code/out/vs/workbench/workbench.desktop.main.js:1590:13733)
    at m.M (vscode-file://vscode-app/usr/lib/code/out/vs/workbench/workbench.desktop.main.js:1590:12826)
    at m.L (vscode-file://vscode-app/usr/lib/code/out/vs/workbench/workbench.desktop.main.js:1590:11905)
    at a.value (vscode-file://vscode-app/usr/lib/code/out/vs/workbench/workbench.desktop.main.js:1590:10692)
    at o.y (vscode-file://vscode-app/usr/lib/code/out/vs/workbench/workbench.desktop.main.js:87:1902)
    at o.fire (vscode-file://vscode-app/usr/lib/code/out/vs/workbench/workbench.desktop.main.js:87:2119)
    at s.fire (vscode-file://vscode-app/usr/lib/code/out/vs/workbench/workbench.desktop.main.js:628:14470)
    at x.onmessage (vscode-file://vscode-app/usr/lib/code/out/vs/workbench/workbench.desktop.main.js:1662:7751)
2024-02-18 16:06:18.158 [info] Extension host terminating: renderer closed the MessagePort
2024-02-18 16:06:18.207 [error] Canceled: Canceled
    at new f (/usr/lib/code/out/vs/workbench/api/node/extensionHostProcess.js:140:45069)
    at d.U (/usr/lib/code/out/vs/workbench/api/node/extensionHostProcess.js:147:5557)
    at Proxy.T.<computed>.O.charCodeAt.T.<computed> (/usr/lib/code/out/vs/workbench/api/node/extensionHostProcess.js:147:3008)
    at s.g (/usr/lib/code/out/vs/workbench/api/node/extensionHostProcess.js:150:174704)
    at s.executeCommand (/usr/lib/code/out/vs/workbench/api/node/extensionHostProcess.js:150:174142)
    at m.registerCommand.description (/usr/lib/code/out/vs/workbench/api/node/extensionHostProcess.js:150:173466)
    at s.h (/usr/lib/code/out/vs/workbench/api/node/extensionHostProcess.js:150:175243)
    at s.g (/usr/lib/code/out/vs/workbench/api/node/extensionHostProcess.js:150:174235)
    at s.executeCommand (/usr/lib/code/out/vs/workbench/api/node/extensionHostProcess.js:150:174142)
    at Object.executeCommand (/usr/lib/code/out/vs/workbench/api/node/extensionHostProcess.js:160:21634)
    at g.I [as value] (/usr/lib/code/extensions/git/dist/main.js:2:927298)
    at r.y (/usr/lib/code/out/vs/workbench/api/node/extensionHostProcess.js:80:1902)
    at r.z (/usr/lib/code/out/vs/workbench/api/node/extensionHostProcess.js:80:1972)
    at r.fire (/usr/lib/code/out/vs/workbench/api/node/extensionHostProcess.js:80:2188)
    at Object.m [as dispose] (/usr/lib/code/extensions/git/dist/main.js:2:943089)
    at /usr/lib/code/extensions/git/dist/main.js:2:947930
    at Array.forEach (<anonymous>)
    at p.dispose (/usr/lib/code/extensions/git/dist/main.js:2:947916)
    at c.<anonymous> (/usr/lib/code/out/vs/workbench/api/node/extensionHostProcess.js:148:3650)
    at c.dispose (/usr/lib/code/out/vs/workbench/api/node/extensionHostProcess.js:148:3747)
    at c.<anonymous> (/usr/lib/code/extensions/git/dist/main.js:2:929310)
    at c.dispose (/usr/lib/code/out/vs/workbench/api/node/extensionHostProcess.js:148:3747)
    at o (/usr/lib/code/out/vs/workbench/api/node/extensionHostProcess.js:30:754)
    at g.cb (/usr/lib/code/out/vs/workbench/api/node/extensionHostProcess.js:156:9874)
    at /usr/lib/code/out/vs/workbench/api/node/extensionHostProcess.js:156:7808
    at Array.map (<anonymous>)
    at g.Y (/usr/lib/code/out/vs/workbench/api/node/extensionHostProcess.js:156:7795)
    at g.terminate (/usr/lib/code/out/vs/workbench/api/node/extensionHostProcess.js:156:8068)
    at o.terminate (/usr/lib/code/out/vs/workbench/api/node/extensionHostProcess.js:160:1513)
    at t (/usr/lib/code/out/vs/workbench/api/node/extensionHostProcess.js:173:9950)
    at MessagePortMain.<anonymous> (/usr/lib/code/out/vs/workbench/api/node/extensionHostProcess.js:173:6375)
    at MessagePortMain.emit (node:events:514:28)
    at Object.emit (node:electron/js2c/utility_init:2:2285) setContext undefined
2024-02-18 16:06:18.210 [error] Canceled: Canceled
    at new f (/usr/lib/code/out/vs/workbench/api/node/extensionHostProcess.js:140:45069)
    at d.U (/usr/lib/code/out/vs/workbench/api/node/extensionHostProcess.js:147:5557)
    at Proxy.T.<computed>.O.charCodeAt.T.<computed> (/usr/lib/code/out/vs/workbench/api/node/extensionHostProcess.js:147:3008)
    at s.g (/usr/lib/code/out/vs/workbench/api/node/extensionHostProcess.js:150:174704)
    at s.executeCommand (/usr/lib/code/out/vs/workbench/api/node/extensionHostProcess.js:150:174142)
    at m.registerCommand.description (/usr/lib/code/out/vs/workbench/api/node/extensionHostProcess.js:150:173466)
    at s.h (/usr/lib/code/out/vs/workbench/api/node/extensionHostProcess.js:150:175243)
    at s.g (/usr/lib/code/out/vs/workbench/api/node/extensionHostProcess.js:150:174235)
    at s.executeCommand (/usr/lib/code/out/vs/workbench/api/node/extensionHostProcess.js:150:174142)
    at Object.executeCommand (/usr/lib/code/out/vs/workbench/api/node/extensionHostProcess.js:160:21634)
    at a.$D.set b [as b] (/usr/lib/code/extensions/github/dist/extension.js:2:322364)
    at /usr/lib/code/extensions/github/dist/extension.js:2:323005
    at g.value (/usr/lib/code/extensions/git/dist/main.js:2:1018251)
    at r.y (/usr/lib/code/out/vs/workbench/api/node/extensionHostProcess.js:80:1902)
    at r.z (/usr/lib/code/out/vs/workbench/api/node/extensionHostProcess.js:80:1972)
    at r.fire (/usr/lib/code/out/vs/workbench/api/node/extensionHostProcess.js:80:2188)
    at Object.m [as dispose] (/usr/lib/code/extensions/git/dist/main.js:2:943089)
    at /usr/lib/code/extensions/git/dist/main.js:2:947930
    at Array.forEach (<anonymous>)
    at p.dispose (/usr/lib/code/extensions/git/dist/main.js:2:947916)
    at c.<anonymous> (/usr/lib/code/out/vs/workbench/api/node/extensionHostProcess.js:148:3650)
    at c.dispose (/usr/lib/code/out/vs/workbench/api/node/extensionHostProcess.js:148:3747)
    at c.<anonymous> (/usr/lib/code/extensions/git/dist/main.js:2:929310)
    at c.dispose (/usr/lib/code/out/vs/workbench/api/node/extensionHostProcess.js:148:3747)
    at o (/usr/lib/code/out/vs/workbench/api/node/extensionHostProcess.js:30:754)
    at g.cb (/usr/lib/code/out/vs/workbench/api/node/extensionHostProcess.js:156:9874)
    at /usr/lib/code/out/vs/workbench/api/node/extensionHostProcess.js:156:7808
    at Array.map (<anonymous>)
    at g.Y (/usr/lib/code/out/vs/workbench/api/node/extensionHostProcess.js:156:7795)
    at g.terminate (/usr/lib/code/out/vs/workbench/api/node/extensionHostProcess.js:156:8068)
    at o.terminate (/usr/lib/code/out/vs/workbench/api/node/extensionHostProcess.js:160:1513)
    at t (/usr/lib/code/out/vs/workbench/api/node/extensionHostProcess.js:173:9950)
    at MessagePortMain.<anonymous> (/usr/lib/code/out/vs/workbench/api/node/extensionHostProcess.js:173:6375)
    at MessagePortMain.emit (node:events:514:28)
    at Object.emit (node:electron/js2c/utility_init:2:2285) setContext undefined
2024-02-18 16:06:18.210 [error] Canceled: Canceled
    at new f (/usr/lib/code/out/vs/workbench/api/node/extensionHostProcess.js:140:45069)
    at d.U (/usr/lib/code/out/vs/workbench/api/node/extensionHostProcess.js:147:5557)
    at Proxy.T.<computed>.O.charCodeAt.T.<computed> (/usr/lib/code/out/vs/workbench/api/node/extensionHostProcess.js:147:3008)
    at s.g (/usr/lib/code/out/vs/workbench/api/node/extensionHostProcess.js:150:174704)
    at s.executeCommand (/usr/lib/code/out/vs/workbench/api/node/extensionHostProcess.js:150:174142)
    at m.registerCommand.description (/usr/lib/code/out/vs/workbench/api/node/extensionHostProcess.js:150:173466)
    at s.h (/usr/lib/code/out/vs/workbench/api/node/extensionHostProcess.js:150:175243)
    at s.g (/usr/lib/code/out/vs/workbench/api/node/extensionHostProcess.js:150:174235)
    at s.executeCommand (/usr/lib/code/out/vs/workbench/api/node/extensionHostProcess.js:150:174142)
    at Object.executeCommand (/usr/lib/code/out/vs/workbench/api/node/extensionHostProcess.js:160:21634)
    at e (/home/thesynthax/.vscode-oss/extensions/github.vscode-pull-request-github-0.80.1/dist/extension.js:1948:1467)
    at Object.n [as setContext] (/home/thesynthax/.vscode-oss/extensions/github.vscode-pull-request-github-0.80.1/dist/extension.js:1948:1582)
    at Lp.updateActiveReviewCount (/home/thesynthax/.vscode-oss/extensions/github.vscode-pull-request-github-0.80.1/dist/extension.js:2008:22909)
    at Lp.removeRepo (/home/thesynthax/.vscode-oss/extensions/github.vscode-pull-request-github-0.80.1/dist/extension.js:2008:24054)
    at g.value (/home/thesynthax/.vscode-oss/extensions/github.vscode-pull-request-github-0.80.1/dist/extension.js:2120:4217)
    at r.y (/usr/lib/code/out/vs/workbench/api/node/extensionHostProcess.js:80:1902)
    at r.fire (/usr/lib/code/out/vs/workbench/api/node/extensionHostProcess.js:80:2119)
    at g.value (/home/thesynthax/.vscode-oss/extensions/github.vscode-pull-request-github-0.80.1/dist/extension.js:1916:446993)
    at r.y (/usr/lib/code/out/vs/workbench/api/node/extensionHostProcess.js:80:1902)
    at r.fire (/usr/lib/code/out/vs/workbench/api/node/extensionHostProcess.js:80:2119)
    at /home/thesynthax/.vscode-oss/extensions/github.vscode-pull-request-github-0.80.1/dist/extension.js:2008:27770
    at g.value (/usr/lib/code/extensions/git/dist/main.js:2:1018251)
    at r.y (/usr/lib/code/out/vs/workbench/api/node/extensionHostProcess.js:80:1902)
    at r.z (/usr/lib/code/out/vs/workbench/api/node/extensionHostProcess.js:80:1972)
    at r.fire (/usr/lib/code/out/vs/workbench/api/node/extensionHostProcess.js:80:2188)
    at Object.m [as dispose] (/usr/lib/code/extensions/git/dist/main.js:2:943089)
    at /usr/lib/code/extensions/git/dist/main.js:2:947930
    at Array.forEach (<anonymous>)
    at p.dispose (/usr/lib/code/extensions/git/dist/main.js:2:947916)
    at c.<anonymous> (/usr/lib/code/out/vs/workbench/api/node/extensionHostProcess.js:148:3650)
    at c.dispose (/usr/lib/code/out/vs/workbench/api/node/extensionHostProcess.js:148:3747)
    at c.<anonymous> (/usr/lib/code/extensions/git/dist/main.js:2:929310)
    at c.dispose (/usr/lib/code/out/vs/workbench/api/node/extensionHostProcess.js:148:3747)
    at o (/usr/lib/code/out/vs/workbench/api/node/extensionHostProcess.js:30:754)
    at g.cb (/usr/lib/code/out/vs/workbench/api/node/extensionHostProcess.js:156:9874)
    at /usr/lib/code/out/vs/workbench/api/node/extensionHostProcess.js:156:7808
    at Array.map (<anonymous>)
    at g.Y (/usr/lib/code/out/vs/workbench/api/node/extensionHostProcess.js:156:7795)
    at g.terminate (/usr/lib/code/out/vs/workbench/api/node/extensionHostProcess.js:156:8068)
    at o.terminate (/usr/lib/code/out/vs/workbench/api/node/extensionHostProcess.js:160:1513)
    at t (/usr/lib/code/out/vs/workbench/api/node/extensionHostProcess.js:173:9950)
    at MessagePortMain.<anonymous> (/usr/lib/code/out/vs/workbench/api/node/extensionHostProcess.js:173:6375)
    at MessagePortMain.emit (node:events:514:28)
    at Object.emit (node:electron/js2c/utility_init:2:2285) setContext undefined
2024-02-18 16:06:18.211 [error] Canceled: Canceled
    at new f (/usr/lib/code/out/vs/workbench/api/node/extensionHostProcess.js:140:45069)
    at d.U (/usr/lib/code/out/vs/workbench/api/node/extensionHostProcess.js:147:5557)
    at Proxy.T.<computed>.O.charCodeAt.T.<computed> (/usr/lib/code/out/vs/workbench/api/node/extensionHostProcess.js:147:3008)
    at s.g (/usr/lib/code/out/vs/workbench/api/node/extensionHostProcess.js:150:174704)
    at s.executeCommand (/usr/lib/code/out/vs/workbench/api/node/extensionHostProcess.js:150:174142)
    at m.registerCommand.description (/usr/lib/code/out/vs/workbench/api/node/extensionHostProcess.js:150:173466)
    at s.h (/usr/lib/code/out/vs/workbench/api/node/extensionHostProcess.js:150:175243)
    at s.g (/usr/lib/code/out/vs/workbench/api/node/extensionHostProcess.js:150:174235)
    at s.executeCommand (/usr/lib/code/out/vs/workbench/api/node/extensionHostProcess.js:150:174142)
    at Object.executeCommand (/usr/lib/code/out/vs/workbench/api/node/extensionHostProcess.js:160:21634)
    at e (/home/thesynthax/.vscode-oss/extensions/github.vscode-pull-request-github-0.80.1/dist/extension.js:1948:1467)
    at Object.n [as setContext] (/home/thesynthax/.vscode-oss/extensions/github.vscode-pull-request-github-0.80.1/dist/extension.js:1948:1582)
    at Nm.setReviewModeContexts (/home/thesynthax/.vscode-oss/extensions/github.vscode-pull-request-github-0.80.1/dist/extension.js:2107:14107)
    at Nm.removePrFromView (/home/thesynthax/.vscode-oss/extensions/github.vscode-pull-request-github-0.80.1/dist/extension.js:2107:14734)
    at Gc.clear (/home/thesynthax/.vscode-oss/extensions/github.vscode-pull-request-github-0.80.1/dist/extension.js:1989:25895)
    at Gc.dispose (/home/thesynthax/.vscode-oss/extensions/github.vscode-pull-request-github-0.80.1/dist/extension.js:1991:167)
    at Om.removeReviewManager (/home/thesynthax/.vscode-oss/extensions/github.vscode-pull-request-github-0.80.1/dist/extension.js:2107:45442)
    at g.value (/home/thesynthax/.vscode-oss/extensions/github.vscode-pull-request-github-0.80.1/dist/extension.js:2120:4235)
    at r.y (/usr/lib/code/out/vs/workbench/api/node/extensionHostProcess.js:80:1902)
    at r.fire (/usr/lib/code/out/vs/workbench/api/node/extensionHostProcess.js:80:2119)
    at g.value (/home/thesynthax/.vscode-oss/extensions/github.vscode-pull-request-github-0.80.1/dist/extension.js:1916:446993)
    at r.y (/usr/lib/code/out/vs/workbench/api/node/extensionHostProcess.js:80:1902)
    at r.fire (/usr/lib/code/out/vs/workbench/api/node/extensionHostProcess.js:80:2119)
    at /home/thesynthax/.vscode-oss/extensions/github.vscode-pull-request-github-0.80.1/dist/extension.js:2008:27770
    at g.value (/usr/lib/code/extensions/git/dist/main.js:2:1018251)
    at r.y (/usr/lib/code/out/vs/workbench/api/node/extensionHostProcess.js:80:1902)
    at r.z (/usr/lib/code/out/vs/workbench/api/node/extensionHostProcess.js:80:1972)
    at r.fire (/usr/lib/code/out/vs/workbench/api/node/extensionHostProcess.js:80:2188)
    at Object.m [as dispose] (/usr/lib/code/extensions/git/dist/main.js:2:943089)
    at /usr/lib/code/extensions/git/dist/main.js:2:947930
    at Array.forEach (<anonymous>)
    at p.dispose (/usr/lib/code/extensions/git/dist/main.js:2:947916)
    at c.<anonymous> (/usr/lib/code/out/vs/workbench/api/node/extensionHostProcess.js:148:3650)
    at c.dispose (/usr/lib/code/out/vs/workbench/api/node/extensionHostProcess.js:148:3747)
    at c.<anonymous> (/usr/lib/code/extensions/git/dist/main.js:2:929310)
    at c.dispose (/usr/lib/code/out/vs/workbench/api/node/extensionHostProcess.js:148:3747)
    at o (/usr/lib/code/out/vs/workbench/api/node/extensionHostProcess.js:30:754)
    at g.cb (/usr/lib/code/out/vs/workbench/api/node/extensionHostProcess.js:156:9874)
    at /usr/lib/code/out/vs/workbench/api/node/extensionHostProcess.js:156:7808
    at Array.map (<anonymous>)
    at g.Y (/usr/lib/code/out/vs/workbench/api/node/extensionHostProcess.js:156:7795)
    at g.terminate (/usr/lib/code/out/vs/workbench/api/node/extensionHostProcess.js:156:8068)
    at o.terminate (/usr/lib/code/out/vs/workbench/api/node/extensionHostProcess.js:160:1513)
    at t (/usr/lib/code/out/vs/workbench/api/node/extensionHostProcess.js:173:9950)
    at MessagePortMain.<anonymous> (/usr/lib/code/out/vs/workbench/api/node/extensionHostProcess.js:173:6375)
    at MessagePortMain.emit (node:events:514:28)
    at Object.emit (node:electron/js2c/utility_init:2:2285) setContext undefined
2024-02-18 16:06:18.211 [error] Canceled: Canceled
    at new f (/usr/lib/code/out/vs/workbench/api/node/extensionHostProcess.js:140:45069)
    at d.U (/usr/lib/code/out/vs/workbench/api/node/extensionHostProcess.js:147:5557)
    at Proxy.T.<computed>.O.charCodeAt.T.<computed> (/usr/lib/code/out/vs/workbench/api/node/extensionHostProcess.js:147:3008)
    at s.g (/usr/lib/code/out/vs/workbench/api/node/extensionHostProcess.js:150:174704)
    at s.executeCommand (/usr/lib/code/out/vs/workbench/api/node/extensionHostProcess.js:150:174142)
    at m.registerCommand.description (/usr/lib/code/out/vs/workbench/api/node/extensionHostProcess.js:150:173466)
    at s.h (/usr/lib/code/out/vs/workbench/api/node/extensionHostProcess.js:150:175243)
    at s.g (/usr/lib/code/out/vs/workbench/api/node/extensionHostProcess.js:150:174235)
    at s.executeCommand (/usr/lib/code/out/vs/workbench/api/node/extensionHostProcess.js:150:174142)
    at Object.executeCommand (/usr/lib/code/out/vs/workbench/api/node/extensionHostProcess.js:160:21634)
    at w (/home/thesynthax/.vscode-oss/extensions/eamodio.gitlens-14.8.2/dist/gitlens.js:1081:41245)
    at h (/home/thesynthax/.vscode-oss/extensions/eamodio.gitlens-14.8.2/dist/gitlens.js:1081:46293)
    at ActionRunners._updateContextKeys (/home/thesynthax/.vscode-oss/extensions/eamodio.gitlens-14.8.2/dist/gitlens.js:663:18419)
    at s (/home/thesynthax/.vscode-oss/extensions/eamodio.gitlens-14.8.2/dist/gitlens.js:663:16862)
    at RegisteredActionRunner.unregister (/home/thesynthax/.vscode-oss/extensions/eamodio.gitlens-14.8.2/dist/gitlens.js:663:17005)
    at RegisteredActionRunner.dispose (/home/thesynthax/.vscode-oss/extensions/eamodio.gitlens-14.8.2/dist/gitlens.js:663:15658)
    at ActionRunners.dispose (/home/thesynthax/.vscode-oss/extensions/eamodio.gitlens-14.8.2/dist/gitlens.js:663:16445)
    at /home/thesynthax/.vscode-oss/extensions/eamodio.gitlens-14.8.2/dist/gitlens.js:1041:19544
    at Array.forEach (<anonymous>)
    at Object.dispose (/home/thesynthax/.vscode-oss/extensions/eamodio.gitlens-14.8.2/dist/gitlens.js:1041:19526)
    at o (/usr/lib/code/out/vs/workbench/api/node/extensionHostProcess.js:30:754)
    at g.cb (/usr/lib/code/out/vs/workbench/api/node/extensionHostProcess.js:156:9874)
    at /usr/lib/code/out/vs/workbench/api/node/extensionHostProcess.js:156:7808
    at Array.map (<anonymous>)
    at g.Y (/usr/lib/code/out/vs/workbench/api/node/extensionHostProcess.js:156:7795)
    at g.terminate (/usr/lib/code/out/vs/workbench/api/node/extensionHostProcess.js:156:8068)
    at o.terminate (/usr/lib/code/out/vs/workbench/api/node/extensionHostProcess.js:160:1513)
    at t (/usr/lib/code/out/vs/workbench/api/node/extensionHostProcess.js:173:9950)
    at MessagePortMain.<anonymous> (/usr/lib/code/out/vs/workbench/api/node/extensionHostProcess.js:173:6375)
    at MessagePortMain.emit (node:events:514:28)
    at Object.emit (node:electron/js2c/utility_init:2:2285) setContext undefined
2024-02-18 16:06:18.211 [error] Canceled: Canceled
    at new f (/usr/lib/code/out/vs/workbench/api/node/extensionHostProcess.js:140:45069)
    at d.U (/usr/lib/code/out/vs/workbench/api/node/extensionHostProcess.js:147:5557)
    at Proxy.T.<computed>.O.charCodeAt.T.<computed> (/usr/lib/code/out/vs/workbench/api/node/extensionHostProcess.js:147:3008)
    at s.g (/usr/lib/code/out/vs/workbench/api/node/extensionHostProcess.js:150:174704)
    at s.executeCommand (/usr/lib/code/out/vs/workbench/api/node/extensionHostProcess.js:150:174142)
    at m.registerCommand.description (/usr/lib/code/out/vs/workbench/api/node/extensionHostProcess.js:150:173466)
    at s.h (/usr/lib/code/out/vs/workbench/api/node/extensionHostProcess.js:150:175243)
    at s.g (/usr/lib/code/out/vs/workbench/api/node/extensionHostProcess.js:150:174235)
    at s.executeCommand (/usr/lib/code/out/vs/workbench/api/node/extensionHostProcess.js:150:174142)
    at Object.executeCommand (/usr/lib/code/out/vs/workbench/api/node/extensionHostProcess.js:160:21634)
    at w (/home/thesynthax/.vscode-oss/extensions/eamodio.gitlens-14.8.2/dist/gitlens.js:1081:41245)
    at h (/home/thesynthax/.vscode-oss/extensions/eamodio.gitlens-14.8.2/dist/gitlens.js:1081:46293)
    at ActionRunners._updateContextKeys (/home/thesynthax/.vscode-oss/extensions/eamodio.gitlens-14.8.2/dist/gitlens.js:663:18419)
    at s (/home/thesynthax/.vscode-oss/extensions/eamodio.gitlens-14.8.2/dist/gitlens.js:663:16862)
    at RegisteredActionRunner.unregister (/home/thesynthax/.vscode-oss/extensions/eamodio.gitlens-14.8.2/dist/gitlens.js:663:17005)
    at RegisteredActionRunner.dispose (/home/thesynthax/.vscode-oss/extensions/eamodio.gitlens-14.8.2/dist/gitlens.js:663:15658)
    at ActionRunners.dispose (/home/thesynthax/.vscode-oss/extensions/eamodio.gitlens-14.8.2/dist/gitlens.js:663:16445)
    at /home/thesynthax/.vscode-oss/extensions/eamodio.gitlens-14.8.2/dist/gitlens.js:1041:19544
    at Array.forEach (<anonymous>)
    at Object.dispose (/home/thesynthax/.vscode-oss/extensions/eamodio.gitlens-14.8.2/dist/gitlens.js:1041:19526)
    at o (/usr/lib/code/out/vs/workbench/api/node/extensionHostProcess.js:30:754)
    at g.cb (/usr/lib/code/out/vs/workbench/api/node/extensionHostProcess.js:156:9874)
    at /usr/lib/code/out/vs/workbench/api/node/extensionHostProcess.js:156:7808
    at Array.map (<anonymous>)
    at g.Y (/usr/lib/code/out/vs/workbench/api/node/extensionHostProcess.js:156:7795)
    at g.terminate (/usr/lib/code/out/vs/workbench/api/node/extensionHostProcess.js:156:8068)
    at o.terminate (/usr/lib/code/out/vs/workbench/api/node/extensionHostProcess.js:160:1513)
    at t (/usr/lib/code/out/vs/workbench/api/node/extensionHostProcess.js:173:9950)
    at MessagePortMain.<anonymous> (/usr/lib/code/out/vs/workbench/api/node/extensionHostProcess.js:173:6375)
    at MessagePortMain.emit (node:events:514:28)
    at Object.emit (node:electron/js2c/utility_init:2:2285) setContext undefined
2024-02-18 16:06:18.213 [error] Canceled: Canceled
    at new f (/usr/lib/code/out/vs/workbench/api/node/extensionHostProcess.js:140:45069)
    at d.U (/usr/lib/code/out/vs/workbench/api/node/extensionHostProcess.js:147:5557)
    at Proxy.T.<computed>.O.charCodeAt.T.<computed> (/usr/lib/code/out/vs/workbench/api/node/extensionHostProcess.js:147:3008)
    at s.g (/usr/lib/code/out/vs/workbench/api/node/extensionHostProcess.js:150:174704)
    at s.executeCommand (/usr/lib/code/out/vs/workbench/api/node/extensionHostProcess.js:150:174142)
    at m.registerCommand.description (/usr/lib/code/out/vs/workbench/api/node/extensionHostProcess.js:150:173466)
    at s.h (/usr/lib/code/out/vs/workbench/api/node/extensionHostProcess.js:150:175243)
    at s.g (/usr/lib/code/out/vs/workbench/api/node/extensionHostProcess.js:150:174235)
    at s.executeCommand (/usr/lib/code/out/vs/workbench/api/node/extensionHostProcess.js:150:174142)
    at Object.executeCommand (/usr/lib/code/out/vs/workbench/api/node/extensionHostProcess.js:160:21634)
    at w (/home/thesynthax/.vscode-oss/extensions/eamodio.gitlens-14.8.2/dist/gitlens.js:1081:41245)
    at h (/home/thesynthax/.vscode-oss/extensions/eamodio.gitlens-14.8.2/dist/gitlens.js:1081:46293)
    at ActionRunners._updateContextKeys (/home/thesynthax/.vscode-oss/extensions/eamodio.gitlens-14.8.2/dist/gitlens.js:663:18419)
    at s (/home/thesynthax/.vscode-oss/extensions/eamodio.gitlens-14.8.2/dist/gitlens.js:663:16862)
    at RegisteredActionRunner.unregister (/home/thesynthax/.vscode-oss/extensions/eamodio.gitlens-14.8.2/dist/gitlens.js:663:17005)
    at RegisteredActionRunner.dispose (/home/thesynthax/.vscode-oss/extensions/eamodio.gitlens-14.8.2/dist/gitlens.js:663:15658)
    at ActionRunners.dispose (/home/thesynthax/.vscode-oss/extensions/eamodio.gitlens-14.8.2/dist/gitlens.js:663:16445)
    at /home/thesynthax/.vscode-oss/extensions/eamodio.gitlens-14.8.2/dist/gitlens.js:1041:19544
    at Array.forEach (<anonymous>)
    at Object.dispose (/home/thesynthax/.vscode-oss/extensions/eamodio.gitlens-14.8.2/dist/gitlens.js:1041:19526)
    at o (/usr/lib/code/out/vs/workbench/api/node/extensionHostProcess.js:30:754)
    at g.cb (/usr/lib/code/out/vs/workbench/api/node/extensionHostProcess.js:156:9874)
    at /usr/lib/code/out/vs/workbench/api/node/extensionHostProcess.js:156:7808
    at Array.map (<anonymous>)
    at g.Y (/usr/lib/code/out/vs/workbench/api/node/extensionHostProcess.js:156:7795)
    at g.terminate (/usr/lib/code/out/vs/workbench/api/node/extensionHostProcess.js:156:8068)
    at o.terminate (/usr/lib/code/out/vs/workbench/api/node/extensionHostProcess.js:160:1513)
    at t (/usr/lib/code/out/vs/workbench/api/node/extensionHostProcess.js:173:9950)
    at MessagePortMain.<anonymous> (/usr/lib/code/out/vs/workbench/api/node/extensionHostProcess.js:173:6375)
    at MessagePortMain.emit (node:events:514:28)
    at Object.emit (node:electron/js2c/utility_init:2:2285) setContext undefined
2024-02-18 16:06:18.469 [error] Canceled: Canceled
    at new f (/usr/lib/code/out/vs/workbench/api/node/extensionHostProcess.js:140:45069)
    at d.U (/usr/lib/code/out/vs/workbench/api/node/extensionHostProcess.js:147:5557)
    at Proxy.T.<computed>.O.charCodeAt.T.<computed> (/usr/lib/code/out/vs/workbench/api/node/extensionHostProcess.js:147:3008)
    at s.g (/usr/lib/code/out/vs/workbench/api/node/extensionHostProcess.js:150:174704)
    at s.executeCommand (/usr/lib/code/out/vs/workbench/api/node/extensionHostProcess.js:150:174142)
    at m.registerCommand.description (/usr/lib/code/out/vs/workbench/api/node/extensionHostProcess.js:150:173466)
    at s.h (/usr/lib/code/out/vs/workbench/api/node/extensionHostProcess.js:150:175243)
    at s.g (/usr/lib/code/out/vs/workbench/api/node/extensionHostProcess.js:150:174235)
    at s.executeCommand (/usr/lib/code/out/vs/workbench/api/node/extensionHostProcess.js:150:174142)
    at Object.executeCommand (/usr/lib/code/out/vs/workbench/api/node/extensionHostProcess.js:160:21634)
    at Object.dispose (/home/thesynthax/.vscode-oss/extensions/tabnine.tabnine-vscode-3.69.0/src/lookAheadSuggestion.ts:162:21)
    at c.<anonymous> (/usr/lib/code/out/vs/workbench/api/node/extensionHostProcess.js:148:3650)
    at c.dispose (/usr/lib/code/out/vs/workbench/api/node/extensionHostProcess.js:148:3747)
    at c.<anonymous> (/usr/lib/code/out/vs/workbench/api/node/extensionHostProcess.js:148:3650)
    at c.dispose (/usr/lib/code/out/vs/workbench/api/node/extensionHostProcess.js:148:3747)
    at forEach (/home/thesynthax/.vscode-oss/extensions/tabnine.tabnine-vscode-3.69.0/src/autocompleteInstaller.ts:121:7)
    at Array.forEach (<anonymous>)
    at uninstallAutocomplete (/home/thesynthax/.vscode-oss/extensions/tabnine.tabnine-vscode-3.69.0/src/autocompleteInstaller.ts:120:17)
    at Object.dispose (/home/thesynthax/.vscode-oss/extensions/tabnine.tabnine-vscode-3.69.0/src/autocompleteInstaller.ts:27:20)
    at o (/usr/lib/code/out/vs/workbench/api/node/extensionHostProcess.js:30:754)
    at g.cb (/usr/lib/code/out/vs/workbench/api/node/extensionHostProcess.js:156:9874)
    at /usr/lib/code/out/vs/workbench/api/node/extensionHostProcess.js:156:7808
    at Array.map (<anonymous>)
    at g.Y (/usr/lib/code/out/vs/workbench/api/node/extensionHostProcess.js:156:7795)
    at g.terminate (/usr/lib/code/out/vs/workbench/api/node/extensionHostProcess.js:156:8068)
    at o.terminate (/usr/lib/code/out/vs/workbench/api/node/extensionHostProcess.js:160:1513)
    at t (/usr/lib/code/out/vs/workbench/api/node/extensionHostProcess.js:173:9950)
    at MessagePortMain.<anonymous> (/usr/lib/code/out/vs/workbench/api/node/extensionHostProcess.js:173:6375)
    at MessagePortMain.emit (node:events:514:28)
    at Object.emit (node:electron/js2c/utility_init:2:2285) setContext undefined
2024-02-18 16:06:18.569 [info] Extension host with pid 424651 exiting with code 0
