Extension vscode.bat does not contribute csharpExtensionLoadPaths
Extension vscode.clojure does not contribute csharpExtensionLoadPaths
Extension vscode.coffeescript does not contribute csharpExtensionLoadPaths
Extension vscode.configuration-editing does not contribute csharpExtensionLoadPaths
Extension vscode.cpp does not contribute csharpExtensionLoadPaths
Extension vscode.csharp does not contribute csharpExtensionLoadPaths
Extension vscode.css does not contribute csharpExtensionLoadPaths
Extension vscode.css-language-features does not contribute csharpExtensionLoadPaths
Extension vscode.dart does not contribute csharpExtensionLoadPaths
Extension vscode.debug-auto-launch does not contribute csharpExtensionLoadPaths
Extension vscode.debug-server-ready does not contribute csharpExtensionLoadPaths
Extension vscode.diff does not contribute csharpExtensionLoadPaths
Extension vscode.docker does not contribute csharpExtensionLoadPaths
Extension vscode.emmet does not contribute csharpExtensionLoadPaths
Extension vscode.extension-editing does not contribute csharpExtensionLoadPaths
Extension vscode.fsharp does not contribute csharpExtensionLoadPaths
Extension vscode.git does not contribute csharpExtensionLoadPaths
Extension vscode.git-base does not contribute csharpExtensionLoadPaths
Extension vscode.github does not contribute csharpExtensionLoadPaths
Extension vscode.github-authentication does not contribute csharpExtensionLoadPaths
Extension vscode.go does not contribute csharpExtensionLoadPaths
Extension vscode.groovy does not contribute csharpExtensionLoadPaths
Extension vscode.grunt does not contribute csharpExtensionLoadPaths
Extension vscode.gulp does not contribute csharpExtensionLoadPaths
Extension vscode.handlebars does not contribute csharpExtensionLoadPaths
Extension vscode.hlsl does not contribute csharpExtensionLoadPaths
Extension vscode.html does not contribute csharpExtensionLoadPaths
Extension vscode.html-language-features does not contribute csharpExtensionLoadPaths
Extension vscode.ini does not contribute csharpExtensionLoadPaths
Extension vscode.ipynb does not contribute csharpExtensionLoadPaths
Extension vscode.jake does not contribute csharpExtensionLoadPaths
Extension vscode.java does not contribute csharpExtensionLoadPaths
Extension vscode.javascript does not contribute csharpExtensionLoadPaths
Extension vscode.json does not contribute csharpExtensionLoadPaths
Extension vscode.json-language-features does not contribute csharpExtensionLoadPaths
Extension vscode.julia does not contribute csharpExtensionLoadPaths
Extension vscode.latex does not contribute csharpExtensionLoadPaths
Extension vscode.less does not contribute csharpExtensionLoadPaths
Extension vscode.log does not contribute csharpExtensionLoadPaths
Extension vscode.lua does not contribute csharpExtensionLoadPaths
Extension vscode.make does not contribute csharpExtensionLoadPaths
Extension vscode.markdown does not contribute csharpExtensionLoadPaths
Extension vscode.markdown-language-features does not contribute csharpExtensionLoadPaths
Extension vscode.markdown-math does not contribute csharpExtensionLoadPaths
Extension vscode.media-preview does not contribute csharpExtensionLoadPaths
Extension vscode.merge-conflict does not contribute csharpExtensionLoadPaths
Extension vscode.microsoft-authentication does not contribute csharpExtensionLoadPaths
Extension ms-vscode.js-debug does not contribute csharpExtensionLoadPaths
Extension ms-vscode.js-debug-companion does not contribute csharpExtensionLoadPaths
Extension ms-vscode.vscode-js-profile-table does not contribute csharpExtensionLoadPaths
Extension vscode.builtin-notebook-renderers does not contribute csharpExtensionLoadPaths
Extension vscode.npm does not contribute csharpExtensionLoadPaths
Extension vscode.objective-c does not contribute csharpExtensionLoadPaths
Extension vscode.perl does not contribute csharpExtensionLoadPaths
Extension vscode.php does not contribute csharpExtensionLoadPaths
Extension vscode.php-language-features does not contribute csharpExtensionLoadPaths
Extension vscode.powershell does not contribute csharpExtensionLoadPaths
Extension vscode.pug does not contribute csharpExtensionLoadPaths
Extension vscode.python does not contribute csharpExtensionLoadPaths
Extension vscode.r does not contribute csharpExtensionLoadPaths
Extension vscode.razor does not contribute csharpExtensionLoadPaths
Extension vscode.references-view does not contribute csharpExtensionLoadPaths
Extension vscode.restructuredtext does not contribute csharpExtensionLoadPaths
Extension vscode.ruby does not contribute csharpExtensionLoadPaths
Extension vscode.rust does not contribute csharpExtensionLoadPaths
Extension vscode.scss does not contribute csharpExtensionLoadPaths
Extension vscode.search-result does not contribute csharpExtensionLoadPaths
Extension vscode.shaderlab does not contribute csharpExtensionLoadPaths
Extension vscode.shellscript does not contribute csharpExtensionLoadPaths
Extension vscode.simple-browser does not contribute csharpExtensionLoadPaths
Extension vscode.sql does not contribute csharpExtensionLoadPaths
Extension vscode.swift does not contribute csharpExtensionLoadPaths
Extension vscode.theme-abyss does not contribute csharpExtensionLoadPaths
Extension vscode.theme-defaults does not contribute csharpExtensionLoadPaths
Extension vscode.theme-kimbie-dark does not contribute csharpExtensionLoadPaths
Extension vscode.theme-monokai does not contribute csharpExtensionLoadPaths
Extension vscode.theme-monokai-dimmed does not contribute csharpExtensionLoadPaths
Extension vscode.theme-quietlight does not contribute csharpExtensionLoadPaths
Extension vscode.theme-red does not contribute csharpExtensionLoadPaths
Extension vscode.vscode-theme-seti does not contribute csharpExtensionLoadPaths
Extension vscode.theme-solarized-dark does not contribute csharpExtensionLoadPaths
Extension vscode.theme-solarized-light does not contribute csharpExtensionLoadPaths
Extension vscode.theme-tomorrow-night-blue does not contribute csharpExtensionLoadPaths
Extension vscode.tunnel-forwarding does not contribute csharpExtensionLoadPaths
Extension vscode.typescript does not contribute csharpExtensionLoadPaths
Extension vscode.typescript-language-features does not contribute csharpExtensionLoadPaths
Extension vscode.vb does not contribute csharpExtensionLoadPaths
Extension vscode.xml does not contribute csharpExtensionLoadPaths
Extension vscode.yaml does not contribute csharpExtensionLoadPaths
Extension aaron-bond.better-comments does not contribute csharpExtensionLoadPaths
Extension ArjunReddy.webdev-essentials does not contribute csharpExtensionLoadPaths
Extension dbaeumer.vscode-eslint does not contribute csharpExtensionLoadPaths
Extension donjayamanne.githistory does not contribute csharpExtensionLoadPaths
Extension eamodio.gitlens does not contribute csharpExtensionLoadPaths
Extension EditorConfig.EditorConfig does not contribute csharpExtensionLoadPaths
Extension eg2.vscode-npm-script does not contribute csharpExtensionLoadPaths
Extension EliverLara.andromeda does not contribute csharpExtensionLoadPaths
Extension Equinusocio.vsc-community-material-theme does not contribute csharpExtensionLoadPaths
Extension Equinusocio.vsc-material-theme does not contribute csharpExtensionLoadPaths
Extension equinusocio.vsc-material-theme-icons does not contribute csharpExtensionLoadPaths
Extension esbenp.prettier-vscode does not contribute csharpExtensionLoadPaths
Extension formulahendry.auto-close-tag does not contribute csharpExtensionLoadPaths
Extension formulahendry.auto-rename-tag does not contribute csharpExtensionLoadPaths
Extension formulahendry.code-runner does not contribute csharpExtensionLoadPaths
Extension franneck94.c-cpp-runner does not contribute csharpExtensionLoadPaths
Extension GitHub.vscode-pull-request-github does not contribute csharpExtensionLoadPaths
Extension johnpapa.vscode-peacock does not contribute csharpExtensionLoadPaths
Extension minhthai.vscode-todo-parser does not contribute csharpExtensionLoadPaths
Extension ms-azuretools.vscode-docker does not contribute csharpExtensionLoadPaths
Extension ms-dotnettools.csharp does not contribute csharpExtensionLoadPaths
Extension ms-dotnettools.vscode-dotnet-runtime does not contribute csharpExtensionLoadPaths
Extension ms-vscode.cmake-tools does not contribute csharpExtensionLoadPaths
Extension ms-vscode.cpptools does not contribute csharpExtensionLoadPaths
Extension ms-vscode.cpptools-extension-pack does not contribute csharpExtensionLoadPaths
Extension ms-vscode.cpptools-themes does not contribute csharpExtensionLoadPaths
Extension ms-vscode.js-debug-nightly does not contribute csharpExtensionLoadPaths
Extension ms-vscode.vscode-typescript-next does not contribute csharpExtensionLoadPaths
Extension ms-vscode.vscode-typescript-tslint-plugin does not contribute csharpExtensionLoadPaths
Extension muhammad-sammy.csharp does not contribute csharpExtensionLoadPaths
Extension oderwat.indent-rainbow does not contribute csharpExtensionLoadPaths
Extension rbbit.typescript-hero does not contribute csharpExtensionLoadPaths
Extension ritwickdey.LiveServer does not contribute csharpExtensionLoadPaths
Extension RobbOwen.synthwave-vscode does not contribute csharpExtensionLoadPaths
Extension standard.vscode-standard does not contribute csharpExtensionLoadPaths
Extension TabNine.tabnine-vscode does not contribute csharpExtensionLoadPaths
Extension twxs.cmake does not contribute csharpExtensionLoadPaths
Extension usernamehw.errorlens does not contribute csharpExtensionLoadPaths
Extension vadimcn.vscode-lldb does not contribute csharpExtensionLoadPaths
Extension vscode-icons-team.vscode-icons does not contribute csharpExtensionLoadPaths
Extension vscodevim.vim does not contribute csharpExtensionLoadPaths
Extension vsls-contrib.codetour does not contribute csharpExtensionLoadPaths
Extension wayou.vscode-todo-highlight does not contribute csharpExtensionLoadPaths
Extension wix.vscode-import-cost does not contribute csharpExtensionLoadPaths
Extension xabikos.JavaScriptSnippets does not contribute csharpExtensionLoadPaths
Extension zhuangtongfa.material-theme does not contribute csharpExtensionLoadPaths
