[Running] cd "/home/thesynthax/projects/cpp/opengl-raytracing/src/" && g++ scene.cpp -o scene && "/home/thesynthax/projects/cpp/opengl-raytracing/src/"scene
/usr/bin/ld: /tmp/ccwPBhEn.o: warning: relocation against `__glewGetUniformLocation' in read-only section `.text'
/usr/bin/ld: /usr/lib/gcc/x86_64-pc-linux-gnu/14.1.1/../../../../lib/Scrt1.o: in function `_start':
(.text+0x1b): undefined reference to `main'
/usr/bin/ld: /tmp/ccwPBhEn.o: in function `Scene::sendObjectData(int)':
scene.cpp:(.text+0x411): undefined reference to `__glewUniform1ui'
/usr/bin/ld: scene.cpp:(.text+0x434): undefined reference to `__glewGetUniformLocation'
/usr/bin/ld: scene.cpp:(.text+0x4cc): undefined reference to `__glewUniform3f'
/usr/bin/ld: scene.cpp:(.text+0x53e): undefined reference to `__glewGetUniformLocation'
/usr/bin/ld: scene.cpp:(.text+0x5e8): undefined reference to `__glewUniform3f'
/usr/bin/ld: scene.cpp:(.text+0x65a): undefined reference to `__glewGetUniformLocation'
/usr/bin/ld: scene.cpp:(.text+0x704): undefined reference to `__glewUniform3f'
/usr/bin/ld: scene.cpp:(.text+0x776): undefined reference to `__glewGetUniformLocation'
/usr/bin/ld: scene.cpp:(.text+0x820): undefined reference to `__glewUniform3f'
/usr/bin/ld: scene.cpp:(.text+0x892): undefined reference to `__glewGetUniformLocation'
/usr/bin/ld: scene.cpp:(.text+0x93c): undefined reference to `__glewUniform3f'
/usr/bin/ld: scene.cpp:(.text+0x9ae): undefined reference to `__glewGetUniformLocation'
/usr/bin/ld: scene.cpp:(.text+0xa58): undefined reference to `__glewUniform1f'
/usr/bin/ld: scene.cpp:(.text+0xa7c): undefined reference to `__glewGetUniformLocation'
/usr/bin/ld: scene.cpp:(.text+0xb16): undefined reference to `__glewUniform1f'
/usr/bin/ld: scene.cpp:(.text+0xb3a): undefined reference to `__glewGetUniformLocation'
/usr/bin/ld: scene.cpp:(.text+0xbd4): undefined reference to `__glewUniform1f'
/usr/bin/ld: scene.cpp:(.text+0xbf8): undefined reference to `__glewGetUniformLocation'
/usr/bin/ld: scene.cpp:(.text+0xc8f): undefined reference to `__glewUniform1f'
/usr/bin/ld: scene.cpp:(.text+0xcb3): undefined reference to `__glewGetUniformLocation'
/usr/bin/ld: /tmp/ccwPBhEn.o: in function `Scene::bind(unsigned int)':
scene.cpp:(.text+0xf78): undefined reference to `__glewUniform3f'
/usr/bin/ld: scene.cpp:(.text+0xfe9): undefined reference to `__glewGetUniformLocation'
/usr/bin/ld: scene.cpp:(.text+0x10b3): undefined reference to `__glewUniform1f'
/usr/bin/ld: scene.cpp:(.text+0x10d7): undefined reference to `__glewGetUniformLocation'
/usr/bin/ld: scene.cpp:(.text+0x1191): undefined reference to `__glewUniform3f'
/usr/bin/ld: scene.cpp:(.text+0x1203): undefined reference to `__glewGetUniformLocation'
/usr/bin/ld: scene.cpp:(.text+0x12cd): undefined reference to `__glewUniform1f'
/usr/bin/ld: scene.cpp:(.text+0x12f1): undefined reference to `__glewGetUniformLocation'
/usr/bin/ld: scene.cpp:(.text+0x13a8): undefined reference to `__glewUniform1f'
/usr/bin/ld: scene.cpp:(.text+0x13cc): undefined reference to `__glewGetUniformLocation'
/usr/bin/ld: scene.cpp:(.text+0x14b0): undefined reference to `__glewUniform3f'
/usr/bin/ld: scene.cpp:(.text+0x14dd): undefined reference to `__glewGetUniformLocation'
/usr/bin/ld: scene.cpp:(.text+0x1511): undefined reference to `__glewUniform3f'
/usr/bin/ld: scene.cpp:(.text+0x153e): undefined reference to `__glewGetUniformLocation'
/usr/bin/ld: scene.cpp:(.text+0x1572): undefined reference to `__glewUniform3f'
/usr/bin/ld: scene.cpp:(.text+0x159f): undefined reference to `__glewGetUniformLocation'
/usr/bin/ld: scene.cpp:(.text+0x15d3): undefined reference to `__glewUniform1f'
/usr/bin/ld: scene.cpp:(.text+0x15e0): undefined reference to `__glewGetUniformLocation'
/usr/bin/ld: scene.cpp:(.text+0x1604): undefined reference to `__glewUniform1f'
/usr/bin/ld: scene.cpp:(.text+0x1611): undefined reference to `__glewGetUniformLocation'
/usr/bin/ld: scene.cpp:(.text+0x1635): undefined reference to `__glewUniform1f'
/usr/bin/ld: scene.cpp:(.text+0x1642): undefined reference to `__glewGetUniformLocation'
/usr/bin/ld: scene.cpp:(.text+0x1666): undefined reference to `__glewUniform1f'
/usr/bin/ld: scene.cpp:(.text+0x1673): undefined reference to `__glewGetUniformLocation'
/usr/bin/ld: scene.cpp:(.text+0x1697): undefined reference to `__glewUniform1i'
/usr/bin/ld: scene.cpp:(.text+0x16a4): undefined reference to `__glewGetUniformLocation'
/usr/bin/ld: scene.cpp:(.text+0x16c6): undefined reference to `__glewUniform1i'
/usr/bin/ld: scene.cpp:(.text+0x16d3): undefined reference to `__glewGetUniformLocation'
/usr/bin/ld: scene.cpp:(.text+0x16f5): undefined reference to `__glewUniform1i'
/usr/bin/ld: scene.cpp:(.text+0x1702): undefined reference to `__glewGetUniformLocation'
/usr/bin/ld: scene.cpp:(.text+0x1724): undefined reference to `__glewUniform1f'
/usr/bin/ld: scene.cpp:(.text+0x1731): undefined reference to `__glewGetUniformLocation'
/usr/bin/ld: scene.cpp:(.text+0x1755): undefined reference to `__glewUniform1f'
/usr/bin/ld: scene.cpp:(.text+0x1762): undefined reference to `__glewGetUniformLocation'
/usr/bin/ld: scene.cpp:(.text+0x1786): undefined reference to `__glewUniform1f'
/usr/bin/ld: scene.cpp:(.text+0x1793): undefined reference to `__glewGetUniformLocation'
/usr/bin/ld: scene.cpp:(.text+0x17b7): undefined reference to `__glewUniform1f'
/usr/bin/ld: scene.cpp:(.text+0x17c4): undefined reference to `__glewGetUniformLocation'
/usr/bin/ld: scene.cpp:(.text+0x17e8): undefined reference to `__glewUniform1f'
/usr/bin/ld: scene.cpp:(.text+0x17f5): undefined reference to `__glewGetUniformLocation'
/usr/bin/ld: scene.cpp:(.text+0x1819): undefined reference to `__glewUniform1f'
/usr/bin/ld: scene.cpp:(.text+0x1826): undefined reference to `__glewGetUniformLocation'
/usr/bin/ld: scene.cpp:(.text+0x188c): undefined reference to `__glewUniform1i'
/usr/bin/ld: scene.cpp:(.text+0x1899): undefined reference to `__glewGetUniformLocation'
/usr/bin/ld: scene.cpp:(.text+0x18bb): undefined reference to `__glewUniform1i'
/usr/bin/ld: scene.cpp:(.text+0x18cc): undefined reference to `__glewGetUniformLocation'
/usr/bin/ld: /tmp/ccwPBhEn.o: in function `Scene::selectHovered(float, float, int, int, glm::vec<3, float, (glm::qualifier)0>, glm::mat<4, 4, float, (glm::qualifier)0>)':
scene.cpp:(.text+0x262a): undefined reference to `__glewUniform1i'
/usr/bin/ld: scene.cpp:(.text+0x2637): undefined reference to `__glewGetUniformLocation'
/usr/bin/ld: /tmp/ccwPBhEn.o: in function `Scene::mousePlace(float, float, int, int, glm::vec<3, float, (glm::qualifier)0>, glm::mat<4, 4, float, (glm::qualifier)0>)':
scene.cpp:(.text+0x2e2f): undefined reference to `refreshRequired'
/usr/bin/ld: warning: creating DT_TEXTREL in a PIE
collect2: error: ld returned 1 exit status

[Done] exited with code=1 in 0.913 seconds

