Starting OmniSharp server at 6/4/2024, 1:25:21 PM
    Target: /home/thesynthax/projects/cpp/opengl-raytracing/opengl-raytracing.sln

OmniSharp server started with .NET 8.0.105
.
    Path: /home/thesynthax/.vscode-oss/extensions/muhammad-sammy.csharp-1.25.0-universal/.omnisharp/1.39.12-beta.9-net6.0/OmniSharp.dll
    PID: 1258375

[info]: OmniSharp.Stdio.Host
        Starting OmniSharp on Unknown 0.0 (Unknown)
[info]: OmniSharp.Services.DotNetCliService
        Checking the 'DOTNET_ROOT' environment variable to find a .NET SDK
[info]: OmniSharp.Services.DotNetCliService
        Using the 'dotnet' on the PATH.
[info]: OmniSharp.Services.DotNetCliService
        DotNetPath set to dotnet
[info]: OmniSharp.MSBuild.Discovery.MSBuildLocator
        Located 1 MSBuild instance(s)
            1: .NET Core SDK 8.0.105 17.8.5 - "/usr/share/dotnet/sdk/8.0.105"
[info]: OmniSharp.MSBuild.Discovery.MSBuildLocator
        Registered MSBuild instance: .NET Core SDK 8.0.105 17.8.5 - "/usr/share/dotnet/sdk/8.0.105"
[info]: OmniSharp.WorkspaceInitializer
        Invoking Workspace Options Provider: OmniSharp.Roslyn.CSharp.Services.CSharpFormattingWorkspaceOptionsProvider, Order: 0
[info]: OmniSharp.Cake.CakeProjectSystem
        Detecting Cake files in '/home/thesynthax/projects/cpp/opengl-raytracing/'.
[info]: OmniSharp.Cake.CakeProjectSystem
        Did not find any Cake files
[info]: OmniSharp.MSBuild.ProjectSystem
        Detecting projects in '/home/thesynthax/projects/cpp/opengl-raytracing/opengl-raytracing.sln'.
[info]: OmniSharp.Script.ScriptProjectSystem
        Detecting CSX files in '/home/thesynthax/projects/cpp/opengl-raytracing/'.
[info]: OmniSharp.Script.ScriptProjectSystem
        Did not find any CSX files
[info]: OmniSharp.WorkspaceInitializer
        Configuration finished.
[info]: OmniSharp.Stdio.Host
        Omnisharp server running using Stdio at location '/home/thesynthax/projects/cpp/opengl-raytracing/' on host 1257067.
