2022-12-17 08:56:28.697 [info] Extension host with pid 43453 started
2022-12-17 08:56:28.813 [info] ExtensionService#_doActivateExtension vadimcn.vscode-lldb, startup: false, activationEvent: 'onLanguage:c', root cause: franneck94.c-cpp-runner
2022-12-17 08:56:28.814 [info] ExtensionService#_doActivateExtension llvm-vs-code-extensions.vscode-clangd, startup: false, activationEvent: 'onLanguage:c'
2022-12-17 08:56:28.814 [info] ExtensionService#_doActivateExtension vscode.git-base, startup: true, activationEvent: '*', root cause: vscode.git
2022-12-17 08:56:28.814 [info] ExtensionService#_doActivateExtension vscodevim.vim, startup: true, activationEvent: '*'
2022-12-17 08:56:28.990 [info] ExtensionService#_doActivateExtension franneck94.c-cpp-runner, startup: false, activationEvent: 'onLanguage:c'
2022-12-17 08:56:28.990 [info] ExtensionService#_doActivateExtension vscode.git, startup: true, activationEvent: '*'
2022-12-17 08:56:28.990 [info] ExtensionService#_doActivateExtension vscode.github, startup: true, activationEvent: '*'
2022-12-17 08:56:29.054 [info] ExtensionService#_doActivateExtension formulahendry.code-runner, startup: false, activationEvent: 'onLanguage:code-runner-output'
2022-12-17 08:56:29.091 [info] Eager extensions activated
2022-12-17 08:56:29.110 [info] ExtensionService#_doActivateExtension vscode.debug-auto-launch, startup: false, activationEvent: 'onStartupFinished'
2022-12-17 08:56:29.110 [info] ExtensionService#_doActivateExtension vscode.emmet, startup: false, activationEvent: 'onStartupFinished'
2022-12-17 08:56:29.110 [info] ExtensionService#_doActivateExtension vscode.merge-conflict, startup: false, activationEvent: 'onStartupFinished'
2022-12-17 08:56:29.110 [info] ExtensionService#_doActivateExtension Equinusocio.vsc-material-theme, startup: false, activationEvent: 'onStartupFinished'
2022-12-17 08:56:29.110 [info] ExtensionService#_doActivateExtension equinusocio.vsc-material-theme-icons, startup: false, activationEvent: 'onStartupFinished'
2022-12-17 08:56:29.110 [info] ExtensionService#_doActivateExtension zhuangtongfa.material-theme, startup: false, activationEvent: 'onStartupFinished'
2022-12-17 08:56:31.976 [info] ExtensionService#_doActivateExtension vscode.debug-server-ready, startup: false, activationEvent: 'onDebugResolve'
2022-12-17 08:56:33.815 [info] ExtensionService#_doActivateExtension vscode.configuration-editing, startup: false, activationEvent: 'onLanguage:jsonc'
2022-12-17 08:56:33.815 [info] ExtensionService#_doActivateExtension vscode.json-language-features, startup: false, activationEvent: 'onLanguage:jsonc'
2022-12-17 08:56:33.815 [info] ExtensionService#_doActivateExtension vscode.typescript-language-features, startup: false, activationEvent: 'onLanguage:jsonc'
2022-12-17 08:56:34.306 [error] {"message":"Git error","stdout":"","stderr":"fatal: pathspec '/home/thesynthax/.config/Code - OSS/User/settings.json' is beyond a symbolic link\n","exitCode":128}
2022-12-17 08:56:34.306 [error] {"message":"Git error","stdout":"","stderr":"fatal: pathspec '/home/thesynthax/.config/Code - OSS/User/settings.json' is beyond a symbolic link\n","exitCode":128}
2022-12-17 08:56:34.306 [error] {"message":"Git error","stdout":"","stderr":"fatal: pathspec '/home/thesynthax/.config/Code - OSS/User/settings.json' is beyond a symbolic link\n","exitCode":128}
2022-12-17 08:56:34.306 [error] {"message":"Git error","stdout":"","stderr":"fatal: pathspec '/home/thesynthax/.config/Code - OSS/User/settings.json' is beyond a symbolic link\n","exitCode":128}
2022-12-17 08:56:34.306 [error] {"message":"Git error","stdout":"","stderr":"fatal: pathspec '/home/thesynthax/.config/Code - OSS/User/settings.json' is beyond a symbolic link\n","exitCode":128}
2022-12-17 08:56:35.314 [error] {"message":"Git error","stdout":"","stderr":"fatal: pathspec '/home/thesynthax/.config/Code - OSS/User/settings.json' is beyond a symbolic link\n","exitCode":128}
2022-12-17 08:56:35.315 [error] {"message":"Git error","stdout":"","stderr":"fatal: pathspec '/home/thesynthax/.config/Code - OSS/User/settings.json' is beyond a symbolic link\n","exitCode":128}
2022-12-17 08:56:35.315 [error] {"message":"Git error","stdout":"","stderr":"fatal: pathspec '/home/thesynthax/.config/Code - OSS/User/settings.json' is beyond a symbolic link\n","exitCode":128}
2022-12-17 08:56:35.315 [error] {"message":"Git error","stdout":"","stderr":"fatal: pathspec '/home/thesynthax/.config/Code - OSS/User/settings.json' is beyond a symbolic link\n","exitCode":128}
2022-12-17 08:56:35.316 [error] {"message":"Git error","stdout":"","stderr":"fatal: pathspec '/home/thesynthax/.config/Code - OSS/User/settings.json' is beyond a symbolic link\n","exitCode":128}
2022-12-17 09:01:39.237 [info] ExtensionService#_doActivateExtension ms-vscode.cpptools, startup: false, activationEvent: 'onLanguage:c'
2022-12-17 09:02:04.933 [info] Extension host terminating: received terminate message from renderer
2022-12-17 09:02:04.961 [error] Error: read ECONNRESET
    at Pipe.onStreamRead (node:internal/stream_base_commons:217:20)
2022-12-17 09:02:04.963 [error] Error: Channel has been closed
    at c (/usr/lib/code/out/vs/workbench/api/node/extensionHostProcess.js:105:2542)
    at Object.append (/usr/lib/code/out/vs/workbench/api/node/extensionHostProcess.js:105:2618)
    at Socket.<anonymous> (/home/thesynthax/.vscode-oss/extensions/llvm-vs-code-extensions.vscode-clangd-0.1.23-universal/out/bundle.js:39:57111)
    at Socket.emit (node:events:526:28)
    at addChunk (node:internal/streams/readable:315:12)
    at readableAddChunk (node:internal/streams/readable:289:9)
    at Socket.Readable.push (node:internal/streams/readable:228:10)
    at Pipe.onStreamRead (node:internal/stream_base_commons:190:23)
2022-12-17 09:02:04.965 [error] Error: Channel has been closed
    at c (/usr/lib/code/out/vs/workbench/api/node/extensionHostProcess.js:105:2542)
    at Object.append (/usr/lib/code/out/vs/workbench/api/node/extensionHostProcess.js:105:2618)
    at Socket.<anonymous> (/home/thesynthax/.vscode-oss/extensions/llvm-vs-code-extensions.vscode-clangd-0.1.23-universal/out/bundle.js:39:57111)
    at Socket.emit (node:events:526:28)
    at addChunk (node:internal/streams/readable:315:12)
    at readableAddChunk (node:internal/streams/readable:289:9)
    at Socket.Readable.push (node:internal/streams/readable:228:10)
    at Pipe.onStreamRead (node:internal/stream_base_commons:190:23)
2022-12-17 09:02:04.966 [info] Extension host with pid 43453 exiting with code 0
2022-12-17 09:02:06.831 [info] Extension host with pid 47030 started
2022-12-17 09:02:06.897 [info] ExtensionService#_doActivateExtension vscode.git-base, startup: true, activationEvent: '*', root cause: vscode.git
2022-12-17 09:02:06.897 [info] ExtensionService#_doActivateExtension vscodevim.vim, startup: true, activationEvent: '*'
2022-12-17 09:02:07.019 [info] ExtensionService#_doActivateExtension vscode.git, startup: true, activationEvent: '*'
2022-12-17 09:02:07.019 [info] ExtensionService#_doActivateExtension vscode.github, startup: true, activationEvent: '*'
2022-12-17 09:02:07.074 [info] Eager extensions activated
2022-12-17 09:02:07.088 [info] ExtensionService#_doActivateExtension vscode.debug-auto-launch, startup: false, activationEvent: 'onStartupFinished'
2022-12-17 09:02:07.088 [info] ExtensionService#_doActivateExtension vscode.emmet, startup: false, activationEvent: 'onStartupFinished'
2022-12-17 09:02:07.088 [info] ExtensionService#_doActivateExtension vscode.merge-conflict, startup: false, activationEvent: 'onStartupFinished'
2022-12-17 09:02:07.089 [info] ExtensionService#_doActivateExtension Equinusocio.vsc-material-theme, startup: false, activationEvent: 'onStartupFinished'
2022-12-17 09:02:07.089 [info] ExtensionService#_doActivateExtension equinusocio.vsc-material-theme-icons, startup: false, activationEvent: 'onStartupFinished'
2022-12-17 09:02:07.089 [info] ExtensionService#_doActivateExtension formulahendry.code-runner, startup: false, activationEvent: 'onStartupFinished'
2022-12-17 09:02:07.089 [info] ExtensionService#_doActivateExtension vadimcn.vscode-lldb, startup: false, activationEvent: 'onStartupFinished'
2022-12-17 09:02:07.089 [info] ExtensionService#_doActivateExtension zhuangtongfa.material-theme, startup: false, activationEvent: 'onStartupFinished'
2022-12-17 09:02:08.498 [info] ExtensionService#_doActivateExtension franneck94.c-cpp-runner, startup: false, activationEvent: 'onLanguage:c'
2022-12-17 09:02:08.498 [info] ExtensionService#_doActivateExtension ms-vscode.cpptools, startup: false, activationEvent: 'onLanguage:c'
2022-12-17 09:02:08.754 [warning] DiagnosticCollection with name 'C/C++' does already exist.
2022-12-17 09:02:09.068 [error] {"message":"Git error","stdout":"","stderr":"fatal: pathspec '/home/thesynthax/.config/Code - OSS/User/settings.json' is beyond a symbolic link\n","exitCode":128}
2022-12-17 09:02:09.068 [error] {"message":"Git error","stdout":"","stderr":"fatal: pathspec '/home/thesynthax/.config/Code - OSS/User/settings.json' is beyond a symbolic link\n","exitCode":128}
2022-12-17 09:02:09.068 [error] {"message":"Git error","stdout":"","stderr":"fatal: pathspec '/home/thesynthax/.config/Code - OSS/User/settings.json' is beyond a symbolic link\n","exitCode":128}
2022-12-17 09:02:10.069 [error] {"message":"Git error","stdout":"","stderr":"fatal: pathspec '/home/thesynthax/.config/Code - OSS/User/settings.json' is beyond a symbolic link\n","exitCode":128}
2022-12-17 09:02:10.069 [error] {"message":"Git error","stdout":"","stderr":"fatal: pathspec '/home/thesynthax/.config/Code - OSS/User/settings.json' is beyond a symbolic link\n","exitCode":128}
2022-12-17 09:02:10.069 [error] {"message":"Git error","stdout":"","stderr":"fatal: pathspec '/home/thesynthax/.config/Code - OSS/User/settings.json' is beyond a symbolic link\n","exitCode":128}
2022-12-17 09:02:13.324 [info] ExtensionService#_doActivateExtension vscode.debug-server-ready, startup: false, activationEvent: 'onDebugResolve'
2022-12-17 09:02:26.438 [info] ExtensionService#_doActivateExtension vscode.configuration-editing, startup: false, activationEvent: 'onLanguage:jsonc'
2022-12-17 09:02:26.438 [info] ExtensionService#_doActivateExtension vscode.json-language-features, startup: false, activationEvent: 'onLanguage:jsonc'
2022-12-17 09:02:26.438 [info] ExtensionService#_doActivateExtension vscode.typescript-language-features, startup: false, activationEvent: 'onLanguage:jsonc'
2022-12-17 09:02:26.888 [error] {"message":"Git error","stdout":"","stderr":"fatal: pathspec '/home/thesynthax/.config/Code - OSS/User' is beyond a symbolic link\n","exitCode":128}
2022-12-17 09:02:26.888 [error] {"message":"Git error","stdout":"","stderr":"fatal: pathspec '/home/thesynthax/.config/Code - OSS/User' is beyond a symbolic link\n","exitCode":128}
2022-12-17 09:02:26.888 [error] {"message":"Git error","stdout":"","stderr":"fatal: pathspec '/home/thesynthax/.config/Code - OSS/User' is beyond a symbolic link\n","exitCode":128}
2022-12-17 09:02:26.888 [error] {"message":"Git error","stdout":"","stderr":"fatal: pathspec '/home/thesynthax/.config/Code - OSS/User' is beyond a symbolic link\n","exitCode":128}
2022-12-17 09:02:27.889 [error] {"message":"Git error","stdout":"","stderr":"fatal: pathspec '/home/thesynthax/.config/Code - OSS/User' is beyond a symbolic link\n","exitCode":128}
2022-12-17 09:02:27.889 [error] {"message":"Git error","stdout":"","stderr":"fatal: pathspec '/home/thesynthax/.config/Code - OSS/User' is beyond a symbolic link\n","exitCode":128}
2022-12-17 09:02:27.890 [error] {"message":"Git error","stdout":"","stderr":"fatal: pathspec '/home/thesynthax/.config/Code - OSS/User' is beyond a symbolic link\n","exitCode":128}
2022-12-17 09:02:27.890 [error] {"message":"Git error","stdout":"","stderr":"fatal: pathspec '/home/thesynthax/.config/Code - OSS/User' is beyond a symbolic link\n","exitCode":128}
2022-12-17 09:02:44.866 [info] ExtensionService#_doActivateExtension llvm-vs-code-extensions.vscode-clangd, startup: false, activationEvent: 'onLanguage:c'
2022-12-17 09:03:07.473 [info] Extension host terminating: received terminate message from renderer
2022-12-17 09:03:07.526 [error] Error: Channel has been closed
    at c (/usr/lib/code/out/vs/workbench/api/node/extensionHostProcess.js:105:2542)
    at Object.append (/usr/lib/code/out/vs/workbench/api/node/extensionHostProcess.js:105:2618)
    at Socket.<anonymous> (/home/thesynthax/.vscode-oss/extensions/llvm-vs-code-extensions.vscode-clangd-0.1.23-universal/out/bundle.js:39:57111)
    at Socket.emit (node:events:526:28)
    at addChunk (node:internal/streams/readable:315:12)
    at readableAddChunk (node:internal/streams/readable:289:9)
    at Socket.Readable.push (node:internal/streams/readable:228:10)
    at Pipe.onStreamRead (node:internal/stream_base_commons:190:23)
2022-12-17 09:03:07.527 [error] Error: Channel has been closed
    at c (/usr/lib/code/out/vs/workbench/api/node/extensionHostProcess.js:105:2542)
    at Object.append (/usr/lib/code/out/vs/workbench/api/node/extensionHostProcess.js:105:2618)
    at Socket.<anonymous> (/home/thesynthax/.vscode-oss/extensions/llvm-vs-code-extensions.vscode-clangd-0.1.23-universal/out/bundle.js:39:57111)
    at Socket.emit (node:events:526:28)
    at addChunk (node:internal/streams/readable:315:12)
    at readableAddChunk (node:internal/streams/readable:289:9)
    at Socket.Readable.push (node:internal/streams/readable:228:10)
    at Pipe.onStreamRead (node:internal/stream_base_commons:190:23)
2022-12-17 09:03:07.530 [info] Extension host with pid 47030 exiting with code 0
2022-12-17 09:03:09.033 [info] Extension host with pid 47633 started
2022-12-17 09:03:09.167 [info] ExtensionService#_doActivateExtension vadimcn.vscode-lldb, startup: false, activationEvent: 'onLanguage:c', root cause: franneck94.c-cpp-runner
2022-12-17 09:03:09.168 [info] ExtensionService#_doActivateExtension llvm-vs-code-extensions.vscode-clangd, startup: false, activationEvent: 'onLanguage:c'
2022-12-17 09:03:09.168 [info] ExtensionService#_doActivateExtension ms-vscode.cpptools, startup: false, activationEvent: 'onLanguage:c'
2022-12-17 09:03:09.168 [info] ExtensionService#_doActivateExtension vscode.git-base, startup: true, activationEvent: '*', root cause: vscode.git
2022-12-17 09:03:09.168 [info] ExtensionService#_doActivateExtension vscodevim.vim, startup: true, activationEvent: '*'
2022-12-17 09:03:09.414 [info] ExtensionService#_doActivateExtension franneck94.c-cpp-runner, startup: false, activationEvent: 'onLanguage:c'
2022-12-17 09:03:09.415 [info] ExtensionService#_doActivateExtension vscode.git, startup: true, activationEvent: '*'
2022-12-17 09:03:09.415 [info] ExtensionService#_doActivateExtension vscode.github, startup: true, activationEvent: '*'
2022-12-17 09:03:09.516 [info] Eager extensions activated
2022-12-17 09:03:09.535 [info] ExtensionService#_doActivateExtension vscode.debug-auto-launch, startup: false, activationEvent: 'onStartupFinished'
2022-12-17 09:03:09.536 [info] ExtensionService#_doActivateExtension vscode.emmet, startup: false, activationEvent: 'onStartupFinished'
2022-12-17 09:03:09.536 [info] ExtensionService#_doActivateExtension vscode.merge-conflict, startup: false, activationEvent: 'onStartupFinished'
2022-12-17 09:03:09.536 [info] ExtensionService#_doActivateExtension Equinusocio.vsc-material-theme, startup: false, activationEvent: 'onStartupFinished'
2022-12-17 09:03:09.536 [info] ExtensionService#_doActivateExtension equinusocio.vsc-material-theme-icons, startup: false, activationEvent: 'onStartupFinished'
2022-12-17 09:03:09.536 [info] ExtensionService#_doActivateExtension formulahendry.code-runner, startup: false, activationEvent: 'onStartupFinished'
2022-12-17 09:03:09.536 [info] ExtensionService#_doActivateExtension zhuangtongfa.material-theme, startup: false, activationEvent: 'onStartupFinished'
2022-12-17 09:03:12.612 [info] ExtensionService#_doActivateExtension vscode.debug-server-ready, startup: false, activationEvent: 'onDebugResolve'
2022-12-17 09:03:31.512 [info] Extension host terminating: received terminate message from renderer
2022-12-17 09:03:31.528 [error] Error: Channel has been closed
    at c (/usr/lib/code/out/vs/workbench/api/node/extensionHostProcess.js:105:2542)
    at Object.append (/usr/lib/code/out/vs/workbench/api/node/extensionHostProcess.js:105:2618)
    at Socket.<anonymous> (/home/thesynthax/.vscode-oss/extensions/llvm-vs-code-extensions.vscode-clangd-0.1.23-universal/out/bundle.js:39:57111)
    at Socket.emit (node:events:526:28)
    at addChunk (node:internal/streams/readable:315:12)
    at readableAddChunk (node:internal/streams/readable:289:9)
    at Socket.Readable.push (node:internal/streams/readable:228:10)
    at Pipe.onStreamRead (node:internal/stream_base_commons:190:23)
2022-12-17 09:03:31.530 [info] Extension host with pid 47633 exiting with code 0
2022-12-17 09:03:33.788 [info] Extension host with pid 47893 started
2022-12-17 09:03:33.788 [info] Skipping acquiring lock for /home/thesynthax/.config/Code - OSS/User/workspaceStorage/f00c5ea68d63123e21da25dc56f26bca.
2022-12-17 09:03:33.850 [info] ExtensionService#_doActivateExtension vscode.git-base, startup: true, activationEvent: '*'
2022-12-17 09:03:33.850 [info] ExtensionService#_doActivateExtension vscodevim.vim, startup: true, activationEvent: '*'
2022-12-17 09:03:33.919 [info] ExtensionService#_doActivateExtension vscode.github, startup: true, activationEvent: '*'
2022-12-17 09:03:33.924 [info] Eager extensions activated
2022-12-17 09:03:33.926 [info] ExtensionService#_doActivateExtension vscode.debug-auto-launch, startup: false, activationEvent: 'onStartupFinished'
2022-12-17 09:03:33.926 [info] ExtensionService#_doActivateExtension vscode.emmet, startup: false, activationEvent: 'onStartupFinished'
2022-12-17 09:03:33.926 [info] ExtensionService#_doActivateExtension vscode.merge-conflict, startup: false, activationEvent: 'onStartupFinished'
2022-12-17 09:03:33.927 [info] ExtensionService#_doActivateExtension Equinusocio.vsc-material-theme, startup: false, activationEvent: 'onStartupFinished'
2022-12-17 09:03:33.927 [info] ExtensionService#_doActivateExtension zhuangtongfa.material-theme, startup: false, activationEvent: 'onStartupFinished'
2022-12-17 09:03:36.703 [info] ExtensionService#_doActivateExtension vscode.git, startup: false, activationEvent: 'api', root cause: vscode.github
2022-12-17 09:03:36.730 [info] ExtensionService#_doActivateExtension equinusocio.vsc-material-theme-icons, startup: false, activationEvent: 'onStartupFinished'
2022-12-17 09:03:36.730 [info] ExtensionService#_doActivateExtension formulahendry.code-runner, startup: false, activationEvent: 'onStartupFinished'
2022-12-17 09:03:36.730 [info] ExtensionService#_doActivateExtension vadimcn.vscode-lldb, startup: false, activationEvent: 'onStartupFinished'
2022-12-17 09:04:56.518 [info] ExtensionService#_doActivateExtension franneck94.c-cpp-runner, startup: false, activationEvent: 'onLanguage:c'
2022-12-17 09:04:56.518 [info] ExtensionService#_doActivateExtension llvm-vs-code-extensions.vscode-clangd, startup: false, activationEvent: 'onLanguage:c'
2022-12-17 09:04:56.518 [info] ExtensionService#_doActivateExtension ms-vscode.cpptools, startup: false, activationEvent: 'onLanguage:c'
2022-12-17 09:04:56.728 [info] ExtensionService#_doActivateExtension vscode.configuration-editing, startup: false, activationEvent: 'onLanguage:json'
2022-12-17 09:04:56.728 [info] ExtensionService#_doActivateExtension vscode.extension-editing, startup: false, activationEvent: 'onLanguage:json'
2022-12-17 09:04:56.728 [info] ExtensionService#_doActivateExtension vscode.json-language-features, startup: false, activationEvent: 'onLanguage:json'
2022-12-17 09:04:56.728 [info] ExtensionService#_doActivateExtension vscode.npm, startup: false, activationEvent: 'onLanguage:json'
2022-12-17 09:04:56.781 [info] ExtensionService#_doActivateExtension vscode.typescript-language-features, startup: false, activationEvent: 'onLanguage:jsonc'
2022-12-17 09:05:16.625 [error] [llvm-vs-code-extensions.vscode-clangd] provider FAILED
2022-12-17 09:05:16.625 [error] {"a":true,"b":null}
2022-12-17 09:05:18.650 [error] [llvm-vs-code-extensions.vscode-clangd] provider FAILED
2022-12-17 09:05:18.650 [error] {"a":false,"b":{"j":false,"q":{"a":{"element":{"subscription":{}},"next":{},"prev":{}},"b":{"element":{"subscription":{}},"next":{},"prev":{}},"c":1}}}
2022-12-17 09:05:27.329 [info] ExtensionService#_doActivateExtension vscode.debug-server-ready, startup: false, activationEvent: 'onDebugResolve'
2022-12-17 09:11:47.138 [info] Extension host terminating: received terminate message from renderer
2022-12-17 09:11:47.457 [error] TypeError: Converting circular structure to JSON
    --> starting at object with constructor 't'
    |     property '_readableState' -> object with constructor 'M'
    |     property 'pipes' -> object with constructor 'Array'
    |     index 0 -> object with constructor 't.ConsoleForElectron'
    --- property 'parent' closes the circle
    at JSON.stringify (<anonymous>)
    at /home/thesynthax/.vscode-oss/extensions/vscodevim.vim-1.24.3-universal/src/register/register.ts:333:16
    at process.async (node:internal/process/task_queues:96:5)
    at Object.e.deactivate (/home/thesynthax/.vscode-oss/extensions/vscodevim.vim-1.24.3-universal/extension.ts:64:8)
    at async Promise.all (index 19)
    at d.Q (/usr/lib/code/out/vs/workbench/api/node/extensionHostProcess.js:106:9315)
2022-12-17 09:11:47.459 [error] Error: Channel has been closed
    at c (/usr/lib/code/out/vs/workbench/api/node/extensionHostProcess.js:105:2542)
    at Object.append (/usr/lib/code/out/vs/workbench/api/node/extensionHostProcess.js:105:2618)
    at Socket.<anonymous> (/home/thesynthax/.vscode-oss/extensions/llvm-vs-code-extensions.vscode-clangd-0.1.23-universal/out/bundle.js:39:57111)
    at Socket.emit (node:events:526:28)
    at addChunk (node:internal/streams/readable:315:12)
    at readableAddChunk (node:internal/streams/readable:289:9)
    at Socket.Readable.push (node:internal/streams/readable:228:10)
    at Pipe.onStreamRead (node:internal/stream_base_commons:190:23)
2022-12-17 09:11:47.460 [info] Extension host with pid 47893 exiting with code 0
2022-12-17 09:11:48.629 [info] Extension host with pid 51211 started
2022-12-17 09:11:48.629 [info] Skipping acquiring lock for /home/thesynthax/.config/Code - OSS/User/workspaceStorage/f00c5ea68d63123e21da25dc56f26bca.
2022-12-17 09:11:48.794 [info] ExtensionService#_doActivateExtension vadimcn.vscode-lldb, startup: false, activationEvent: 'onLanguage:c', root cause: franneck94.c-cpp-runner
2022-12-17 09:11:48.794 [info] ExtensionService#_doActivateExtension ms-vscode.cpptools, startup: false, activationEvent: 'onLanguage:c'
2022-12-17 09:11:48.794 [info] ExtensionService#_doActivateExtension vscode.git-base, startup: true, activationEvent: '*', root cause: vscode.git
2022-12-17 09:11:48.794 [info] ExtensionService#_doActivateExtension vscodevim.vim, startup: true, activationEvent: '*'
2022-12-17 09:11:49.045 [info] ExtensionService#_doActivateExtension franneck94.c-cpp-runner, startup: false, activationEvent: 'onLanguage:c'
2022-12-17 09:11:49.045 [info] ExtensionService#_doActivateExtension vscode.git, startup: true, activationEvent: '*'
2022-12-17 09:11:49.045 [info] ExtensionService#_doActivateExtension vscode.github, startup: true, activationEvent: '*'
2022-12-17 09:11:49.126 [info] ExtensionService#_doActivateExtension formulahendry.code-runner, startup: false, activationEvent: 'onLanguage:code-runner-output'
2022-12-17 09:11:49.175 [info] Eager extensions activated
2022-12-17 09:11:49.214 [info] ExtensionService#_doActivateExtension vscode.configuration-editing, startup: false, activationEvent: 'onLanguage:json'
2022-12-17 09:11:49.214 [info] ExtensionService#_doActivateExtension vscode.extension-editing, startup: false, activationEvent: 'onLanguage:json'
2022-12-17 09:11:49.214 [info] ExtensionService#_doActivateExtension vscode.json-language-features, startup: false, activationEvent: 'onLanguage:json'
2022-12-17 09:11:49.215 [info] ExtensionService#_doActivateExtension vscode.npm, startup: false, activationEvent: 'onLanguage:json'
2022-12-17 09:11:49.215 [info] ExtensionService#_doActivateExtension vscode.debug-auto-launch, startup: false, activationEvent: 'onStartupFinished'
2022-12-17 09:11:49.215 [info] ExtensionService#_doActivateExtension vscode.emmet, startup: false, activationEvent: 'onStartupFinished'
2022-12-17 09:11:49.215 [info] ExtensionService#_doActivateExtension vscode.merge-conflict, startup: false, activationEvent: 'onStartupFinished'
2022-12-17 09:11:49.215 [info] ExtensionService#_doActivateExtension Equinusocio.vsc-material-theme, startup: false, activationEvent: 'onStartupFinished'
2022-12-17 09:11:49.215 [info] ExtensionService#_doActivateExtension equinusocio.vsc-material-theme-icons, startup: false, activationEvent: 'onStartupFinished'
2022-12-17 09:11:49.215 [info] ExtensionService#_doActivateExtension zhuangtongfa.material-theme, startup: false, activationEvent: 'onStartupFinished'
2022-12-17 09:11:49.310 [info] ExtensionService#_doActivateExtension vscode.typescript-language-features, startup: false, activationEvent: 'onLanguage:jsonc'
2022-12-17 09:11:49.956 [info] ExtensionService#_doActivateExtension vscode.debug-server-ready, startup: false, activationEvent: 'onDebugResolve'
2022-12-17 09:12:04.731 [info] Extension host terminating: received terminate message from renderer
2022-12-17 09:12:04.757 [error] Error: read ECONNRESET
    at Pipe.onStreamRead (node:internal/stream_base_commons:217:20)
2022-12-17 09:12:04.759 [info] Extension host with pid 51211 exiting with code 0
