2022-12-17 08:56:30.923 [info] [perf] Render performance baseline is 61ms
2022-12-17 08:56:35.318 [error] Git error
2022-12-17 08:56:42.467 [error] Error while registering log channel file:///home/thesynthax/.config/Code%20-%20OSS/logs/20221217T085623/userDataSync.log Timed out while waiting for file to be created
2022-12-17 09:01:38.722 [error] Extension 'ms-vscode.cpptools CANNOT USE these API proposals 'terminalDataWriteEvent'. You MUST start in extension development mode or use the --enable-proposed-api command line flag
2022-12-17 09:01:39.466 [error] [Extension Host] (node:43453) [DEP0005] DeprecationWarning: Buffer() is deprecated due to security and usability issues. Please use the Buffer.alloc(), Buffer.allocUnsafe(), or Buffer.from() methods instead.
(Use `electron --trace-deprecation ...` to show where the warning was created)
2022-12-17 09:02:06.188 [error] Extension 'ms-vscode.cpptools CANNOT USE these API proposals 'terminalDataWriteEvent'. You MUST start in extension development mode or use the --enable-proposed-api command line flag
2022-12-17 09:02:08.699 [error] [Extension Host] (node:47030) [DEP0005] DeprecationWarning: Buffer() is deprecated due to security and usability issues. Please use the Buffer.alloc(), Buffer.allocUnsafe(), or Buffer.from() methods instead.
(Use `electron --trace-deprecation ...` to show where the warning was created)
2022-12-17 09:02:09.125 [info] [perf] Render performance baseline is 29ms
2022-12-17 09:02:10.071 [error] Git error
2022-12-17 09:02:16.104 [error] Error while registering log channel file:///home/thesynthax/.config/Code%20-%20OSS/logs/20221217T085623/userDataSync.log Timed out while waiting for file to be created
2022-12-17 09:02:27.894 [error] Git error
2022-12-17 09:03:08.630 [error] Extension 'ms-vscode.cpptools CANNOT USE these API proposals 'terminalDataWriteEvent'. You MUST start in extension development mode or use the --enable-proposed-api command line flag
2022-12-17 09:03:11.576 [info] [perf] Render performance baseline is 30ms
2022-12-17 09:03:19.417 [error] Error while registering log channel file:///home/thesynthax/.config/Code%20-%20OSS/logs/20221217T085623/userDataSync.log Timed out while waiting for file to be created
2022-12-17 09:03:33.385 [error] Extension 'ms-vscode.cpptools CANNOT USE these API proposals 'terminalDataWriteEvent'. You MUST start in extension development mode or use the --enable-proposed-api command line flag
2022-12-17 09:03:36.357 [info] [perf] Render performance baseline is 73ms
2022-12-17 09:03:36.573 [error] Extension 'ms-vscode.cpptools CANNOT USE these API proposals 'terminalDataWriteEvent'. You MUST start in extension development mode or use the --enable-proposed-api command line flag
2022-12-17 09:03:43.417 [error] Error while registering log channel file:///home/thesynthax/.config/Code%20-%20OSS/logs/20221217T085623/userDataSync.log Timed out while waiting for file to be created
2022-12-17 09:05:18.651 [error] An unknown error occurred. Please consult the log for more details.
2022-12-17 09:11:48.260 [error] Extension 'ms-vscode.cpptools CANNOT USE these API proposals 'terminalDataWriteEvent'. You MUST start in extension development mode or use the --enable-proposed-api command line flag
2022-12-17 09:11:51.214 [info] [perf] Render performance baseline is 31ms
2022-12-17 09:11:58.320 [error] Error while registering log channel file:///home/thesynthax/.config/Code%20-%20OSS/logs/20221217T085623/userDataSync.log Timed out while waiting for file to be created
