2022-12-17 08:56:27.681 [info] Added views:workbench.panel.markers.view in workbench.panel.markers
2022-12-17 08:56:27.681 [info] Added views:workbench.panel.output in workbench.panel.output
2022-12-17 08:56:27.681 [info] Added views:terminal in terminal
2022-12-17 08:56:27.681 [info] Added views:outline in workbench.view.explorer
2022-12-17 08:56:27.681 [info] Added views:workbench.scm in workbench.view.scm
2022-12-17 08:56:27.681 [info] Added views:workbench.view.search in workbench.view.search
2022-12-17 08:56:27.681 [info] Added views:timeline in workbench.view.explorer
2022-12-17 08:56:27.681 [info] Added views:workbench.explorer.emptyView in workbench.view.explorer
2022-12-17 08:56:27.776 [info] Added views:workbench.debug.welcome in workbench.view.debug
2022-12-17 08:56:28.800 [info] Added views:workbench.panel.repl.view in workbench.panel.repl
2022-12-17 08:56:38.958 [info] Added views:workbench.views.extensions.installed,workbench.views.extensions.popular,extensions.recommendedList in workbench.view.extensions
2022-12-17 08:56:38.961 [info] Removed views:workbench.views.extensions.popular from workbench.view.extensions
2022-12-17 08:58:19.072 [info] Removed views:extensions.recommendedList,workbench.views.extensions.installed from workbench.view.extensions
2022-12-17 08:58:19.105 [info] Added views:workbench.views.extensions.marketplace in workbench.view.extensions
2022-12-17 09:01:58.127 [info] Removed views:workbench.views.extensions.marketplace from workbench.view.extensions
2022-12-17 09:01:58.139 [info] Added views:workbench.views.extensions.installed,extensions.recommendedList in workbench.view.extensions
2022-12-17 09:02:05.928 [info] Added views:workbench.panel.markers.view in workbench.panel.markers
2022-12-17 09:02:05.928 [info] Added views:workbench.panel.output in workbench.panel.output
2022-12-17 09:02:05.928 [info] Added views:terminal in terminal
2022-12-17 09:02:05.928 [info] Added views:outline in workbench.view.explorer
2022-12-17 09:02:05.928 [info] Added views:workbench.scm in workbench.view.scm
2022-12-17 09:02:05.928 [info] Added views:workbench.view.search in workbench.view.search
2022-12-17 09:02:05.928 [info] Added views:timeline in workbench.view.explorer
2022-12-17 09:02:05.928 [info] Added views:workbench.explorer.emptyView in workbench.view.explorer
2022-12-17 09:02:05.928 [info] Added views:workbench.views.extensions.installed,extensions.recommendedList in workbench.view.extensions
2022-12-17 09:02:05.928 [info] Added views:workbench.debug.welcome in workbench.view.debug
2022-12-17 09:02:06.891 [info] Added views:workbench.panel.repl.view in workbench.panel.repl
2022-12-17 09:02:51.057 [info] Removed views:extensions.recommendedList,workbench.views.extensions.installed from workbench.view.extensions
2022-12-17 09:02:51.090 [info] Added views:workbench.views.extensions.marketplace in workbench.view.extensions
2022-12-17 09:03:08.419 [info] Added views:workbench.panel.markers.view in workbench.panel.markers
2022-12-17 09:03:08.419 [info] Added views:workbench.panel.output in workbench.panel.output
2022-12-17 09:03:08.419 [info] Added views:terminal in terminal
2022-12-17 09:03:08.419 [info] Added views:outline in workbench.view.explorer
2022-12-17 09:03:08.419 [info] Added views:workbench.scm in workbench.view.scm
2022-12-17 09:03:08.419 [info] Added views:workbench.view.search in workbench.view.search
2022-12-17 09:03:08.419 [info] Added views:timeline in workbench.view.explorer
2022-12-17 09:03:08.419 [info] Added views:workbench.explorer.emptyView in workbench.view.explorer
2022-12-17 09:03:08.471 [info] Added views:workbench.debug.welcome in workbench.view.debug
2022-12-17 09:03:08.523 [info] Added views:workbench.views.extensions.installed,extensions.recommendedList in workbench.view.extensions
2022-12-17 09:03:09.153 [info] Added views:workbench.panel.repl.view in workbench.panel.repl
2022-12-17 09:03:33.275 [info] Added views:workbench.panel.markers.view in workbench.panel.markers
2022-12-17 09:03:33.275 [info] Added views:workbench.panel.output in workbench.panel.output
2022-12-17 09:03:33.275 [info] Added views:terminal in terminal
2022-12-17 09:03:33.275 [info] Added views:outline in workbench.view.explorer
2022-12-17 09:03:33.275 [info] Added views:workbench.scm in workbench.view.scm
2022-12-17 09:03:33.275 [info] Added views:workbench.view.search in workbench.view.search
2022-12-17 09:03:33.275 [info] Added views:timeline in workbench.view.explorer
2022-12-17 09:03:33.275 [info] Added views:workbench.explorer.fileView in workbench.view.explorer
2022-12-17 09:03:33.275 [info] Added views:workbench.debug.variablesView,workbench.debug.watchExpressionsView,workbench.debug.callStackView,workbench.debug.breakPointsView in workbench.view.debug
2022-12-17 09:03:33.844 [info] Added views:workbench.panel.repl.view in workbench.panel.repl
2022-12-17 09:03:33.847 [info] Removed views:workbench.debug.breakPointsView,workbench.debug.callStackView,workbench.debug.watchExpressionsView,workbench.debug.variablesView from workbench.view.debug
2022-12-17 09:03:33.848 [info] Added views:workbench.debug.welcome in workbench.view.debug
2022-12-17 09:04:57.092 [info] Removed views:workbench.debug.welcome from workbench.view.debug
2022-12-17 09:04:57.094 [info] Added views:workbench.debug.variablesView,workbench.debug.watchExpressionsView,workbench.debug.callStackView,workbench.debug.breakPointsView in workbench.view.debug
2022-12-17 09:11:40.567 [info] Added views:workbench.views.extensions.installed,workbench.views.extensions.popular,extensions.recommendedList in workbench.view.extensions
2022-12-17 09:11:40.575 [info] Removed views:workbench.views.extensions.popular from workbench.view.extensions
2022-12-17 09:11:48.057 [info] Added views:workbench.panel.markers.view in workbench.panel.markers
2022-12-17 09:11:48.057 [info] Added views:workbench.panel.output in workbench.panel.output
2022-12-17 09:11:48.057 [info] Added views:terminal in terminal
2022-12-17 09:11:48.057 [info] Added views:outline in workbench.view.explorer
2022-12-17 09:11:48.057 [info] Added views:workbench.scm in workbench.view.scm
2022-12-17 09:11:48.057 [info] Added views:workbench.view.search in workbench.view.search
2022-12-17 09:11:48.057 [info] Added views:timeline in workbench.view.explorer
2022-12-17 09:11:48.057 [info] Added views:workbench.explorer.fileView in workbench.view.explorer
2022-12-17 09:11:48.101 [info] Added views:workbench.debug.variablesView,workbench.debug.watchExpressionsView,workbench.debug.callStackView,workbench.debug.breakPointsView in workbench.view.debug
2022-12-17 09:11:48.143 [info] Added views:workbench.views.extensions.installed,extensions.recommendedList in workbench.view.extensions
2022-12-17 09:11:48.765 [info] Added views:workbench.panel.repl.view in workbench.panel.repl
