2024-02-18 15:44:48.343 [info] Log level: Info
2024-02-18 15:44:48.343 [info] Validating found git in: "git"
2024-02-18 15:44:48.343 [info] Using git "2.43.2" from "git"
2024-02-18 15:44:48.343 [info] > git rev-parse --show-toplevel [1ms]
2024-02-18 15:44:48.343 [info] > git rev-parse --git-dir --git-common-dir [1ms]
2024-02-18 15:44:48.355 [info] Open repository: /home/thesynthax/projects/web/RocketChat-tour
2024-02-18 15:44:48.372 [info] > git config --get commit.template [8ms]
2024-02-18 15:44:48.373 [info] > git rev-parse --show-toplevel [2ms]
2024-02-18 15:44:48.387 [info] > git for-each-ref --format=%(refname)%00%(upstream:short)%00%(objectname)%00%(upstream:track)%00%(upstream:remotename)%00%(upstream:remoteref) refs/heads/PRTour2 refs/remotes/PRTour2 [7ms]
2024-02-18 15:44:48.396 [info] > git rev-parse --show-toplevel [9ms]
2024-02-18 15:44:48.427 [info] > git rev-parse --show-toplevel [13ms]
2024-02-18 15:44:48.437 [info] > git rev-parse --show-toplevel [2ms]
2024-02-18 15:44:48.446 [info] > git status -z -uall [51ms]
2024-02-18 15:44:48.457 [info] > git rev-parse --show-toplevel [12ms]
2024-02-18 15:44:48.464 [info] > git config --get commit.template [7ms]
2024-02-18 15:44:48.465 [info] > git rev-parse --show-toplevel [1ms]
2024-02-18 15:44:48.479 [info] > git for-each-ref --format=%(refname)%00%(upstream:short)%00%(objectname)%00%(upstream:track)%00%(upstream:remotename)%00%(upstream:remoteref) refs/heads/PRTour2 refs/remotes/PRTour2 [7ms]
2024-02-18 15:44:49.749 [info] > git status -z -uall [1264ms]
2024-02-18 15:44:49.750 [info] > git rev-parse --show-toplevel [1272ms]
2024-02-18 15:44:50.387 [info] > git check-ignore -v -z --stdin [30ms]
2024-02-18 15:44:50.416 [info] > git rev-parse --show-toplevel [397ms]
2024-02-18 15:44:50.503 [info] > git rev-parse --show-toplevel [27ms]
2024-02-18 15:44:50.564 [info] > git rev-parse --show-toplevel [41ms]
2024-02-18 15:44:50.963 [info] > git config --local branch.PRTour2.github-pr-owner-number [1ms]
2024-02-18 15:44:50.963 [warning] git config failed: Failed to execute git
2024-02-18 15:44:50.973 [info] > git config --local branch.PRTour2.remote [1ms]
2024-02-18 15:44:50.983 [info] > git config --local branch.PRTour2.merge [2ms]
2024-02-18 15:45:28.629 [info] > git show --textconv :package.json [35ms]
2024-02-18 15:45:28.630 [info] > git ls-files --stage -- /home/thesynthax/projects/web/RocketChat-tour/package.json [25ms]
2024-02-18 15:45:28.642 [info] > git cat-file -s 47e67f6b7ec3e56cc76179329e47609d86a8b4c8 [2ms]
2024-02-18 15:46:03.899 [info] > git check-ignore -v -z --stdin [5ms]
2024-02-18 15:46:21.520 [info] > git check-ignore -v -z --stdin [18ms]
2024-02-18 15:46:53.818 [info] > git check-ignore -v -z --stdin [453ms]
2024-02-18 15:46:53.819 [info] > git show --textconv :apps/meteor/client/views/root/AppRoot.tsx [403ms]
2024-02-18 15:46:53.819 [info] > git ls-files --stage -- /home/thesynthax/projects/web/RocketChat-tour/apps/meteor/client/views/root/AppRoot.tsx [388ms]
2024-02-18 15:46:53.856 [info] > git cat-file -s dfb2de8d7264e96cc632aed486820e7781898d25 [25ms]
2024-02-18 15:46:54.003 [info] > git check-ignore -v -z --stdin [21ms]
2024-02-18 15:46:56.459 [info] > git show --textconv :apps/meteor/client/views/root/AppRoot.tsx [13ms]
2024-02-18 15:46:56.460 [info] > git ls-files --stage -- /home/thesynthax/projects/web/RocketChat-tour/apps/meteor/client/views/root/AppRoot.tsx [1ms]
2024-02-18 15:46:56.473 [info] > git cat-file -s dfb2de8d7264e96cc632aed486820e7781898d25 [1ms]
2024-02-18 15:47:01.792 [info] > git check-ignore -v -z --stdin [1ms]
2024-02-18 15:47:08.484 [info] > git check-ignore -v -z --stdin [4ms]
2024-02-18 15:47:17.619 [info] > git show --textconv :apps/meteor/client/views/room/body/RoomBody.tsx [19ms]
2024-02-18 15:47:17.620 [info] > git ls-files --stage -- /home/thesynthax/projects/web/RocketChat-tour/apps/meteor/client/views/room/body/RoomBody.tsx [3ms]
2024-02-18 15:47:17.642 [info] > git cat-file -s 1a6a11c07f793a601053cd7ec22a8cfaefa323c6 [3ms]
2024-02-18 15:47:18.097 [info] > git check-ignore -v -z --stdin [5ms]
2024-02-18 15:48:21.851 [info] > git show --textconv :apps/meteor/client/views/room/composer/ComposerContainer.tsx [13ms]
2024-02-18 15:48:21.853 [info] > git ls-files --stage -- /home/thesynthax/projects/web/RocketChat-tour/apps/meteor/client/views/room/composer/ComposerContainer.tsx [1ms]
2024-02-18 15:48:21.866 [info] > git cat-file -s 225ac00e13c7dd79d1e3f5ddd9fa0d10f31d0742 [1ms]
2024-02-18 15:48:22.374 [info] > git check-ignore -v -z --stdin [13ms]
2024-02-18 15:49:50.947 [info] > git config --local branch.PRTour2.github-pr-owner-number [1ms]
2024-02-18 15:49:50.947 [warning] git config failed: Failed to execute git
2024-02-18 15:52:34.457 [info] > git show --textconv :apps/meteor/app/api/server/index.ts [15ms]
2024-02-18 15:52:34.458 [info] > git ls-files --stage -- /home/thesynthax/projects/web/RocketChat-tour/apps/meteor/app/api/server/index.ts [2ms]
2024-02-18 15:52:34.476 [info] > git cat-file -s 00f1a62f1cbd9321a8e8eac7a74d7810bd7b6004 [1ms]
2024-02-18 15:52:34.984 [info] > git check-ignore -v -z --stdin [23ms]
2024-02-18 15:54:50.981 [info] > git config --local branch.PRTour2.github-pr-owner-number [1ms]
2024-02-18 15:54:50.981 [warning] git config failed: Failed to execute git
2024-02-18 15:59:51.029 [info] > git config --local branch.PRTour2.github-pr-owner-number [1ms]
2024-02-18 15:59:51.029 [warning] git config failed: Failed to execute git
2024-02-18 16:04:51.114 [info] > git config --local branch.PRTour2.github-pr-owner-number [3ms]
2024-02-18 16:04:51.114 [warning] git config failed: Failed to execute git
2024-02-18 16:04:51.585 [info] > git show --textconv :apps/meteor/app/api/server/api.ts [17ms]
2024-02-18 16:04:51.590 [info] > git ls-files --stage -- /home/thesynthax/projects/web/RocketChat-tour/apps/meteor/app/api/server/api.ts [6ms]
2024-02-18 16:04:51.607 [info] > git cat-file -s 08e1ef17e34858784ca8ebbe4811734e463ba424 [3ms]
2024-02-18 16:04:56.482 [info] > git show --textconv :apps/meteor/app/api/server/v1/chat.ts [15ms]
2024-02-18 16:04:56.483 [info] > git ls-files --stage -- /home/thesynthax/projects/web/RocketChat-tour/apps/meteor/app/api/server/v1/chat.ts [2ms]
2024-02-18 16:04:56.498 [info] > git cat-file -s 98fc278594aeb3128ceaed562433379a820af403 [1ms]
2024-02-18 16:04:57.032 [info] > git check-ignore -v -z --stdin [4ms]
2024-02-18 16:05:02.361 [info] > git show --textconv :apps/meteor/app/api/server/api.ts [15ms]
2024-02-18 16:05:02.362 [info] > git ls-files --stage -- /home/thesynthax/projects/web/RocketChat-tour/apps/meteor/app/api/server/api.ts [1ms]
2024-02-18 16:05:02.377 [info] > git cat-file -s 08e1ef17e34858784ca8ebbe4811734e463ba424 [1ms]
2024-02-18 16:05:02.734 [info] > git check-ignore -v -z --stdin [12ms]
2024-02-18 16:05:08.336 [info] > git show --textconv :apps/meteor/app/api/server/v1/chat.ts [12ms]
2024-02-18 16:05:08.337 [info] > git ls-files --stage -- /home/thesynthax/projects/web/RocketChat-tour/apps/meteor/app/api/server/v1/chat.ts [2ms]
2024-02-18 16:05:08.350 [info] > git cat-file -s 98fc278594aeb3128ceaed562433379a820af403 [1ms]
2024-02-18 16:05:13.683 [info] > git show --textconv :apps/meteor/app/lib/server/methods/sendMessage.ts [15ms]
2024-02-18 16:05:13.684 [info] > git ls-files --stage -- /home/thesynthax/projects/web/RocketChat-tour/apps/meteor/app/lib/server/methods/sendMessage.ts [2ms]
2024-02-18 16:05:13.699 [info] > git cat-file -s e12ebc2d47e929c96033493a036c3e85097c7f43 [2ms]
2024-02-18 16:05:14.185 [info] > git check-ignore -v -z --stdin [13ms]
2024-02-18 16:05:15.896 [info] > git show --textconv :apps/meteor/client/lib/chats/flows/sendMessage.ts [15ms]
2024-02-18 16:05:15.897 [info] > git ls-files --stage -- /home/thesynthax/projects/web/RocketChat-tour/apps/meteor/client/lib/chats/flows/sendMessage.ts [2ms]
2024-02-18 16:05:15.911 [info] > git cat-file -s 62adbd80eb3e263e40c9e34ac3623628e338cea4 [0ms]
2024-02-18 16:05:16.403 [info] > git check-ignore -v -z --stdin [16ms]
2024-02-18 16:05:18.178 [info] > git show --textconv :apps/meteor/app/utils/client/lib/SDKClient.ts [15ms]
2024-02-18 16:05:18.180 [info] > git ls-files --stage -- /home/thesynthax/projects/web/RocketChat-tour/apps/meteor/app/utils/client/lib/SDKClient.ts [2ms]
2024-02-18 16:05:18.196 [info] > git cat-file -s 18ff309970dfc5981823eae7624ea5386a929d46 [1ms]
2024-02-18 16:05:18.748 [info] > git check-ignore -v -z --stdin [7ms]
2024-02-18 16:05:27.114 [info] > git check-ignore -v -z --stdin [15ms]
2024-02-18 16:05:46.460 [info] > git check-ignore -v -z --stdin [11ms]
2024-02-18 16:05:55.683 [info] > git check-ignore -v -z --stdin [9ms]
2024-02-18 16:06:04.070 [info] > git check-ignore -v -z --stdin [18ms]
2024-02-18 16:06:05.657 [info] > git show --textconv :apps/meteor/server/services/room/service.ts [14ms]
2024-02-18 16:06:05.658 [info] > git ls-files --stage -- /home/thesynthax/projects/web/RocketChat-tour/apps/meteor/server/services/room/service.ts [2ms]
2024-02-18 16:06:05.671 [info] > git cat-file -s dcfb4276bb0c51d9b2305cf7dd7f302cca0f5138 [1ms]
2024-02-18 16:06:05.977 [info] > git check-ignore -v -z --stdin [1ms]
