Initializing document watcher...
/commentinput-7d010af2-4907-40b9-be85-83a75f960a27-1.md: {}
RocketChat-tour/package.json: {"insertSpaces":false}
/CodeTour: {}
/CodeTour: {}
/CodeTour: {}
/CodeTour: {}
/commentinput-e7bc91d1-4f43-4900-b3fc-2fb148dfa6be-2.md: {}
/CodeTour: {}
/commentinput-1c8e5b81-2b7e-4489-bacf-2f6514389163-3.md: {}
/CodeTour: {}
/commentinput-12a761e4-a442-4a58-87e8-6b8cf7b95f0a-4.md: {}
/CodeTour: {}
/commentinput-636f84fa-4955-449a-8a0f-a9fa4d06d1f4-5.md: {}
/CodeTour: {}
/commentinput-b9e4415c-b35c-4fc3-93db-554d3744ffc0-6.md: {}
/CodeTour: {}
/commentinput-f6cf4043-5848-425d-82a7-deb178b2c7dd-7.md: {}
/commentinput-f6cf4043-5848-425d-82a7-deb178b2c7dd-7.md: {}
/commentinput-f6cf4043-5848-425d-82a7-deb178b2c7dd-7.md: {}
/CodeTour: {}
RocketChat-tour/apps/meteor/client/views/root/AppRoot.tsx: {}
/CodeTour: {}
RocketChat-tour/apps/meteor/client/views/root/AppRoot.tsx: {}
/commentinput-d98ded7d-95bc-4d31-aed4-3bfa33b69684-8.md: {}
RocketChat-tour/apps/meteor/client/views/root/AppRoot.tsx: {}
/CodeTour: {}
/commentinput-dcd31849-f788-450e-b6b4-a3100a2bf773-9.md: {}
/CodeTour: {}
/commentinput-b55f77e2-2b65-40b7-ba66-f2f0358631e4-10.md: {}
/CodeTour: {}
/commentinput-2ca4647f-2971-4118-9de8-1b4d37f054dd-11.md: {}
/CodeTour: {}
/commentinput-0bf3f8b0-379f-4e28-aded-89e48489a559-12.md: {}
/CodeTour: {}
RocketChat-tour/apps/meteor/client/views/room/body/RoomBody.tsx: {}
RocketChat-tour/apps/meteor/client/views/room/body/RoomBody.tsx: {}
RocketChat-tour/apps/meteor/client/views/room/body/RoomBody.tsx: {}
RocketChat-tour/apps/meteor/client/views/room/body/RoomBody.tsx: {}
RocketChat-tour/apps/meteor/client/views/room/body/RoomBody.tsx: {}
RocketChat-tour/apps/meteor/client/views/room/body/RoomBody.tsx: {}
RocketChat-tour/apps/meteor/client/views/room/body/RoomBody.tsx: {}
RocketChat-tour/apps/meteor/client/views/room/body/RoomBody.tsx: {}
RocketChat-tour/apps/meteor/client/views/room/body/RoomBody.tsx: {}
RocketChat-tour/apps/meteor/client/views/room/body/RoomBody.tsx: {}
/commentinput-57784074-4e7b-429b-b86c-c5fe6269f939-13.md: {}
/commentinput-57784074-4e7b-429b-b86c-c5fe6269f939-13.md: {}
/commentinput-57784074-4e7b-429b-b86c-c5fe6269f939-13.md: {}
RocketChat-tour/apps/meteor/client/views/room/body/RoomBody.tsx: {}
/commentinput-717134d8-e69c-49c4-b91d-5b994586edec-14.md: {}
RocketChat-tour/apps/meteor/client/views/room/body/RoomBody.tsx: {}
/commentinput-a7b896c5-3454-4859-b1be-ad9b029c4fd8-15.md: {}
RocketChat-tour/apps/meteor/client/views/room/body/RoomBody.tsx: {}
RocketChat-tour/apps/meteor/client/views/room/composer/ComposerContainer.tsx: {}
RocketChat-tour/apps/meteor/client/views/room/body/RoomBody.tsx: {}
RocketChat-tour/apps/meteor/client/views/room/composer/ComposerContainer.tsx: {}
/commentinput-a95a5dc7-3512-46b6-b335-1abbf6d0271c-16.md: {}
/commentinput-a95a5dc7-3512-46b6-b335-1abbf6d0271c-16.md: {}
/commentinput-a95a5dc7-3512-46b6-b335-1abbf6d0271c-16.md: {}
RocketChat-tour/apps/meteor/client/views/room/composer/ComposerContainer.tsx: {}
/commentinput-86a447a6-a61e-4334-ac36-fcc8a5fec692-17.md: {}
RocketChat-tour/apps/meteor/client/views/room/composer/ComposerContainer.tsx: {}
RocketChat-tour/apps/meteor/client/views/room/composer/ComposerMessage.tsx: {}
RocketChat-tour/apps/meteor/client/views/room/composer/messageBox/MessageBox.tsx: {}
RocketChat-tour/apps/meteor/client/views/room/composer/messageBox/MessageBox.tsx: {}
RocketChat-tour/apps/meteor/client/views/room/composer/messageBox/MessageBox.tsx: {}
RocketChat-tour/apps/meteor/client/views/room/composer/messageBox/MessageBox.tsx: {}
RocketChat-tour/apps/meteor/client/views/room/composer/messageBox/MessageBox.tsx: {}
RocketChat-tour/apps/meteor/client/views/room/composer/messageBox/MessageBox.tsx: {}
RocketChat-tour/apps/meteor/client/views/room/composer/messageBox/MessageBox.tsx: {}
RocketChat-tour/apps/meteor/client/views/room/composer/messageBox/MessageBox.tsx: {}
RocketChat-tour/apps/meteor/client/views/room/composer/messageBox/MessageBox.tsx: {}
/commentinput-f2deb318-b09d-42ff-8847-97af5efd2d05-18.md: {}
RocketChat-tour/apps/meteor/client/views/room/composer/messageBox/MessageBox.tsx: {}
/commentinput-b2d799c0-3f4f-41dc-ba07-2f46e3ba9415-19.md: {}
RocketChat-tour/apps/meteor/client/views/room/composer/messageBox/MessageBox.tsx: {}
/commentinput-cdb391f7-e6e7-4566-907c-eca8cc747c56-20.md: {}
RocketChat-tour/apps/meteor/client/views/room/composer/messageBox/MessageBox.tsx: {}
/commentinput-8928bba9-5b00-40fb-ad53-777cb120d82d-21.md: {}
/commentinput-8928bba9-5b00-40fb-ad53-777cb120d82d-21.md: {}
/commentinput-8928bba9-5b00-40fb-ad53-777cb120d82d-21.md: {}
/commentinput-8928bba9-5b00-40fb-ad53-777cb120d82d-21.md: {}
/commentinput-95083bbe-8b5c-440f-b4e5-a526c51b87e1-22.md: {}
/commentinput-95083bbe-8b5c-440f-b4e5-a526c51b87e1-22.md: {}
/commentinput-de995db7-19f0-4948-8167-3286adbca130-23.md: {}
/commentinput-de995db7-19f0-4948-8167-3286adbca130-23.md: {}
RocketChat-tour/apps/meteor/client/views/room/composer/messageBox/MessageBox.tsx: {}
/commentinput-a681de07-faea-4d0d-a91f-df177daaf7a2-24.md: {}
RocketChat-tour/apps/meteor/client/views/room/composer/messageBox/MessageBox.tsx: {}
/commentinput-99d7c29a-b486-49b4-8023-5520addc3fc1-25.md: {}
RocketChat-tour/apps/meteor/client/views/room/composer/messageBox/MessageBox.tsx: {}
RocketChat-tour/apps/meteor/client/views/room/composer/ComposerMessage.tsx: {}
/commentinput-0fa949c1-59af-4b95-b202-c9734e6d6bd8-26.md: {}
RocketChat-tour/apps/meteor/client/views/room/composer/ComposerMessage.tsx: {}
RocketChat-tour/apps/meteor/client/views/room/composer/ComposerContainer.tsx: {}
/commentinput-fa0da241-e8c6-4212-a005-3c73b8039961-27.md: {}
RocketChat-tour/apps/meteor/client/views/room/composer/ComposerContainer.tsx: {}
/commentinput-21512847-6d34-407b-aa88-c7d97d88c96b-28.md: {}
RocketChat-tour/apps/meteor/client/views/room/composer/ComposerContainer.tsx: {}
RocketChat-tour/apps/meteor/client/views/room/body/RoomBody.tsx: {}
RocketChat-tour/apps/meteor/client/views/room/body/RoomBody.tsx: {}
RocketChat-tour/apps/meteor/client/views/room/body/RoomBody.tsx: {}
RocketChat-tour/apps/meteor/client/views/room/body/RoomBody.tsx: {}
RocketChat-tour/apps/meteor/client/views/room/body/RoomBody.tsx: {}
RocketChat-tour/apps/meteor/client/views/room/body/RoomBody.tsx: {}
RocketChat-tour/apps/meteor/client/views/room/body/RoomBody.tsx: {}
RocketChat-tour/apps/meteor/client/views/room/body/RoomBody.tsx: {}
RocketChat-tour/apps/meteor/client/views/room/body/RoomBody.tsx: {}
RocketChat-tour/apps/meteor/client/views/room/body/RoomBody.tsx: {}
RocketChat-tour/apps/meteor/client/views/room/body/RoomBody.tsx: {}
RocketChat-tour/apps/meteor/client/views/room/body/RoomBody.tsx: {}
RocketChat-tour/apps/meteor/client/views/room/body/RoomBody.tsx: {}
RocketChat-tour/apps/meteor/client/views/room/body/RoomBody.tsx: {}
RocketChat-tour/apps/meteor/client/views/room/body/RoomBody.tsx: {}
RocketChat-tour/apps/meteor/client/views/room/body/RoomBody.tsx: {}
RocketChat-tour/apps/meteor/client/views/room/body/RoomBody.tsx: {}
RocketChat-tour/apps/meteor/client/views/room/body/RoomBody.tsx: {}
RocketChat-tour/apps/meteor/client/views/room/body/RoomBody.tsx: {}
RocketChat-tour/apps/meteor/client/views/room/body/RoomBody.tsx: {}
RocketChat-tour/apps/meteor/client/views/room/body/RoomBody.tsx: {}
RocketChat-tour/apps/meteor/client/views/room/body/RoomBody.tsx: {}
RocketChat-tour/apps/meteor/client/views/room/body/RoomBody.tsx: {}
RocketChat-tour/apps/meteor/client/views/room/body/RoomBody.tsx: {}
RocketChat-tour/apps/meteor/client/views/room/body/RoomBody.tsx: {}
RocketChat-tour/apps/meteor/client/views/room/body/RoomBody.tsx: {}
RocketChat-tour/apps/meteor/client/views/room/body/RoomBody.tsx: {}
RocketChat-tour/apps/meteor/client/views/room/body/RoomBody.tsx: {}
RocketChat-tour/apps/meteor/client/views/room/body/RoomBody.tsx: {}
RocketChat-tour/apps/meteor/client/views/room/body/RoomBody.tsx: {}
RocketChat-tour/apps/meteor/client/views/room/body/RoomBody.tsx: {}
RocketChat-tour/apps/meteor/client/views/room/body/RoomBody.tsx: {}
RocketChat-tour/apps/meteor/client/views/room/body/RoomBody.tsx: {}
RocketChat-tour/apps/meteor/client/views/room/body/RoomBody.tsx: {}
RocketChat-tour/apps/meteor/client/views/room/body/RoomBody.tsx: {}
RocketChat-tour/apps/meteor/client/views/room/body/RoomBody.tsx: {}
RocketChat-tour/apps/meteor/client/views/room/body/RoomBody.tsx: {}
RocketChat-tour/apps/meteor/client/views/room/body/RoomBody.tsx: {}
RocketChat-tour/apps/meteor/client/views/room/body/RoomBody.tsx: {}
RocketChat-tour/apps/meteor/client/views/room/body/RoomBody.tsx: {}
RocketChat-tour/apps/meteor/client/views/room/body/RoomBody.tsx: {}
RocketChat-tour/apps/meteor/client/views/room/body/RoomBody.tsx: {}
RocketChat-tour/apps/meteor/client/views/room/body/RoomBody.tsx: {}
RocketChat-tour/apps/meteor/client/views/room/body/RoomBody.tsx: {}
RocketChat-tour/apps/meteor/client/views/room/body/RoomBody.tsx: {}
RocketChat-tour/apps/meteor/client/views/room/body/RoomBody.tsx: {}
RocketChat-tour/apps/meteor/client/views/room/body/RoomBody.tsx: {}
RocketChat-tour/apps/meteor/client/views/room/body/RoomBody.tsx: {}
RocketChat-tour/apps/meteor/client/views/room/body/RoomBody.tsx: {}
RocketChat-tour/apps/meteor/client/views/room/body/RoomBody.tsx: {}
RocketChat-tour/apps/meteor/client/views/room/body/RoomBody.tsx: {}
RocketChat-tour/apps/meteor/client/views/room/body/RoomBody.tsx: {}
RocketChat-tour/apps/meteor/client/views/room/body/RoomBody.tsx: {}
RocketChat-tour/apps/meteor/client/views/room/body/RoomBody.tsx: {}
RocketChat-tour/apps/meteor/client/views/room/body/RoomBody.tsx: {}
RocketChat-tour/apps/meteor/client/views/room/body/RoomBody.tsx: {}
RocketChat-tour/apps/meteor/client/views/room/body/RoomBody.tsx: {}
RocketChat-tour/apps/meteor/client/views/room/body/RoomBody.tsx: {}
RocketChat-tour/apps/meteor/client/views/room/body/RoomBody.tsx: {}
RocketChat-tour/apps/meteor/client/views/room/body/RoomBody.tsx: {}
RocketChat-tour/apps/meteor/client/views/room/body/RoomBody.tsx: {}
RocketChat-tour/apps/meteor/client/views/room/body/RoomBody.tsx: {}
RocketChat-tour/apps/meteor/client/views/room/body/RoomBody.tsx: {}
RocketChat-tour/apps/meteor/client/views/room/body/RoomBody.tsx: {}
RocketChat-tour/apps/meteor/client/views/room/body/RoomBody.tsx: {}
RocketChat-tour/apps/meteor/client/views/room/body/RoomBody.tsx: {}
RocketChat-tour/apps/meteor/client/views/room/body/RoomBody.tsx: {}
RocketChat-tour/apps/meteor/client/views/room/body/RoomBody.tsx: {}
RocketChat-tour/apps/meteor/client/views/room/body/RoomBody.tsx: {}
RocketChat-tour/apps/meteor/client/views/room/body/RoomBody.tsx: {}
RocketChat-tour/apps/meteor/client/views/room/body/RoomBody.tsx: {}
RocketChat-tour/apps/meteor/client/views/room/body/RoomBody.tsx: {}
RocketChat-tour/apps/meteor/client/views/room/body/RoomBody.tsx: {}
RocketChat-tour/apps/meteor/client/views/room/body/RoomBody.tsx: {}
RocketChat-tour/apps/meteor/client/views/room/body/RoomBody.tsx: {}
RocketChat-tour/apps/meteor/client/views/room/body/RoomBody.tsx: {}
RocketChat-tour/apps/meteor/client/views/room/body/RoomBody.tsx: {}
RocketChat-tour/apps/meteor/client/views/room/body/RoomBody.tsx: {}
RocketChat-tour/apps/meteor/client/views/room/body/RoomBody.tsx: {}
RocketChat-tour/apps/meteor/client/views/room/body/RoomBody.tsx: {}
RocketChat-tour/apps/meteor/client/views/room/body/RoomBody.tsx: {}
RocketChat-tour/apps/meteor/client/views/room/body/RoomBody.tsx: {}
RocketChat-tour/apps/meteor/client/lib/chats/ChatAPI.ts: {}
RocketChat-tour/apps/meteor/client/lib/chats/ChatAPI.ts: {}
RocketChat-tour/apps/meteor/client/lib/chats/ChatAPI.ts: {}
RocketChat-tour/apps/meteor/client/lib/chats/ChatAPI.ts: {}
RocketChat-tour/apps/meteor/client/lib/chats/ChatAPI.ts: {}
RocketChat-tour/apps/meteor/client/lib/chats/ChatAPI.ts: {}
/commentinput-8db9e68f-e7e2-4ff0-bb41-5776e053d809-29.md: {}
RocketChat-tour/apps/meteor/client/lib/chats/ChatAPI.ts: {}
RocketChat-tour/apps/meteor/app/ui/client/lib/ChatMessages.ts: {}
/commentinput-5e0009ac-e762-42ec-b9e0-18b4234cb5cc-30.md: {}
RocketChat-tour/apps/meteor/app/ui/client/lib/ChatMessages.ts: {}
RocketChat-tour/apps/meteor/client/lib/chats/flows/sendMessage.ts: {}
RocketChat-tour/apps/meteor/app/api/server/index.ts: {}
/commentinput-0c8cbe81-4a83-4cf2-9024-cd9a34f86f07-31.md: {}
RocketChat-tour/apps/meteor/app/api/server/index.ts: {}
RocketChat-tour/apps/meteor/app/api/server/api.ts: {}
/commentinput-c6ca2080-338e-48d7-a4f3-9500a4ed17c2-32.md: {}
RocketChat-tour/apps/meteor/app/api/server/api.ts: {}
RocketChat-tour/apps/meteor/app/api/server/v1/chat.ts: {}
RocketChat-tour/apps/meteor/app/api/server/api.ts: {}
/commentinput-b5172f68-d482-4cf8-8803-932cd6be5514-33.md: {}
RocketChat-tour/apps/meteor/app/api/server/api.ts: {}
/commentinput-27f69dc1-5e2a-4a69-a81d-2f00398b71c6-34.md: {}
RocketChat-tour/apps/meteor/app/api/server/api.ts: {}
RocketChat-tour/apps/meteor/app/api/server/v1/chat.ts: {}
/commentinput-a0599902-2b51-41c9-aaf4-46ade2c4fb5f-35.md: {}
RocketChat-tour/apps/meteor/app/api/server/v1/chat.ts: {}
RocketChat-tour/apps/meteor/app/lib/server/methods/sendMessage.ts: {}
RocketChat-tour/apps/meteor/app/lib/server/methods/sendMessage.ts: {}
RocketChat-tour/apps/meteor/app/lib/server/methods/sendMessage.ts: {}
/commentinput-072d6cf5-e5ef-4042-a96f-c7199116c8c0-36.md: {}
RocketChat-tour/apps/meteor/app/lib/server/methods/sendMessage.ts: {}
/commentinput-682845d6-933f-46d0-a537-f687ee7c8c6d-37.md: {}
RocketChat-tour/apps/meteor/app/lib/server/methods/sendMessage.ts: {}
RocketChat-tour/apps/meteor/client/lib/chats/flows/sendMessage.ts: {}
RocketChat-tour/apps/meteor/app/utils/client/lib/SDKClient.ts: {}
/commentinput-85cf4a68-0ca1-4917-bc0c-f39184ca9ed9-38.md: {}
RocketChat-tour/apps/meteor/app/utils/client/lib/SDKClient.ts: {}
/CodeTour: {}
/commentinput-4e096c83-d055-47f9-89af-32f43943420e-39.md: {}
/CodeTour: {}
RocketChat-tour/apps/meteor/server/models/raw/Messages.ts: {}
/commentinput-db530fc3-57d6-4984-b0f6-ea7163be8339-40.md: {}
RocketChat-tour/apps/meteor/server/models/raw/Messages.ts: {}
/CodeTour: {}
/commentinput-8946db15-c5ff-44ae-bec6-920241d7888e-41.md: {}
/CodeTour: {}
/commentinput-6c4635b8-479d-4126-92ab-c3f7ed323523-42.md: {}
/CodeTour: {}
/commentinput-791adcd4-0e1e-47d1-a8a8-8be185914790-43.md: {}
/commentinput-791adcd4-0e1e-47d1-a8a8-8be185914790-43.md: {}
/commentinput-791adcd4-0e1e-47d1-a8a8-8be185914790-43.md: {}
/CodeTour: {}
/CodeTour: {}
/CodeTour: {}
/CodeTour: {}
