2024-10-04 12:49:28.586 [warning] [csharp]: Couldn't find message for key configuration.razor.server.trace.
2024-10-04 12:49:29.434 [warning] [csharp]: Couldn't find message for key configuration.razor.server.trace.
2024-10-04 12:49:29.535 [warning] [csharp]: Couldn't find message for key configuration.razor.server.trace.
2024-10-04 12:49:29.549 [warning] [csharp]: Couldn't find message for key configuration.razor.server.trace.
2024-10-04 12:49:29.666 [warning] [cmake-tools]: Couldn't find message for key cmake-tools.configuration.cmake.options.advanced.statusBarLength.description.
2024-10-04 12:49:29.666 [warning] [cmake-tools]: Couldn't find message for key cmake-tools.configuration.cmake.options.advanced.statusBarLength.description.
2024-10-04 12:49:29.666 [warning] [cmake-tools]: Couldn't find message for key cmake-tools.configuration.cmake.options.advanced.statusBarLength.description.
2024-10-04 12:49:29.666 [warning] [cmake-tools]: Couldn't find message for key cmake-tools.configuration.cmake.options.advanced.statusBarLength.description.
2024-10-04 12:49:29.666 [warning] [cmake-tools]: Couldn't find message for key cmake-tools.configuration.cmake.options.advanced.statusBarLength.description.
2024-10-04 12:49:29.666 [warning] [cmake-tools]: Couldn't find message for key cmake-tools.configuration.cmake.options.advanced.statusBarLength.description.
2024-10-04 12:49:29.666 [warning] [cmake-tools]: Couldn't find message for key cmake-tools.configuration.cmake.options.advanced.statusBarLength.description.
2024-10-04 12:49:29.667 [warning] [cmake-tools]: Couldn't find message for key cmake-tools.configuration.cmake.options.advanced.statusBarLength.description.
2024-10-04 12:49:29.667 [warning] [cmake-tools]: Couldn't find message for key cmake-tools.configuration.cmake.options.advanced.statusBarLength.description.
2024-10-04 12:49:29.667 [warning] [cmake-tools]: Couldn't find message for key cmake-tools.configuration.cmake.options.advanced.statusBarLength.description.
2024-10-04 12:49:29.667 [warning] [cmake-tools]: Couldn't find message for key cmake-tools.configuration.cmake.options.advanced.statusBarLength.description.
2024-10-04 12:49:29.667 [warning] [cmake-tools]: Couldn't find message for key cmake-tools.configuration.cmake.options.advanced.statusBarLength.description.
2024-10-04 12:49:29.670 [warning] [cmake-tools]: Couldn't find message for key cmake-tools.configuration.cmake.options.advanced.statusBarLength.description.
2024-10-04 12:49:29.670 [warning] [cmake-tools]: Couldn't find message for key cmake-tools.configuration.cmake.options.advanced.statusBarLength.description.
2024-10-04 12:49:29.670 [warning] [cmake-tools]: Couldn't find message for key cmake-tools.configuration.cmake.options.advanced.statusBarLength.description.
2024-10-04 12:49:29.670 [warning] [cmake-tools]: Couldn't find message for key cmake-tools.configuration.cmake.options.advanced.statusBarLength.description.
2024-10-04 12:49:29.670 [warning] [cmake-tools]: Couldn't find message for key cmake-tools.configuration.cmake.options.advanced.statusBarLength.description.
2024-10-04 12:49:29.670 [warning] [cmake-tools]: Couldn't find message for key cmake-tools.configuration.cmake.options.advanced.statusBarLength.description.
2024-10-04 12:49:29.670 [warning] [cmake-tools]: Couldn't find message for key cmake-tools.configuration.cmake.options.advanced.statusBarLength.description.
2024-10-04 12:49:29.671 [warning] [cmake-tools]: Couldn't find message for key cmake-tools.configuration.cmake.options.advanced.statusBarLength.description.
2024-10-04 12:49:29.671 [warning] [cmake-tools]: Couldn't find message for key cmake-tools.configuration.cmake.options.advanced.statusBarLength.description.
2024-10-04 12:49:29.671 [warning] [cmake-tools]: Couldn't find message for key cmake-tools.configuration.cmake.options.advanced.statusBarLength.description.
2024-10-04 12:49:29.671 [warning] [cmake-tools]: Couldn't find message for key cmake-tools.configuration.cmake.options.advanced.statusBarLength.description.
2024-10-04 12:49:29.671 [warning] [cmake-tools]: Couldn't find message for key cmake-tools.configuration.cmake.options.advanced.statusBarLength.description.
2024-10-04 12:49:33.303 [info] Deleted uninstalled extension from disk llvm-vs-code-extensions.vscode-clangd /home/thesynthax/.vscode-oss/extensions/llvm-vs-code-extensions.vscode-clangd-0.1.26
2024-10-04 12:49:34.630 [info] Deleted uninstalled extension from disk ms-dotnettools.vscode-dotnet-runtime /home/thesynthax/.vscode-oss/extensions/ms-dotnettools.vscode-dotnet-runtime-2.0.2
2024-10-04 12:49:34.631 [info] Deleted uninstalled extension from disk esbenp.prettier-vscode /home/thesynthax/.vscode-oss/extensions/esbenp.prettier-vscode-10.1.0
2024-10-04 12:49:34.641 [info] Deleted uninstalled extension from disk tabnine.tabnine-vscode /home/thesynthax/.vscode-oss/extensions/tabnine.tabnine-vscode-3.73.0
2024-10-04 12:49:34.642 [info] Deleted uninstalled extension from disk usernamehw.errorlens /home/thesynthax/.vscode-oss/extensions/usernamehw.errorlens-3.16.0
2024-10-04 12:49:34.654 [info] Deleted uninstalled extension from disk vscode-icons-team.vscode-icons /home/thesynthax/.vscode-oss/extensions/vscode-icons-team.vscode-icons-12.7.0
2024-10-04 12:49:34.661 [error] [uncaught exception in sharedProcess]: Error: ENOENT: no such file or directory, stat '/home/thesynthax/.vscode-oss/extensions/llvm-vs-code-extensions.vscode-clangd-0.1.26.31e72e54.vsctmp': EntryNotFound (FileSystemError): Error: ENOENT: no such file or directory, stat '/home/thesynthax/.vscode-oss/extensions/llvm-vs-code-extensions.vscode-clangd-0.1.26.31e72e54.vsctmp'
    at o.create (/usr/lib/code/out/vs/code/node/sharedProcess/sharedProcessMain.js:54:19406)
    at u (/usr/lib/code/out/vs/code/node/sharedProcess/sharedProcessMain.js:54:19517)
    at $.hb (/usr/lib/code/out/vs/code/node/sharedProcess/sharedProcessMain.js:59:36674)
    at $.stat (/usr/lib/code/out/vs/code/node/sharedProcess/sharedProcessMain.js:59:29001)
    at async c.stat (/usr/lib/code/out/vs/code/node/sharedProcess/sharedProcessMain.js:59:14931)
    at async W.ub (/usr/lib/code/out/vs/code/node/sharedProcess/sharedProcessMain.js:105:120356)
2024-10-04 12:49:34.667 [warning] [csharp]: Couldn't find message for key configuration.razor.server.trace.
2024-10-04 12:49:34.822 [info] Deleted uninstalled extension from disk github.vscode-pull-request-github /home/thesynthax/.vscode-oss/extensions/github.vscode-pull-request-github-0.80.1
2024-10-04 12:49:34.822 [info] Deleted uninstalled extension from disk eamodio.gitlens /home/thesynthax/.vscode-oss/extensions/eamodio.gitlens-14.8.2
2024-10-04 12:49:34.905 [info] Deleted uninstalled extension from disk zhuangtongfa.material-theme /home/thesynthax/.vscode-oss/extensions/zhuangtongfa.material-theme-3.16.2
2024-10-04 12:49:34.907 [info] Deleted uninstalled extension from disk muhammad-sammy.csharp /home/thesynthax/.vscode-oss/extensions/muhammad-sammy.csharp-1.25.0-universal
2024-10-04 12:49:34.932 [info] Deleted uninstalled extension from disk editorconfig.editorconfig /home/thesynthax/.vscode-oss/extensions/editorconfig.editorconfig-0.16.4
2024-10-04 12:49:35.041 [info] Deleted uninstalled extension from disk ms-vscode.cmake-tools /home/thesynthax/.vscode-oss/extensions/ms-vscode.cmake-tools-1.17.17
2024-10-04 12:49:35.147 [info] Deleted uninstalled extension from disk ms-azuretools.vscode-docker /home/thesynthax/.vscode-oss/extensions/ms-azuretools.vscode-docker-1.29.0
2024-10-04 12:49:35.147 [info] Deleted uninstalled extension from disk formulahendry.code-runner /home/thesynthax/.vscode-oss/extensions/formulahendry.code-runner-0.12.1
2024-10-04 12:49:35.177 [warning] [csharp]: Couldn't find message for key configuration.razor.server.trace.
2024-10-04 12:49:35.183 [info] Deleted uninstalled extension from disk equinusocio.vsc-material-theme-icons /home/thesynthax/.vscode-oss/extensions/equinusocio.vsc-material-theme-icons-3.5.0
2024-10-04 12:49:35.293 [warning] [csharp]: Couldn't find message for key configuration.razor.server.trace.
2024-10-04 12:49:35.428 [warning] [csharp]: Couldn't find message for key configuration.razor.server.trace.
2024-10-04 12:49:35.549 [warning] [csharp]: Couldn't find message for key configuration.razor.server.trace.
2024-10-04 12:49:39.172 [info] Getting Manifest... dbaeumer.vscode-eslint
2024-10-04 12:49:39.174 [info] Getting Manifest... eamodio.gitlens
2024-10-04 12:49:39.175 [info] Getting Manifest... eliverlara.andromeda
2024-10-04 12:49:39.177 [info] Getting Manifest... equinusocio.vsc-material-theme
2024-10-04 12:49:39.178 [info] Getting Manifest... equinusocio.vsc-material-theme-icons
2024-10-04 12:49:39.179 [info] Getting Manifest... esbenp.prettier-vscode
2024-10-04 12:49:39.180 [info] Getting Manifest... formulahendry.code-runner
2024-10-04 12:49:39.181 [info] Getting Manifest... franneck94.c-cpp-runner
2024-10-04 12:49:39.182 [info] Getting Manifest... github.vscode-pull-request-github
2024-10-04 12:49:39.182 [info] Getting Manifest... llvm-vs-code-extensions.vscode-clangd
2024-10-04 12:49:39.183 [info] Getting Manifest... ms-azuretools.vscode-docker
2024-10-04 12:49:39.184 [info] Getting Manifest... ms-dotnettools.csharp
2024-10-04 12:49:39.185 [info] Getting Manifest... ms-dotnettools.vscode-dotnet-runtime
2024-10-04 12:49:39.185 [info] Getting Manifest... ms-vscode.cmake-tools
2024-10-04 12:49:39.186 [info] Getting Manifest... ms-vscode.cpptools
2024-10-04 12:49:39.186 [info] Getting Manifest... ms-vscode.js-debug-nightly
2024-10-04 12:49:39.187 [info] Getting Manifest... ms-vscode.vscode-typescript-next
2024-10-04 12:49:39.188 [info] Getting Manifest... tabnine.tabnine-vscode
2024-10-04 12:49:39.188 [info] Getting Manifest... usernamehw.errorlens
2024-10-04 12:49:39.189 [info] Getting Manifest... vscode-icons-team.vscode-icons
2024-10-04 12:49:39.190 [info] Getting Manifest... vscodevim.vim
2024-10-04 12:49:39.190 [info] Getting Manifest... zhuangtongfa.material-theme
2024-10-04 12:49:39.203 [info] Installing extension: eliverlara.andromeda {"productVersion":{"version":"1.93.1","date":"2024-09-13T07:34:01.258Z"},"pinned":false,"isApplicationScoped":false,"profileLocation":{"$mid":1,"external":"vscode-userdata:/home/thesynthax/.vscode-oss/extensions/extensions.json","path":"/home/thesynthax/.vscode-oss/extensions/extensions.json","scheme":"vscode-userdata"},"installOnlyNewlyAddedFromExtensionPack":true}
2024-10-04 12:49:39.205 [info] Installing extension: ms-vscode.vscode-typescript-next {"productVersion":{"version":"1.93.1","date":"2024-09-13T07:34:01.258Z"},"pinned":false,"isApplicationScoped":false,"profileLocation":{"$mid":1,"external":"vscode-userdata:/home/thesynthax/.vscode-oss/extensions/extensions.json","path":"/home/thesynthax/.vscode-oss/extensions/extensions.json","scheme":"vscode-userdata"},"installOnlyNewlyAddedFromExtensionPack":true}
2024-10-04 12:49:39.236 [warning] [csharp]: Couldn't find message for key configuration.razor.server.trace.
2024-10-04 12:49:39.286 [warning] [csharp]: Couldn't find message for key configuration.razor.server.trace.
2024-10-04 12:49:39.336 [warning] [csharp]: Couldn't find message for key configuration.razor.server.trace.
2024-10-04 12:49:39.358 [info] Installing extension: esbenp.prettier-vscode {"productVersion":{"version":"1.93.1","date":"2024-09-13T07:34:01.258Z"},"pinned":false,"isApplicationScoped":false,"profileLocation":{"$mid":1,"external":"vscode-userdata:/home/thesynthax/.vscode-oss/extensions/extensions.json","path":"/home/thesynthax/.vscode-oss/extensions/extensions.json","scheme":"vscode-userdata"},"installOnlyNewlyAddedFromExtensionPack":true}
2024-10-04 12:49:39.360 [info] Installing extension: ms-azuretools.vscode-docker {"productVersion":{"version":"1.93.1","date":"2024-09-13T07:34:01.258Z"},"pinned":false,"isApplicationScoped":false,"profileLocation":{"$mid":1,"external":"vscode-userdata:/home/thesynthax/.vscode-oss/extensions/extensions.json","path":"/home/thesynthax/.vscode-oss/extensions/extensions.json","scheme":"vscode-userdata"},"installOnlyNewlyAddedFromExtensionPack":true}
2024-10-04 12:49:39.361 [info] Installing extension: ms-vscode.js-debug-nightly {"productVersion":{"version":"1.93.1","date":"2024-09-13T07:34:01.258Z"},"pinned":false,"isApplicationScoped":false,"profileLocation":{"$mid":1,"external":"vscode-userdata:/home/thesynthax/.vscode-oss/extensions/extensions.json","path":"/home/thesynthax/.vscode-oss/extensions/extensions.json","scheme":"vscode-userdata"},"installOnlyNewlyAddedFromExtensionPack":true}
2024-10-04 12:49:39.363 [info] Installing extension: ms-vscode.cmake-tools {"productVersion":{"version":"1.93.1","date":"2024-09-13T07:34:01.258Z"},"pinned":false,"isApplicationScoped":false,"profileLocation":{"$mid":1,"external":"vscode-userdata:/home/thesynthax/.vscode-oss/extensions/extensions.json","path":"/home/thesynthax/.vscode-oss/extensions/extensions.json","scheme":"vscode-userdata"},"installOnlyNewlyAddedFromExtensionPack":true}
2024-10-04 12:49:39.364 [info] Installing extension: github.vscode-pull-request-github {"productVersion":{"version":"1.93.1","date":"2024-09-13T07:34:01.258Z"},"pinned":false,"isApplicationScoped":false,"profileLocation":{"$mid":1,"external":"vscode-userdata:/home/thesynthax/.vscode-oss/extensions/extensions.json","path":"/home/thesynthax/.vscode-oss/extensions/extensions.json","scheme":"vscode-userdata"},"installOnlyNewlyAddedFromExtensionPack":true}
2024-10-04 12:49:39.388 [info] Installing extension: ms-dotnettools.vscode-dotnet-runtime {"productVersion":{"version":"1.93.1","date":"2024-09-13T07:34:01.258Z"},"pinned":false,"isApplicationScoped":false,"profileLocation":{"$mid":1,"external":"vscode-userdata:/home/thesynthax/.vscode-oss/extensions/extensions.json","path":"/home/thesynthax/.vscode-oss/extensions/extensions.json","scheme":"vscode-userdata"},"installOnlyNewlyAddedFromExtensionPack":true}
2024-10-04 12:49:39.390 [info] Installing extension: ms-dotnettools.csharp {"productVersion":{"version":"1.93.1","date":"2024-09-13T07:34:01.258Z"},"pinned":false,"isApplicationScoped":false,"profileLocation":{"$mid":1,"external":"vscode-userdata:/home/thesynthax/.vscode-oss/extensions/extensions.json","path":"/home/thesynthax/.vscode-oss/extensions/extensions.json","scheme":"vscode-userdata"},"installOnlyNewlyAddedFromExtensionPack":true}
2024-10-04 12:49:39.391 [info] Installing extension: usernamehw.errorlens {"productVersion":{"version":"1.93.1","date":"2024-09-13T07:34:01.258Z"},"pinned":false,"isApplicationScoped":false,"profileLocation":{"$mid":1,"external":"vscode-userdata:/home/thesynthax/.vscode-oss/extensions/extensions.json","path":"/home/thesynthax/.vscode-oss/extensions/extensions.json","scheme":"vscode-userdata"},"installOnlyNewlyAddedFromExtensionPack":true}
2024-10-04 12:49:39.392 [info] Installing extension: vscode-icons-team.vscode-icons {"productVersion":{"version":"1.93.1","date":"2024-09-13T07:34:01.258Z"},"pinned":false,"isApplicationScoped":false,"profileLocation":{"$mid":1,"external":"vscode-userdata:/home/thesynthax/.vscode-oss/extensions/extensions.json","path":"/home/thesynthax/.vscode-oss/extensions/extensions.json","scheme":"vscode-userdata"},"installOnlyNewlyAddedFromExtensionPack":true}
2024-10-04 12:49:39.399 [info] Installing extension: ms-vscode.cpptools {"productVersion":{"version":"1.93.1","date":"2024-09-13T07:34:01.258Z"},"pinned":false,"isApplicationScoped":false,"profileLocation":{"$mid":1,"external":"vscode-userdata:/home/thesynthax/.vscode-oss/extensions/extensions.json","path":"/home/thesynthax/.vscode-oss/extensions/extensions.json","scheme":"vscode-userdata"},"installOnlyNewlyAddedFromExtensionPack":true}
2024-10-04 12:49:39.401 [info] Installing extension: equinusocio.vsc-material-theme {"productVersion":{"version":"1.93.1","date":"2024-09-13T07:34:01.258Z"},"pinned":false,"isApplicationScoped":false,"profileLocation":{"$mid":1,"external":"vscode-userdata:/home/thesynthax/.vscode-oss/extensions/extensions.json","path":"/home/thesynthax/.vscode-oss/extensions/extensions.json","scheme":"vscode-userdata"},"installOnlyNewlyAddedFromExtensionPack":true}
2024-10-04 12:49:39.401 [info] Installing extension: equinusocio.vsc-material-theme-icons {"productVersion":{"version":"1.93.1","date":"2024-09-13T07:34:01.258Z"},"pinned":false,"isApplicationScoped":false,"profileLocation":{"$mid":1,"external":"vscode-userdata:/home/thesynthax/.vscode-oss/extensions/extensions.json","path":"/home/thesynthax/.vscode-oss/extensions/extensions.json","scheme":"vscode-userdata"},"installOnlyNewlyAddedFromExtensionPack":true}
2024-10-04 12:49:39.405 [warning] [csharp]: Couldn't find message for key configuration.razor.server.trace.
2024-10-04 12:49:39.431 [info] Installing extension: franneck94.c-cpp-runner {"productVersion":{"version":"1.93.1","date":"2024-09-13T07:34:01.258Z"},"pinned":false,"isApplicationScoped":false,"profileLocation":{"$mid":1,"external":"vscode-userdata:/home/thesynthax/.vscode-oss/extensions/extensions.json","path":"/home/thesynthax/.vscode-oss/extensions/extensions.json","scheme":"vscode-userdata"},"installOnlyNewlyAddedFromExtensionPack":true}
2024-10-04 12:49:39.474 [info] Installing extension: zhuangtongfa.material-theme {"productVersion":{"version":"1.93.1","date":"2024-09-13T07:34:01.258Z"},"pinned":false,"isApplicationScoped":false,"profileLocation":{"$mid":1,"external":"vscode-userdata:/home/thesynthax/.vscode-oss/extensions/extensions.json","path":"/home/thesynthax/.vscode-oss/extensions/extensions.json","scheme":"vscode-userdata"},"installOnlyNewlyAddedFromExtensionPack":true}
2024-10-04 12:49:39.570 [info] Installing extension: llvm-vs-code-extensions.vscode-clangd {"productVersion":{"version":"1.93.1","date":"2024-09-13T07:34:01.258Z"},"pinned":false,"isApplicationScoped":false,"profileLocation":{"$mid":1,"external":"vscode-userdata:/home/thesynthax/.vscode-oss/extensions/extensions.json","path":"/home/thesynthax/.vscode-oss/extensions/extensions.json","scheme":"vscode-userdata"},"installOnlyNewlyAddedFromExtensionPack":true}
2024-10-04 12:49:39.571 [info] Installing extension: tabnine.tabnine-vscode {"productVersion":{"version":"1.93.1","date":"2024-09-13T07:34:01.258Z"},"pinned":false,"isApplicationScoped":false,"profileLocation":{"$mid":1,"external":"vscode-userdata:/home/thesynthax/.vscode-oss/extensions/extensions.json","path":"/home/thesynthax/.vscode-oss/extensions/extensions.json","scheme":"vscode-userdata"},"installOnlyNewlyAddedFromExtensionPack":true}
2024-10-04 12:49:39.571 [info] Installing extension: vscodevim.vim {"productVersion":{"version":"1.93.1","date":"2024-09-13T07:34:01.258Z"},"pinned":false,"isApplicationScoped":false,"profileLocation":{"$mid":1,"external":"vscode-userdata:/home/thesynthax/.vscode-oss/extensions/extensions.json","path":"/home/thesynthax/.vscode-oss/extensions/extensions.json","scheme":"vscode-userdata"},"installOnlyNewlyAddedFromExtensionPack":true}
2024-10-04 12:49:39.576 [info] Installing extension: eamodio.gitlens {"productVersion":{"version":"1.93.1","date":"2024-09-13T07:34:01.258Z"},"pinned":false,"isApplicationScoped":false,"profileLocation":{"$mid":1,"external":"vscode-userdata:/home/thesynthax/.vscode-oss/extensions/extensions.json","path":"/home/thesynthax/.vscode-oss/extensions/extensions.json","scheme":"vscode-userdata"},"installOnlyNewlyAddedFromExtensionPack":true}
2024-10-04 12:49:39.584 [info] Installing extension: formulahendry.code-runner {"productVersion":{"version":"1.93.1","date":"2024-09-13T07:34:01.258Z"},"pinned":false,"isApplicationScoped":false,"profileLocation":{"$mid":1,"external":"vscode-userdata:/home/thesynthax/.vscode-oss/extensions/extensions.json","path":"/home/thesynthax/.vscode-oss/extensions/extensions.json","scheme":"vscode-userdata"},"installOnlyNewlyAddedFromExtensionPack":true}
2024-10-04 12:49:39.612 [warning] [csharp]: Couldn't find message for key configuration.razor.server.trace.
2024-10-04 12:49:39.830 [warning] [csharp]: Couldn't find message for key configuration.razor.server.trace.
2024-10-04 12:49:39.845 [warning] [csharp]: Couldn't find message for key configuration.razor.server.trace.
2024-10-04 12:49:39.945 [info] Getting Manifest... ms-dotnettools.vscode-dotnet-runtime
2024-10-04 12:49:40.019 [info] Installing extension: dbaeumer.vscode-eslint {"productVersion":{"version":"1.93.1","date":"2024-09-13T07:34:01.258Z"},"pinned":false,"isApplicationScoped":false,"profileLocation":{"$mid":1,"external":"vscode-userdata:/home/thesynthax/.vscode-oss/extensions/extensions.json","path":"/home/thesynthax/.vscode-oss/extensions/extensions.json","scheme":"vscode-userdata"},"installOnlyNewlyAddedFromExtensionPack":true}
2024-10-04 12:49:40.181 [warning] [csharp]: Couldn't find message for key configuration.razor.server.trace.
2024-10-04 12:49:40.194 [warning] [csharp]: Couldn't find message for key configuration.razor.server.trace.
2024-10-04 12:49:40.220 [info] Waiting for already requested installing extension ms-dotnettools.vscode-dotnet-runtime ms-dotnettools.csharp vscode-userdata:/home/thesynthax/.vscode-oss/extensions/extensions.json
2024-10-04 12:49:40.227 [info] Extension installed successfully: formulahendry.code-runner vscode-userdata:/home/thesynthax/.vscode-oss/extensions/extensions.json
2024-10-04 12:49:40.278 [warning] [csharp]: Couldn't find message for key configuration.razor.server.trace.
2024-10-04 12:49:40.287 [warning] [csharp]: Couldn't find message for key configuration.razor.server.trace.
2024-10-04 12:49:40.338 [warning] [csharp]: Couldn't find message for key configuration.razor.server.trace.
2024-10-04 12:49:40.570 [info] Getting Manifest... ms-vscode.cpptools
2024-10-04 12:49:40.576 [info] Getting Manifest... vadimcn.vscode-lldb
2024-10-04 12:49:41.052 [warning] [csharp]: Couldn't find message for key configuration.razor.server.trace.
2024-10-04 12:49:41.070 [info] Waiting for already requested installing extension ms-vscode.cpptools franneck94.c-cpp-runner vscode-userdata:/home/thesynthax/.vscode-oss/extensions/extensions.json
2024-10-04 12:49:41.208 [warning] [csharp]: Couldn't find message for key configuration.razor.server.trace.
2024-10-04 12:49:43.645 [error] Could not load vsce-sign module Cannot find module '@vscode/vsce-sign'
Require stack:
- /usr/lib/code/out/bootstrap-fork.js
2024-10-04 12:49:43.645 [info] Extension signature verification is not done: equinusocio.vsc-material-theme
2024-10-04 12:49:43.645 [error] Could not load vsce-sign module Cannot find module '@vscode/vsce-sign'
Require stack:
- /usr/lib/code/out/bootstrap-fork.js
2024-10-04 12:49:43.645 [info] Extension signature verification is not done: vscodevim.vim
2024-10-04 12:49:43.652 [error] Could not load vsce-sign module Cannot find module '@vscode/vsce-sign'
Require stack:
- /usr/lib/code/out/bootstrap-fork.js
2024-10-04 12:49:43.652 [info] Extension signature verification is not done: dbaeumer.vscode-eslint
2024-10-04 12:49:43.656 [error] Could not load vsce-sign module Cannot find module '@vscode/vsce-sign'
Require stack:
- /usr/lib/code/out/bootstrap-fork.js
2024-10-04 12:49:43.656 [info] Extension signature verification is not done: usernamehw.errorlens
2024-10-04 12:49:43.657 [error] Could not load vsce-sign module Cannot find module '@vscode/vsce-sign'
Require stack:
- /usr/lib/code/out/bootstrap-fork.js
2024-10-04 12:49:43.657 [info] Extension signature verification is not done: eliverlara.andromeda
2024-10-04 12:49:44.637 [error] Could not load vsce-sign module Cannot find module '@vscode/vsce-sign'
Require stack:
- /usr/lib/code/out/bootstrap-fork.js
2024-10-04 12:49:44.637 [info] Extension signature verification is not done: ms-dotnettools.vscode-dotnet-runtime
2024-10-04 12:49:44.637 [error] Could not load vsce-sign module Cannot find module '@vscode/vsce-sign'
Require stack:
- /usr/lib/code/out/bootstrap-fork.js
2024-10-04 12:49:44.637 [info] Extension signature verification is not done: tabnine.tabnine-vscode
2024-10-04 12:49:44.638 [error] Could not load vsce-sign module Cannot find module '@vscode/vsce-sign'
Require stack:
- /usr/lib/code/out/bootstrap-fork.js
2024-10-04 12:49:44.638 [info] Extension signature verification is not done: ms-vscode.vscode-typescript-next
2024-10-04 12:49:44.638 [error] Could not load vsce-sign module Cannot find module '@vscode/vsce-sign'
Require stack:
- /usr/lib/code/out/bootstrap-fork.js
2024-10-04 12:49:44.638 [info] Extension signature verification is not done: github.vscode-pull-request-github
2024-10-04 12:49:44.639 [error] Could not load vsce-sign module Cannot find module '@vscode/vsce-sign'
Require stack:
- /usr/lib/code/out/bootstrap-fork.js
2024-10-04 12:49:44.639 [info] Extension signature verification is not done: llvm-vs-code-extensions.vscode-clangd
2024-10-04 12:49:44.639 [error] Could not load vsce-sign module Cannot find module '@vscode/vsce-sign'
Require stack:
- /usr/lib/code/out/bootstrap-fork.js
2024-10-04 12:49:44.639 [info] Extension signature verification is not done: ms-vscode.js-debug-nightly
2024-10-04 12:49:44.640 [error] Could not load vsce-sign module Cannot find module '@vscode/vsce-sign'
Require stack:
- /usr/lib/code/out/bootstrap-fork.js
2024-10-04 12:49:44.640 [info] Extension signature verification is not done: ms-azuretools.vscode-docker
2024-10-04 12:50:04.721 [error] Could not load vsce-sign module Cannot find module '@vscode/vsce-sign'
Require stack:
- /usr/lib/code/out/bootstrap-fork.js
2024-10-04 12:50:04.967 [info] Extension signature verification is not done: zhuangtongfa.material-theme
2024-10-04 12:50:04.967 [error] Could not load vsce-sign module Cannot find module '@vscode/vsce-sign'
Require stack:
- /usr/lib/code/out/bootstrap-fork.js
2024-10-04 12:50:04.967 [info] Extension signature verification is not done: ms-vscode.cmake-tools
2024-10-04 12:50:04.967 [error] Could not load vsce-sign module Cannot find module '@vscode/vsce-sign'
Require stack:
- /usr/lib/code/out/bootstrap-fork.js
2024-10-04 12:50:04.967 [info] Extension signature verification is not done: esbenp.prettier-vscode
2024-10-04 12:50:06.153 [info] Extracted extension to file:///home/thesynthax/.vscode-oss/extensions/dbaeumer.vscode-eslint-3.0.10: dbaeumer.vscode-eslint
2024-10-04 12:50:06.202 [warning] [csharp]: Couldn't find message for key configuration.razor.server.trace.
2024-10-04 12:50:06.469 [info] Renamed to /home/thesynthax/.vscode-oss/extensions/dbaeumer.vscode-eslint-3.0.10
2024-10-04 12:50:06.543 [info] Extracted extension to file:///home/thesynthax/.vscode-oss/extensions/usernamehw.errorlens-3.20.0: usernamehw.errorlens
2024-10-04 12:50:06.614 [info] Extracted extension to file:///home/thesynthax/.vscode-oss/extensions/llvm-vs-code-extensions.vscode-clangd-0.1.29: llvm-vs-code-extensions.vscode-clangd
2024-10-04 12:50:06.630 [info] Extracted extension to file:///home/thesynthax/.vscode-oss/extensions/eliverlara.andromeda-1.8.2: eliverlara.andromeda
2024-10-04 12:50:06.762 [info] Getting Manifest... ms-python.python
2024-10-04 12:50:06.813 [info] Getting Manifest... ms-python.python
2024-10-04 12:50:06.819 [info] Installing extension: ms-python.python {"isMachineScoped":false,"installPreReleaseVersion":false,"pinned":false,"profileLocation":{"$mid":1,"external":"vscode-userdata:/home/thesynthax/.vscode-oss/extensions/extensions.json","path":"/home/thesynthax/.vscode-oss/extensions/extensions.json","scheme":"vscode-userdata"},"installOnlyNewlyAddedFromExtensionPack":true,"isApplicationScoped":false,"productVersion":{"version":"1.93.1","date":"2024-09-13T07:34:01.258Z"}}
2024-10-04 12:50:06.820 [info] Extension is already requested to install ms-python.python vscode-userdata:/home/thesynthax/.vscode-oss/extensions/extensions.json
2024-10-04 12:50:06.904 [info] Renamed to /home/thesynthax/.vscode-oss/extensions/llvm-vs-code-extensions.vscode-clangd-0.1.29
2024-10-04 12:50:06.904 [info] Renamed to /home/thesynthax/.vscode-oss/extensions/usernamehw.errorlens-3.20.0
2024-10-04 12:50:06.904 [info] Renamed to /home/thesynthax/.vscode-oss/extensions/eliverlara.andromeda-1.8.2
2024-10-04 12:50:06.955 [warning] [csharp]: Couldn't find message for key configuration.razor.server.trace.
2024-10-04 12:50:06.967 [warning] [csharp]: Couldn't find message for key configuration.razor.server.trace.
2024-10-04 12:50:06.986 [info] Marked extension as uninstalled dbaeumer.vscode-eslint-2.4.4
2024-10-04 12:50:06.995 [info] Extension installed successfully: dbaeumer.vscode-eslint vscode-userdata:/home/thesynthax/.vscode-oss/extensions/extensions.json
2024-10-04 12:50:07.040 [error] Could not load vsce-sign module Cannot find module '@vscode/vsce-sign'
Require stack:
- /usr/lib/code/out/bootstrap-fork.js
2024-10-04 12:50:07.040 [info] Extension signature verification is not done: franneck94.c-cpp-runner
2024-10-04 12:50:07.060 [info] Extracted extension to file:///home/thesynthax/.vscode-oss/extensions/vscodevim.vim-1.28.1: vscodevim.vim
2024-10-04 12:50:07.145 [info] Extracted extension to file:///home/thesynthax/.vscode-oss/extensions/ms-dotnettools.vscode-dotnet-runtime-2.1.7: ms-dotnettools.vscode-dotnet-runtime
2024-10-04 12:50:07.448 [info] Extracted extension to file:///home/thesynthax/.vscode-oss/extensions/ms-vscode.js-debug-nightly-2024.10.317: ms-vscode.js-debug-nightly
2024-10-04 12:50:07.449 [info] Extracted extension to file:///home/thesynthax/.vscode-oss/extensions/equinusocio.vsc-material-theme-34.7.5: equinusocio.vsc-material-theme
2024-10-04 12:50:07.545 [info] Renamed to /home/thesynthax/.vscode-oss/extensions/vscodevim.vim-1.28.1
2024-10-04 12:50:07.654 [info] Renamed to /home/thesynthax/.vscode-oss/extensions/ms-dotnettools.vscode-dotnet-runtime-2.1.7
2024-10-04 12:50:07.655 [info] Renamed to /home/thesynthax/.vscode-oss/extensions/ms-vscode.js-debug-nightly-2024.10.317
2024-10-04 12:50:07.665 [info] Marked extension as uninstalled llvm-vs-code-extensions.vscode-clangd-0.1.28-universal
2024-10-04 12:50:07.707 [info] Extracted extension to file:///home/thesynthax/.vscode-oss/extensions/github.vscode-pull-request-github-0.98.0: github.vscode-pull-request-github
2024-10-04 12:50:07.716 [info] Extracted extension to file:///home/thesynthax/.vscode-oss/extensions/ms-azuretools.vscode-docker-1.29.3: ms-azuretools.vscode-docker
2024-10-04 12:50:07.788 [info] Renamed to /home/thesynthax/.vscode-oss/extensions/equinusocio.vsc-material-theme-34.7.5
2024-10-04 12:50:07.899 [info] Getting Manifest... ms-python.vscode-pylance
2024-10-04 12:50:07.923 [info] Renamed to /home/thesynthax/.vscode-oss/extensions/ms-azuretools.vscode-docker-1.29.3
2024-10-04 12:50:07.924 [info] Renamed to /home/thesynthax/.vscode-oss/extensions/github.vscode-pull-request-github-0.98.0
2024-10-04 12:50:07.950 [info] Marked extension as uninstalled usernamehw.errorlens-3.18.0-universal
2024-10-04 12:50:07.954 [error] Could not load vsce-sign module Cannot find module '@vscode/vsce-sign'
Require stack:
- /usr/lib/code/out/bootstrap-fork.js
2024-10-04 12:50:07.955 [info] Extension signature verification is not done: eamodio.gitlens
2024-10-04 12:50:07.962 [warning] [csharp]: Couldn't find message for key configuration.razor.server.trace.
2024-10-04 12:50:07.974 [info] Extension installed successfully: llvm-vs-code-extensions.vscode-clangd vscode-userdata:/home/thesynthax/.vscode-oss/extensions/extensions.json
2024-10-04 12:50:08.018 [warning] [csharp]: Couldn't find message for key configuration.razor.server.trace.
2024-10-04 12:50:08.038 [warning] [csharp]: Couldn't find message for key configuration.razor.server.trace.
2024-10-04 12:50:08.044 [info] Extension installed successfully: usernamehw.errorlens vscode-userdata:/home/thesynthax/.vscode-oss/extensions/extensions.json
2024-10-04 12:50:08.047 [info] Extension installed successfully: eliverlara.andromeda vscode-userdata:/home/thesynthax/.vscode-oss/extensions/extensions.json
2024-10-04 12:50:08.050 [info] Extracted extension to file:///home/thesynthax/.vscode-oss/extensions/zhuangtongfa.material-theme-3.17.5: zhuangtongfa.material-theme
2024-10-04 12:50:08.102 [info] Extracted extension to file:///home/thesynthax/.vscode-oss/extensions/franneck94.c-cpp-runner-9.4.9: franneck94.c-cpp-runner
2024-10-04 12:50:08.135 [info] Extracted extension to file:///home/thesynthax/.vscode-oss/extensions/esbenp.prettier-vscode-11.0.0: esbenp.prettier-vscode
2024-10-04 12:50:08.201 [info] Getting Manifest... ms-python.debugpy
2024-10-04 12:50:08.204 [info] Marked extension as uninstalled eliverlara.andromeda-1.8.1
2024-10-04 12:50:08.414 [info] Renamed to /home/thesynthax/.vscode-oss/extensions/franneck94.c-cpp-runner-9.4.9
2024-10-04 12:50:08.415 [info] Renamed to /home/thesynthax/.vscode-oss/extensions/zhuangtongfa.material-theme-3.17.5
2024-10-04 12:50:08.435 [info] Extracted extension to file:///home/thesynthax/.vscode-oss/extensions/tabnine.tabnine-vscode-3.166.0: tabnine.tabnine-vscode
2024-10-04 12:50:08.568 [info] Marked extension as uninstalled vscodevim.vim-1.27.2
2024-10-04 12:50:08.570 [info] Renamed to /home/thesynthax/.vscode-oss/extensions/esbenp.prettier-vscode-11.0.0
2024-10-04 12:50:08.610 [info] Extracted extension to file:///home/thesynthax/.vscode-oss/extensions/ms-vscode.vscode-typescript-next-5.7.20241003: ms-vscode.vscode-typescript-next
2024-10-04 12:50:08.679 [info] Renamed to /home/thesynthax/.vscode-oss/extensions/tabnine.tabnine-vscode-3.166.0
2024-10-04 12:50:08.689 [info] Extracted extension to file:///home/thesynthax/.vscode-oss/extensions/ms-vscode.cmake-tools-1.19.52: ms-vscode.cmake-tools
2024-10-04 12:50:08.948 [info] Marked extension as uninstalled ms-dotnettools.vscode-dotnet-runtime-2.0.5-universal
2024-10-04 12:50:09.097 [info] Renamed to /home/thesynthax/.vscode-oss/extensions/ms-vscode.vscode-typescript-next-5.7.20241003
2024-10-04 12:50:09.098 [error] Could not load vsce-sign module Cannot find module '@vscode/vsce-sign'
Require stack:
- /usr/lib/code/out/bootstrap-fork.js
2024-10-04 12:50:09.098 [info] Extension signature verification is not done: equinusocio.vsc-material-theme-icons
2024-10-04 12:50:09.101 [info] Renamed to /home/thesynthax/.vscode-oss/extensions/ms-vscode.cmake-tools-1.19.52
2024-10-04 12:50:09.298 [info] Extracted extension to file:///home/thesynthax/.vscode-oss/extensions/eamodio.gitlens-15.5.1: eamodio.gitlens
2024-10-04 12:50:09.309 [info] Marked extension as uninstalled ms-vscode.js-debug-nightly-2024.2.2917
2024-10-04 12:50:09.312 [error] Could not load vsce-sign module Cannot find module '@vscode/vsce-sign'
Require stack:
- /usr/lib/code/out/bootstrap-fork.js
2024-10-04 12:50:09.312 [info] Extension signature verification is not done: vscode-icons-team.vscode-icons
2024-10-04 12:50:09.362 [warning] [csharp]: Couldn't find message for key configuration.razor.server.trace.
2024-10-04 12:50:09.376 [warning] [csharp]: Couldn't find message for key configuration.razor.server.trace.
2024-10-04 12:50:09.410 [info] Installing extension: ms-python.vscode-pylance {"isMachineScoped":false,"installPreReleaseVersion":false,"pinned":false,"profileLocation":{"$mid":1,"external":"vscode-userdata:/home/thesynthax/.vscode-oss/extensions/extensions.json","path":"/home/thesynthax/.vscode-oss/extensions/extensions.json","scheme":"vscode-userdata"},"installOnlyNewlyAddedFromExtensionPack":true,"isApplicationScoped":false,"productVersion":{"version":"1.93.1","date":"2024-09-13T07:34:01.258Z"},"context":{"dependecyOrPackExtensionInstall":true}}
2024-10-04 12:50:09.411 [info] Installing extension: ms-python.debugpy {"isMachineScoped":false,"installPreReleaseVersion":false,"pinned":false,"profileLocation":{"$mid":1,"external":"vscode-userdata:/home/thesynthax/.vscode-oss/extensions/extensions.json","path":"/home/thesynthax/.vscode-oss/extensions/extensions.json","scheme":"vscode-userdata"},"installOnlyNewlyAddedFromExtensionPack":true,"isApplicationScoped":false,"productVersion":{"version":"1.93.1","date":"2024-09-13T07:34:01.258Z"},"context":{"dependecyOrPackExtensionInstall":true}}
2024-10-04 12:50:09.419 [info] Extension installed successfully: vscodevim.vim vscode-userdata:/home/thesynthax/.vscode-oss/extensions/extensions.json
2024-10-04 12:50:09.427 [warning] [csharp]: Couldn't find message for key configuration.razor.server.trace.
2024-10-04 12:50:09.435 [info] Extension installed successfully: ms-dotnettools.vscode-dotnet-runtime vscode-userdata:/home/thesynthax/.vscode-oss/extensions/extensions.json
2024-10-04 12:50:09.435 [info] Finished waiting for already requested installing extension ms-dotnettools.vscode-dotnet-runtime ms-dotnettools.csharp vscode-userdata:/home/thesynthax/.vscode-oss/extensions/extensions.json
2024-10-04 12:50:09.461 [warning] [csharp]: Couldn't find message for key configuration.razor.server.trace.
2024-10-04 12:50:09.475 [info] Extension installed successfully: ms-vscode.js-debug-nightly vscode-userdata:/home/thesynthax/.vscode-oss/extensions/extensions.json
2024-10-04 12:50:09.786 [info] Renamed to /home/thesynthax/.vscode-oss/extensions/eamodio.gitlens-15.5.1
2024-10-04 12:50:09.787 [info] Marked extension as uninstalled equinusocio.vsc-material-theme-34.3.1
2024-10-04 12:50:10.171 [info] Marked extension as uninstalled ms-azuretools.vscode-docker-1.29.1-universal
2024-10-04 12:50:10.825 [info] Marked extension as uninstalled github.vscode-pull-request-github-0.88.1-universal
2024-10-04 12:50:10.867 [warning] [csharp]: Couldn't find message for key configuration.razor.server.trace.
2024-10-04 12:50:10.879 [info] Extension installed successfully: equinusocio.vsc-material-theme vscode-userdata:/home/thesynthax/.vscode-oss/extensions/extensions.json
2024-10-04 12:50:11.507 [info] Marked extension as uninstalled franneck94.c-cpp-runner-9.4.7
2024-10-04 12:50:11.519 [info] Extracted extension to file:///home/thesynthax/.vscode-oss/extensions/vscode-icons-team.vscode-icons-12.9.0: vscode-icons-team.vscode-icons
2024-10-04 12:50:12.004 [info] Renamed to /home/thesynthax/.vscode-oss/extensions/vscode-icons-team.vscode-icons-12.9.0
2024-10-04 12:50:12.009 [info] Marked extension as uninstalled zhuangtongfa.material-theme-3.17.2-universal
2024-10-04 12:50:12.920 [info] Marked extension as uninstalled esbenp.prettier-vscode-10.4.0-universal
2024-10-04 12:50:12.938 [warning] [csharp]: Couldn't find message for key configuration.razor.server.trace.
2024-10-04 12:50:14.787 [info] Marked extension as uninstalled tabnine.tabnine-vscode-3.104.0-universal
2024-10-04 12:50:14.811 [warning] [csharp]: Couldn't find message for key configuration.razor.server.trace.
2024-10-04 12:50:14.846 [info] Extension installed successfully: ms-azuretools.vscode-docker vscode-userdata:/home/thesynthax/.vscode-oss/extensions/extensions.json
2024-10-04 12:50:14.864 [warning] [csharp]: Couldn't find message for key configuration.razor.server.trace.
2024-10-04 12:50:14.874 [info] Extension installed successfully: github.vscode-pull-request-github vscode-userdata:/home/thesynthax/.vscode-oss/extensions/extensions.json
2024-10-04 12:50:16.614 [info] Marked extension as uninstalled ms-vscode.vscode-typescript-next-5.5.20240301
2024-10-04 12:50:17.272 [info] Marked extension as uninstalled ms-vscode.cmake-tools-1.18.41-universal
2024-10-04 12:50:17.306 [warning] [csharp]: Couldn't find message for key configuration.razor.server.trace.
2024-10-04 12:50:17.351 [warning] [csharp]: Couldn't find message for key configuration.razor.server.trace.
2024-10-04 12:50:17.380 [info] Extension installed successfully: zhuangtongfa.material-theme vscode-userdata:/home/thesynthax/.vscode-oss/extensions/extensions.json
2024-10-04 12:50:17.391 [warning] [csharp]: Couldn't find message for key configuration.razor.server.trace.
2024-10-04 12:50:17.431 [info] Extension installed successfully: esbenp.prettier-vscode vscode-userdata:/home/thesynthax/.vscode-oss/extensions/extensions.json
2024-10-04 12:50:17.445 [warning] [csharp]: Couldn't find message for key configuration.razor.server.trace.
2024-10-04 12:50:17.459 [info] Extension installed successfully: tabnine.tabnine-vscode vscode-userdata:/home/thesynthax/.vscode-oss/extensions/extensions.json
2024-10-04 12:50:17.820 [info] Marked extension as uninstalled eamodio.gitlens-15.0.4-universal
2024-10-04 12:50:17.850 [warning] [csharp]: Couldn't find message for key configuration.razor.server.trace.
2024-10-04 12:50:18.103 [info] Extension installed successfully: ms-vscode.vscode-typescript-next vscode-userdata:/home/thesynthax/.vscode-oss/extensions/extensions.json
2024-10-04 12:50:18.104 [warning] [csharp]: Couldn't find message for key configuration.razor.server.trace.
2024-10-04 12:50:18.104 [info] Extension installed successfully: ms-vscode.cmake-tools vscode-userdata:/home/thesynthax/.vscode-oss/extensions/extensions.json
2024-10-04 12:50:19.822 [info] Marked extension as uninstalled vscode-icons-team.vscode-icons-12.8.0-universal
2024-10-04 12:50:19.846 [warning] [csharp]: Couldn't find message for key configuration.razor.server.trace.
2024-10-04 12:50:19.882 [info] Extension installed successfully: eamodio.gitlens vscode-userdata:/home/thesynthax/.vscode-oss/extensions/extensions.json
2024-10-04 12:50:19.890 [warning] [csharp]: Couldn't find message for key configuration.razor.server.trace.
2024-10-04 12:50:19.906 [info] Extension installed successfully: vscode-icons-team.vscode-icons vscode-userdata:/home/thesynthax/.vscode-oss/extensions/extensions.json
2024-10-04 12:50:22.600 [info] Extracted extension to file:///home/thesynthax/.vscode-oss/extensions/equinusocio.vsc-material-theme-icons-3.8.8: equinusocio.vsc-material-theme-icons
2024-10-04 12:50:22.830 [info] Renamed to /home/thesynthax/.vscode-oss/extensions/equinusocio.vsc-material-theme-icons-3.8.8
2024-10-04 12:50:23.023 [info] Marked extension as uninstalled equinusocio.vsc-material-theme-icons-3.6.0-universal
2024-10-04 12:50:23.078 [warning] [csharp]: Couldn't find message for key configuration.razor.server.trace.
2024-10-04 12:50:23.093 [info] Extension installed successfully: equinusocio.vsc-material-theme-icons vscode-userdata:/home/thesynthax/.vscode-oss/extensions/extensions.json
2024-10-04 12:50:25.492 [error] Could not load vsce-sign module Cannot find module '@vscode/vsce-sign'
Require stack:
- /usr/lib/code/out/bootstrap-fork.js
2024-10-04 12:50:25.493 [info] Extension signature verification is not done: ms-python.debugpy
2024-10-04 12:50:25.786 [info] Extracted extension to file:///home/thesynthax/.vscode-oss/extensions/ms-python.debugpy-2024.10.0-linux-x64: ms-python.debugpy
2024-10-04 12:50:26.233 [info] Renamed to /home/thesynthax/.vscode-oss/extensions/ms-python.debugpy-2024.10.0-linux-x64
2024-10-04 12:50:27.047 [warning] [csharp]: Couldn't find message for key configuration.razor.server.trace.
2024-10-04 12:50:30.777 [error] Could not load vsce-sign module Cannot find module '@vscode/vsce-sign'
Require stack:
- /usr/lib/code/out/bootstrap-fork.js
2024-10-04 12:50:30.779 [info] Extension signature verification is not done: ms-python.python
2024-10-04 12:50:32.227 [info] Extracted extension to file:///home/thesynthax/.vscode-oss/extensions/ms-python.python-2024.14.1-linux-x64: ms-python.python
2024-10-04 12:50:32.957 [info] Renamed to /home/thesynthax/.vscode-oss/extensions/ms-python.python-2024.14.1-linux-x64
2024-10-04 12:50:33.414 [error] Could not load vsce-sign module Cannot find module '@vscode/vsce-sign'
Require stack:
- /usr/lib/code/out/bootstrap-fork.js
2024-10-04 12:50:33.417 [info] Extension signature verification is not done: ms-python.vscode-pylance
2024-10-04 12:50:33.678 [warning] [csharp]: Couldn't find message for key configuration.razor.server.trace.
2024-10-04 12:50:34.882 [warning] [csharp]: Couldn't find message for key configuration.razor.server.trace.
2024-10-04 12:50:41.121 [error] Could not load vsce-sign module Cannot find module '@vscode/vsce-sign'
Require stack:
- /usr/lib/code/out/bootstrap-fork.js
2024-10-04 12:50:41.122 [info] Extension signature verification is not done: ms-vscode.cpptools
2024-10-04 12:51:06.463 [error] Could not load vsce-sign module Cannot find module '@vscode/vsce-sign'
Require stack:
- /usr/lib/code/out/bootstrap-fork.js
2024-10-04 12:51:06.792 [info] Extension signature verification is not done: ms-dotnettools.csharp
2024-10-04 12:51:16.526 [info] Extracted extension to file:///home/thesynthax/.vscode-oss/extensions/ms-python.vscode-pylance-2024.9.2: ms-python.vscode-pylance
2024-10-04 12:51:17.174 [info] Extracted extension to file:///home/thesynthax/.vscode-oss/extensions/ms-vscode.cpptools-1.21.6-linux-x64: ms-vscode.cpptools
2024-10-04 12:51:21.761 [info] Extracted extension to file:///home/thesynthax/.vscode-oss/extensions/ms-dotnettools.csharp-2.45.25-linux-x64: ms-dotnettools.csharp
2024-10-04 12:51:33.111 [info] Renamed to /home/thesynthax/.vscode-oss/extensions/ms-python.vscode-pylance-2024.9.2
2024-10-04 12:51:33.111 [info] Renamed to /home/thesynthax/.vscode-oss/extensions/ms-vscode.cpptools-1.21.6-linux-x64
2024-10-04 12:51:33.111 [info] Renamed to /home/thesynthax/.vscode-oss/extensions/ms-dotnettools.csharp-2.45.25-linux-x64
2024-10-04 12:51:33.117 [warning] [csharp]: Couldn't find message for key configuration.dotnet.unitTests.runSettingsPath.markdownDescription.
2024-10-04 12:51:34.896 [warning] [csharp]: Couldn't find message for key configuration.razor.server.trace.
2024-10-04 12:51:34.897 [info] Marked extension as uninstalled ms-dotnettools.csharp-2.18.16-linux-x64
2024-10-04 12:51:37.794 [warning] [csharp]: Couldn't find message for key configuration.dotnet.unitTests.runSettingsPath.markdownDescription.
2024-10-04 12:51:37.804 [warning] [csharp]: Couldn't find message for key configuration.dotnet.unitTests.runSettingsPath.markdownDescription.
2024-10-04 12:51:37.816 [warning] [csharp]: Couldn't find message for key configuration.dotnet.unitTests.runSettingsPath.markdownDescription.
2024-10-04 12:51:37.816 [info] Marked extension as uninstalled ms-vscode.cpptools-1.19.4-linux-x64
2024-10-04 12:51:37.966 [info] Extension installed successfully: ms-vscode.cpptools vscode-userdata:/home/thesynthax/.vscode-oss/extensions/extensions.json
2024-10-04 12:51:37.966 [info] Finished waiting for already requested installing extension ms-vscode.cpptools franneck94.c-cpp-runner vscode-userdata:/home/thesynthax/.vscode-oss/extensions/extensions.json
2024-10-04 12:51:37.966 [info] Extension installed successfully: franneck94.c-cpp-runner vscode-userdata:/home/thesynthax/.vscode-oss/extensions/extensions.json
2024-10-04 12:51:37.968 [info] Extension installed successfully: ms-python.debugpy vscode-userdata:/home/thesynthax/.vscode-oss/extensions/extensions.json
2024-10-04 12:51:37.968 [info] Extension installed successfully: ms-python.python vscode-userdata:/home/thesynthax/.vscode-oss/extensions/extensions.json
2024-10-04 12:51:37.968 [info] Extension installed successfully: ms-python.vscode-pylance vscode-userdata:/home/thesynthax/.vscode-oss/extensions/extensions.json
2024-10-04 12:51:37.971 [info] Extension installed successfully: ms-dotnettools.csharp vscode-userdata:/home/thesynthax/.vscode-oss/extensions/extensions.json
2024-10-04 12:52:26.407 [warning] [csharp]: Couldn't find message for key configuration.dotnet.unitTests.runSettingsPath.markdownDescription.
2024-10-04 12:52:31.740 [info] Getting Manifest... ms-python.python
2024-10-04 12:52:31.923 [warning] [csharp]: Couldn't find message for key configuration.dotnet.unitTests.runSettingsPath.markdownDescription.
2024-10-04 12:52:31.982 [info] Installing extension: ms-python.python {"installPreReleaseVersion":false,"context":{"skipWalkthrough":true},"pinned":false,"productVersion":{"version":"1.93.1","date":"2024-09-13T07:34:01.258Z"},"isApplicationScoped":false,"profileLocation":{"$mid":1,"external":"vscode-userdata:/home/thesynthax/.vscode-oss/extensions/extensions.json","path":"/home/thesynthax/.vscode-oss/extensions/extensions.json","scheme":"vscode-userdata"},"installOnlyNewlyAddedFromExtensionPack":true}
2024-10-04 12:52:32.030 [warning] [csharp]: Couldn't find message for key configuration.dotnet.unitTests.runSettingsPath.markdownDescription.
2024-10-04 12:52:32.086 [warning] [csharp]: Couldn't find message for key configuration.dotnet.unitTests.runSettingsPath.markdownDescription.
2024-10-04 12:52:32.132 [warning] [csharp]: Couldn't find message for key configuration.dotnet.unitTests.runSettingsPath.markdownDescription.
2024-10-04 12:52:32.582 [warning] [csharp]: Couldn't find message for key configuration.dotnet.unitTests.runSettingsPath.markdownDescription.
2024-10-04 12:52:32.586 [info] Extension installed successfully: ms-python.python vscode-userdata:/home/thesynthax/.vscode-oss/extensions/extensions.json
2024-10-04 12:52:33.933 [info] Getting Manifest... ms-toolsai.jupyter
2024-10-04 12:52:33.986 [info] Installing extension: ms-toolsai.jupyter {"installPreReleaseVersion":false,"context":{"skipWalkthrough":true},"pinned":false,"isMachineScoped":false,"profileLocation":{"$mid":1,"external":"vscode-userdata:/home/thesynthax/.vscode-oss/extensions/extensions.json","path":"/home/thesynthax/.vscode-oss/extensions/extensions.json","scheme":"vscode-userdata"},"installOnlyNewlyAddedFromExtensionPack":true,"isApplicationScoped":false,"productVersion":{"version":"1.93.1","date":"2024-09-13T07:34:01.258Z"}}
2024-10-04 12:52:34.068 [warning] [csharp]: Couldn't find message for key configuration.dotnet.unitTests.runSettingsPath.markdownDescription.
2024-10-04 12:52:34.354 [info] Getting Manifest... ms-toolsai.jupyter-keymap
2024-10-04 12:52:34.393 [info] Getting Manifest... ms-toolsai.jupyter-renderers
2024-10-04 12:52:34.701 [info] Getting Manifest... ms-toolsai.vscode-jupyter-cell-tags
2024-10-04 12:52:35.821 [info] Getting Manifest... ms-toolsai.vscode-jupyter-slideshow
2024-10-04 12:52:35.907 [warning] [csharp]: Couldn't find message for key configuration.dotnet.unitTests.runSettingsPath.markdownDescription.
2024-10-04 12:52:35.919 [info] Installing extension: ms-toolsai.jupyter-keymap {"installPreReleaseVersion":false,"context":{"skipWalkthrough":true,"dependecyOrPackExtensionInstall":true},"pinned":false,"isMachineScoped":false,"profileLocation":{"$mid":1,"external":"vscode-userdata:/home/thesynthax/.vscode-oss/extensions/extensions.json","path":"/home/thesynthax/.vscode-oss/extensions/extensions.json","scheme":"vscode-userdata"},"installOnlyNewlyAddedFromExtensionPack":true,"isApplicationScoped":false,"productVersion":{"version":"1.93.1","date":"2024-09-13T07:34:01.258Z"}}
2024-10-04 12:52:35.919 [info] Installing extension: ms-toolsai.jupyter-renderers {"installPreReleaseVersion":false,"context":{"skipWalkthrough":true,"dependecyOrPackExtensionInstall":true},"pinned":false,"isMachineScoped":false,"profileLocation":{"$mid":1,"external":"vscode-userdata:/home/thesynthax/.vscode-oss/extensions/extensions.json","path":"/home/thesynthax/.vscode-oss/extensions/extensions.json","scheme":"vscode-userdata"},"installOnlyNewlyAddedFromExtensionPack":true,"isApplicationScoped":false,"productVersion":{"version":"1.93.1","date":"2024-09-13T07:34:01.258Z"}}
2024-10-04 12:52:35.919 [info] Installing extension: ms-toolsai.vscode-jupyter-cell-tags {"installPreReleaseVersion":false,"context":{"skipWalkthrough":true,"dependecyOrPackExtensionInstall":true},"pinned":false,"isMachineScoped":false,"profileLocation":{"$mid":1,"external":"vscode-userdata:/home/thesynthax/.vscode-oss/extensions/extensions.json","path":"/home/thesynthax/.vscode-oss/extensions/extensions.json","scheme":"vscode-userdata"},"installOnlyNewlyAddedFromExtensionPack":true,"isApplicationScoped":false,"productVersion":{"version":"1.93.1","date":"2024-09-13T07:34:01.258Z"}}
2024-10-04 12:52:35.920 [info] Installing extension: ms-toolsai.vscode-jupyter-slideshow {"installPreReleaseVersion":false,"context":{"skipWalkthrough":true,"dependecyOrPackExtensionInstall":true},"pinned":false,"isMachineScoped":false,"profileLocation":{"$mid":1,"external":"vscode-userdata:/home/thesynthax/.vscode-oss/extensions/extensions.json","path":"/home/thesynthax/.vscode-oss/extensions/extensions.json","scheme":"vscode-userdata"},"installOnlyNewlyAddedFromExtensionPack":true,"isApplicationScoped":false,"productVersion":{"version":"1.93.1","date":"2024-09-13T07:34:01.258Z"}}
2024-10-04 12:52:35.951 [warning] [csharp]: Couldn't find message for key configuration.dotnet.unitTests.runSettingsPath.markdownDescription.
2024-10-04 12:52:36.355 [info] Getting Manifest... ms-python.python
2024-10-04 12:52:36.359 [info] Installing extension: ms-python.python {"installPreReleaseVersion":false,"context":{"skipWalkthrough":true},"pinned":false,"productVersion":{"version":"1.93.1","date":"2024-09-13T07:34:01.258Z"},"isApplicationScoped":false,"profileLocation":{"$mid":1,"external":"vscode-userdata:/home/thesynthax/.vscode-oss/extensions/extensions.json","path":"/home/thesynthax/.vscode-oss/extensions/extensions.json","scheme":"vscode-userdata"},"installOnlyNewlyAddedFromExtensionPack":true}
2024-10-04 12:52:36.416 [warning] [csharp]: Couldn't find message for key configuration.dotnet.unitTests.runSettingsPath.markdownDescription.
2024-10-04 12:52:36.468 [warning] [csharp]: Couldn't find message for key configuration.dotnet.unitTests.runSettingsPath.markdownDescription.
2024-10-04 12:52:36.509 [warning] [csharp]: Couldn't find message for key configuration.dotnet.unitTests.runSettingsPath.markdownDescription.
2024-10-04 12:52:36.678 [warning] [csharp]: Couldn't find message for key configuration.dotnet.unitTests.runSettingsPath.markdownDescription.
2024-10-04 12:52:36.683 [info] Extension installed successfully: ms-python.python vscode-userdata:/home/thesynthax/.vscode-oss/extensions/extensions.json
2024-10-04 12:52:36.874 [error] Could not load vsce-sign module Cannot find module '@vscode/vsce-sign'
Require stack:
- /usr/lib/code/out/bootstrap-fork.js
2024-10-04 12:52:36.874 [info] Extension signature verification is not done: ms-toolsai.vscode-jupyter-slideshow
2024-10-04 12:52:36.896 [info] Extracted extension to file:///home/thesynthax/.vscode-oss/extensions/ms-toolsai.vscode-jupyter-slideshow-0.1.6: ms-toolsai.vscode-jupyter-slideshow
2024-10-04 12:52:37.363 [error] Could not load vsce-sign module Cannot find module '@vscode/vsce-sign'
Require stack:
- /usr/lib/code/out/bootstrap-fork.js
2024-10-04 12:52:37.363 [info] Extension signature verification is not done: ms-toolsai.jupyter-keymap
2024-10-04 12:52:37.363 [error] Could not load vsce-sign module Cannot find module '@vscode/vsce-sign'
Require stack:
- /usr/lib/code/out/bootstrap-fork.js
2024-10-04 12:52:37.363 [info] Extension signature verification is not done: ms-toolsai.vscode-jupyter-cell-tags
2024-10-04 12:52:37.371 [info] Renamed to /home/thesynthax/.vscode-oss/extensions/ms-toolsai.vscode-jupyter-slideshow-0.1.6
2024-10-04 12:52:37.382 [info] Extracted extension to file:///home/thesynthax/.vscode-oss/extensions/ms-toolsai.jupyter-keymap-1.1.2: ms-toolsai.jupyter-keymap
2024-10-04 12:52:37.390 [info] Extracted extension to file:///home/thesynthax/.vscode-oss/extensions/ms-toolsai.vscode-jupyter-cell-tags-0.1.9: ms-toolsai.vscode-jupyter-cell-tags
2024-10-04 12:52:37.556 [info] Getting Manifest... ms-toolsai.jupyter
2024-10-04 12:52:37.572 [info] Extension is already requested to install ms-toolsai.jupyter vscode-userdata:/home/thesynthax/.vscode-oss/extensions/extensions.json
2024-10-04 12:52:37.663 [info] Renamed to /home/thesynthax/.vscode-oss/extensions/ms-toolsai.jupyter-keymap-1.1.2
2024-10-04 12:52:37.663 [info] Renamed to /home/thesynthax/.vscode-oss/extensions/ms-toolsai.vscode-jupyter-cell-tags-0.1.9
2024-10-04 12:52:37.665 [error] Could not load vsce-sign module Cannot find module '@vscode/vsce-sign'
Require stack:
- /usr/lib/code/out/bootstrap-fork.js
2024-10-04 12:52:37.665 [info] Extension signature verification is not done: ms-toolsai.jupyter-renderers
2024-10-04 12:52:37.709 [warning] [csharp]: Couldn't find message for key configuration.dotnet.unitTests.runSettingsPath.markdownDescription.
2024-10-04 12:52:37.881 [info] Extracted extension to file:///home/thesynthax/.vscode-oss/extensions/ms-toolsai.jupyter-renderers-1.0.19: ms-toolsai.jupyter-renderers
2024-10-04 12:52:37.960 [warning] [csharp]: Couldn't find message for key configuration.dotnet.unitTests.runSettingsPath.markdownDescription.
2024-10-04 12:52:37.970 [info] Renamed to /home/thesynthax/.vscode-oss/extensions/ms-toolsai.jupyter-renderers-1.0.19
2024-10-04 12:52:37.978 [warning] [csharp]: Couldn't find message for key configuration.dotnet.unitTests.runSettingsPath.markdownDescription.
2024-10-04 12:52:38.261 [warning] [csharp]: Couldn't find message for key configuration.dotnet.unitTests.runSettingsPath.markdownDescription.
2024-10-04 12:52:38.359 [error] Could not load vsce-sign module Cannot find module '@vscode/vsce-sign'
Require stack:
- /usr/lib/code/out/bootstrap-fork.js
2024-10-04 12:52:38.359 [info] Extension signature verification is not done: ms-toolsai.jupyter
2024-10-04 12:52:38.534 [info] Extracted extension to file:///home/thesynthax/.vscode-oss/extensions/ms-toolsai.jupyter-2024.8.1-linux-x64: ms-toolsai.jupyter
2024-10-04 12:52:38.581 [info] Renamed to /home/thesynthax/.vscode-oss/extensions/ms-toolsai.jupyter-2024.8.1-linux-x64
2024-10-04 12:52:38.671 [warning] [csharp]: Couldn't find message for key configuration.dotnet.unitTests.runSettingsPath.markdownDescription.
2024-10-04 12:52:38.680 [error] [uncaught exception in sharedProcess]: Error: ENOENT: no such file or directory, stat '/home/thesynthax/.vscode-oss/extensions/extensions.json.vsctmp': EntryNotFound (FileSystemError): Error: ENOENT: no such file or directory, stat '/home/thesynthax/.vscode-oss/extensions/extensions.json.vsctmp'
    at o.create (/usr/lib/code/out/vs/code/node/sharedProcess/sharedProcessMain.js:54:19406)
    at u (/usr/lib/code/out/vs/code/node/sharedProcess/sharedProcessMain.js:54:19517)
    at $.hb (/usr/lib/code/out/vs/code/node/sharedProcess/sharedProcessMain.js:59:36674)
    at $.stat (/usr/lib/code/out/vs/code/node/sharedProcess/sharedProcessMain.js:59:29001)
    at async c.stat (/usr/lib/code/out/vs/code/node/sharedProcess/sharedProcessMain.js:59:14931)
    at async W.ub (/usr/lib/code/out/vs/code/node/sharedProcess/sharedProcessMain.js:105:120356)
2024-10-04 12:52:38.685 [info] Extension installed successfully: ms-toolsai.vscode-jupyter-slideshow vscode-userdata:/home/thesynthax/.vscode-oss/extensions/extensions.json
2024-10-04 12:52:38.685 [info] Extension installed successfully: ms-toolsai.jupyter-keymap vscode-userdata:/home/thesynthax/.vscode-oss/extensions/extensions.json
2024-10-04 12:52:38.685 [info] Extension installed successfully: ms-toolsai.vscode-jupyter-cell-tags vscode-userdata:/home/thesynthax/.vscode-oss/extensions/extensions.json
2024-10-04 12:52:38.685 [info] Extension installed successfully: ms-toolsai.jupyter-renderers vscode-userdata:/home/thesynthax/.vscode-oss/extensions/extensions.json
2024-10-04 12:52:38.685 [info] Extension installed successfully: ms-toolsai.jupyter vscode-userdata:/home/thesynthax/.vscode-oss/extensions/extensions.json
2024-10-04 12:52:39.200 [warning] [csharp]: Couldn't find message for key configuration.dotnet.unitTests.runSettingsPath.markdownDescription.
