2023-07-19 10:21:33.056 [error] Extension 'ms-vscode.cpptools CANNOT USE these API proposals 'terminalDataWriteEvent'. You MUST start in extension development mode or use the --enable-proposed-api command line flag
2023-07-19 10:21:33.056 [error] Extension 'ms-vscode.js-debug-nightly CANNOT USE these API proposals 'portsAttributes, findTextInFiles, workspaceTrust, tunnels'. You MUST start in extension development mode or use the --enable-proposed-api command line flag
2023-07-19 10:21:33.056 [error] Extension 'tabnine.tabnine-vscode' wants API proposal 'inlineCompletions' but that proposal DOES NOT EXIST. Likely, the proposal has been finalized (check 'vscode.d.ts') or was abandoned.
2023-07-19 10:21:33.097 [warning] [ms-vscode.js-debug-nightly]: Cannot register 'debug.javascript.codelens.npmScripts'. This property is already registered.
2023-07-19 10:21:33.097 [warning] [ms-vscode.js-debug-nightly]: Cannot register 'debug.javascript.terminalOptions'. This property is already registered.
2023-07-19 10:21:33.097 [warning] [ms-vscode.js-debug-nightly]: Cannot register 'debug.javascript.automaticallyTunnelRemoteServer'. This property is already registered.
2023-07-19 10:21:33.098 [warning] [ms-vscode.js-debug-nightly]: Cannot register 'debug.javascript.debugByLinkOptions'. This property is already registered.
2023-07-19 10:21:33.098 [warning] [ms-vscode.js-debug-nightly]: Cannot register 'debug.javascript.pickAndAttachOptions'. This property is already registered.
2023-07-19 10:21:33.098 [warning] [ms-vscode.js-debug-nightly]: Cannot register 'debug.javascript.autoAttachFilter'. This property is already registered.
2023-07-19 10:21:33.098 [warning] [ms-vscode.js-debug-nightly]: Cannot register 'debug.javascript.autoAttachSmartPattern'. This property is already registered.
2023-07-19 10:21:33.098 [warning] [ms-vscode.js-debug-nightly]: Cannot register 'debug.javascript.breakOnConditionalError'. This property is already registered.
2023-07-19 10:21:33.098 [warning] [ms-vscode.js-debug-nightly]: Cannot register 'debug.javascript.unmapMissingSources'. This property is already registered.
2023-07-19 10:21:33.099 [warning] [ms-vscode.js-debug-nightly]: Cannot register 'debug.javascript.defaultRuntimeExecutable'. This property is already registered.
2023-07-19 10:21:33.099 [warning] [ms-vscode.js-debug-nightly]: Cannot register 'debug.javascript.resourceRequestOptions'. This property is already registered.
2023-07-19 10:21:33.099 [warning] [muhammad-sammy.csharp]: Cannot register 'csharp.format.enable'. This property is already registered.
2023-07-19 10:21:33.099 [warning] [muhammad-sammy.csharp]: Cannot register 'csharp.suppressDotnetInstallWarning'. This property is already registered.
2023-07-19 10:21:33.099 [warning] [muhammad-sammy.csharp]: Cannot register 'csharp.unitTestDebuggingOptions'. This property is already registered.
2023-07-19 10:21:33.099 [warning] [muhammad-sammy.csharp]: Cannot register 'csharp.suppressDotnetRestoreNotification'. This property is already registered.
2023-07-19 10:21:33.100 [warning] [muhammad-sammy.csharp]: Cannot register 'csharp.suppressProjectJsonWarning'. This property is already registered.
2023-07-19 10:21:33.100 [warning] [muhammad-sammy.csharp]: Cannot register 'csharp.suppressBuildAssetsNotification'. This property is already registered.
2023-07-19 10:21:33.100 [warning] [muhammad-sammy.csharp]: Cannot register 'csharp.suppressHiddenDiagnostics'. This property is already registered.
2023-07-19 10:21:33.100 [warning] [muhammad-sammy.csharp]: Cannot register 'csharp.referencesCodeLens.enabled'. This property is already registered.
2023-07-19 10:21:33.100 [warning] [muhammad-sammy.csharp]: Cannot register 'csharp.referencesCodeLens.filteredSymbols'. This property is already registered.
2023-07-19 10:21:33.100 [warning] [muhammad-sammy.csharp]: Cannot register 'csharp.testsCodeLens.enabled'. This property is already registered.
2023-07-19 10:21:33.101 [warning] [muhammad-sammy.csharp]: Cannot register 'csharp.maxProjectFileCountForDiagnosticAnalysis'. This property is already registered.
2023-07-19 10:21:33.101 [warning] [muhammad-sammy.csharp]: Cannot register 'csharp.semanticHighlighting.enabled'. This property is already registered.
2023-07-19 10:21:33.101 [warning] [muhammad-sammy.csharp]: Cannot register 'csharp.showOmnisharpLogOnError'. This property is already registered.
2023-07-19 10:21:33.101 [warning] [muhammad-sammy.csharp]: Cannot register 'csharp.inlayHints.parameters.enabled'. This property is already registered.
2023-07-19 10:21:33.101 [warning] [muhammad-sammy.csharp]: Cannot register 'csharp.inlayHints.parameters.forLiteralParameters'. This property is already registered.
2023-07-19 10:21:33.101 [warning] [muhammad-sammy.csharp]: Cannot register 'csharp.inlayHints.parameters.forObjectCreationParameters'. This property is already registered.
2023-07-19 10:21:33.101 [warning] [muhammad-sammy.csharp]: Cannot register 'csharp.inlayHints.parameters.forIndexerParameters'. This property is already registered.
2023-07-19 10:21:33.102 [warning] [muhammad-sammy.csharp]: Cannot register 'csharp.inlayHints.parameters.forOtherParameters'. This property is already registered.
2023-07-19 10:21:33.102 [warning] [muhammad-sammy.csharp]: Cannot register 'csharp.inlayHints.parameters.suppressForParametersThatDifferOnlyBySuffix'. This property is already registered.
2023-07-19 10:21:33.102 [warning] [muhammad-sammy.csharp]: Cannot register 'csharp.inlayHints.parameters.suppressForParametersThatMatchMethodIntent'. This property is already registered.
2023-07-19 10:21:33.102 [warning] [muhammad-sammy.csharp]: Cannot register 'csharp.inlayHints.parameters.suppressForParametersThatMatchArgumentName'. This property is already registered.
2023-07-19 10:21:33.102 [warning] [muhammad-sammy.csharp]: Cannot register 'csharp.inlayHints.types.enabled'. This property is already registered.
2023-07-19 10:21:33.102 [warning] [muhammad-sammy.csharp]: Cannot register 'csharp.inlayHints.types.forImplicitVariableTypes'. This property is already registered.
2023-07-19 10:21:33.103 [warning] [muhammad-sammy.csharp]: Cannot register 'csharp.inlayHints.types.forLambdaParameterTypes'. This property is already registered.
2023-07-19 10:21:33.103 [warning] [muhammad-sammy.csharp]: Cannot register 'csharp.inlayHints.types.forImplicitObjectCreation'. This property is already registered.
2023-07-19 10:21:33.103 [warning] [muhammad-sammy.csharp]: Cannot register 'omnisharp.path'. This property is already registered.
2023-07-19 10:21:33.103 [warning] [muhammad-sammy.csharp]: Cannot register 'omnisharp.useModernNet'. This property is already registered.
2023-07-19 10:21:33.103 [warning] [muhammad-sammy.csharp]: Cannot register 'omnisharp.sdkPath'. This property is already registered.
2023-07-19 10:21:33.103 [warning] [muhammad-sammy.csharp]: Cannot register 'omnisharp.sdkVersion'. This property is already registered.
2023-07-19 10:21:33.104 [warning] [muhammad-sammy.csharp]: Cannot register 'omnisharp.sdkIncludePrereleases'. This property is already registered.
2023-07-19 10:21:33.104 [warning] [muhammad-sammy.csharp]: Cannot register 'omnisharp.monoPath'. This property is already registered.
2023-07-19 10:21:33.104 [warning] [muhammad-sammy.csharp]: Cannot register 'omnisharp.dotnetPath'. This property is already registered.
2023-07-19 10:21:33.104 [warning] [muhammad-sammy.csharp]: Cannot register 'omnisharp.waitForDebugger'. This property is already registered.
2023-07-19 10:21:33.104 [warning] [muhammad-sammy.csharp]: Cannot register 'omnisharp.loggingLevel'. This property is already registered.
2023-07-19 10:21:33.104 [warning] [muhammad-sammy.csharp]: Cannot register 'omnisharp.autoStart'. This property is already registered.
2023-07-19 10:21:33.104 [warning] [muhammad-sammy.csharp]: Cannot register 'omnisharp.projectLoadTimeout'. This property is already registered.
2023-07-19 10:21:33.105 [warning] [muhammad-sammy.csharp]: Cannot register 'omnisharp.maxProjectResults'. This property is already registered.
2023-07-19 10:21:33.105 [warning] [muhammad-sammy.csharp]: Cannot register 'omnisharp.defaultLaunchSolution'. This property is already registered.
2023-07-19 10:21:33.105 [warning] [muhammad-sammy.csharp]: Cannot register 'omnisharp.useEditorFormattingSettings'. This property is already registered.
2023-07-19 10:21:33.105 [warning] [muhammad-sammy.csharp]: Cannot register 'omnisharp.minFindSymbolsFilterLength'. This property is already registered.
2023-07-19 10:21:33.105 [warning] [muhammad-sammy.csharp]: Cannot register 'omnisharp.maxFindSymbolsItems'. This property is already registered.
2023-07-19 10:21:33.106 [warning] [muhammad-sammy.csharp]: Cannot register 'omnisharp.disableMSBuildDiagnosticWarning'. This property is already registered.
2023-07-19 10:21:33.106 [warning] [muhammad-sammy.csharp]: Cannot register 'omnisharp.enableMsBuildLoadProjectsOnDemand'. This property is already registered.
2023-07-19 10:21:33.106 [warning] [muhammad-sammy.csharp]: Cannot register 'omnisharp.enableRoslynAnalyzers'. This property is already registered.
2023-07-19 10:21:33.106 [warning] [muhammad-sammy.csharp]: Cannot register 'omnisharp.enableEditorConfigSupport'. This property is already registered.
2023-07-19 10:21:33.106 [warning] [muhammad-sammy.csharp]: Cannot register 'omnisharp.enableDecompilationSupport'. This property is already registered.
2023-07-19 10:21:33.106 [warning] [muhammad-sammy.csharp]: Cannot register 'omnisharp.enableImportCompletion'. This property is already registered.
2023-07-19 10:21:33.106 [warning] [muhammad-sammy.csharp]: Cannot register 'omnisharp.organizeImportsOnFormat'. This property is already registered.
2023-07-19 10:21:33.107 [warning] [muhammad-sammy.csharp]: Cannot register 'omnisharp.enableAsyncCompletion'. This property is already registered.
2023-07-19 10:21:33.107 [warning] [muhammad-sammy.csharp]: Cannot register 'omnisharp.analyzeOpenDocumentsOnly'. This property is already registered.
2023-07-19 10:21:33.107 [warning] [muhammad-sammy.csharp]: Cannot register 'omnisharp.testRunSettings'. This property is already registered.
2023-07-19 10:21:33.107 [warning] [muhammad-sammy.csharp]: Cannot register 'razor.plugin.path'. This property is already registered.
2023-07-19 10:21:33.107 [warning] [muhammad-sammy.csharp]: Cannot register 'razor.devmode'. This property is already registered.
2023-07-19 10:21:33.107 [warning] [muhammad-sammy.csharp]: Cannot register 'razor.disabled'. This property is already registered.
2023-07-19 10:21:33.108 [warning] [muhammad-sammy.csharp]: Cannot register 'razor.languageServer.directory'. This property is already registered.
2023-07-19 10:21:33.108 [warning] [muhammad-sammy.csharp]: Cannot register 'razor.languageServer.debug'. This property is already registered.
2023-07-19 10:21:33.108 [warning] [muhammad-sammy.csharp]: Cannot register 'razor.trace'. This property is already registered.
2023-07-19 10:21:33.108 [warning] [muhammad-sammy.csharp]: Cannot register 'razor.format.enable'. This property is already registered.
2023-07-19 10:21:33.108 [warning] [twxs.cmake]: Cannot register 'cmake.cmakePath'. This property is already registered.
2023-07-19 10:21:33.154 [info] [ms-vscode.js-debug-nightly]: Command `extension.js-debug.prettyPrint` already registered by JavaScript Debugger (ms-vscode.js-debug)
2023-07-19 10:21:33.154 [info] [ms-vscode.js-debug-nightly]: Command `extension.js-debug.toggleSkippingFile` already registered by JavaScript Debugger (ms-vscode.js-debug)
2023-07-19 10:21:33.154 [info] [ms-vscode.js-debug-nightly]: Command `extension.js-debug.addCustomBreakpoints` already registered by JavaScript Debugger (ms-vscode.js-debug)
2023-07-19 10:21:33.155 [info] [ms-vscode.js-debug-nightly]: Command `extension.js-debug.removeCustomBreakpoint` already registered by JavaScript Debugger (ms-vscode.js-debug)
2023-07-19 10:21:33.155 [info] [ms-vscode.js-debug-nightly]: Command `extension.js-debug.removeAllCustomBreakpoints` already registered by JavaScript Debugger (ms-vscode.js-debug)
2023-07-19 10:21:33.155 [info] [ms-vscode.js-debug-nightly]: Command `extension.pwa-node-debug.attachNodeProcess` already registered by JavaScript Debugger (ms-vscode.js-debug)
2023-07-19 10:21:33.155 [info] [ms-vscode.js-debug-nightly]: Command `extension.js-debug.npmScript` already registered by JavaScript Debugger (ms-vscode.js-debug)
2023-07-19 10:21:33.156 [info] [ms-vscode.js-debug-nightly]: Command `extension.js-debug.createDebuggerTerminal` already registered by JavaScript Debugger (ms-vscode.js-debug)
2023-07-19 10:21:33.156 [info] [ms-vscode.js-debug-nightly]: Command `extension.js-debug.startProfile` already registered by JavaScript Debugger (ms-vscode.js-debug)
2023-07-19 10:21:33.156 [info] [ms-vscode.js-debug-nightly]: Command `extension.js-debug.stopProfile` already registered by JavaScript Debugger (ms-vscode.js-debug)
2023-07-19 10:21:33.156 [info] [ms-vscode.js-debug-nightly]: Command `extension.js-debug.revealPage` already registered by JavaScript Debugger (ms-vscode.js-debug)
2023-07-19 10:21:33.157 [info] [ms-vscode.js-debug-nightly]: Command `extension.js-debug.debugLink` already registered by JavaScript Debugger (ms-vscode.js-debug)
2023-07-19 10:21:33.157 [info] [ms-vscode.js-debug-nightly]: Command `extension.js-debug.createDiagnostics` already registered by JavaScript Debugger (ms-vscode.js-debug)
2023-07-19 10:21:33.157 [info] [ms-vscode.js-debug-nightly]: Command `extension.js-debug.getDiagnosticLogs` already registered by JavaScript Debugger (ms-vscode.js-debug)
2023-07-19 10:21:33.157 [info] [ms-vscode.js-debug-nightly]: Command `extension.node-debug.startWithStopOnEntry` already registered by JavaScript Debugger (ms-vscode.js-debug)
2023-07-19 10:21:33.157 [info] [ms-vscode.js-debug-nightly]: Command `extension.js-debug.openEdgeDevTools` already registered by JavaScript Debugger (ms-vscode.js-debug)
2023-07-19 10:21:33.158 [info] [ms-vscode.js-debug-nightly]: Command `extension.js-debug.callers.add` already registered by JavaScript Debugger (ms-vscode.js-debug)
2023-07-19 10:21:33.158 [info] [ms-vscode.js-debug-nightly]: Command `extension.js-debug.callers.remove` already registered by JavaScript Debugger (ms-vscode.js-debug)
2023-07-19 10:21:33.158 [info] [ms-vscode.js-debug-nightly]: Command `extension.js-debug.callers.removeAll` already registered by JavaScript Debugger (ms-vscode.js-debug)
2023-07-19 10:21:33.158 [info] [ms-vscode.js-debug-nightly]: Command `extension.js-debug.callers.goToCaller` already registered by JavaScript Debugger (ms-vscode.js-debug)
2023-07-19 10:21:33.159 [info] [ms-vscode.js-debug-nightly]: Command `extension.js-debug.callers.gotToTarget` already registered by JavaScript Debugger (ms-vscode.js-debug)
2023-07-19 10:21:33.159 [info] [ms-vscode.js-debug-nightly]: Command `extension.js-debug.enableSourceMapStepping` already registered by JavaScript Debugger (ms-vscode.js-debug)
2023-07-19 10:21:33.159 [info] [ms-vscode.js-debug-nightly]: Command `extension.js-debug.disableSourceMapStepping` already registered by JavaScript Debugger (ms-vscode.js-debug)
2023-07-19 10:21:33.159 [info] [muhammad-sammy.csharp]: Command `o.restart` already registered by C# (ms-dotnettools.csharp)
2023-07-19 10:21:33.159 [info] [muhammad-sammy.csharp]: Command `o.pickProjectAndStart` already registered by C# (ms-dotnettools.csharp)
2023-07-19 10:21:33.160 [info] [muhammad-sammy.csharp]: Command `o.fixAll.solution` already registered by C# (ms-dotnettools.csharp)
2023-07-19 10:21:33.160 [info] [muhammad-sammy.csharp]: Command `o.fixAll.project` already registered by C# (ms-dotnettools.csharp)
2023-07-19 10:21:33.160 [info] [muhammad-sammy.csharp]: Command `o.fixAll.document` already registered by C# (ms-dotnettools.csharp)
2023-07-19 10:21:33.160 [info] [muhammad-sammy.csharp]: Command `o.reanalyze.allProjects` already registered by C# (ms-dotnettools.csharp)
2023-07-19 10:21:33.160 [info] [muhammad-sammy.csharp]: Command `o.reanalyze.currentProject` already registered by C# (ms-dotnettools.csharp)
2023-07-19 10:21:33.161 [info] [muhammad-sammy.csharp]: Command `dotnet.generateAssets` already registered by C# (ms-dotnettools.csharp)
2023-07-19 10:21:33.161 [info] [muhammad-sammy.csharp]: Command `dotnet.restore.project` already registered by C# (ms-dotnettools.csharp)
2023-07-19 10:21:33.161 [info] [muhammad-sammy.csharp]: Command `dotnet.restore.all` already registered by C# (ms-dotnettools.csharp)
2023-07-19 10:21:33.161 [info] [muhammad-sammy.csharp]: Command `csharp.downloadDebugger` already registered by C# (ms-dotnettools.csharp)
2023-07-19 10:21:33.161 [info] [muhammad-sammy.csharp]: Command `csharp.listProcess` already registered by C# (ms-dotnettools.csharp)
2023-07-19 10:21:33.162 [info] [muhammad-sammy.csharp]: Command `csharp.listRemoteProcess` already registered by C# (ms-dotnettools.csharp)
2023-07-19 10:21:33.162 [info] [muhammad-sammy.csharp]: Command `csharp.listRemoteDockerProcess` already registered by C# (ms-dotnettools.csharp)
2023-07-19 10:21:33.162 [info] [muhammad-sammy.csharp]: Command `csharp.reportIssue` already registered by C# (ms-dotnettools.csharp)
2023-07-19 10:21:33.162 [info] [muhammad-sammy.csharp]: Command `csharp.showDecompilationTerms` already registered by C# (ms-dotnettools.csharp)
2023-07-19 10:21:33.162 [info] [muhammad-sammy.csharp]: Command `extension.showRazorCSharpWindow` already registered by C# (ms-dotnettools.csharp)
2023-07-19 10:21:33.163 [info] [muhammad-sammy.csharp]: Command `extension.showRazorHtmlWindow` already registered by C# (ms-dotnettools.csharp)
2023-07-19 10:21:33.163 [info] [muhammad-sammy.csharp]: Command `razor.reportIssue` already registered by C# (ms-dotnettools.csharp)
2023-07-19 10:21:33.163 [info] [muhammad-sammy.csharp]: Command `dotnet.test.runTestsInContext` already registered by C# (ms-dotnettools.csharp)
2023-07-19 10:21:33.163 [info] [muhammad-sammy.csharp]: Command `dotnet.test.debugTestsInContext` already registered by C# (ms-dotnettools.csharp)
2023-07-19 10:21:33.250 [error] [ms-vscode.js-debug-nightly]: Cannot register multiple views with same id `jsBrowserBreakpoints`
2023-07-19 10:21:33.251 [error] [ms-vscode.js-debug-nightly]: Cannot register multiple views with same id `jsExcludedCallers`
2023-07-19 10:21:33.484 [warning] [backup tracker] suspended, ignoring dirty change event vscode-userdata:/home/thesynthax/.config/Code%20-%20OSS/User/settings.json 
2023-07-19 10:21:33.489 [warning] [backup tracker] suspended, ignoring unregister event vscode-userdata:/home/thesynthax/.config/Code%20-%20OSS/User/settings.json 
2023-07-19 10:21:33.603 [warning] [backup tracker] suspended, ignoring register event vscode-userdata:/home/thesynthax/.config/Code%20-%20OSS/User/settings.json 
