2022-12-27 17:31:02.466 [info] Extension host with pid 145437 started
2022-12-27 17:31:02.466 [info] Skipping acquiring lock for /home/thesynthax/.config/Code - OSS/User/workspaceStorage/4c663d87a268772b8b725fe575b8e04b.
2022-12-27 17:31:02.675 [info] ExtensionService#_doActivateExtension vscode.typescript-language-features, startup: false, activationEvent: 'onLanguage:javascript'
2022-12-27 17:31:02.675 [info] ExtensionService#_doActivateExtension wix.vscode-import-cost, startup: false, activationEvent: 'onLanguage:javascript'
2022-12-27 17:31:02.675 [info] ExtensionService#_doActivateExtension vscode.git-base, startup: true, activationEvent: '*', root cause: vscode.git
2022-12-27 17:31:02.675 [info] ExtensionService#_doActivateExtension donjayamanne.githistory, startup: true, activationEvent: '*'
2022-12-27 17:31:02.676 [info] ExtensionService#_doActivateExtension formulahendry.auto-close-tag, startup: true, activationEvent: '*'
2022-12-27 17:31:02.676 [info] ExtensionService#_doActivateExtension formulahendry.auto-rename-tag, startup: true, activationEvent: '*'
2022-12-27 17:31:02.676 [info] ExtensionService#_doActivateExtension johnpapa.vscode-peacock, startup: true, activationEvent: '*'
2022-12-27 17:31:02.676 [info] ExtensionService#_doActivateExtension oderwat.indent-rainbow, startup: true, activationEvent: '*'
2022-12-27 17:31:02.676 [info] ExtensionService#_doActivateExtension standard.vscode-standard, startup: true, activationEvent: '*'
2022-12-27 17:31:02.676 [info] ExtensionService#_doActivateExtension TabNine.tabnine-vscode, startup: true, activationEvent: '*'
2022-12-27 17:31:02.676 [info] ExtensionService#_doActivateExtension vscodevim.vim, startup: true, activationEvent: '*'
2022-12-27 17:31:02.677 [info] ExtensionService#_doActivateExtension wayou.vscode-todo-highlight, startup: true, activationEvent: '*'
2022-12-27 17:31:02.677 [info] ExtensionService#_doActivateExtension vscode.npm, startup: true, activationEvent: 'workspaceContains:package.json'
2022-12-27 17:31:05.776 [info] ExtensionService#_doActivateExtension vscode.git, startup: true, activationEvent: '*'
2022-12-27 17:31:05.776 [info] ExtensionService#_doActivateExtension vscode.github, startup: true, activationEvent: '*'
2022-12-27 17:31:05.888 [info] ExtensionService#_doActivateExtension vscode.configuration-editing, startup: false, activationEvent: 'onLanguage:jsonc'
2022-12-27 17:31:05.888 [info] ExtensionService#_doActivateExtension vscode.json-language-features, startup: false, activationEvent: 'onLanguage:jsonc'
2022-12-27 17:31:05.888 [info] ExtensionService#_doActivateExtension dbaeumer.vscode-eslint, startup: false, activationEvent: 'onLanguage:jsonc'
2022-12-27 17:31:06.248 [info] ExtensionService#_doActivateExtension formulahendry.code-runner, startup: false, activationEvent: 'onLanguage:code-runner-output'
2022-12-27 17:31:12.547 [info] Eager extensions activated
2022-12-27 17:31:12.554 [info] ExtensionService#_doActivateExtension vscode.debug-auto-launch, startup: false, activationEvent: 'onStartupFinished'
2022-12-27 17:31:12.554 [info] ExtensionService#_doActivateExtension vscode.emmet, startup: false, activationEvent: 'onStartupFinished'
2022-12-27 17:31:12.554 [info] ExtensionService#_doActivateExtension vscode.merge-conflict, startup: false, activationEvent: 'onStartupFinished'
2022-12-27 17:31:12.554 [info] ExtensionService#_doActivateExtension aaron-bond.better-comments, startup: false, activationEvent: 'onStartupFinished'
2022-12-27 17:31:12.554 [info] ExtensionService#_doActivateExtension Equinusocio.vsc-material-theme, startup: false, activationEvent: 'onStartupFinished'
2022-12-27 17:31:12.554 [info] ExtensionService#_doActivateExtension equinusocio.vsc-material-theme-icons, startup: false, activationEvent: 'onStartupFinished'
2022-12-27 17:31:12.554 [info] ExtensionService#_doActivateExtension esbenp.prettier-vscode, startup: false, activationEvent: 'onStartupFinished'
2022-12-27 17:31:12.554 [info] ExtensionService#_doActivateExtension ritwickdey.LiveServer, startup: false, activationEvent: 'onStartupFinished'
2022-12-27 17:31:12.554 [info] ExtensionService#_doActivateExtension usernamehw.errorlens, startup: false, activationEvent: 'onStartupFinished'
2022-12-27 17:31:12.554 [info] ExtensionService#_doActivateExtension vadimcn.vscode-lldb, startup: false, activationEvent: 'onStartupFinished'
2022-12-27 17:31:12.554 [info] ExtensionService#_doActivateExtension vscode-icons-team.vscode-icons, startup: false, activationEvent: 'onStartupFinished'
2022-12-27 17:31:12.554 [info] ExtensionService#_doActivateExtension zhuangtongfa.material-theme, startup: false, activationEvent: 'onStartupFinished'
2022-12-27 17:32:34.008 [error] SyntaxError: Missing semicolon. (6:5)
    at instantiate (/home/thesynthax/.vscode-oss/node_modules/@babel/parser/lib/index.js:72:32)
    at toParseError (/home/thesynthax/.vscode-oss/node_modules/@babel/parser/lib/index.js:358:12)
    at St.raise (/home/thesynthax/.vscode-oss/node_modules/@babel/parser/lib/index.js:3335:19)
    at St.semicolon (/home/thesynthax/.vscode-oss/node_modules/@babel/parser/lib/index.js:3996:10)
    at St.parseVarStatement (/home/thesynthax/.vscode-oss/node_modules/@babel/parser/lib/index.js:15067:10)
    at St.parseStatementContent (/home/thesynthax/.vscode-oss/node_modules/@babel/parser/lib/index.js:14608:21)
    at St.parseStatement (/home/thesynthax/.vscode-oss/node_modules/@babel/parser/lib/index.js:14533:17)
    at St.parseStatement (/home/thesynthax/.vscode-oss/node_modules/@babel/parser/lib/index.js:5823:24)
    at St.parseBlockOrModuleBlockBody (/home/thesynthax/.vscode-oss/node_modules/@babel/parser/lib/index.js:15176:25)
    at St.parseBlockBody (/home/thesynthax/.vscode-oss/node_modules/@babel/parser/lib/index.js:15167:10)
    at St.parseProgram (/home/thesynthax/.vscode-oss/node_modules/@babel/parser/lib/index.js:14451:10)
    at St.parseTopLevel (/home/thesynthax/.vscode-oss/node_modules/@babel/parser/lib/index.js:14438:25)
    at St.parseTopLevel (/home/thesynthax/.vscode-oss/node_modules/@babel/parser/lib/index.js:6827:28)
    at St.parse (/home/thesynthax/.vscode-oss/node_modules/@babel/parser/lib/index.js:16401:10)
    at jsParse (/home/thesynthax/.vscode-oss/node_modules/@babel/parser/lib/index.js:16453:38)
    at parse (/home/thesynthax/.vscode-oss/extensions/import-cost/src/babel-parser.js:65:10)
    at getPackagesFromJS (/home/thesynthax/.vscode-oss/extensions/import-cost/src/babel-parser.js:57:15)
    at getPackages (/home/thesynthax/.vscode-oss/extensions/import-cost/src/parser.js:37:12)
    at Timeout._onTimeout (/home/thesynthax/.vscode-oss/extensions/import-cost/src/index.js:21:21)
    at listOnTimeout (node:internal/timers:559:17)
    at processTimers (node:internal/timers:502:7)
2022-12-27 17:33:39.216 [error] SyntaxError: Missing semicolon. (6:5)
    at instantiate (/home/thesynthax/.vscode-oss/node_modules/@babel/parser/lib/index.js:72:32)
    at toParseError (/home/thesynthax/.vscode-oss/node_modules/@babel/parser/lib/index.js:358:12)
    at St.raise (/home/thesynthax/.vscode-oss/node_modules/@babel/parser/lib/index.js:3335:19)
    at St.semicolon (/home/thesynthax/.vscode-oss/node_modules/@babel/parser/lib/index.js:3996:10)
    at St.parseVarStatement (/home/thesynthax/.vscode-oss/node_modules/@babel/parser/lib/index.js:15067:10)
    at St.parseStatementContent (/home/thesynthax/.vscode-oss/node_modules/@babel/parser/lib/index.js:14608:21)
    at St.parseStatement (/home/thesynthax/.vscode-oss/node_modules/@babel/parser/lib/index.js:14533:17)
    at St.parseStatement (/home/thesynthax/.vscode-oss/node_modules/@babel/parser/lib/index.js:5823:24)
    at St.parseBlockOrModuleBlockBody (/home/thesynthax/.vscode-oss/node_modules/@babel/parser/lib/index.js:15176:25)
    at St.parseBlockBody (/home/thesynthax/.vscode-oss/node_modules/@babel/parser/lib/index.js:15167:10)
    at St.parseProgram (/home/thesynthax/.vscode-oss/node_modules/@babel/parser/lib/index.js:14451:10)
    at St.parseTopLevel (/home/thesynthax/.vscode-oss/node_modules/@babel/parser/lib/index.js:14438:25)
    at St.parseTopLevel (/home/thesynthax/.vscode-oss/node_modules/@babel/parser/lib/index.js:6827:28)
    at St.parse (/home/thesynthax/.vscode-oss/node_modules/@babel/parser/lib/index.js:16401:10)
    at jsParse (/home/thesynthax/.vscode-oss/node_modules/@babel/parser/lib/index.js:16453:38)
    at parse (/home/thesynthax/.vscode-oss/extensions/import-cost/src/babel-parser.js:65:10)
    at getPackagesFromJS (/home/thesynthax/.vscode-oss/extensions/import-cost/src/babel-parser.js:57:15)
    at getPackages (/home/thesynthax/.vscode-oss/extensions/import-cost/src/parser.js:37:12)
    at Timeout._onTimeout (/home/thesynthax/.vscode-oss/extensions/import-cost/src/index.js:21:21)
    at listOnTimeout (node:internal/timers:559:17)
    at processTimers (node:internal/timers:502:7)
