2022-12-22 17:14:19.066 [info] Log level: Info
2022-12-22 17:14:19.066 [info] Validating found git in: "git"
2022-12-22 17:14:19.066 [info] Using git "2.39.0" from "git"
2022-12-22 17:14:19.066 [info] > git rev-parse --show-toplevel [4165ms]
2022-12-22 17:14:19.066 [info] fatal: not a git repository (or any parent up to mount point /)
Stopping at filesystem boundary (GIT_DISCOVERY_ACROSS_FILESYSTEM not set).
2022-12-22 17:14:19.125 [info] > git rev-parse --show-toplevel [64ms]
2022-12-22 17:14:19.125 [info] fatal: not a git repository (or any parent up to mount point /)
Stopping at filesystem boundary (GIT_DISCOVERY_ACROSS_FILESYSTEM not set).
2022-12-22 17:14:19.135 [info] > git rev-parse --show-toplevel [4ms]
2022-12-22 17:14:19.135 [info] fatal: not a git repository (or any parent up to mount point /)
Stopping at filesystem boundary (GIT_DISCOVERY_ACROSS_FILESYSTEM not set).
2022-12-22 17:14:19.180 [info] > git rev-parse --show-toplevel [38ms]
2022-12-22 17:14:19.180 [info] fatal: not a git repository (or any parent up to mount point /)
Stopping at filesystem boundary (GIT_DISCOVERY_ACROSS_FILESYSTEM not set).
2022-12-22 17:14:32.959 [info] > git rev-parse --show-toplevel [8ms]
2022-12-22 17:14:32.959 [info] fatal: not a git repository (or any parent up to mount point /)
Stopping at filesystem boundary (GIT_DISCOVERY_ACROSS_FILESYSTEM not set).
2022-12-22 17:14:34.240 [info] > git rev-parse --show-toplevel [9ms]
2022-12-22 17:14:34.240 [info] fatal: not a git repository (or any parent up to mount point /)
Stopping at filesystem boundary (GIT_DISCOVERY_ACROSS_FILESYSTEM not set).
2022-12-22 17:14:38.358 [info] > git rev-parse --show-toplevel [8ms]
2022-12-22 17:14:38.358 [info] fatal: not a git repository (or any parent up to mount point /)
Stopping at filesystem boundary (GIT_DISCOVERY_ACROSS_FILESYSTEM not set).
2022-12-22 17:14:42.320 [info] > git rev-parse --show-toplevel [7ms]
2022-12-22 17:14:42.320 [info] fatal: not a git repository (or any parent up to mount point /)
Stopping at filesystem boundary (GIT_DISCOVERY_ACROSS_FILESYSTEM not set).
2022-12-22 17:14:46.529 [info] > git rev-parse --show-toplevel [7ms]
2022-12-22 17:14:46.529 [info] fatal: not a git repository (or any parent up to mount point /)
Stopping at filesystem boundary (GIT_DISCOVERY_ACROSS_FILESYSTEM not set).
2022-12-22 17:14:57.385 [info] > git rev-parse --show-toplevel [4ms]
2022-12-22 17:14:57.385 [info] fatal: not a git repository (or any parent up to mount point /)
Stopping at filesystem boundary (GIT_DISCOVERY_ACROSS_FILESYSTEM not set).
2022-12-22 17:16:12.209 [info] Log level: Info
2022-12-22 17:16:12.209 [info] Validating found git in: "git"
2022-12-22 17:16:12.209 [info] Using git "2.39.0" from "git"
2022-12-22 17:16:12.211 [info] > git rev-parse --show-toplevel [4ms]
2022-12-22 17:16:12.211 [info] fatal: not a git repository (or any parent up to mount point /)
Stopping at filesystem boundary (GIT_DISCOVERY_ACROSS_FILESYSTEM not set).
2022-12-22 17:16:12.242 [info] > git rev-parse --show-toplevel [24ms]
2022-12-22 17:16:12.242 [info] fatal: not a git repository (or any parent up to mount point /)
Stopping at filesystem boundary (GIT_DISCOVERY_ACROSS_FILESYSTEM not set).
2022-12-22 17:16:15.187 [info] > git rev-parse --show-toplevel [50ms]
2022-12-22 17:16:15.187 [info] fatal: not a git repository (or any parent up to mount point /)
Stopping at filesystem boundary (GIT_DISCOVERY_ACROSS_FILESYSTEM not set).
2022-12-22 17:16:22.055 [info] > git rev-parse --show-toplevel [8ms]
2022-12-22 17:16:22.055 [info] fatal: not a git repository (or any parent up to mount point /)
Stopping at filesystem boundary (GIT_DISCOVERY_ACROSS_FILESYSTEM not set).
2022-12-22 17:16:37.901 [info] > git rev-parse --show-toplevel [7ms]
2022-12-22 17:16:37.901 [info] fatal: not a git repository (or any parent up to mount point /)
Stopping at filesystem boundary (GIT_DISCOVERY_ACROSS_FILESYSTEM not set).
2022-12-22 17:17:18.033 [info] > git rev-parse --show-toplevel [5ms]
2022-12-22 17:17:18.033 [info] fatal: not a git repository (or any parent up to mount point /)
Stopping at filesystem boundary (GIT_DISCOVERY_ACROSS_FILESYSTEM not set).
2022-12-22 17:17:31.246 [info] > git rev-parse --show-toplevel [8ms]
2022-12-22 17:17:31.246 [info] fatal: not a git repository (or any parent up to mount point /)
Stopping at filesystem boundary (GIT_DISCOVERY_ACROSS_FILESYSTEM not set).
2022-12-22 17:18:18.687 [info] > git rev-parse --show-toplevel [4ms]
2022-12-22 17:18:18.687 [info] fatal: not a git repository (or any parent up to mount point /)
Stopping at filesystem boundary (GIT_DISCOVERY_ACROSS_FILESYSTEM not set).
2022-12-22 17:18:49.323 [info] > git rev-parse --show-toplevel [3ms]
2022-12-22 17:18:49.323 [info] fatal: not a git repository (or any parent up to mount point /)
Stopping at filesystem boundary (GIT_DISCOVERY_ACROSS_FILESYSTEM not set).
2022-12-22 17:18:52.025 [info] > git rev-parse --show-toplevel [5ms]
2022-12-22 17:18:52.025 [info] fatal: not a git repository (or any parent up to mount point /)
Stopping at filesystem boundary (GIT_DISCOVERY_ACROSS_FILESYSTEM not set).
2022-12-22 17:18:53.300 [info] > git rev-parse --show-toplevel [10ms]
2022-12-22 17:18:53.300 [info] fatal: not a git repository (or any parent up to mount point /)
Stopping at filesystem boundary (GIT_DISCOVERY_ACROSS_FILESYSTEM not set).
2022-12-22 17:18:55.661 [info] > git rev-parse --show-toplevel [4ms]
2022-12-22 17:18:55.661 [info] fatal: not a git repository (or any parent up to mount point /)
Stopping at filesystem boundary (GIT_DISCOVERY_ACROSS_FILESYSTEM not set).
2022-12-22 17:18:56.405 [info] > git rev-parse --show-toplevel [9ms]
2022-12-22 17:18:56.405 [info] fatal: not a git repository (or any parent up to mount point /)
Stopping at filesystem boundary (GIT_DISCOVERY_ACROSS_FILESYSTEM not set).
2022-12-22 17:19:15.412 [info] > git rev-parse --show-toplevel [4ms]
2022-12-22 17:19:15.412 [info] fatal: not a git repository (or any parent up to mount point /)
Stopping at filesystem boundary (GIT_DISCOVERY_ACROSS_FILESYSTEM not set).
2022-12-22 17:19:25.670 [info] > git rev-parse --show-toplevel [7ms]
2022-12-22 17:19:25.670 [info] fatal: not a git repository (or any parent up to mount point /)
Stopping at filesystem boundary (GIT_DISCOVERY_ACROSS_FILESYSTEM not set).
2022-12-22 17:19:28.026 [info] > git rev-parse --show-toplevel [6ms]
2022-12-22 17:19:28.026 [info] fatal: not a git repository (or any parent up to mount point /)
Stopping at filesystem boundary (GIT_DISCOVERY_ACROSS_FILESYSTEM not set).
2022-12-22 17:20:20.900 [info] Log level: Info
2022-12-22 17:20:20.900 [info] Validating found git in: "git"
2022-12-22 17:20:20.900 [info] Using git "2.39.0" from "git"
2022-12-22 17:20:20.903 [info] > git rev-parse --show-toplevel [10ms]
2022-12-22 17:20:20.903 [info] fatal: not a git repository (or any parent up to mount point /)
Stopping at filesystem boundary (GIT_DISCOVERY_ACROSS_FILESYSTEM not set).
2022-12-22 17:20:20.927 [info] > git rev-parse --show-toplevel [16ms]
2022-12-22 17:20:20.927 [info] fatal: not a git repository (or any parent up to mount point /)
Stopping at filesystem boundary (GIT_DISCOVERY_ACROSS_FILESYSTEM not set).
2022-12-22 17:20:40.920 [info] > git rev-parse --show-toplevel [11ms]
2022-12-22 17:20:40.920 [info] fatal: not a git repository (or any parent up to mount point /)
Stopping at filesystem boundary (GIT_DISCOVERY_ACROSS_FILESYSTEM not set).
2022-12-22 17:20:43.732 [info] > git rev-parse --show-toplevel [7ms]
2022-12-22 17:20:43.732 [info] fatal: not a git repository (or any parent up to mount point /)
Stopping at filesystem boundary (GIT_DISCOVERY_ACROSS_FILESYSTEM not set).
2022-12-22 17:20:46.880 [info] > git rev-parse --show-toplevel [6ms]
2022-12-22 17:20:46.880 [info] fatal: not a git repository (or any parent up to mount point /)
Stopping at filesystem boundary (GIT_DISCOVERY_ACROSS_FILESYSTEM not set).
2022-12-22 17:20:51.133 [info] > git rev-parse --show-toplevel [7ms]
2022-12-22 17:20:51.133 [info] fatal: not a git repository (or any parent up to mount point /)
Stopping at filesystem boundary (GIT_DISCOVERY_ACROSS_FILESYSTEM not set).
2022-12-22 17:20:51.714 [info] > git rev-parse --show-toplevel [6ms]
2022-12-22 17:20:51.714 [info] fatal: not a git repository (or any parent up to mount point /)
Stopping at filesystem boundary (GIT_DISCOVERY_ACROSS_FILESYSTEM not set).
2022-12-22 17:21:01.402 [info] > git rev-parse --show-toplevel [6ms]
2022-12-22 17:21:01.402 [info] fatal: not a git repository (or any parent up to mount point /)
Stopping at filesystem boundary (GIT_DISCOVERY_ACROSS_FILESYSTEM not set).
2022-12-22 17:21:14.915 [info] > git rev-parse --show-toplevel [5ms]
2022-12-22 17:21:14.915 [info] fatal: not a git repository (or any parent up to mount point /)
Stopping at filesystem boundary (GIT_DISCOVERY_ACROSS_FILESYSTEM not set).
2022-12-22 17:21:26.722 [info] > git rev-parse --show-toplevel [4ms]
2022-12-22 17:21:26.722 [info] fatal: not a git repository (or any parent up to mount point /)
Stopping at filesystem boundary (GIT_DISCOVERY_ACROSS_FILESYSTEM not set).
