2022-12-28 00:05:03.966 [info] Extension host with pid 106245 started
2022-12-28 00:05:03.966 [info] Skipping acquiring lock for /home/thesynthax/.config/Code - OSS/User/workspaceStorage/4c663d87a268772b8b725fe575b8e04b.
2022-12-28 00:05:04.028 [info] ExtensionService#_doActivateExtension vscode.typescript-language-features, startup: false, activationEvent: 'onLanguage:javascript'
2022-12-28 00:05:04.028 [info] ExtensionService#_doActivateExtension wix.vscode-import-cost, startup: false, activationEvent: 'onLanguage:javascript'
2022-12-28 00:05:04.028 [info] ExtensionService#_doActivateExtension vscode.git-base, startup: true, activationEvent: '*', root cause: vscode.git
2022-12-28 00:05:04.028 [info] ExtensionService#_doActivateExtension donjayamanne.githistory, startup: true, activationEvent: '*'
2022-12-28 00:05:04.028 [info] ExtensionService#_doActivateExtension formulahendry.auto-close-tag, startup: true, activationEvent: '*'
2022-12-28 00:05:04.028 [info] ExtensionService#_doActivateExtension formulahendry.auto-rename-tag, startup: true, activationEvent: '*'
2022-12-28 00:05:04.029 [info] ExtensionService#_doActivateExtension johnpapa.vscode-peacock, startup: true, activationEvent: '*'
2022-12-28 00:05:04.029 [info] ExtensionService#_doActivateExtension oderwat.indent-rainbow, startup: true, activationEvent: '*'
2022-12-28 00:05:04.029 [info] ExtensionService#_doActivateExtension standard.vscode-standard, startup: true, activationEvent: '*'
2022-12-28 00:05:04.029 [info] ExtensionService#_doActivateExtension TabNine.tabnine-vscode, startup: true, activationEvent: '*'
2022-12-28 00:05:04.029 [info] ExtensionService#_doActivateExtension vscodevim.vim, startup: true, activationEvent: '*'
2022-12-28 00:05:04.029 [info] ExtensionService#_doActivateExtension wayou.vscode-todo-highlight, startup: true, activationEvent: '*'
2022-12-28 00:05:04.029 [info] ExtensionService#_doActivateExtension vscode.npm, startup: true, activationEvent: 'workspaceContains:package.json'
2022-12-28 00:05:07.873 [info] ExtensionService#_doActivateExtension vscode.configuration-editing, startup: false, activationEvent: 'onLanguage:jsonc'
2022-12-28 00:05:07.873 [info] ExtensionService#_doActivateExtension vscode.json-language-features, startup: false, activationEvent: 'onLanguage:jsonc'
2022-12-28 00:05:07.873 [info] ExtensionService#_doActivateExtension dbaeumer.vscode-eslint, startup: false, activationEvent: 'onLanguage:jsonc'
2022-12-28 00:05:07.873 [info] ExtensionService#_doActivateExtension vscode.git, startup: true, activationEvent: '*'
2022-12-28 00:05:07.874 [info] ExtensionService#_doActivateExtension vscode.github, startup: true, activationEvent: '*'
2022-12-28 00:05:09.115 [info] ExtensionService#_doActivateExtension formulahendry.code-runner, startup: false, activationEvent: 'onLanguage:code-runner-output'
2022-12-28 00:05:16.610 [info] Extension host terminating: renderer closed the socket
2022-12-28 00:05:16.619 [warning] ExtHostTextEditorOptions 'setCursorStyle' failed:'
2022-12-28 00:05:16.619 [warning] {"name":"Canceled"}
2022-12-28 00:05:16.619 [warning] {"name":"Canceled"}
2022-12-28 00:05:16.620 [error] ProxyResolver#resolveProxy undefined Canceled: Canceled
    at Object.R [as canceled] (/usr/lib/code/out/vs/workbench/api/node/extensionHostProcess.js:7:1054)
    at /usr/lib/code/out/vs/workbench/api/node/extensionHostProcess.js:104:7869
    at Array.forEach (<anonymous>)
    at u.dispose (/usr/lib/code/out/vs/workbench/api/node/extensionHostProcess.js:104:7834)
    at d.terminate (/usr/lib/code/out/vs/workbench/api/node/extensionHostProcess.js:106:9540)
    at f.terminate (/usr/lib/code/out/vs/workbench/api/node/extensionHostProcess.js:110:1397)
    at b (/usr/lib/code/out/vs/workbench/api/node/extensionHostProcess.js:120:17815)
    at Socket.<anonymous> (/usr/lib/code/out/vs/workbench/api/node/extensionHostProcess.js:120:15524)
    at Socket.emit (node:events:538:35)
    at Pipe.<anonymous> (node:net:687:12) 
2022-12-28 00:05:16.632 [error] Error: Client is not running and can't be stopped. It's current state is: starting
    at w.shutdown (/home/thesynthax/.vscode-oss/extensions/dbaeumer.vscode-eslint-2.2.6/client/out/extension.js:1:107652)
    at w.stop (/home/thesynthax/.vscode-oss/extensions/dbaeumer.vscode-eslint-2.2.6/client/out/extension.js:1:107233)
    at w.stop (/home/thesynthax/.vscode-oss/extensions/dbaeumer.vscode-eslint-2.2.6/client/out/extension.js:1:266308)
    at Object.e.deactivate (/home/thesynthax/.vscode-oss/extensions/dbaeumer.vscode-eslint-2.2.6/client/out/extension.js:1:377599)
    at d.X (/usr/lib/code/out/vs/workbench/api/node/extensionHostProcess.js:106:11333)
    at /usr/lib/code/out/vs/workbench/api/node/extensionHostProcess.js:106:9301
    at Array.map (<anonymous>)
    at d.Q (/usr/lib/code/out/vs/workbench/api/node/extensionHostProcess.js:106:9288)
    at d.terminate (/usr/lib/code/out/vs/workbench/api/node/extensionHostProcess.js:106:9563)
    at f.terminate (/usr/lib/code/out/vs/workbench/api/node/extensionHostProcess.js:110:1397)
    at b (/usr/lib/code/out/vs/workbench/api/node/extensionHostProcess.js:120:17815)
    at Socket.<anonymous> (/usr/lib/code/out/vs/workbench/api/node/extensionHostProcess.js:120:15524)
    at Socket.emit (node:events:538:35)
    at Pipe.<anonymous> (node:net:687:12)
2022-12-28 00:05:16.639 [info] Eager extensions activated
2022-12-28 00:05:16.647 [error] ProxyResolver#resolveProxy undefined Canceled: Canceled
    at new k (/usr/lib/code/out/vs/workbench/api/node/extensionHostProcess.js:94:87831)
    at u.O (/usr/lib/code/out/vs/workbench/api/node/extensionHostProcess.js:104:11245)
    at Proxy.G.<computed>.O.charCodeAt.G.<computed> (/usr/lib/code/out/vs/workbench/api/node/extensionHostProcess.js:104:8535)
    at U.resolveProxy (/usr/lib/code/out/vs/workbench/api/node/extensionHostProcess.js:105:20116)
    at Object.resolveProxy (/usr/lib/code/out/vs/workbench/api/node/extensionHostProcess.js:115:59336)
    at useProxySettings (/usr/lib/code/node_modules.asar/vscode-proxy-agent/out/index.js:159:16)
    at /usr/lib/code/node_modules.asar/vscode-proxy-agent/out/index.js:107:13
    at /usr/lib/code/node_modules.asar/vscode-proxy-agent/out/index.js:336:13
    at processTicksAndRejections (node:internal/process/task_queues:96:5) 
2022-12-28 00:05:17.633 [error] Canceled (FileSystemError): Canceled
    at Function.c (/usr/lib/code/out/vs/workbench/api/node/extensionHostProcess.js:96:26282)
    at Object.createDirectory (/usr/lib/code/out/vs/workbench/api/node/extensionHostProcess.js:96:24680)
    at processTicksAndRejections (node:internal/process/task_queues:96:5)
    at /usr/lib/code/out/vs/workbench/api/node/extensionHostProcess.js:105:2339
    at m.o (/usr/lib/code/out/vs/workbench/api/node/extensionHostProcess.js:105:1962)
2022-12-28 00:05:17.633 [error] Canceled (FileSystemError): Canceled
    at Function.c (/usr/lib/code/out/vs/workbench/api/node/extensionHostProcess.js:96:26282)
    at Object.createDirectory (/usr/lib/code/out/vs/workbench/api/node/extensionHostProcess.js:96:24680)
    at processTicksAndRejections (node:internal/process/task_queues:96:5)
    at /usr/lib/code/out/vs/workbench/api/node/extensionHostProcess.js:105:2339
    at m.o (/usr/lib/code/out/vs/workbench/api/node/extensionHostProcess.js:105:1962)
2022-12-28 00:05:17.633 [error] Canceled (FileSystemError): Canceled
    at Function.c (/usr/lib/code/out/vs/workbench/api/node/extensionHostProcess.js:96:26282)
    at Object.createDirectory (/usr/lib/code/out/vs/workbench/api/node/extensionHostProcess.js:96:24680)
    at processTicksAndRejections (node:internal/process/task_queues:96:5)
    at /usr/lib/code/out/vs/workbench/api/node/extensionHostProcess.js:105:2339
    at m.o (/usr/lib/code/out/vs/workbench/api/node/extensionHostProcess.js:105:1962)
2022-12-28 00:05:17.633 [error] Canceled (FileSystemError): Canceled
    at Function.c (/usr/lib/code/out/vs/workbench/api/node/extensionHostProcess.js:96:26282)
    at Object.createDirectory (/usr/lib/code/out/vs/workbench/api/node/extensionHostProcess.js:96:24680)
    at processTicksAndRejections (node:internal/process/task_queues:96:5)
    at /usr/lib/code/out/vs/workbench/api/node/extensionHostProcess.js:105:2339
    at m.o (/usr/lib/code/out/vs/workbench/api/node/extensionHostProcess.js:105:1962)
2022-12-28 00:05:17.634 [error] Canceled (FileSystemError): Canceled
    at Function.c (/usr/lib/code/out/vs/workbench/api/node/extensionHostProcess.js:96:26282)
    at Object.createDirectory (/usr/lib/code/out/vs/workbench/api/node/extensionHostProcess.js:96:24680)
    at processTicksAndRejections (node:internal/process/task_queues:96:5)
    at /usr/lib/code/out/vs/workbench/api/node/extensionHostProcess.js:105:2339
    at m.o (/usr/lib/code/out/vs/workbench/api/node/extensionHostProcess.js:105:1962)
2022-12-28 00:05:17.634 [error] Canceled (FileSystemError): Canceled
    at Function.c (/usr/lib/code/out/vs/workbench/api/node/extensionHostProcess.js:96:26282)
    at Object.createDirectory (/usr/lib/code/out/vs/workbench/api/node/extensionHostProcess.js:96:24680)
    at processTicksAndRejections (node:internal/process/task_queues:96:5)
    at /usr/lib/code/out/vs/workbench/api/node/extensionHostProcess.js:105:2339
    at m.o (/usr/lib/code/out/vs/workbench/api/node/extensionHostProcess.js:105:1962)
2022-12-28 00:05:17.634 [error] Canceled (FileSystemError): Canceled
    at Function.c (/usr/lib/code/out/vs/workbench/api/node/extensionHostProcess.js:96:26282)
    at Object.createDirectory (/usr/lib/code/out/vs/workbench/api/node/extensionHostProcess.js:96:24680)
    at processTicksAndRejections (node:internal/process/task_queues:96:5)
    at /usr/lib/code/out/vs/workbench/api/node/extensionHostProcess.js:105:2339
    at m.o (/usr/lib/code/out/vs/workbench/api/node/extensionHostProcess.js:105:1962)
2022-12-28 00:05:17.634 [error] Canceled (FileSystemError): Canceled
    at Function.c (/usr/lib/code/out/vs/workbench/api/node/extensionHostProcess.js:96:26282)
    at Object.createDirectory (/usr/lib/code/out/vs/workbench/api/node/extensionHostProcess.js:96:24680)
    at processTicksAndRejections (node:internal/process/task_queues:96:5)
    at /usr/lib/code/out/vs/workbench/api/node/extensionHostProcess.js:105:2339
    at m.o (/usr/lib/code/out/vs/workbench/api/node/extensionHostProcess.js:105:1962)
2022-12-28 00:05:17.634 [error] Canceled (FileSystemError): Canceled
    at Function.c (/usr/lib/code/out/vs/workbench/api/node/extensionHostProcess.js:96:26282)
    at Object.createDirectory (/usr/lib/code/out/vs/workbench/api/node/extensionHostProcess.js:96:24680)
    at processTicksAndRejections (node:internal/process/task_queues:96:5)
    at /usr/lib/code/out/vs/workbench/api/node/extensionHostProcess.js:105:2339
    at m.o (/usr/lib/code/out/vs/workbench/api/node/extensionHostProcess.js:105:1962)
2022-12-28 00:05:17.634 [error] Canceled (FileSystemError): Canceled
    at Function.c (/usr/lib/code/out/vs/workbench/api/node/extensionHostProcess.js:96:26282)
    at Object.createDirectory (/usr/lib/code/out/vs/workbench/api/node/extensionHostProcess.js:96:24680)
    at processTicksAndRejections (node:internal/process/task_queues:96:5)
    at /usr/lib/code/out/vs/workbench/api/node/extensionHostProcess.js:105:2339
    at m.o (/usr/lib/code/out/vs/workbench/api/node/extensionHostProcess.js:105:1962)
2022-12-28 00:05:17.634 [error] Canceled (FileSystemError): Canceled
    at Function.c (/usr/lib/code/out/vs/workbench/api/node/extensionHostProcess.js:96:26282)
    at Object.createDirectory (/usr/lib/code/out/vs/workbench/api/node/extensionHostProcess.js:96:24680)
    at processTicksAndRejections (node:internal/process/task_queues:96:5)
    at /usr/lib/code/out/vs/workbench/api/node/extensionHostProcess.js:105:2339
    at m.o (/usr/lib/code/out/vs/workbench/api/node/extensionHostProcess.js:105:1962)
2022-12-28 00:05:17.647 [error] Error: Channel has been closed
    at u (/usr/lib/code/out/vs/workbench/api/node/extensionHostProcess.js:105:2944)
    at Object.trace (/usr/lib/code/out/vs/workbench/api/node/extensionHostProcess.js:105:3166)
    at /usr/lib/code/extensions/git/dist/main.js:2:2052990
    at async Promise.all (index 0)
    at h.G (/usr/lib/code/extensions/git/dist/main.js:2:2052502)
    at async Promise.all (index 2)
2022-12-28 00:05:18.500 [info] Extension host with pid 106245 exiting with code 0
2022-12-28 00:05:18.723 [info] Extension host with pid 106901 started
2022-12-28 00:05:18.724 [info] Skipping acquiring lock for /home/thesynthax/.config/Code - OSS/User/workspaceStorage/c508c51b1a1c431ceb02a69c65fbac5e.
2022-12-28 00:05:18.765 [info] ExtensionService#_doActivateExtension vscode.git-base, startup: true, activationEvent: '*', root cause: vscode.git
2022-12-28 00:05:18.765 [info] ExtensionService#_doActivateExtension donjayamanne.githistory, startup: true, activationEvent: '*'
2022-12-28 00:05:18.766 [info] ExtensionService#_doActivateExtension formulahendry.auto-close-tag, startup: true, activationEvent: '*'
2022-12-28 00:05:18.766 [info] ExtensionService#_doActivateExtension formulahendry.auto-rename-tag, startup: true, activationEvent: '*'
2022-12-28 00:05:18.766 [info] ExtensionService#_doActivateExtension johnpapa.vscode-peacock, startup: true, activationEvent: '*'
2022-12-28 00:05:18.766 [info] ExtensionService#_doActivateExtension oderwat.indent-rainbow, startup: true, activationEvent: '*'
2022-12-28 00:05:18.766 [info] ExtensionService#_doActivateExtension standard.vscode-standard, startup: true, activationEvent: '*'
2022-12-28 00:05:18.766 [info] ExtensionService#_doActivateExtension TabNine.tabnine-vscode, startup: true, activationEvent: '*'
2022-12-28 00:05:18.766 [info] ExtensionService#_doActivateExtension vscodevim.vim, startup: true, activationEvent: '*'
2022-12-28 00:05:18.767 [info] ExtensionService#_doActivateExtension wayou.vscode-todo-highlight, startup: true, activationEvent: '*'
2022-12-28 00:05:18.767 [info] ExtensionService#_doActivateExtension vscode.npm, startup: true, activationEvent: 'workspaceContains:package.json'
2022-12-28 00:05:18.963 [info] ExtensionService#_doActivateExtension vscode.configuration-editing, startup: false, activationEvent: 'onLanguage:jsonc'
2022-12-28 00:05:18.963 [info] ExtensionService#_doActivateExtension vscode.json-language-features, startup: false, activationEvent: 'onLanguage:jsonc'
2022-12-28 00:05:18.963 [info] ExtensionService#_doActivateExtension vscode.typescript-language-features, startup: false, activationEvent: 'onLanguage:jsonc'
2022-12-28 00:05:18.964 [info] ExtensionService#_doActivateExtension dbaeumer.vscode-eslint, startup: false, activationEvent: 'onLanguage:jsonc'
2022-12-28 00:05:18.964 [info] ExtensionService#_doActivateExtension vscode.git, startup: true, activationEvent: '*'
2022-12-28 00:05:18.964 [info] ExtensionService#_doActivateExtension vscode.github, startup: true, activationEvent: '*'
2022-12-28 00:05:19.044 [info] ExtensionService#_doActivateExtension formulahendry.code-runner, startup: false, activationEvent: 'onLanguage:code-runner-output'
2022-12-28 00:05:19.123 [info] Eager extensions activated
2022-12-28 00:05:19.126 [info] ExtensionService#_doActivateExtension vscode.debug-auto-launch, startup: false, activationEvent: 'onStartupFinished'
2022-12-28 00:05:19.126 [info] ExtensionService#_doActivateExtension vscode.emmet, startup: false, activationEvent: 'onStartupFinished'
2022-12-28 00:05:19.127 [info] ExtensionService#_doActivateExtension vscode.merge-conflict, startup: false, activationEvent: 'onStartupFinished'
2022-12-28 00:05:19.127 [info] ExtensionService#_doActivateExtension aaron-bond.better-comments, startup: false, activationEvent: 'onStartupFinished'
2022-12-28 00:05:19.127 [info] ExtensionService#_doActivateExtension Equinusocio.vsc-material-theme, startup: false, activationEvent: 'onStartupFinished'
2022-12-28 00:05:19.127 [info] ExtensionService#_doActivateExtension equinusocio.vsc-material-theme-icons, startup: false, activationEvent: 'onStartupFinished'
2022-12-28 00:05:19.127 [info] ExtensionService#_doActivateExtension esbenp.prettier-vscode, startup: false, activationEvent: 'onStartupFinished'
2022-12-28 00:05:19.127 [info] ExtensionService#_doActivateExtension ritwickdey.LiveServer, startup: false, activationEvent: 'onStartupFinished'
2022-12-28 00:05:19.127 [info] ExtensionService#_doActivateExtension usernamehw.errorlens, startup: false, activationEvent: 'onStartupFinished'
2022-12-28 00:05:19.127 [info] ExtensionService#_doActivateExtension vadimcn.vscode-lldb, startup: false, activationEvent: 'onStartupFinished'
2022-12-28 00:05:19.127 [info] ExtensionService#_doActivateExtension vscode-icons-team.vscode-icons, startup: false, activationEvent: 'onStartupFinished'
2022-12-28 00:05:19.127 [info] ExtensionService#_doActivateExtension zhuangtongfa.material-theme, startup: false, activationEvent: 'onStartupFinished'
2022-12-28 00:05:23.485 [info] ExtensionService#_doActivateExtension wix.vscode-import-cost, startup: false, activationEvent: 'onLanguage:typescript'
2022-12-28 00:12:44.148 [info] ExtensionService#_doActivateExtension vscode.extension-editing, startup: false, activationEvent: 'onLanguage:json'
2022-12-28 00:13:55.400 [info] Extension host terminating: received terminate message from renderer
2022-12-28 00:13:55.782 [error] TypeError: Converting circular structure to JSON
    --> starting at object with constructor 't'
    |     property '_readableState' -> object with constructor 'M'
    |     property 'pipes' -> object with constructor 'Array'
    |     index 0 -> object with constructor 't.ConsoleForElectron'
    --- property 'parent' closes the circle
    at JSON.stringify (<anonymous>)
    at /home/thesynthax/.vscode-oss/extensions/vscodevim.vim-1.24.3-universal/src/register/register.ts:333:16
    at process.async (node:internal/process/task_queues:96:5)
    at Object.e.deactivate (/home/thesynthax/.vscode-oss/extensions/vscodevim.vim-1.24.3-universal/extension.ts:64:8)
    at async Promise.all (index 28)
    at d.Q (/usr/lib/code/out/vs/workbench/api/node/extensionHostProcess.js:106:9315)
2022-12-28 00:13:56.419 [info] Extension host with pid 106901 exiting with code 0
