[Running] node "/home/thesynthax/test/test.js"
node:internal/fs/utils:347
    throw err;
    ^

Error: ENXIO: no such device or address, open '/dev/tty'
    at Object.openSync (node:fs:584:3)
    at prompt (/home/thesynthax/node_modules/prompt-sync/index.js:67:10)
    at Object.<anonymous> (/home/thesynthax/test/test.js:3:9)
    at Module._compile (node:internal/modules/cjs/loader:1218:14)
    at Module._extensions..js (node:internal/modules/cjs/loader:1272:10)
    at Module.load (node:internal/modules/cjs/loader:1081:32)
    at Module._load (node:internal/modules/cjs/loader:922:12)
    at Function.executeUserEntryPoint [as runMain] (node:internal/modules/run_main:82:12)
    at node:internal/main/run_main_module:23:47 {
  errno: -6,
  syscall: 'open',
  code: 'ENXIO',
  path: '/dev/tty'
}

Node.js v19.3.0

[Done] exited with code=1 in 0.094 seconds

[Running] node "/home/thesynthax/test/test.js"
/home/thesynthax/test/test.js:4
let x = readLine("hello: ");
        ^

TypeError: readLine is not a function
    at Object.<anonymous> (/home/thesynthax/test/test.js:4:9)
    at Module._compile (node:internal/modules/cjs/loader:1218:14)
    at Module._extensions..js (node:internal/modules/cjs/loader:1272:10)
    at Module.load (node:internal/modules/cjs/loader:1081:32)
    at Module._load (node:internal/modules/cjs/loader:922:12)
    at Function.executeUserEntryPoint [as runMain] (node:internal/modules/run_main:82:12)
    at node:internal/main/run_main_module:23:47

Node.js v19.3.0

[Done] exited with code=1 in 0.17 seconds

[Running] node "/home/thesynthax/test/test.js"
/home/thesynthax/test/test.js:3
let x = readLine("hello: ");
        ^

TypeError: readLine is not a function
    at Object.<anonymous> (/home/thesynthax/test/test.js:3:9)
    at Module._compile (node:internal/modules/cjs/loader:1218:14)
    at Module._extensions..js (node:internal/modules/cjs/loader:1272:10)
    at Module.load (node:internal/modules/cjs/loader:1081:32)
    at Module._load (node:internal/modules/cjs/loader:922:12)
    at Function.executeUserEntryPoint [as runMain] (node:internal/modules/run_main:82:12)
    at node:internal/main/run_main_module:23:47

Node.js v19.3.0

[Done] exited with code=1 in 0.124 seconds

[Running] node "/home/thesynthax/test/test.js"
/home/thesynthax/test/test.js:3
let x = readline("hello: ");
        ^

TypeError: readline is not a function
    at Object.<anonymous> (/home/thesynthax/test/test.js:3:9)
    at Module._compile (node:internal/modules/cjs/loader:1218:14)
    at Module._extensions..js (node:internal/modules/cjs/loader:1272:10)
    at Module.load (node:internal/modules/cjs/loader:1081:32)
    at Module._load (node:internal/modules/cjs/loader:922:12)
    at Function.executeUserEntryPoint [as runMain] (node:internal/modules/run_main:82:12)
    at node:internal/main/run_main_module:23:47

Node.js v19.3.0

[Done] exited with code=1 in 0.126 seconds

[Running] node "/home/thesynthax/test/test.js"
/home/thesynthax/test/test.js:3
let x = readline("hello: ")
        ^

TypeError: readline is not a function
    at Object.<anonymous> (/home/thesynthax/test/test.js:3:9)
    at Module._compile (node:internal/modules/cjs/loader:1218:14)
    at Module._extensions..js (node:internal/modules/cjs/loader:1272:10)
    at Module.load (node:internal/modules/cjs/loader:1081:32)
    at Module._load (node:internal/modules/cjs/loader:922:12)
    at Function.executeUserEntryPoint [as runMain] (node:internal/modules/run_main:82:12)
    at node:internal/main/run_main_module:23:47

Node.js v19.3.0

[Done] exited with code=1 in 0.122 seconds

[Running] node "/home/thesynthax/test/test.js"
/home/thesynthax/test/test.js:3
let x = readline()
        ^

TypeError: readline is not a function
    at Object.<anonymous> (/home/thesynthax/test/test.js:3:9)
    at Module._compile (node:internal/modules/cjs/loader:1218:14)
    at Module._extensions..js (node:internal/modules/cjs/loader:1272:10)
    at Module.load (node:internal/modules/cjs/loader:1081:32)
    at Module._load (node:internal/modules/cjs/loader:922:12)
    at Function.executeUserEntryPoint [as runMain] (node:internal/modules/run_main:82:12)
    at node:internal/main/run_main_module:23:47

Node.js v19.3.0

[Done] exited with code=1 in 0.095 seconds

[Running] node "/home/thesynthax/test/test.js"
stty: when specifying an output style, modes may not be set
stty: invalid argument ‘-f’
Try 'stty --help' for more information.
/home/thesynthax/node_modules/readline-sync/lib/readline-sync.js:259
    if (res.error) { throw res.error; }
                     ^

Error: The current environment doesn't support interactive reading from TTY.
stty: when specifying an output style, modes may not be set
stty: invalid argument ‘-f’
Try 'stty --help' for more information.
    at readlineExt (/home/thesynthax/node_modules/readline-sync/lib/readline-sync.js:221:19)
    at tryExt (/home/thesynthax/node_modules/readline-sync/lib/readline-sync.js:258:15)
    at /home/thesynthax/node_modules/readline-sync/lib/readline-sync.js:363:15
    at _readlineSync (/home/thesynthax/node_modules/readline-sync/lib/readline-sync.js:433:5)
    at getValidLine (/home/thesynthax/node_modules/readline-sync/lib/readline-sync.js:775:11)
    at exports.question (/home/thesynthax/node_modules/readline-sync/lib/readline-sync.js:857:10)
    at Object.<anonymous> (/home/thesynthax/test/test.js:3:18)
    at Module._compile (node:internal/modules/cjs/loader:1218:14)
    at Module._extensions..js (node:internal/modules/cjs/loader:1272:10)
    at Module.load (node:internal/modules/cjs/loader:1081:32) {
  method: 'execFileSync',
  program: '/bin/sh',
  args: [
    '/home/thesynthax/node_modules/readline-sync/lib/read.sh',
    '--mask',
    '#42;'
  ],
  extMessage: 'stty: when specifying an output style, modes may not be set\n' +
    'stty: invalid argument ‘-f’\n' +
    "Try 'stty --help' for more information.",
  exitCode: 1,
  code: undefined,
  signal: null
}

Node.js v19.3.0

[Done] exited with code=1 in 0.169 seconds

[Running] node "/home/thesynthax/test/test.js"
stty: when specifying an output style, modes may not be set
stty: invalid argument ‘-f’
Try 'stty --help' for more information.
/home/thesynthax/node_modules/readline-sync/lib/readline-sync.js:259
    if (res.error) { throw res.error; }
                     ^

Error: The current environment doesn't support interactive reading from TTY.
stty: when specifying an output style, modes may not be set
stty: invalid argument ‘-f’
Try 'stty --help' for more information.
    at readlineExt (/home/thesynthax/node_modules/readline-sync/lib/readline-sync.js:221:19)
    at tryExt (/home/thesynthax/node_modules/readline-sync/lib/readline-sync.js:258:15)
    at /home/thesynthax/node_modules/readline-sync/lib/readline-sync.js:363:15
    at _readlineSync (/home/thesynthax/node_modules/readline-sync/lib/readline-sync.js:433:5)
    at getValidLine (/home/thesynthax/node_modules/readline-sync/lib/readline-sync.js:775:11)
    at exports.question (/home/thesynthax/node_modules/readline-sync/lib/readline-sync.js:857:10)
    at Object.<anonymous> (/home/thesynthax/test/test.js:3:18)
    at Module._compile (node:internal/modules/cjs/loader:1218:14)
    at Module._extensions..js (node:internal/modules/cjs/loader:1272:10)
    at Module.load (node:internal/modules/cjs/loader:1081:32) {
  method: 'execFileSync',
  program: '/bin/sh',
  args: [
    '/home/thesynthax/node_modules/readline-sync/lib/read.sh',
    '--mask',
    '#42;'
  ],
  extMessage: 'stty: when specifying an output style, modes may not be set\n' +
    'stty: invalid argument ‘-f’\n' +
    "Try 'stty --help' for more information.",
  exitCode: 1,
  code: undefined,
  signal: null
}

Node.js v19.3.0

[Done] exited with code=1 in 0.166 seconds

