2022-12-20 17:30:00.657 [info] Added views:workbench.panel.markers.view in workbench.panel.markers
2022-12-20 17:30:00.657 [info] Added views:workbench.panel.output in workbench.panel.output
2022-12-20 17:30:00.657 [info] Added views:terminal in terminal
2022-12-20 17:30:00.657 [info] Added views:outline in workbench.view.explorer
2022-12-20 17:30:00.657 [info] Added views:workbench.scm in workbench.view.scm
2022-12-20 17:30:00.657 [info] Added views:workbench.view.search in workbench.view.search
2022-12-20 17:30:00.657 [info] Added views:timeline in workbench.view.explorer
2022-12-20 17:30:00.657 [info] Added views:workbench.explorer.fileView in workbench.view.explorer
2022-12-20 17:30:00.657 [info] Added views:workbench.debug.variablesView,workbench.debug.watchExpressionsView,workbench.debug.callStackView,workbench.debug.breakPointsView in workbench.view.debug
2022-12-20 17:30:02.916 [info] Added views:dockerContainers,dockerImages,dockerRegistries,dockerNetworks,dockerVolumes,vscode-docker.views.dockerContexts,vscode-docker.views.help in workbench.view.extension.dockerView
2022-12-20 17:30:03.320 [info] Added views:workbench.panel.repl.view in workbench.panel.repl
2022-12-20 17:30:03.321 [info] Removed views:workbench.debug.breakPointsView,workbench.debug.callStackView,workbench.debug.watchExpressionsView,workbench.debug.variablesView from workbench.view.debug
2022-12-20 17:30:03.322 [info] Added views:workbench.debug.welcome in workbench.view.debug
2022-12-20 17:30:03.632 [info] Added views:workbench.panel.comments in workbench.panel.comments
2022-12-20 17:30:06.667 [info] Added views:tabnine-home in workbench.view.extension.tabnine-access
2022-12-20 17:30:06.669 [info] Added views:tabnine-notifications in workbench.view.extension.tabnine-access
2022-12-20 17:30:06.670 [info] Added views:tabnine-today in workbench.view.extension.tabnine-access
2022-12-20 17:33:48.558 [info] Added views:workbench.panel.markers.view in workbench.panel.markers
2022-12-20 17:33:48.558 [info] Added views:workbench.panel.output in workbench.panel.output
2022-12-20 17:33:48.558 [info] Added views:terminal in terminal
2022-12-20 17:33:48.558 [info] Added views:outline in workbench.view.explorer
2022-12-20 17:33:48.558 [info] Added views:workbench.scm in workbench.view.scm
2022-12-20 17:33:48.558 [info] Added views:workbench.view.search in workbench.view.search
2022-12-20 17:33:48.558 [info] Added views:timeline in workbench.view.explorer
2022-12-20 17:33:48.558 [info] Added views:workbench.explorer.emptyView in workbench.view.explorer
2022-12-20 17:33:48.558 [info] Added views:workbench.debug.variablesView,workbench.debug.watchExpressionsView,workbench.debug.callStackView,workbench.debug.breakPointsView in workbench.view.debug
2022-12-20 17:33:49.028 [info] Added views:dockerContainers,dockerImages,dockerRegistries,dockerNetworks,dockerVolumes,vscode-docker.views.dockerContexts,vscode-docker.views.help in workbench.view.extension.dockerView
2022-12-20 17:33:49.486 [info] Added views:workbench.panel.repl.view in workbench.panel.repl
2022-12-20 17:33:49.486 [info] Removed views:workbench.debug.breakPointsView,workbench.debug.callStackView,workbench.debug.watchExpressionsView,workbench.debug.variablesView from workbench.view.debug
2022-12-20 17:33:49.487 [info] Added views:workbench.debug.welcome in workbench.view.debug
2022-12-20 17:33:49.749 [info] Added views:workbench.panel.comments in workbench.panel.comments
2022-12-20 17:33:52.134 [info] Added views:tabnine-home in workbench.view.extension.tabnine-access
2022-12-20 17:33:52.137 [info] Added views:tabnine-notifications in workbench.view.extension.tabnine-access
2022-12-20 17:33:52.140 [info] Added views:tabnine-today in workbench.view.extension.tabnine-access
2022-12-20 17:34:43.081 [info] Added views:workbench.views.extensions.installed,workbench.views.extensions.popular,extensions.recommendedList in workbench.view.extensions
2022-12-20 17:34:43.091 [info] Removed views:workbench.views.extensions.popular from workbench.view.extensions
2022-12-20 17:35:22.126 [info] Added views:workbench.panel.markers.view in workbench.panel.markers
2022-12-20 17:35:22.126 [info] Added views:workbench.panel.output in workbench.panel.output
2022-12-20 17:35:22.126 [info] Added views:terminal in terminal
2022-12-20 17:35:22.126 [info] Added views:outline in workbench.view.explorer
2022-12-20 17:35:22.126 [info] Added views:workbench.scm in workbench.view.scm
2022-12-20 17:35:22.126 [info] Added views:workbench.view.search in workbench.view.search
2022-12-20 17:35:22.126 [info] Added views:timeline in workbench.view.explorer
2022-12-20 17:35:22.126 [info] Added views:workbench.explorer.emptyView in workbench.view.explorer
2022-12-20 17:35:22.172 [info] Added views:workbench.debug.welcome in workbench.view.debug
2022-12-20 17:35:22.216 [info] Added views:workbench.views.extensions.installed,extensions.recommendedList in workbench.view.extensions
2022-12-20 17:35:23.523 [info] Added views:dockerContainers,dockerImages,dockerRegistries,dockerNetworks,dockerVolumes,vscode-docker.views.dockerContexts,vscode-docker.views.help in workbench.view.extension.dockerView
2022-12-20 17:35:24.153 [info] Added views:workbench.panel.repl.view in workbench.panel.repl
2022-12-20 17:35:24.796 [info] Added views:workbench.panel.comments in workbench.panel.comments
2022-12-20 17:35:26.089 [info] Added views:tabnine-home in workbench.view.extension.tabnine-access
2022-12-20 17:35:26.091 [info] Added views:tabnine-notifications in workbench.view.extension.tabnine-access
2022-12-20 17:35:26.093 [info] Added views:tabnine-today in workbench.view.extension.tabnine-access
2022-12-20 17:35:39.087 [info] Removed views:extensions.recommendedList,workbench.views.extensions.installed from workbench.view.extensions
2022-12-20 17:35:39.139 [info] Added views:workbench.views.extensions.marketplace in workbench.view.extensions
2022-12-20 17:36:30.349 [info] Removed views:workbench.views.extensions.marketplace from workbench.view.extensions
2022-12-20 17:36:30.377 [info] Added views:workbench.views.extensions.installed,extensions.recommendedList in workbench.view.extensions
2022-12-20 17:36:39.967 [info] Added views:workbench.panel.markers.view in workbench.panel.markers
2022-12-20 17:36:39.967 [info] Added views:workbench.panel.output in workbench.panel.output
2022-12-20 17:36:39.967 [info] Added views:terminal in terminal
2022-12-20 17:36:39.967 [info] Added views:outline in workbench.view.explorer
2022-12-20 17:36:39.967 [info] Added views:workbench.scm in workbench.view.scm
2022-12-20 17:36:39.967 [info] Added views:workbench.view.search in workbench.view.search
2022-12-20 17:36:39.967 [info] Added views:timeline in workbench.view.explorer
2022-12-20 17:36:39.967 [info] Added views:workbench.explorer.emptyView in workbench.view.explorer
2022-12-20 17:36:40.010 [info] Added views:workbench.debug.welcome in workbench.view.debug
2022-12-20 17:36:40.054 [info] Added views:workbench.views.extensions.installed,extensions.recommendedList in workbench.view.extensions
2022-12-20 17:36:41.682 [info] Added views:dockerContainers,dockerImages,dockerRegistries,dockerNetworks,dockerVolumes,vscode-docker.views.dockerContexts,vscode-docker.views.help in workbench.view.extension.dockerView
2022-12-20 17:36:42.123 [info] Added views:workbench.panel.repl.view in workbench.panel.repl
2022-12-20 17:36:42.815 [info] Added views:workbench.panel.comments in workbench.panel.comments
2022-12-20 17:36:47.535 [info] Added views:tabnine-home in workbench.view.extension.tabnine-access
2022-12-20 17:36:47.536 [info] Added views:tabnine-notifications in workbench.view.extension.tabnine-access
2022-12-20 17:36:47.537 [info] Added views:tabnine-today in workbench.view.extension.tabnine-access
