2024-02-18 15:19:24.668 [info] Reading sessions from keychain...
2024-02-18 15:19:24.668 [info] Getting sessions for all scopes...
2024-02-18 15:19:24.668 [info] Got 0 sessions for ...
2024-02-18 15:19:24.668 [info] Getting sessions for all scopes...
2024-02-18 15:19:24.668 [info] Got 0 sessions for ...
2024-02-18 15:19:24.668 [info] Getting sessions for read:user,repo,user:email,workflow...
2024-02-18 15:19:24.668 [info] Got 0 sessions for read:user,repo,user:email,workflow...
2024-02-18 15:19:37.989 [info] Getting sessions for all scopes...
2024-02-18 15:19:37.990 [info] Got 0 sessions for ...
2024-02-18 15:19:38.959 [info] Getting sessions for read:user,repo,user:email...
2024-02-18 15:19:38.959 [info] Got 0 sessions for read:user,repo,user:email...
2024-02-18 15:20:12.523 [info] Reading sessions from keychain...
2024-02-18 15:20:12.523 [info] Getting sessions for all scopes...
2024-02-18 15:20:12.523 [info] Got 0 sessions for ...
2024-02-18 15:20:12.523 [info] Getting sessions for read:user,repo,user:email,workflow...
2024-02-18 15:20:12.523 [info] Got 0 sessions for read:user,repo,user:email,workflow...
2024-02-18 15:20:12.523 [info] Getting sessions for all scopes...
2024-02-18 15:20:12.523 [info] Got 0 sessions for ...
2024-02-18 15:20:13.795 [info] Getting sessions for all scopes...
2024-02-18 15:20:13.795 [info] Got 0 sessions for ...
2024-02-18 15:20:14.050 [info] Getting sessions for read:user,repo,user:email...
2024-02-18 15:20:14.050 [info] Got 0 sessions for read:user,repo,user:email...
2024-02-18 15:20:29.715 [info] Getting sessions for all scopes...
2024-02-18 15:20:29.895 [info] Got 0 sessions for ...
2024-02-18 15:20:51.155 [info] Getting sessions for project,read:org,read:user,repo,user:email,workflow...
2024-02-18 15:20:51.662 [info] Got 0 sessions for project,read:org,read:user,repo,user:email,workflow...
2024-02-18 15:20:51.665 [info] Getting sessions for read:user,repo,user:email,workflow...
2024-02-18 15:20:52.038 [info] Got 0 sessions for read:user,repo,user:email,workflow...
2024-02-18 15:20:52.040 [info] Getting sessions for read:user,repo,user:email...
2024-02-18 15:20:52.040 [info] Got 0 sessions for read:user,repo,user:email...
2024-02-18 15:20:52.046 [info] Getting sessions for read:user,repo,user:email,workflow...
2024-02-18 15:20:52.046 [info] Got 0 sessions for read:user,repo,user:email,workflow...
