2024-11-09 12:19:18.631 [info] Extension host with pid 307010 started
2024-11-09 12:19:19.109 [info] ExtensionService#_doActivateExtension vscode.ipynb, startup: false, activationEvent: 'onNotebookSerializer:jupyter-notebook'
2024-11-09 12:19:19.165 [info] ExtensionService#_doActivateExtension vscode.git-base, startup: true, activationEvent: '*', root cause: vscode.git
2024-11-09 12:19:19.168 [info] ExtensionService#_doActivateExtension formulahendry.auto-close-tag, startup: true, activationEvent: '*'
2024-11-09 12:19:19.274 [info] ExtensionService#_doActivateExtension formulahendry.auto-rename-tag, startup: true, activationEvent: '*'
2024-11-09 12:19:19.465 [info] ExtensionService#_doActivateExtension johnpapa.vscode-peacock, startup: true, activationEvent: '*'
2024-11-09 12:19:19.659 [info] ExtensionService#_doActivateExtension minhthai.vscode-todo-parser, startup: true, activationEvent: '*'
2024-11-09 12:19:20.408 [info] ExtensionService#_doActivateExtension oderwat.indent-rainbow, startup: true, activationEvent: '*'
2024-11-09 12:19:20.465 [info] ExtensionService#_doActivateExtension standard.vscode-standard, startup: true, activationEvent: '*'
2024-11-09 12:19:22.388 [info] ExtensionService#_doActivateExtension wayou.vscode-todo-highlight, startup: true, activationEvent: '*'
2024-11-09 12:19:22.490 [info] ExtensionService#_doActivateExtension vscode.git, startup: true, activationEvent: '*'
2024-11-09 12:19:22.582 [info] ExtensionService#_doActivateExtension vscode.github, startup: true, activationEvent: '*'
2024-11-09 12:19:22.619 [info] ExtensionService#_doActivateExtension ms-toolsai.jupyter, startup: false, activationEvent: 'onNotebook:jupyter-notebook'
2024-11-09 12:19:22.620 [info] ExtensionService#_doActivateExtension ms-toolsai.vscode-jupyter-cell-tags, startup: false, activationEvent: 'onNotebook:jupyter-notebook'
2024-11-09 12:19:22.672 [info] ExtensionService#_doActivateExtension ms-toolsai.vscode-jupyter-slideshow, startup: false, activationEvent: 'onNotebook:jupyter-notebook'
2024-11-09 12:19:24.184 [info] Eager extensions activated
2024-11-09 12:19:24.186 [info] ExtensionService#_doActivateExtension ms-python.python, startup: false, activationEvent: 'api', root cause: ms-toolsai.jupyter
2024-11-09 12:19:24.752 [info] ExtensionService#_doActivateExtension ms-toolsai.jupyter-renderers, startup: false, activationEvent: 'api', root cause: ms-toolsai.jupyter
2024-11-09 12:19:24.762 [info] ExtensionService#_doActivateExtension vscode.debug-auto-launch, startup: false, activationEvent: 'onStartupFinished'
2024-11-09 12:19:24.764 [info] ExtensionService#_doActivateExtension vscode.merge-conflict, startup: false, activationEvent: 'onStartupFinished'
2024-11-09 12:19:24.791 [info] ExtensionService#_doActivateExtension aaron-bond.better-comments, startup: false, activationEvent: 'onStartupFinished'
2024-11-09 12:19:25.671 [info] ExtensionService#_doActivateExtension dbaeumer.vscode-eslint, startup: false, activationEvent: 'onStartupFinished'
2024-11-09 12:19:25.863 [info] ExtensionService#_doActivateExtension eamodio.gitlens, startup: false, activationEvent: 'onStartupFinished'
2024-11-09 12:19:26.136 [info] ExtensionService#_doActivateExtension EditorConfig.EditorConfig, startup: false, activationEvent: 'onStartupFinished'
2024-11-09 12:19:26.423 [info] ExtensionService#_doActivateExtension Equinusocio.vsc-material-theme, startup: false, activationEvent: 'onStartupFinished'
2024-11-09 12:19:26.525 [info] ExtensionService#_doActivateExtension equinusocio.vsc-material-theme-icons, startup: false, activationEvent: 'onStartupFinished'
2024-11-09 12:19:26.915 [info] ExtensionService#_doActivateExtension esbenp.prettier-vscode, startup: false, activationEvent: 'onStartupFinished'
2024-11-09 12:19:27.176 [info] ExtensionService#_doActivateExtension formulahendry.code-runner, startup: false, activationEvent: 'onStartupFinished'
2024-11-09 12:19:27.765 [info] ExtensionService#_doActivateExtension vscode.github-authentication, startup: false, activationEvent: 'onStartupFinished', root cause: GitHub.vscode-pull-request-github
2024-11-09 12:19:27.827 [info] ExtensionService#_doActivateExtension ms-dotnettools.vscode-dotnet-runtime, startup: false, activationEvent: 'onStartupFinished'
2024-11-09 12:19:27.978 [info] ExtensionService#_doActivateExtension ritwickdey.LiveServer, startup: false, activationEvent: 'onStartupFinished'
2024-11-09 12:19:28.157 [info] ExtensionService#_doActivateExtension TabNine.tabnine-vscode, startup: false, activationEvent: 'onStartupFinished'
2024-11-09 12:19:28.339 [info] ExtensionService#_doActivateExtension usernamehw.errorlens, startup: false, activationEvent: 'onStartupFinished'
2024-11-09 12:19:28.361 [info] ExtensionService#_doActivateExtension vadimcn.vscode-lldb, startup: false, activationEvent: 'onStartupFinished'
2024-11-09 12:19:28.622 [info] ExtensionService#_doActivateExtension vscode-icons-team.vscode-icons, startup: false, activationEvent: 'onStartupFinished'
2024-11-09 12:19:28.752 [info] ExtensionService#_doActivateExtension vscodevim.vim, startup: false, activationEvent: 'onStartupFinished'
2024-11-09 12:19:29.107 [info] ExtensionService#_doActivateExtension vsls-contrib.codetour, startup: false, activationEvent: 'onStartupFinished'
2024-11-09 12:19:29.151 [info] ExtensionService#_doActivateExtension zhuangtongfa.material-theme, startup: false, activationEvent: 'onStartupFinished'
2024-11-09 12:19:30.196 [info] ExtensionService#_doActivateExtension GitHub.vscode-pull-request-github, startup: false, activationEvent: 'onStartupFinished'
2024-11-09 12:19:30.995 [info] ExtensionService#_doActivateExtension vscode.configuration-editing, startup: false, activationEvent: 'onLanguage:jsonc'
2024-11-09 12:19:31.005 [info] ExtensionService#_doActivateExtension vscode.json-language-features, startup: false, activationEvent: 'onLanguage:jsonc'
2024-11-09 12:19:31.065 [info] ExtensionService#_doActivateExtension vscode.typescript-language-features, startup: false, activationEvent: 'onLanguage:jsonc'
2024-11-09 12:19:31.109 [info] ExtensionService#_doActivateExtension vscode.emmet, startup: false, activationEvent: 'onLanguage'
2024-11-09 12:19:31.541 [info] ExtensionService#_doActivateExtension ms-python.vscode-pylance, startup: false, activationEvent: 'api', root cause: ms-python.python
2024-11-09 12:19:34.373 [error] Activating extension GitHub.vscode-pull-request-github failed due to an error:
2024-11-09 12:19:34.373 [error] Error: Extension 'GitHub.vscode-pull-request-github' CANNOT use API proposal: diffCommand.
Its package.json#enabledApiProposals-property declares:  but NOT diffCommand.
 The missing proposal MUST be added and you must start in extension development mode or use the following command line switch: --enable-proposed-api GitHub.vscode-pull-request-github
    at R (file:///usr/lib/code/out/vs/workbench/api/node/extensionHostProcess.js:112:16578)
    at Object.registerDiffInformationCommand (file:///usr/lib/code/out/vs/workbench/api/node/extensionHostProcess.js:156:36958)
    at Rv (/home/thesynthax/.vscode-oss/extensions/github.vscode-pull-request-github-0.98.0/dist/extension.js:2122:2008)
    at Ry (/home/thesynthax/.vscode-oss/extensions/github.vscode-pull-request-github-0.98.0/dist/extension.js:2244:4394)
    at xy (/home/thesynthax/.vscode-oss/extensions/github.vscode-pull-request-github-0.98.0/dist/extension.js:2244:8394)
    at Cy (/home/thesynthax/.vscode-oss/extensions/github.vscode-pull-request-github-0.98.0/dist/extension.js:2244:5712)
    at B0.n (file:///usr/lib/code/out/vs/workbench/api/node/extensionHostProcess.js:114:4447)
    at B0.m (file:///usr/lib/code/out/vs/workbench/api/node/extensionHostProcess.js:114:4410)
    at B0.l (file:///usr/lib/code/out/vs/workbench/api/node/extensionHostProcess.js:114:3866)
2024-11-09 12:19:35.253 [error] Error: Extension 'ms-python.python' CANNOT use API proposal: testObserver.
Its package.json#enabledApiProposals-property declares:  but NOT testObserver.
 The missing proposal MUST be added and you must start in extension development mode or use the following command line switch: --enable-proposed-api ms-python.python
    at R (file:///usr/lib/code/out/vs/workbench/api/node/extensionHostProcess.js:112:16578)
    at Object.get testResults [as testResults] (file:///usr/lib/code/out/vs/workbench/api/node/extensionHostProcess.js:156:39418)
    at C.activate (/home/thesynthax/.vscode-oss/extensions/ms-python.python-2024.14.1-linux-x64/out/client/extension.js:2:938870)
    at /home/thesynthax/.vscode-oss/extensions/ms-python.python-2024.14.1-linux-x64/out/client/extension.js:2:2457
    at Array.map (<anonymous>)
    at v.activateWorkspace (/home/thesynthax/.vscode-oss/extensions/ms-python.python-2024.14.1-linux-x64/out/client/extension.js:2:2447)
2024-11-09 12:21:51.196 [info] ExtensionService#_doActivateExtension ms-python.debugpy, startup: false, activationEvent: 'onLanguage:python'
2024-11-09 12:21:52.726 [error] Activating extension ms-python.debugpy failed due to an error:
2024-11-09 12:21:52.726 [error] Error: Extension 'ms-python.debugpy' CANNOT use API proposal: portsAttributes.
Its package.json#enabledApiProposals-property declares:  but NOT portsAttributes.
 The missing proposal MUST be added and you must start in extension development mode or use the following command line switch: --enable-proposed-api ms-python.debugpy
    at R (file:///usr/lib/code/out/vs/workbench/api/node/extensionHostProcess.js:112:16578)
    at Object.registerPortAttributesProvider (file:///usr/lib/code/out/vs/workbench/api/node/extensionHostProcess.js:156:55601)
    at t.registerDebugger (/home/thesynthax/.vscode-oss/extensions/ms-python.debugpy-2024.10.0-linux-x64/dist/extension.js:2:910389)
    at e.activate (/home/thesynthax/.vscode-oss/extensions/ms-python.debugpy-2024.10.0-linux-x64/dist/extension.js:2:1159316)
    at Function.kb (file:///usr/lib/code/out/vs/workbench/api/node/extensionHostProcess.js:118:15214)
    at Function.jb (file:///usr/lib/code/out/vs/workbench/api/node/extensionHostProcess.js:118:14921)
    at file:///usr/lib/code/out/vs/workbench/api/node/extensionHostProcess.js:118:13079
    at B0.n (file:///usr/lib/code/out/vs/workbench/api/node/extensionHostProcess.js:114:4447)
    at B0.m (file:///usr/lib/code/out/vs/workbench/api/node/extensionHostProcess.js:114:4410)
    at B0.l (file:///usr/lib/code/out/vs/workbench/api/node/extensionHostProcess.js:114:3866)
