2023-01-10 19:04:32.106 [info] Starting worker process with pid 9601 (type: fileWatcher, window: 1).
2023-01-10 19:04:33.614 [info] Deleted from disk ms-vscode.vscode-typescript-next /home/thesynthax/.vscode-oss/extensions/ms-vscode.vscode-typescript-next-5.0.202212260
2023-01-10 19:04:37.902 [warning] No ptyHost heartbeat after 6 seconds
2023-01-10 19:05:58.747 [info] Getting Manifest... formulahendry.code-runner
2023-01-10 19:05:58.747 [info] Getting Manifest... llvm-vs-code-extensions.vscode-clangd
2023-01-10 19:05:58.747 [info] Getting Manifest... ms-vscode.cpptools
2023-01-10 19:05:58.748 [info] Getting Manifest... ms-vscode.js-debug-nightly
2023-01-10 19:05:58.749 [info] Getting Manifest... ms-vscode.vscode-typescript-next
2023-01-10 19:05:58.750 [info] Getting Manifest... tabnine.tabnine-vscode
2023-01-10 19:05:58.750 [info] Getting Manifest... vadimcn.vscode-lldb
2023-01-10 19:05:58.750 [info] Getting Manifest... vscodevim.vim
2023-01-10 19:05:58.751 [info] Getting Manifest... zhuangtongfa.material-theme
2023-01-10 19:06:02.574 [info] Installing extension: formulahendry.code-runner
2023-01-10 19:06:03.355 [info] Extension installed successfully: formulahendry.code-runner
2023-01-10 19:06:03.372 [info] Installing extension: vadimcn.vscode-lldb
2023-01-10 19:06:03.379 [info] Installing extension: vscodevim.vim
2023-01-10 19:06:03.384 [info] Installing extension: llvm-vs-code-extensions.vscode-clangd
2023-01-10 19:06:03.401 [info] Installing extension: zhuangtongfa.material-theme
2023-01-10 19:06:03.526 [info] Installing extension: ms-vscode.cpptools
2023-01-10 19:06:03.529 [info] Installing extension: ms-vscode.js-debug-nightly
2023-01-10 19:06:03.529 [info] Installing extension: ms-vscode.vscode-typescript-next
2023-01-10 19:06:03.569 [info] Installing extension: tabnine.tabnine-vscode
2023-01-10 19:06:04.840 [info] Extension installed successfully: vadimcn.vscode-lldb
2023-01-10 19:06:04.903 [info] Extension installed successfully: vscodevim.vim
2023-01-10 19:06:04.948 [info] Extension installed successfully: llvm-vs-code-extensions.vscode-clangd
2023-01-10 19:06:04.996 [info] Extension installed successfully: zhuangtongfa.material-theme
2023-01-10 19:06:14.064 [info] Extracted extension to /home/thesynthax/.vscode-oss/extensions/.da07291b-9c74-4d81-8419-ee7488dd4336: tabnine.tabnine-vscode
2023-01-10 19:06:14.105 [info] Renamed to /home/thesynthax/.vscode-oss/extensions/tabnine.tabnine-vscode-3.6.35
2023-01-10 19:06:14.107 [info] Extracting completed. tabnine.tabnine-vscode
2023-01-10 19:06:14.169 [info] Extension installed successfully: tabnine.tabnine-vscode
2023-01-10 19:06:14.211 [info] Marked extension as uninstalled tabnine.tabnine-vscode-3.6.31
2023-01-10 19:06:47.028 [info] Extracted extension to /home/thesynthax/.vscode-oss/extensions/.ac5c9f6e-71f5-4dad-88ac-dcac70a28a76: ms-vscode.js-debug-nightly
2023-01-10 19:06:47.135 [info] Renamed to /home/thesynthax/.vscode-oss/extensions/ms-vscode.js-debug-nightly-2023.1.917
2023-01-10 19:06:47.169 [info] Extracting completed. ms-vscode.js-debug-nightly
2023-01-10 19:06:47.290 [info] Extension installed successfully: ms-vscode.js-debug-nightly
2023-01-10 19:06:47.347 [info] Marked extension as uninstalled ms-vscode.js-debug-nightly-2022.12.1417
2023-01-10 19:10:02.087 [info] Extracted extension to /home/thesynthax/.vscode-oss/extensions/.dc1a33d7-d504-459a-8326-697b4a048260: ms-vscode.vscode-typescript-next
2023-01-10 19:10:02.139 [info] Renamed to /home/thesynthax/.vscode-oss/extensions/ms-vscode.vscode-typescript-next-5.0.202301090
2023-01-10 19:10:02.144 [info] Extracting completed. ms-vscode.vscode-typescript-next
2023-01-10 19:10:02.216 [info] Extension installed successfully: ms-vscode.vscode-typescript-next
2023-01-10 19:10:02.275 [info] Marked extension as uninstalled ms-vscode.vscode-typescript-next-5.0.202212280
2023-01-10 19:18:45.786 [info] Extracted extension to /home/thesynthax/.vscode-oss/extensions/.9268cdcc-9fbf-4a17-975d-9be64dcbbf33: ms-vscode.cpptools
2023-01-10 19:18:45.837 [info] Renamed to /home/thesynthax/.vscode-oss/extensions/ms-vscode.cpptools-1.13.9-linux-x64
2023-01-10 19:18:45.874 [info] Extracting completed. ms-vscode.cpptools
2023-01-10 19:18:47.371 [info] Extension installed successfully: ms-vscode.cpptools
2023-01-11 17:44:31.182 [warning] No ptyHost heartbeat after 6 seconds
