2022-12-20 12:39:23.994 [info] Added views:workbench.panel.markers.view in workbench.panel.markers
2022-12-20 12:39:24.053 [info] Added views:workbench.panel.output in workbench.panel.output
2022-12-20 12:39:24.053 [info] Added views:terminal in terminal
2022-12-20 12:39:24.054 [info] Added views:outline in workbench.view.explorer
2022-12-20 12:39:24.054 [info] Added views:workbench.scm in workbench.view.scm
2022-12-20 12:39:24.054 [info] Added views:workbench.view.search in workbench.view.search
2022-12-20 12:39:24.054 [info] Added views:timeline in workbench.view.explorer
2022-12-20 12:39:24.054 [info] Added views:workbench.explorer.fileView in workbench.view.explorer
2022-12-20 12:39:24.156 [info] Added views:workbench.debug.variablesView,workbench.debug.watchExpressionsView,workbench.debug.callStackView,workbench.debug.breakPointsView in workbench.view.debug
2022-12-20 12:39:27.591 [info] Added views:workbench.panel.repl.view in workbench.panel.repl
2022-12-20 12:39:45.858 [info] Added views:workbench.views.extensions.installed,workbench.views.extensions.popular,extensions.recommendedList in workbench.view.extensions
2022-12-20 12:39:45.870 [info] Removed views:workbench.views.extensions.popular from workbench.view.extensions
2022-12-20 12:39:48.250 [info] Removed views:extensions.recommendedList,workbench.views.extensions.installed from workbench.view.extensions
2022-12-20 12:39:48.291 [info] Added views:workbench.views.extensions.marketplace in workbench.view.extensions
2022-12-20 12:39:59.650 [info] Removed views:workbench.views.extensions.marketplace from workbench.view.extensions
2022-12-20 12:39:59.672 [info] Added views:workbench.views.extensions.installed,extensions.recommendedList in workbench.view.extensions
2022-12-20 12:40:03.759 [info] Removed views:extensions.recommendedList,workbench.views.extensions.installed from workbench.view.extensions
2022-12-20 12:40:03.806 [info] Added views:workbench.views.extensions.marketplace in workbench.view.extensions
2022-12-20 12:45:34.654 [info] Removed views:workbench.views.extensions.marketplace from workbench.view.extensions
2022-12-20 12:45:34.681 [info] Added views:workbench.views.extensions.installed,extensions.recommendedList in workbench.view.extensions
2022-12-20 12:45:37.798 [info] Removed views:extensions.recommendedList,workbench.views.extensions.installed from workbench.view.extensions
2022-12-20 12:45:37.829 [info] Added views:workbench.views.extensions.marketplace in workbench.view.extensions
2022-12-20 12:47:33.407 [info] Added views:workbench.panel.comments in workbench.panel.comments
2022-12-20 12:47:39.605 [info] Added views:tabnine-home in workbench.view.extension.tabnine-access
2022-12-20 12:47:39.607 [info] Added views:tabnine-notifications in workbench.view.extension.tabnine-access
2022-12-20 12:47:39.608 [info] Added views:tabnine-today in workbench.view.extension.tabnine-access
2022-12-20 17:07:00.150 [info] Removed views:workbench.views.extensions.marketplace from workbench.view.extensions
2022-12-20 17:07:00.179 [info] Added views:workbench.views.extensions.installed,extensions.recommendedList in workbench.view.extensions
2022-12-20 17:07:29.641 [info] Added views:dockerContainers,dockerImages,dockerRegistries,dockerNetworks,dockerVolumes,vscode-docker.views.dockerContexts,vscode-docker.views.help in workbench.view.extension.dockerView
2022-12-20 17:07:31.962 [info] Added views:workbench.panel.markers.view in workbench.panel.markers
2022-12-20 17:07:31.962 [info] Added views:workbench.panel.output in workbench.panel.output
2022-12-20 17:07:31.962 [info] Added views:terminal in terminal
2022-12-20 17:07:31.962 [info] Added views:outline in workbench.view.explorer
2022-12-20 17:07:31.962 [info] Added views:workbench.scm in workbench.view.scm
2022-12-20 17:07:31.962 [info] Added views:workbench.view.search in workbench.view.search
2022-12-20 17:07:31.962 [info] Added views:timeline in workbench.view.explorer
2022-12-20 17:07:31.962 [info] Added views:workbench.explorer.fileView in workbench.view.explorer
2022-12-20 17:07:31.962 [info] Added views:workbench.views.extensions.installed,extensions.recommendedList in workbench.view.extensions
2022-12-20 17:07:31.962 [info] Added views:workbench.debug.variablesView,workbench.debug.watchExpressionsView,workbench.debug.callStackView,workbench.debug.breakPointsView in workbench.view.debug
2022-12-20 17:07:32.905 [info] Added views:dockerContainers,dockerImages,dockerRegistries,dockerNetworks,dockerVolumes,vscode-docker.views.dockerContexts,vscode-docker.views.help in workbench.view.extension.dockerView
2022-12-20 17:07:33.383 [info] Added views:workbench.panel.repl.view in workbench.panel.repl
2022-12-20 17:07:36.459 [info] Added views:workbench.panel.comments in workbench.panel.comments
2022-12-20 17:07:39.671 [info] Added views:tabnine-home in workbench.view.extension.tabnine-access
2022-12-20 17:07:39.672 [info] Added views:tabnine-notifications in workbench.view.extension.tabnine-access
2022-12-20 17:07:39.672 [info] Added views:tabnine-today in workbench.view.extension.tabnine-access
