2024-02-18 15:44:47.705 [warning] [cmake-tools]: Couldn't find message for key cmake-tools.configuration.cmake.options.advanced.statusBarLength.description.
2024-02-18 15:44:47.705 [warning] [cmake-tools]: Couldn't find message for key cmake-tools.configuration.cmake.options.advanced.statusBarLength.description.
2024-02-18 15:44:47.706 [warning] [cmake-tools]: Couldn't find message for key cmake-tools.configuration.cmake.options.advanced.statusBarLength.description.
2024-02-18 15:44:47.706 [warning] [cmake-tools]: Couldn't find message for key cmake-tools.configuration.cmake.options.advanced.statusBarLength.description.
2024-02-18 15:44:47.706 [warning] [cmake-tools]: Couldn't find message for key cmake-tools.configuration.cmake.options.advanced.statusBarLength.description.
2024-02-18 15:44:47.706 [warning] [cmake-tools]: Couldn't find message for key cmake-tools.configuration.cmake.options.advanced.statusBarLength.description.
2024-02-18 15:44:47.706 [warning] [cmake-tools]: Couldn't find message for key cmake-tools.configuration.cmake.options.advanced.statusBarLength.description.
2024-02-18 15:44:47.706 [warning] [cmake-tools]: Couldn't find message for key cmake-tools.configuration.cmake.options.advanced.statusBarLength.description.
2024-02-18 15:44:47.706 [warning] [cmake-tools]: Couldn't find message for key cmake-tools.configuration.cmake.options.advanced.statusBarLength.description.
2024-02-18 15:44:47.707 [warning] [cmake-tools]: Couldn't find message for key cmake-tools.configuration.cmake.options.advanced.statusBarLength.description.
2024-02-18 15:44:47.707 [warning] [cmake-tools]: Couldn't find message for key cmake-tools.configuration.cmake.options.advanced.statusBarLength.description.
2024-02-18 15:44:47.707 [warning] [cmake-tools]: Couldn't find message for key cmake-tools.configuration.cmake.options.advanced.statusBarLength.description.
2024-02-18 15:44:47.713 [warning] [csharp]: Couldn't find message for key configuration.razor.server.trace.
2024-02-18 15:44:47.720 [warning] [cmake-tools]: Couldn't find message for key cmake-tools.configuration.cmake.options.advanced.statusBarLength.description.
2024-02-18 15:44:47.720 [warning] [cmake-tools]: Couldn't find message for key cmake-tools.configuration.cmake.options.advanced.statusBarLength.description.
2024-02-18 15:44:47.720 [warning] [cmake-tools]: Couldn't find message for key cmake-tools.configuration.cmake.options.advanced.statusBarLength.description.
2024-02-18 15:44:47.720 [warning] [cmake-tools]: Couldn't find message for key cmake-tools.configuration.cmake.options.advanced.statusBarLength.description.
2024-02-18 15:44:47.720 [warning] [cmake-tools]: Couldn't find message for key cmake-tools.configuration.cmake.options.advanced.statusBarLength.description.
2024-02-18 15:44:47.721 [warning] [cmake-tools]: Couldn't find message for key cmake-tools.configuration.cmake.options.advanced.statusBarLength.description.
2024-02-18 15:44:47.721 [warning] [cmake-tools]: Couldn't find message for key cmake-tools.configuration.cmake.options.advanced.statusBarLength.description.
2024-02-18 15:44:47.721 [warning] [cmake-tools]: Couldn't find message for key cmake-tools.configuration.cmake.options.advanced.statusBarLength.description.
2024-02-18 15:44:47.721 [warning] [cmake-tools]: Couldn't find message for key cmake-tools.configuration.cmake.options.advanced.statusBarLength.description.
2024-02-18 15:44:47.721 [warning] [cmake-tools]: Couldn't find message for key cmake-tools.configuration.cmake.options.advanced.statusBarLength.description.
2024-02-18 15:44:47.721 [warning] [cmake-tools]: Couldn't find message for key cmake-tools.configuration.cmake.options.advanced.statusBarLength.description.
2024-02-18 15:44:47.721 [warning] [cmake-tools]: Couldn't find message for key cmake-tools.configuration.cmake.options.advanced.statusBarLength.description.
2024-02-18 15:44:47.722 [warning] [csharp]: Couldn't find message for key configuration.razor.server.trace.
2024-02-18 15:44:47.728 [warning] [csharp]: Couldn't find message for key configuration.razor.server.trace.
2024-02-18 15:44:47.730 [warning] [cmake-tools]: Couldn't find message for key cmake-tools.configuration.cmake.options.advanced.statusBarLength.description.
2024-02-18 15:44:47.731 [warning] [cmake-tools]: Couldn't find message for key cmake-tools.configuration.cmake.options.advanced.statusBarLength.description.
2024-02-18 15:44:47.731 [warning] [cmake-tools]: Couldn't find message for key cmake-tools.configuration.cmake.options.advanced.statusBarLength.description.
2024-02-18 15:44:47.731 [warning] [cmake-tools]: Couldn't find message for key cmake-tools.configuration.cmake.options.advanced.statusBarLength.description.
2024-02-18 15:44:47.731 [warning] [cmake-tools]: Couldn't find message for key cmake-tools.configuration.cmake.options.advanced.statusBarLength.description.
2024-02-18 15:44:47.731 [warning] [cmake-tools]: Couldn't find message for key cmake-tools.configuration.cmake.options.advanced.statusBarLength.description.
2024-02-18 15:44:47.731 [warning] [cmake-tools]: Couldn't find message for key cmake-tools.configuration.cmake.options.advanced.statusBarLength.description.
2024-02-18 15:44:47.731 [warning] [cmake-tools]: Couldn't find message for key cmake-tools.configuration.cmake.options.advanced.statusBarLength.description.
2024-02-18 15:44:47.732 [warning] [cmake-tools]: Couldn't find message for key cmake-tools.configuration.cmake.options.advanced.statusBarLength.description.
2024-02-18 15:44:47.732 [warning] [cmake-tools]: Couldn't find message for key cmake-tools.configuration.cmake.options.advanced.statusBarLength.description.
2024-02-18 15:44:47.732 [warning] [cmake-tools]: Couldn't find message for key cmake-tools.configuration.cmake.options.advanced.statusBarLength.description.
2024-02-18 15:44:47.732 [warning] [cmake-tools]: Couldn't find message for key cmake-tools.configuration.cmake.options.advanced.statusBarLength.description.
2024-02-18 15:44:47.736 [warning] [csharp]: Couldn't find message for key configuration.razor.server.trace.
2024-02-18 15:44:47.737 [warning] [cmake-tools]: Couldn't find message for key cmake-tools.configuration.cmake.options.advanced.statusBarLength.description.
2024-02-18 15:44:47.737 [warning] [cmake-tools]: Couldn't find message for key cmake-tools.configuration.cmake.options.advanced.statusBarLength.description.
2024-02-18 15:44:47.737 [warning] [cmake-tools]: Couldn't find message for key cmake-tools.configuration.cmake.options.advanced.statusBarLength.description.
2024-02-18 15:44:47.737 [warning] [cmake-tools]: Couldn't find message for key cmake-tools.configuration.cmake.options.advanced.statusBarLength.description.
2024-02-18 15:44:47.737 [warning] [cmake-tools]: Couldn't find message for key cmake-tools.configuration.cmake.options.advanced.statusBarLength.description.
2024-02-18 15:44:47.737 [warning] [cmake-tools]: Couldn't find message for key cmake-tools.configuration.cmake.options.advanced.statusBarLength.description.
2024-02-18 15:44:47.738 [warning] [cmake-tools]: Couldn't find message for key cmake-tools.configuration.cmake.options.advanced.statusBarLength.description.
2024-02-18 15:44:47.738 [warning] [cmake-tools]: Couldn't find message for key cmake-tools.configuration.cmake.options.advanced.statusBarLength.description.
2024-02-18 15:44:47.738 [warning] [cmake-tools]: Couldn't find message for key cmake-tools.configuration.cmake.options.advanced.statusBarLength.description.
2024-02-18 15:44:47.738 [warning] [cmake-tools]: Couldn't find message for key cmake-tools.configuration.cmake.options.advanced.statusBarLength.description.
2024-02-18 15:44:47.738 [warning] [cmake-tools]: Couldn't find message for key cmake-tools.configuration.cmake.options.advanced.statusBarLength.description.
2024-02-18 15:44:47.738 [warning] [cmake-tools]: Couldn't find message for key cmake-tools.configuration.cmake.options.advanced.statusBarLength.description.
2024-02-18 15:44:47.819 [warning] [cmake-tools]: Couldn't find message for key cmake-tools.configuration.cmake.options.advanced.statusBarVisibility.variant.description.
2024-02-18 15:44:47.821 [warning] [cmake-tools]: Couldn't find message for key cmake-tools.configuration.cmake.options.advanced.statusBarLength.description.
2024-02-18 15:44:47.821 [warning] [cmake-tools]: Couldn't find message for key cmake-tools.configuration.cmake.options.advanced.statusBarLength.description.
2024-02-18 15:44:47.821 [warning] [cmake-tools]: Couldn't find message for key cmake-tools.configuration.cmake.options.advanced.statusBarLength.description.
2024-02-18 15:44:47.821 [warning] [cmake-tools]: Couldn't find message for key cmake-tools.configuration.cmake.options.advanced.statusBarLength.description.
2024-02-18 15:44:47.821 [warning] [cmake-tools]: Couldn't find message for key cmake-tools.configuration.cmake.options.advanced.statusBarLength.description.
2024-02-18 15:44:47.822 [warning] [cmake-tools]: Couldn't find message for key cmake-tools.configuration.cmake.options.advanced.statusBarLength.description.
2024-02-18 15:44:47.822 [warning] [cmake-tools]: Couldn't find message for key cmake-tools.configuration.cmake.options.advanced.statusBarLength.description.
2024-02-18 15:44:47.822 [warning] [cmake-tools]: Couldn't find message for key cmake-tools.configuration.cmake.options.advanced.statusBarLength.description.
2024-02-18 15:44:47.822 [warning] [cmake-tools]: Couldn't find message for key cmake-tools.configuration.cmake.options.advanced.statusBarLength.description.
2024-02-18 15:44:47.822 [warning] [cmake-tools]: Couldn't find message for key cmake-tools.configuration.cmake.options.advanced.statusBarLength.description.
2024-02-18 15:44:47.822 [warning] [cmake-tools]: Couldn't find message for key cmake-tools.configuration.cmake.options.advanced.statusBarLength.description.
2024-02-18 15:44:47.822 [warning] [cmake-tools]: Couldn't find message for key cmake-tools.configuration.cmake.options.advanced.statusBarLength.description.
2024-02-18 15:44:47.823 [warning] [csharp]: Couldn't find message for key configuration.razor.server.trace.
2024-02-18 15:44:47.833 [warning] [cmake-tools]: Couldn't find message for key cmake-tools.configuration.cmake.options.advanced.statusBarVisibility.variant.description.
2024-02-18 15:44:47.834 [warning] [cmake-tools]: Couldn't find message for key cmake-tools.configuration.cmake.options.advanced.statusBarLength.description.
2024-02-18 15:44:47.834 [warning] [cmake-tools]: Couldn't find message for key cmake-tools.configuration.cmake.options.advanced.statusBarLength.description.
2024-02-18 15:44:47.834 [warning] [cmake-tools]: Couldn't find message for key cmake-tools.configuration.cmake.options.advanced.statusBarLength.description.
2024-02-18 15:44:47.834 [warning] [cmake-tools]: Couldn't find message for key cmake-tools.configuration.cmake.options.advanced.statusBarLength.description.
2024-02-18 15:44:47.834 [warning] [cmake-tools]: Couldn't find message for key cmake-tools.configuration.cmake.options.advanced.statusBarLength.description.
2024-02-18 15:44:47.834 [warning] [cmake-tools]: Couldn't find message for key cmake-tools.configuration.cmake.options.advanced.statusBarLength.description.
2024-02-18 15:44:47.834 [warning] [cmake-tools]: Couldn't find message for key cmake-tools.configuration.cmake.options.advanced.statusBarLength.description.
2024-02-18 15:44:47.834 [warning] [cmake-tools]: Couldn't find message for key cmake-tools.configuration.cmake.options.advanced.statusBarLength.description.
2024-02-18 15:44:47.834 [warning] [cmake-tools]: Couldn't find message for key cmake-tools.configuration.cmake.options.advanced.statusBarLength.description.
2024-02-18 15:44:47.834 [warning] [cmake-tools]: Couldn't find message for key cmake-tools.configuration.cmake.options.advanced.statusBarLength.description.
2024-02-18 15:44:47.835 [warning] [cmake-tools]: Couldn't find message for key cmake-tools.configuration.cmake.options.advanced.statusBarLength.description.
2024-02-18 15:44:47.835 [warning] [cmake-tools]: Couldn't find message for key cmake-tools.configuration.cmake.options.advanced.statusBarLength.description.
2024-02-18 15:44:47.838 [warning] [csharp]: Couldn't find message for key configuration.razor.server.trace.
2024-02-18 15:44:48.191 [warning] [cmake-tools]: Couldn't find message for key cmake-tools.configuration.cmake.options.advanced.statusBarLength.description.
2024-02-18 15:44:48.191 [warning] [cmake-tools]: Couldn't find message for key cmake-tools.configuration.cmake.options.advanced.statusBarLength.description.
2024-02-18 15:44:48.192 [warning] [cmake-tools]: Couldn't find message for key cmake-tools.configuration.cmake.options.advanced.statusBarLength.description.
2024-02-18 15:44:48.192 [warning] [cmake-tools]: Couldn't find message for key cmake-tools.configuration.cmake.options.advanced.statusBarLength.description.
2024-02-18 15:44:48.192 [warning] [cmake-tools]: Couldn't find message for key cmake-tools.configuration.cmake.options.advanced.statusBarLength.description.
2024-02-18 15:44:48.192 [warning] [cmake-tools]: Couldn't find message for key cmake-tools.configuration.cmake.options.advanced.statusBarLength.description.
2024-02-18 15:44:48.192 [warning] [cmake-tools]: Couldn't find message for key cmake-tools.configuration.cmake.options.advanced.statusBarLength.description.
2024-02-18 15:44:48.193 [warning] [cmake-tools]: Couldn't find message for key cmake-tools.configuration.cmake.options.advanced.statusBarLength.description.
2024-02-18 15:44:48.193 [warning] [cmake-tools]: Couldn't find message for key cmake-tools.configuration.cmake.options.advanced.statusBarLength.description.
2024-02-18 15:44:48.193 [warning] [cmake-tools]: Couldn't find message for key cmake-tools.configuration.cmake.options.advanced.statusBarLength.description.
2024-02-18 15:44:48.193 [warning] [cmake-tools]: Couldn't find message for key cmake-tools.configuration.cmake.options.advanced.statusBarLength.description.
2024-02-18 15:44:48.193 [warning] [cmake-tools]: Couldn't find message for key cmake-tools.configuration.cmake.options.advanced.statusBarLength.description.
2024-02-18 15:44:48.197 [warning] [csharp]: Couldn't find message for key configuration.razor.server.trace.
2024-02-18 15:44:48.337 [warning] [csharp]: Couldn't find message for key configuration.razor.server.trace.
2024-02-18 15:44:48.341 [warning] [cmake-tools]: Couldn't find message for key cmake-tools.configuration.cmake.options.advanced.statusBarLength.description.
2024-02-18 15:44:48.341 [warning] [cmake-tools]: Couldn't find message for key cmake-tools.configuration.cmake.options.advanced.statusBarLength.description.
2024-02-18 15:44:48.341 [warning] [cmake-tools]: Couldn't find message for key cmake-tools.configuration.cmake.options.advanced.statusBarLength.description.
2024-02-18 15:44:48.341 [warning] [cmake-tools]: Couldn't find message for key cmake-tools.configuration.cmake.options.advanced.statusBarLength.description.
2024-02-18 15:44:48.341 [warning] [cmake-tools]: Couldn't find message for key cmake-tools.configuration.cmake.options.advanced.statusBarLength.description.
2024-02-18 15:44:48.341 [warning] [cmake-tools]: Couldn't find message for key cmake-tools.configuration.cmake.options.advanced.statusBarLength.description.
2024-02-18 15:44:48.342 [warning] [cmake-tools]: Couldn't find message for key cmake-tools.configuration.cmake.options.advanced.statusBarLength.description.
2024-02-18 15:44:48.342 [warning] [cmake-tools]: Couldn't find message for key cmake-tools.configuration.cmake.options.advanced.statusBarLength.description.
2024-02-18 15:44:48.342 [warning] [cmake-tools]: Couldn't find message for key cmake-tools.configuration.cmake.options.advanced.statusBarLength.description.
2024-02-18 15:44:48.342 [warning] [cmake-tools]: Couldn't find message for key cmake-tools.configuration.cmake.options.advanced.statusBarLength.description.
2024-02-18 15:44:48.342 [warning] [cmake-tools]: Couldn't find message for key cmake-tools.configuration.cmake.options.advanced.statusBarLength.description.
2024-02-18 15:44:48.342 [warning] [cmake-tools]: Couldn't find message for key cmake-tools.configuration.cmake.options.advanced.statusBarLength.description.
2024-02-18 15:44:48.804 [warning] [csharp]: Couldn't find message for key configuration.razor.server.trace.
2024-02-18 15:44:48.813 [warning] [cmake-tools]: Couldn't find message for key cmake-tools.configuration.cmake.options.advanced.statusBarLength.description.
2024-02-18 15:44:48.852 [warning] [cmake-tools]: Couldn't find message for key cmake-tools.configuration.cmake.options.advanced.statusBarLength.description.
2024-02-18 15:44:48.852 [warning] [cmake-tools]: Couldn't find message for key cmake-tools.configuration.cmake.options.advanced.statusBarLength.description.
2024-02-18 15:44:48.852 [warning] [cmake-tools]: Couldn't find message for key cmake-tools.configuration.cmake.options.advanced.statusBarLength.description.
2024-02-18 15:44:48.852 [warning] [cmake-tools]: Couldn't find message for key cmake-tools.configuration.cmake.options.advanced.statusBarLength.description.
2024-02-18 15:44:48.852 [warning] [cmake-tools]: Couldn't find message for key cmake-tools.configuration.cmake.options.advanced.statusBarLength.description.
2024-02-18 15:44:48.852 [warning] [cmake-tools]: Couldn't find message for key cmake-tools.configuration.cmake.options.advanced.statusBarLength.description.
2024-02-18 15:44:48.852 [warning] [cmake-tools]: Couldn't find message for key cmake-tools.configuration.cmake.options.advanced.statusBarLength.description.
2024-02-18 15:44:48.852 [warning] [cmake-tools]: Couldn't find message for key cmake-tools.configuration.cmake.options.advanced.statusBarLength.description.
2024-02-18 15:44:48.853 [warning] [cmake-tools]: Couldn't find message for key cmake-tools.configuration.cmake.options.advanced.statusBarLength.description.
2024-02-18 15:44:48.853 [warning] [cmake-tools]: Couldn't find message for key cmake-tools.configuration.cmake.options.advanced.statusBarLength.description.
2024-02-18 15:44:48.853 [warning] [cmake-tools]: Couldn't find message for key cmake-tools.configuration.cmake.options.advanced.statusBarLength.description.
2024-02-18 15:44:49.019 [warning] [csharp]: Couldn't find message for key configuration.razor.server.trace.
2024-02-18 15:44:49.021 [warning] [cmake-tools]: Couldn't find message for key cmake-tools.configuration.cmake.options.advanced.statusBarLength.description.
2024-02-18 15:44:49.021 [warning] [cmake-tools]: Couldn't find message for key cmake-tools.configuration.cmake.options.advanced.statusBarLength.description.
2024-02-18 15:44:49.021 [warning] [cmake-tools]: Couldn't find message for key cmake-tools.configuration.cmake.options.advanced.statusBarLength.description.
2024-02-18 15:44:49.021 [warning] [cmake-tools]: Couldn't find message for key cmake-tools.configuration.cmake.options.advanced.statusBarLength.description.
2024-02-18 15:44:49.022 [warning] [cmake-tools]: Couldn't find message for key cmake-tools.configuration.cmake.options.advanced.statusBarLength.description.
2024-02-18 15:44:49.022 [warning] [cmake-tools]: Couldn't find message for key cmake-tools.configuration.cmake.options.advanced.statusBarLength.description.
2024-02-18 15:44:49.022 [warning] [cmake-tools]: Couldn't find message for key cmake-tools.configuration.cmake.options.advanced.statusBarLength.description.
2024-02-18 15:44:49.022 [warning] [cmake-tools]: Couldn't find message for key cmake-tools.configuration.cmake.options.advanced.statusBarLength.description.
2024-02-18 15:44:49.022 [warning] [cmake-tools]: Couldn't find message for key cmake-tools.configuration.cmake.options.advanced.statusBarLength.description.
2024-02-18 15:44:49.022 [warning] [cmake-tools]: Couldn't find message for key cmake-tools.configuration.cmake.options.advanced.statusBarLength.description.
2024-02-18 15:44:49.022 [warning] [cmake-tools]: Couldn't find message for key cmake-tools.configuration.cmake.options.advanced.statusBarLength.description.
2024-02-18 15:44:49.023 [warning] [cmake-tools]: Couldn't find message for key cmake-tools.configuration.cmake.options.advanced.statusBarLength.description.
2024-02-18 15:44:49.088 [warning] [csharp]: Couldn't find message for key configuration.razor.server.trace.
2024-02-18 15:44:49.090 [warning] [cmake-tools]: Couldn't find message for key cmake-tools.configuration.cmake.options.advanced.statusBarLength.description.
2024-02-18 15:44:49.095 [warning] [cmake-tools]: Couldn't find message for key cmake-tools.configuration.cmake.options.advanced.statusBarLength.description.
2024-02-18 15:44:49.095 [warning] [cmake-tools]: Couldn't find message for key cmake-tools.configuration.cmake.options.advanced.statusBarLength.description.
2024-02-18 15:44:49.095 [warning] [cmake-tools]: Couldn't find message for key cmake-tools.configuration.cmake.options.advanced.statusBarLength.description.
2024-02-18 15:44:49.095 [warning] [cmake-tools]: Couldn't find message for key cmake-tools.configuration.cmake.options.advanced.statusBarLength.description.
2024-02-18 15:44:49.096 [warning] [cmake-tools]: Couldn't find message for key cmake-tools.configuration.cmake.options.advanced.statusBarLength.description.
2024-02-18 15:44:49.096 [warning] [cmake-tools]: Couldn't find message for key cmake-tools.configuration.cmake.options.advanced.statusBarLength.description.
2024-02-18 15:44:49.096 [warning] [cmake-tools]: Couldn't find message for key cmake-tools.configuration.cmake.options.advanced.statusBarLength.description.
2024-02-18 15:44:49.096 [warning] [cmake-tools]: Couldn't find message for key cmake-tools.configuration.cmake.options.advanced.statusBarLength.description.
2024-02-18 15:44:49.096 [warning] [cmake-tools]: Couldn't find message for key cmake-tools.configuration.cmake.options.advanced.statusBarLength.description.
2024-02-18 15:44:49.096 [warning] [cmake-tools]: Couldn't find message for key cmake-tools.configuration.cmake.options.advanced.statusBarLength.description.
2024-02-18 15:44:49.096 [warning] [cmake-tools]: Couldn't find message for key cmake-tools.configuration.cmake.options.advanced.statusBarLength.description.
2024-02-18 15:44:49.911 [info] Deleted uninstalled extension from disk tabnine.tabnine-vscode /home/thesynthax/.vscode-oss/extensions/tabnine.tabnine-vscode-3.63.0
2024-02-18 15:44:49.949 [warning] [csharp]: Couldn't find message for key configuration.razor.server.trace.
2024-02-18 15:44:49.952 [warning] [cmake-tools]: Couldn't find message for key cmake-tools.configuration.cmake.options.advanced.statusBarLength.description.
2024-02-18 15:44:49.952 [warning] [cmake-tools]: Couldn't find message for key cmake-tools.configuration.cmake.options.advanced.statusBarLength.description.
2024-02-18 15:44:49.953 [warning] [cmake-tools]: Couldn't find message for key cmake-tools.configuration.cmake.options.advanced.statusBarLength.description.
2024-02-18 15:44:49.953 [warning] [cmake-tools]: Couldn't find message for key cmake-tools.configuration.cmake.options.advanced.statusBarLength.description.
2024-02-18 15:44:49.953 [warning] [cmake-tools]: Couldn't find message for key cmake-tools.configuration.cmake.options.advanced.statusBarLength.description.
2024-02-18 15:44:49.953 [warning] [cmake-tools]: Couldn't find message for key cmake-tools.configuration.cmake.options.advanced.statusBarLength.description.
2024-02-18 15:44:49.953 [warning] [cmake-tools]: Couldn't find message for key cmake-tools.configuration.cmake.options.advanced.statusBarLength.description.
2024-02-18 15:44:49.953 [warning] [cmake-tools]: Couldn't find message for key cmake-tools.configuration.cmake.options.advanced.statusBarLength.description.
2024-02-18 15:44:49.954 [warning] [cmake-tools]: Couldn't find message for key cmake-tools.configuration.cmake.options.advanced.statusBarLength.description.
2024-02-18 15:44:49.954 [warning] [cmake-tools]: Couldn't find message for key cmake-tools.configuration.cmake.options.advanced.statusBarLength.description.
2024-02-18 15:44:49.954 [warning] [cmake-tools]: Couldn't find message for key cmake-tools.configuration.cmake.options.advanced.statusBarLength.description.
2024-02-18 15:44:49.954 [warning] [cmake-tools]: Couldn't find message for key cmake-tools.configuration.cmake.options.advanced.statusBarLength.description.
2024-02-18 15:44:49.981 [info] Deleted uninstalled extension from disk ms-vscode.js-debug-nightly /home/thesynthax/.vscode-oss/extensions/ms-vscode.js-debug-nightly-2024.1.2217
2024-02-18 15:44:49.981 [info] Deleted uninstalled extension from disk eamodio.gitlens /home/thesynthax/.vscode-oss/extensions/eamodio.gitlens-14.7.0
2024-02-18 15:44:49.986 [warning] [csharp]: Couldn't find message for key configuration.razor.server.trace.
2024-02-18 15:44:49.987 [warning] [cmake-tools]: Couldn't find message for key cmake-tools.configuration.cmake.options.advanced.statusBarLength.description.
2024-02-18 15:44:49.987 [warning] [cmake-tools]: Couldn't find message for key cmake-tools.configuration.cmake.options.advanced.statusBarLength.description.
2024-02-18 15:44:49.987 [warning] [cmake-tools]: Couldn't find message for key cmake-tools.configuration.cmake.options.advanced.statusBarLength.description.
2024-02-18 15:44:49.987 [warning] [cmake-tools]: Couldn't find message for key cmake-tools.configuration.cmake.options.advanced.statusBarLength.description.
2024-02-18 15:44:49.987 [warning] [cmake-tools]: Couldn't find message for key cmake-tools.configuration.cmake.options.advanced.statusBarLength.description.
2024-02-18 15:44:49.988 [warning] [cmake-tools]: Couldn't find message for key cmake-tools.configuration.cmake.options.advanced.statusBarLength.description.
2024-02-18 15:44:49.988 [warning] [cmake-tools]: Couldn't find message for key cmake-tools.configuration.cmake.options.advanced.statusBarLength.description.
2024-02-18 15:44:49.988 [warning] [cmake-tools]: Couldn't find message for key cmake-tools.configuration.cmake.options.advanced.statusBarLength.description.
2024-02-18 15:44:49.988 [warning] [cmake-tools]: Couldn't find message for key cmake-tools.configuration.cmake.options.advanced.statusBarLength.description.
2024-02-18 15:44:49.988 [warning] [cmake-tools]: Couldn't find message for key cmake-tools.configuration.cmake.options.advanced.statusBarLength.description.
2024-02-18 15:44:49.989 [warning] [cmake-tools]: Couldn't find message for key cmake-tools.configuration.cmake.options.advanced.statusBarLength.description.
2024-02-18 15:44:49.989 [warning] [cmake-tools]: Couldn't find message for key cmake-tools.configuration.cmake.options.advanced.statusBarLength.description.
2024-02-18 15:44:49.997 [warning] [csharp]: Couldn't find message for key configuration.razor.server.trace.
2024-02-18 15:44:49.998 [warning] [cmake-tools]: Couldn't find message for key cmake-tools.configuration.cmake.options.advanced.statusBarLength.description.
2024-02-18 15:44:49.999 [warning] [cmake-tools]: Couldn't find message for key cmake-tools.configuration.cmake.options.advanced.statusBarLength.description.
2024-02-18 15:44:49.999 [warning] [cmake-tools]: Couldn't find message for key cmake-tools.configuration.cmake.options.advanced.statusBarLength.description.
2024-02-18 15:44:49.999 [warning] [cmake-tools]: Couldn't find message for key cmake-tools.configuration.cmake.options.advanced.statusBarLength.description.
2024-02-18 15:44:49.999 [warning] [cmake-tools]: Couldn't find message for key cmake-tools.configuration.cmake.options.advanced.statusBarLength.description.
2024-02-18 15:44:49.999 [warning] [cmake-tools]: Couldn't find message for key cmake-tools.configuration.cmake.options.advanced.statusBarLength.description.
2024-02-18 15:44:49.999 [warning] [cmake-tools]: Couldn't find message for key cmake-tools.configuration.cmake.options.advanced.statusBarLength.description.
2024-02-18 15:44:50.000 [warning] [cmake-tools]: Couldn't find message for key cmake-tools.configuration.cmake.options.advanced.statusBarLength.description.
2024-02-18 15:44:50.000 [warning] [cmake-tools]: Couldn't find message for key cmake-tools.configuration.cmake.options.advanced.statusBarLength.description.
2024-02-18 15:44:50.000 [warning] [cmake-tools]: Couldn't find message for key cmake-tools.configuration.cmake.options.advanced.statusBarLength.description.
2024-02-18 15:44:50.000 [warning] [cmake-tools]: Couldn't find message for key cmake-tools.configuration.cmake.options.advanced.statusBarLength.description.
2024-02-18 15:44:50.000 [warning] [cmake-tools]: Couldn't find message for key cmake-tools.configuration.cmake.options.advanced.statusBarLength.description.
2024-02-18 15:44:50.062 [info] Deleted uninstalled extension from disk ms-vscode.cmake-tools /home/thesynthax/.vscode-oss/extensions/ms-vscode.cmake-tools-1.16.32
2024-02-18 15:44:50.063 [info] Deleted uninstalled extension from disk ms-vscode.vscode-typescript-next /home/thesynthax/.vscode-oss/extensions/ms-vscode.vscode-typescript-next-5.4.20240124
2024-02-18 15:44:50.065 [error] [uncaught exception in sharedProcess]: Error: ENOENT: no such file or directory, stat '/home/thesynthax/.vscode-oss/extensions/ms-vscode.js-debug-nightly-2024.1.2217.-26774553.vsctmp': EntryNotFound (FileSystemError): Error: ENOENT: no such file or directory, stat '/home/thesynthax/.vscode-oss/extensions/ms-vscode.js-debug-nightly-2024.1.2217.-26774553.vsctmp'
    at r.create (/usr/lib/code/out/vs/code/node/sharedProcess/sharedProcessMain.js:51:30119)
    at a (/usr/lib/code/out/vs/code/node/sharedProcess/sharedProcessMain.js:51:30234)
    at i.fb (/usr/lib/code/out/vs/code/node/sharedProcess/sharedProcessMain.js:56:36631)
    at i.stat (/usr/lib/code/out/vs/code/node/sharedProcess/sharedProcessMain.js:56:29077)
    at async v.stat (/usr/lib/code/out/vs/code/node/sharedProcess/sharedProcessMain.js:56:16223)
    at async Y.tb (/usr/lib/code/out/vs/code/node/sharedProcess/sharedProcessMain.js:102:108626)
2024-02-18 15:44:50.139 [info] Deleted uninstalled extension from disk ms-azuretools.vscode-docker /home/thesynthax/.vscode-oss/extensions/ms-azuretools.vscode-docker-1.28.0
2024-02-18 15:44:50.225 [warning] [csharp]: Couldn't find message for key configuration.razor.server.trace.
2024-02-18 15:44:50.229 [warning] [cmake-tools]: Couldn't find message for key cmake-tools.configuration.cmake.options.advanced.statusBarLength.description.
2024-02-18 15:44:50.229 [warning] [cmake-tools]: Couldn't find message for key cmake-tools.configuration.cmake.options.advanced.statusBarLength.description.
2024-02-18 15:44:50.229 [warning] [cmake-tools]: Couldn't find message for key cmake-tools.configuration.cmake.options.advanced.statusBarLength.description.
2024-02-18 15:44:50.229 [warning] [cmake-tools]: Couldn't find message for key cmake-tools.configuration.cmake.options.advanced.statusBarLength.description.
2024-02-18 15:44:50.229 [warning] [cmake-tools]: Couldn't find message for key cmake-tools.configuration.cmake.options.advanced.statusBarLength.description.
2024-02-18 15:44:50.229 [warning] [cmake-tools]: Couldn't find message for key cmake-tools.configuration.cmake.options.advanced.statusBarLength.description.
2024-02-18 15:44:50.229 [warning] [cmake-tools]: Couldn't find message for key cmake-tools.configuration.cmake.options.advanced.statusBarLength.description.
2024-02-18 15:44:50.229 [warning] [cmake-tools]: Couldn't find message for key cmake-tools.configuration.cmake.options.advanced.statusBarLength.description.
2024-02-18 15:44:50.230 [warning] [cmake-tools]: Couldn't find message for key cmake-tools.configuration.cmake.options.advanced.statusBarLength.description.
2024-02-18 15:44:50.230 [warning] [cmake-tools]: Couldn't find message for key cmake-tools.configuration.cmake.options.advanced.statusBarLength.description.
2024-02-18 15:44:50.230 [warning] [cmake-tools]: Couldn't find message for key cmake-tools.configuration.cmake.options.advanced.statusBarLength.description.
2024-02-18 15:44:50.230 [warning] [cmake-tools]: Couldn't find message for key cmake-tools.configuration.cmake.options.advanced.statusBarLength.description.
2024-02-18 15:44:50.494 [warning] [csharp]: Couldn't find message for key configuration.razor.server.trace.
2024-02-18 15:44:50.496 [warning] [cmake-tools]: Couldn't find message for key cmake-tools.configuration.cmake.options.advanced.statusBarLength.description.
2024-02-18 15:44:50.498 [warning] [cmake-tools]: Couldn't find message for key cmake-tools.configuration.cmake.options.advanced.statusBarLength.description.
2024-02-18 15:44:50.498 [warning] [cmake-tools]: Couldn't find message for key cmake-tools.configuration.cmake.options.advanced.statusBarLength.description.
2024-02-18 15:44:50.498 [warning] [cmake-tools]: Couldn't find message for key cmake-tools.configuration.cmake.options.advanced.statusBarLength.description.
2024-02-18 15:44:50.498 [warning] [cmake-tools]: Couldn't find message for key cmake-tools.configuration.cmake.options.advanced.statusBarLength.description.
2024-02-18 15:44:50.498 [warning] [cmake-tools]: Couldn't find message for key cmake-tools.configuration.cmake.options.advanced.statusBarLength.description.
2024-02-18 15:44:50.498 [warning] [cmake-tools]: Couldn't find message for key cmake-tools.configuration.cmake.options.advanced.statusBarLength.description.
2024-02-18 15:44:50.498 [warning] [cmake-tools]: Couldn't find message for key cmake-tools.configuration.cmake.options.advanced.statusBarLength.description.
2024-02-18 15:44:50.498 [warning] [cmake-tools]: Couldn't find message for key cmake-tools.configuration.cmake.options.advanced.statusBarLength.description.
2024-02-18 15:44:50.499 [warning] [cmake-tools]: Couldn't find message for key cmake-tools.configuration.cmake.options.advanced.statusBarLength.description.
2024-02-18 15:44:50.499 [warning] [cmake-tools]: Couldn't find message for key cmake-tools.configuration.cmake.options.advanced.statusBarLength.description.
2024-02-18 15:44:50.499 [warning] [cmake-tools]: Couldn't find message for key cmake-tools.configuration.cmake.options.advanced.statusBarLength.description.
2024-02-18 15:44:50.548 [warning] [cmake-tools]: Couldn't find message for key cmake-tools.configuration.cmake.options.advanced.statusBarLength.description.
2024-02-18 15:44:50.549 [warning] [cmake-tools]: Couldn't find message for key cmake-tools.configuration.cmake.options.advanced.statusBarLength.description.
2024-02-18 15:44:50.549 [warning] [cmake-tools]: Couldn't find message for key cmake-tools.configuration.cmake.options.advanced.statusBarLength.description.
2024-02-18 15:44:50.549 [warning] [cmake-tools]: Couldn't find message for key cmake-tools.configuration.cmake.options.advanced.statusBarLength.description.
2024-02-18 15:44:50.549 [warning] [cmake-tools]: Couldn't find message for key cmake-tools.configuration.cmake.options.advanced.statusBarLength.description.
2024-02-18 15:44:50.549 [warning] [cmake-tools]: Couldn't find message for key cmake-tools.configuration.cmake.options.advanced.statusBarLength.description.
2024-02-18 15:44:50.550 [warning] [cmake-tools]: Couldn't find message for key cmake-tools.configuration.cmake.options.advanced.statusBarLength.description.
2024-02-18 15:44:50.550 [warning] [cmake-tools]: Couldn't find message for key cmake-tools.configuration.cmake.options.advanced.statusBarLength.description.
2024-02-18 15:44:50.550 [warning] [cmake-tools]: Couldn't find message for key cmake-tools.configuration.cmake.options.advanced.statusBarLength.description.
2024-02-18 15:44:50.550 [warning] [cmake-tools]: Couldn't find message for key cmake-tools.configuration.cmake.options.advanced.statusBarLength.description.
2024-02-18 15:44:50.550 [warning] [cmake-tools]: Couldn't find message for key cmake-tools.configuration.cmake.options.advanced.statusBarLength.description.
2024-02-18 15:44:50.551 [warning] [cmake-tools]: Couldn't find message for key cmake-tools.configuration.cmake.options.advanced.statusBarLength.description.
2024-02-18 15:44:50.551 [warning] [csharp]: Couldn't find message for key configuration.razor.server.trace.
2024-02-18 15:44:50.653 [warning] [csharp]: Couldn't find message for key configuration.razor.server.trace.
2024-02-18 15:44:50.656 [warning] [cmake-tools]: Couldn't find message for key cmake-tools.configuration.cmake.options.advanced.statusBarLength.description.
2024-02-18 15:44:50.656 [warning] [cmake-tools]: Couldn't find message for key cmake-tools.configuration.cmake.options.advanced.statusBarLength.description.
2024-02-18 15:44:50.657 [warning] [cmake-tools]: Couldn't find message for key cmake-tools.configuration.cmake.options.advanced.statusBarLength.description.
2024-02-18 15:44:50.657 [warning] [cmake-tools]: Couldn't find message for key cmake-tools.configuration.cmake.options.advanced.statusBarLength.description.
2024-02-18 15:44:50.657 [warning] [cmake-tools]: Couldn't find message for key cmake-tools.configuration.cmake.options.advanced.statusBarLength.description.
2024-02-18 15:44:50.657 [warning] [cmake-tools]: Couldn't find message for key cmake-tools.configuration.cmake.options.advanced.statusBarLength.description.
2024-02-18 15:44:50.657 [warning] [cmake-tools]: Couldn't find message for key cmake-tools.configuration.cmake.options.advanced.statusBarLength.description.
2024-02-18 15:44:50.657 [warning] [cmake-tools]: Couldn't find message for key cmake-tools.configuration.cmake.options.advanced.statusBarLength.description.
2024-02-18 15:44:50.657 [warning] [cmake-tools]: Couldn't find message for key cmake-tools.configuration.cmake.options.advanced.statusBarLength.description.
2024-02-18 15:44:50.658 [warning] [cmake-tools]: Couldn't find message for key cmake-tools.configuration.cmake.options.advanced.statusBarLength.description.
2024-02-18 15:44:50.658 [warning] [cmake-tools]: Couldn't find message for key cmake-tools.configuration.cmake.options.advanced.statusBarLength.description.
2024-02-18 15:44:50.658 [warning] [cmake-tools]: Couldn't find message for key cmake-tools.configuration.cmake.options.advanced.statusBarLength.description.
2024-02-18 15:44:50.954 [warning] [cmake-tools]: Couldn't find message for key cmake-tools.configuration.cmake.options.advanced.statusBarLength.description.
2024-02-18 15:44:50.954 [warning] [cmake-tools]: Couldn't find message for key cmake-tools.configuration.cmake.options.advanced.statusBarLength.description.
2024-02-18 15:44:50.954 [warning] [cmake-tools]: Couldn't find message for key cmake-tools.configuration.cmake.options.advanced.statusBarLength.description.
2024-02-18 15:44:50.954 [warning] [cmake-tools]: Couldn't find message for key cmake-tools.configuration.cmake.options.advanced.statusBarLength.description.
2024-02-18 15:44:50.954 [warning] [cmake-tools]: Couldn't find message for key cmake-tools.configuration.cmake.options.advanced.statusBarLength.description.
2024-02-18 15:44:50.954 [warning] [cmake-tools]: Couldn't find message for key cmake-tools.configuration.cmake.options.advanced.statusBarLength.description.
2024-02-18 15:44:50.955 [warning] [cmake-tools]: Couldn't find message for key cmake-tools.configuration.cmake.options.advanced.statusBarLength.description.
2024-02-18 15:44:50.955 [warning] [cmake-tools]: Couldn't find message for key cmake-tools.configuration.cmake.options.advanced.statusBarLength.description.
2024-02-18 15:44:50.955 [warning] [cmake-tools]: Couldn't find message for key cmake-tools.configuration.cmake.options.advanced.statusBarLength.description.
2024-02-18 15:44:50.955 [warning] [cmake-tools]: Couldn't find message for key cmake-tools.configuration.cmake.options.advanced.statusBarLength.description.
2024-02-18 15:44:50.955 [warning] [cmake-tools]: Couldn't find message for key cmake-tools.configuration.cmake.options.advanced.statusBarLength.description.
2024-02-18 15:44:50.955 [warning] [cmake-tools]: Couldn't find message for key cmake-tools.configuration.cmake.options.advanced.statusBarLength.description.
2024-02-18 15:44:50.956 [warning] [csharp]: Couldn't find message for key configuration.razor.server.trace.
2024-02-18 15:44:51.111 [warning] [csharp]: Couldn't find message for key configuration.razor.server.trace.
2024-02-18 15:44:51.115 [warning] [cmake-tools]: Couldn't find message for key cmake-tools.configuration.cmake.options.advanced.statusBarLength.description.
2024-02-18 15:44:51.115 [warning] [cmake-tools]: Couldn't find message for key cmake-tools.configuration.cmake.options.advanced.statusBarLength.description.
2024-02-18 15:44:51.116 [warning] [cmake-tools]: Couldn't find message for key cmake-tools.configuration.cmake.options.advanced.statusBarLength.description.
2024-02-18 15:44:51.116 [warning] [cmake-tools]: Couldn't find message for key cmake-tools.configuration.cmake.options.advanced.statusBarLength.description.
2024-02-18 15:44:51.116 [warning] [cmake-tools]: Couldn't find message for key cmake-tools.configuration.cmake.options.advanced.statusBarLength.description.
2024-02-18 15:44:51.116 [warning] [cmake-tools]: Couldn't find message for key cmake-tools.configuration.cmake.options.advanced.statusBarLength.description.
2024-02-18 15:44:51.116 [warning] [cmake-tools]: Couldn't find message for key cmake-tools.configuration.cmake.options.advanced.statusBarLength.description.
2024-02-18 15:44:51.117 [warning] [cmake-tools]: Couldn't find message for key cmake-tools.configuration.cmake.options.advanced.statusBarLength.description.
2024-02-18 15:44:51.117 [warning] [cmake-tools]: Couldn't find message for key cmake-tools.configuration.cmake.options.advanced.statusBarLength.description.
2024-02-18 15:44:51.117 [warning] [cmake-tools]: Couldn't find message for key cmake-tools.configuration.cmake.options.advanced.statusBarLength.description.
2024-02-18 15:44:51.117 [warning] [cmake-tools]: Couldn't find message for key cmake-tools.configuration.cmake.options.advanced.statusBarLength.description.
2024-02-18 15:44:51.117 [warning] [cmake-tools]: Couldn't find message for key cmake-tools.configuration.cmake.options.advanced.statusBarLength.description.
2024-02-18 15:49:50.243 [warning] [cmake-tools]: Couldn't find message for key cmake-tools.configuration.cmake.options.advanced.statusBarLength.description.
2024-02-18 15:49:50.243 [warning] [cmake-tools]: Couldn't find message for key cmake-tools.configuration.cmake.options.advanced.statusBarLength.description.
2024-02-18 15:49:50.243 [warning] [cmake-tools]: Couldn't find message for key cmake-tools.configuration.cmake.options.advanced.statusBarLength.description.
2024-02-18 15:49:50.243 [warning] [cmake-tools]: Couldn't find message for key cmake-tools.configuration.cmake.options.advanced.statusBarLength.description.
2024-02-18 15:49:50.244 [warning] [cmake-tools]: Couldn't find message for key cmake-tools.configuration.cmake.options.advanced.statusBarLength.description.
2024-02-18 15:49:50.244 [warning] [cmake-tools]: Couldn't find message for key cmake-tools.configuration.cmake.options.advanced.statusBarLength.description.
2024-02-18 15:49:50.244 [warning] [cmake-tools]: Couldn't find message for key cmake-tools.configuration.cmake.options.advanced.statusBarLength.description.
2024-02-18 15:49:50.244 [warning] [cmake-tools]: Couldn't find message for key cmake-tools.configuration.cmake.options.advanced.statusBarLength.description.
2024-02-18 15:49:50.244 [warning] [cmake-tools]: Couldn't find message for key cmake-tools.configuration.cmake.options.advanced.statusBarLength.description.
2024-02-18 15:49:50.244 [warning] [cmake-tools]: Couldn't find message for key cmake-tools.configuration.cmake.options.advanced.statusBarLength.description.
2024-02-18 15:49:50.244 [warning] [cmake-tools]: Couldn't find message for key cmake-tools.configuration.cmake.options.advanced.statusBarLength.description.
2024-02-18 15:49:50.244 [warning] [cmake-tools]: Couldn't find message for key cmake-tools.configuration.cmake.options.advanced.statusBarLength.description.
2024-02-18 15:49:50.248 [warning] [csharp]: Couldn't find message for key configuration.razor.server.trace.
2024-02-18 15:54:50.873 [warning] [cmake-tools]: Couldn't find message for key cmake-tools.configuration.cmake.options.advanced.statusBarLength.description.
2024-02-18 15:54:50.874 [warning] [cmake-tools]: Couldn't find message for key cmake-tools.configuration.cmake.options.advanced.statusBarLength.description.
2024-02-18 15:54:50.874 [warning] [cmake-tools]: Couldn't find message for key cmake-tools.configuration.cmake.options.advanced.statusBarLength.description.
2024-02-18 15:54:50.874 [warning] [cmake-tools]: Couldn't find message for key cmake-tools.configuration.cmake.options.advanced.statusBarLength.description.
2024-02-18 15:54:50.874 [warning] [cmake-tools]: Couldn't find message for key cmake-tools.configuration.cmake.options.advanced.statusBarLength.description.
2024-02-18 15:54:50.874 [warning] [cmake-tools]: Couldn't find message for key cmake-tools.configuration.cmake.options.advanced.statusBarLength.description.
2024-02-18 15:54:50.874 [warning] [cmake-tools]: Couldn't find message for key cmake-tools.configuration.cmake.options.advanced.statusBarLength.description.
2024-02-18 15:54:50.874 [warning] [cmake-tools]: Couldn't find message for key cmake-tools.configuration.cmake.options.advanced.statusBarLength.description.
2024-02-18 15:54:50.874 [warning] [cmake-tools]: Couldn't find message for key cmake-tools.configuration.cmake.options.advanced.statusBarLength.description.
2024-02-18 15:54:50.874 [warning] [cmake-tools]: Couldn't find message for key cmake-tools.configuration.cmake.options.advanced.statusBarLength.description.
2024-02-18 15:54:50.875 [warning] [cmake-tools]: Couldn't find message for key cmake-tools.configuration.cmake.options.advanced.statusBarLength.description.
2024-02-18 15:54:50.875 [warning] [cmake-tools]: Couldn't find message for key cmake-tools.configuration.cmake.options.advanced.statusBarLength.description.
2024-02-18 15:54:50.875 [warning] [csharp]: Couldn't find message for key configuration.razor.server.trace.
2024-02-18 15:59:51.056 [warning] [csharp]: Couldn't find message for key configuration.razor.server.trace.
2024-02-18 15:59:51.058 [warning] [cmake-tools]: Couldn't find message for key cmake-tools.configuration.cmake.options.advanced.statusBarLength.description.
2024-02-18 15:59:51.058 [warning] [cmake-tools]: Couldn't find message for key cmake-tools.configuration.cmake.options.advanced.statusBarLength.description.
2024-02-18 15:59:51.058 [warning] [cmake-tools]: Couldn't find message for key cmake-tools.configuration.cmake.options.advanced.statusBarLength.description.
2024-02-18 15:59:51.058 [warning] [cmake-tools]: Couldn't find message for key cmake-tools.configuration.cmake.options.advanced.statusBarLength.description.
2024-02-18 15:59:51.058 [warning] [cmake-tools]: Couldn't find message for key cmake-tools.configuration.cmake.options.advanced.statusBarLength.description.
2024-02-18 15:59:51.058 [warning] [cmake-tools]: Couldn't find message for key cmake-tools.configuration.cmake.options.advanced.statusBarLength.description.
2024-02-18 15:59:51.058 [warning] [cmake-tools]: Couldn't find message for key cmake-tools.configuration.cmake.options.advanced.statusBarLength.description.
2024-02-18 15:59:51.059 [warning] [cmake-tools]: Couldn't find message for key cmake-tools.configuration.cmake.options.advanced.statusBarLength.description.
2024-02-18 15:59:51.059 [warning] [cmake-tools]: Couldn't find message for key cmake-tools.configuration.cmake.options.advanced.statusBarLength.description.
2024-02-18 15:59:51.059 [warning] [cmake-tools]: Couldn't find message for key cmake-tools.configuration.cmake.options.advanced.statusBarLength.description.
2024-02-18 15:59:51.059 [warning] [cmake-tools]: Couldn't find message for key cmake-tools.configuration.cmake.options.advanced.statusBarLength.description.
2024-02-18 15:59:51.059 [warning] [cmake-tools]: Couldn't find message for key cmake-tools.configuration.cmake.options.advanced.statusBarLength.description.
2024-02-18 16:04:51.384 [warning] [csharp]: Couldn't find message for key configuration.razor.server.trace.
2024-02-18 16:04:51.388 [warning] [cmake-tools]: Couldn't find message for key cmake-tools.configuration.cmake.options.advanced.statusBarLength.description.
2024-02-18 16:04:51.388 [warning] [cmake-tools]: Couldn't find message for key cmake-tools.configuration.cmake.options.advanced.statusBarLength.description.
2024-02-18 16:04:51.389 [warning] [cmake-tools]: Couldn't find message for key cmake-tools.configuration.cmake.options.advanced.statusBarLength.description.
2024-02-18 16:04:51.389 [warning] [cmake-tools]: Couldn't find message for key cmake-tools.configuration.cmake.options.advanced.statusBarLength.description.
2024-02-18 16:04:51.389 [warning] [cmake-tools]: Couldn't find message for key cmake-tools.configuration.cmake.options.advanced.statusBarLength.description.
2024-02-18 16:04:51.389 [warning] [cmake-tools]: Couldn't find message for key cmake-tools.configuration.cmake.options.advanced.statusBarLength.description.
2024-02-18 16:04:51.389 [warning] [cmake-tools]: Couldn't find message for key cmake-tools.configuration.cmake.options.advanced.statusBarLength.description.
2024-02-18 16:04:51.389 [warning] [cmake-tools]: Couldn't find message for key cmake-tools.configuration.cmake.options.advanced.statusBarLength.description.
2024-02-18 16:04:51.389 [warning] [cmake-tools]: Couldn't find message for key cmake-tools.configuration.cmake.options.advanced.statusBarLength.description.
2024-02-18 16:04:51.389 [warning] [cmake-tools]: Couldn't find message for key cmake-tools.configuration.cmake.options.advanced.statusBarLength.description.
2024-02-18 16:04:51.389 [warning] [cmake-tools]: Couldn't find message for key cmake-tools.configuration.cmake.options.advanced.statusBarLength.description.
2024-02-18 16:04:51.389 [warning] [cmake-tools]: Couldn't find message for key cmake-tools.configuration.cmake.options.advanced.statusBarLength.description.
