2024-10-04 12:54:32.363 [info] Added views:workbench.panel.markers.view in workbench.panel.markers
2024-10-04 12:54:32.363 [info] Added views:workbench.panel.output in workbench.panel.output
2024-10-04 12:54:32.363 [info] Added views:terminal in terminal
2024-10-04 12:54:32.363 [info] Added views:outline in workbench.view.explorer
2024-10-04 12:54:32.363 [info] Added views:workbench.scm in workbench.view.scm
2024-10-04 12:54:32.363 [info] Added views:workbench.view.search in workbench.view.search
2024-10-04 12:54:32.363 [info] Added views:timeline in workbench.view.explorer
2024-10-04 12:54:32.363 [info] Added views:workbench.debug.welcome in workbench.view.debug
2024-10-04 12:54:32.363 [info] Added views:workbench.explorer.fileView in workbench.view.explorer
2024-10-04 12:54:33.661 [info] Added views:gitlens.views.home,gitlens.views.workspaces,gitlens.views.account in workbench.view.extension.gitlens
2024-10-04 12:54:33.662 [info] Added views:gitlens.views.commitDetails,gitlens.views.lineHistory,gitlens.views.fileHistory,gitlens.views.searchAndCompare in workbench.view.extension.gitlensInspect
2024-10-04 12:54:33.662 [info] Added views:gitlens.views.commits,gitlens.views.branches,gitlens.views.remotes,gitlens.views.stashes,gitlens.views.tags,gitlens.views.contributors in workbench.view.scm
2024-10-04 12:54:33.663 [info] Added views:pr:github,issues:github in workbench.view.extension.github-pull-requests
2024-10-04 12:54:33.663 [info] Added views:dockerContainers,dockerImages,dockerRegistries,dockerNetworks,dockerVolumes,vscode-docker.views.dockerContexts,vscode-docker.views.help in workbench.view.extension.dockerView
2024-10-04 12:54:33.670 [info] Added views:codetour.tours in workbench.view.explorer
2024-10-04 12:54:34.181 [info] Added views:workbench.panel.repl.view in workbench.panel.repl
2024-10-04 12:54:34.420 [info] Added views:~remote.forwardedPorts in ~remote.forwardedPortsContainer
2024-10-04 12:54:56.511 [info] Removed views:gitlens.views.searchAndCompare,gitlens.views.fileHistory,gitlens.views.lineHistory,gitlens.views.commitDetails from workbench.view.extension.gitlensInspect
2024-10-04 12:54:56.513 [info] Removed views:gitlens.views.contributors,gitlens.views.tags,gitlens.views.stashes,gitlens.views.remotes,gitlens.views.branches,gitlens.views.commits from workbench.view.scm
2024-10-04 12:54:56.855 [info] Added views:gitlens.views.drafts in workbench.view.extension.gitlens
2024-10-04 12:54:56.953 [info] Added views:workbench.panel.comments in workbench.panel.comments
2024-10-04 12:54:57.432 [info] Added views:jupyterViewVariables in workbench.view.extension.jupyter-variables
2024-10-04 12:54:57.446 [info] Added views:cell-tag in workbench.view.extension.jupyter-variables
2024-10-04 12:54:58.855 [info] Added views:workbench.view.testing in workbench.view.extension.test
2024-10-04 12:55:05.722 [info] Added views:tabnine.loading in workbench.view.extension.tabnine
2024-10-04 12:55:05.737 [info] Removed views:tabnine.loading from workbench.view.extension.tabnine
2024-10-04 12:55:05.738 [info] Added views:tabnine.chat.authenticate in workbench.view.extension.tabnine
2024-10-04 12:56:31.135 [info] Added views:workbench.views.extensions.installed,workbench.views.extensions.popular,extensions.recommendedList in workbench.view.extensions
2024-10-04 12:56:31.143 [info] Removed views:workbench.views.extensions.popular from workbench.view.extensions
2024-10-04 12:57:38.525 [info] Removed views:workbench.view.testing from workbench.view.extension.test
