2024-10-04 12:49:24.370 [info] Added views:workbench.panel.markers.view in workbench.panel.markers
2024-10-04 12:49:24.370 [info] Added views:workbench.panel.output in workbench.panel.output
2024-10-04 12:49:24.370 [info] Added views:terminal in terminal
2024-10-04 12:49:24.370 [info] Added views:outline in workbench.view.explorer
2024-10-04 12:49:24.370 [info] Added views:workbench.scm in workbench.view.scm
2024-10-04 12:49:24.370 [info] Added views:workbench.view.search in workbench.view.search
2024-10-04 12:49:24.370 [info] Added views:timeline in workbench.view.explorer
2024-10-04 12:49:24.370 [info] Added views:workbench.explorer.fileView in workbench.view.explorer
2024-10-04 12:49:24.617 [info] Added views:workbench.debug.variablesView,workbench.debug.watchExpressionsView,workbench.debug.callStackView,workbench.debug.breakPointsView in workbench.view.debug
2024-10-04 12:49:29.455 [info] Added views:gitlens.views.home,gitlens.views.workspaces,gitlens.views.account in workbench.view.extension.gitlens
2024-10-04 12:49:29.456 [info] Added views:gitlens.views.commitDetails,gitlens.views.lineHistory,gitlens.views.fileHistory,gitlens.views.searchAndCompare in workbench.view.extension.gitlensInspect
2024-10-04 12:49:29.457 [info] Added views:gitlens.views.commits,gitlens.views.branches,gitlens.views.remotes,gitlens.views.stashes,gitlens.views.tags,gitlens.views.contributors in workbench.view.scm
2024-10-04 12:49:29.457 [info] Added views:pr:github,issues:github in workbench.view.extension.github-pull-requests
2024-10-04 12:49:29.458 [info] Added views:dockerContainers,dockerImages,dockerRegistries,dockerNetworks,dockerVolumes,vscode-docker.views.dockerContexts,vscode-docker.views.help in workbench.view.extension.dockerView
2024-10-04 12:49:29.464 [info] Added views:codetour.tours in workbench.view.explorer
2024-10-04 12:49:29.494 [info] Added views:~remote.forwardedPorts in ~remote.forwardedPortsContainer
2024-10-04 12:49:29.857 [info] Added views:workbench.panel.repl.view in workbench.panel.repl
2024-10-04 12:49:29.858 [info] Removed views:workbench.debug.breakPointsView,workbench.debug.callStackView,workbench.debug.watchExpressionsView,workbench.debug.variablesView from workbench.view.debug
2024-10-04 12:49:29.859 [info] Added views:workbench.debug.welcome in workbench.view.debug
2024-10-04 12:49:53.297 [info] Added views:workbench.views.extensions.installed,workbench.views.extensions.popular,extensions.recommendedList in workbench.view.extensions
2024-10-04 12:50:03.546 [info] Removed views:workbench.views.extensions.popular from workbench.view.extensions
2024-10-04 12:50:03.564 [info] Removed views:extensions.recommendedList,workbench.views.extensions.installed from workbench.view.extensions
2024-10-04 12:50:04.683 [info] Added views:workbench.views.extensions.marketplace in workbench.view.extensions
2024-10-04 12:50:23.045 [info] Removed views:gitlens.views.searchAndCompare,gitlens.views.fileHistory,gitlens.views.lineHistory,gitlens.views.commitDetails from workbench.view.extension.gitlensInspect
2024-10-04 12:50:23.048 [info] Removed views:gitlens.views.contributors,gitlens.views.tags,gitlens.views.stashes,gitlens.views.remotes,gitlens.views.branches,gitlens.views.commits from workbench.view.scm
2024-10-04 12:50:23.589 [info] Added views:gitlens.views.drafts in workbench.view.extension.gitlens
2024-10-04 12:50:23.781 [info] Added views:workbench.panel.comments in workbench.panel.comments
2024-10-04 12:50:45.759 [info] Added views:tabnine.loading in workbench.view.extension.tabnine
2024-10-04 12:50:51.622 [info] Removed views:tabnine.loading from workbench.view.extension.tabnine
2024-10-04 12:50:52.291 [info] Added views:tabnine.chat.authenticate in workbench.view.extension.tabnine
2024-10-04 12:51:39.923 [info] Added views:workbench.view.testing in workbench.view.extension.test
2024-10-04 12:52:39.586 [info] Added views:jupyterViewVariables,cell-tag in workbench.view.extension.jupyter-variables
2024-10-04 12:54:22.147 [info] Removed views:workbench.view.testing from workbench.view.extension.test
