2022-12-17 08:56:29.111 [info] Log level: Info
2022-12-17 08:56:29.111 [info] Validating found git in: "git"
2022-12-17 08:56:29.111 [info] Using git "2.39.0" from "git"
2022-12-17 08:56:29.111 [info] > git rev-parse --show-toplevel [19ms]
2022-12-17 08:56:29.111 [info] > git rev-parse --git-dir --git-common-dir [16ms]
2022-12-17 08:56:29.111 [info] Open repository: /home/thesynthax
2022-12-17 08:56:29.111 [info] > git config --get commit.template [4ms]
2022-12-17 08:56:29.220 [info] > git for-each-ref --format=%(refname)%00%(upstream:short)%00%(objectname)%00%(upstream:track)%00%(upstream:remotename)%00%(upstream:remoteref) refs/heads/main refs/remotes/main [67ms]
2022-12-17 08:56:29.251 [info] > git for-each-ref --sort -committerdate --format %(refname) %(objectname) %(*objectname) [16ms]
2022-12-17 08:56:29.450 [info] > git show --textconv :test.c [4ms]
2022-12-17 08:56:29.451 [info] > git ls-files --stage -- /home/thesynthax/test.c [1ms]
2022-12-17 08:56:29.660 [info] > git check-ignore -v -z --stdin [1ms]
2022-12-17 08:56:34.305 [info] > git check-ignore -v -z --stdin [0ms]
2022-12-17 08:57:03.604 [info] > git status -z -uall [34376ms] (cancelled)
2022-12-17 09:02:07.168 [info] Log level: Info
2022-12-17 09:02:07.169 [info] Validating found git in: "git"
2022-12-17 09:02:07.169 [info] Using git "2.39.0" from "git"
2022-12-17 09:02:08.481 [info] > git rev-parse --show-toplevel [8ms]
2022-12-17 09:02:08.489 [info] > git rev-parse --git-dir --git-common-dir [1ms]
2022-12-17 09:02:08.496 [info] Open repository: /home/thesynthax
2022-12-17 09:02:08.561 [info] > git config --get commit.template [5ms]
2022-12-17 09:02:08.568 [info] > git for-each-ref --format=%(refname)%00%(upstream:short)%00%(objectname)%00%(upstream:track)%00%(upstream:remotename)%00%(upstream:remoteref) refs/heads/main refs/remotes/main [1ms]
2022-12-17 09:02:08.579 [info] > git for-each-ref --sort -committerdate --format %(refname) %(objectname) %(*objectname) [1ms]
2022-12-17 09:02:08.819 [info] > git show --textconv :test.c [8ms]
2022-12-17 09:02:08.821 [info] > git ls-files --stage -- /home/thesynthax/test.c [4ms]
2022-12-17 09:02:09.067 [info] > git check-ignore -v -z --stdin [1ms]
2022-12-17 09:02:10.327 [info] > git status -z -uall [1754ms] (cancelled)
2022-12-17 09:02:26.887 [info] > git check-ignore -v -z --stdin [1ms]
2022-12-17 09:03:10.307 [info] Log level: Info
2022-12-17 09:03:10.307 [info] Validating found git in: "git"
2022-12-17 09:03:10.307 [info] Using git "2.39.0" from "git"
2022-12-17 09:03:10.307 [info] > git rev-parse --show-toplevel [3ms]
2022-12-17 09:03:10.307 [info] > git rev-parse --git-dir --git-common-dir [1ms]
2022-12-17 09:03:10.307 [info] Open repository: /home/thesynthax
2022-12-17 09:03:10.307 [info] > git config --get commit.template [4ms]
2022-12-17 09:03:10.307 [info] > git for-each-ref --format=%(refname)%00%(upstream:short)%00%(objectname)%00%(upstream:track)%00%(upstream:remotename)%00%(upstream:remoteref) refs/heads/main refs/remotes/main [2ms]
2022-12-17 09:03:10.307 [info] > git for-each-ref --sort -committerdate --format %(refname) %(objectname) %(*objectname) [1ms]
2022-12-17 09:03:10.307 [info] > git show --textconv :test.c [5ms]
2022-12-17 09:03:10.307 [info] > git ls-files --stage -- /home/thesynthax/test.c [1ms]
2022-12-17 09:03:10.307 [info] > git check-ignore -v -z --stdin [1ms]
2022-12-17 09:03:11.264 [info] > git status -z -uall [1652ms] (cancelled)
2022-12-17 09:03:36.810 [info] Log level: Info
2022-12-17 09:03:36.810 [info] Validating found git in: "git"
2022-12-17 09:03:36.810 [info] Using git "2.39.0" from "git"
2022-12-17 09:03:36.810 [info] > git rev-parse --show-toplevel [3ms]
2022-12-17 09:03:36.810 [info] > git rev-parse --git-dir --git-common-dir [2ms]
2022-12-17 09:03:36.817 [info] Open repository: /home/thesynthax
2022-12-17 09:03:36.831 [info] > git for-each-ref --format=%(refname)%00%(upstream:short)%00%(objectname)%00%(upstream:track)%00%(upstream:remotename)%00%(upstream:remoteref) refs/heads/main refs/remotes/main [2ms]
2022-12-17 09:03:36.832 [info] > git config --get commit.template [8ms]
2022-12-17 09:03:36.844 [info] > git for-each-ref --sort -committerdate --format %(refname) %(objectname) %(*objectname) [0ms]
2022-12-17 09:03:38.341 [info] > git status -z -uall [1504ms] (cancelled)
2022-12-17 09:04:56.707 [info] > git show --textconv :test/test.c [11ms]
2022-12-17 09:04:56.707 [info] > git ls-files --stage -- /home/thesynthax/test/test.c [9ms]
2022-12-17 09:04:56.960 [info] > git check-ignore -v -z --stdin [2ms]
2022-12-17 09:04:58.004 [info] > git check-ignore -v -z --stdin [3ms]
2022-12-17 09:05:35.718 [info] > git show --textconv :test/.vscode/launch.json [6ms]
2022-12-17 09:05:35.720 [info] > git ls-files --stage -- /home/thesynthax/test/.vscode/launch.json [2ms]
2022-12-17 09:05:36.040 [info] > git check-ignore -v -z --stdin [3ms]
2022-12-17 09:11:49.278 [info] Log level: Info
2022-12-17 09:11:49.279 [info] Validating found git in: "git"
2022-12-17 09:11:49.279 [info] Using git "2.39.0" from "git"
2022-12-17 09:11:49.279 [info] > git rev-parse --show-toplevel [4ms]
2022-12-17 09:11:49.279 [info] > git rev-parse --git-dir --git-common-dir [8ms]
2022-12-17 09:11:49.279 [info] Open repository: /home/thesynthax
2022-12-17 09:11:49.280 [info] > git config --get commit.template [68ms]
2022-12-17 09:11:49.280 [info] > git rev-parse --show-toplevel [73ms]
2022-12-17 09:11:49.293 [info] > git rev-parse --show-toplevel [6ms]
2022-12-17 09:11:49.294 [info] > git for-each-ref --format=%(refname)%00%(upstream:short)%00%(objectname)%00%(upstream:track)%00%(upstream:remotename)%00%(upstream:remoteref) refs/heads/main refs/remotes/main [1ms]
2022-12-17 09:11:49.307 [info] > git for-each-ref --sort -committerdate --format %(refname) %(objectname) %(*objectname) [1ms]
2022-12-17 09:11:49.532 [info] > git show --textconv :test/test.c [8ms]
2022-12-17 09:11:49.532 [info] > git ls-files --stage -- /home/thesynthax/test/test.c [1ms]
2022-12-17 09:11:49.786 [info] > git check-ignore -v -z --stdin [1ms]
2022-12-17 09:11:50.964 [info] > git status -z -uall [1664ms] (cancelled)
