2022-12-28 00:05:02.600 [info] Starting worker process with pid 106286 (type: fileWatcher, window: 1).
2022-12-28 00:05:03.482 [info] Deleted from disk ms-vscode.vscode-typescript-next /home/thesynthax/.vscode-oss/extensions/ms-vscode.vscode-typescript-next-5.0.202212230
2022-12-28 00:05:06.243 [info] Getting Manifest... formulahendry.code-runner
2022-12-28 00:05:06.244 [info] Getting Manifest... llvm-vs-code-extensions.vscode-clangd
2022-12-28 00:05:06.244 [info] Getting Manifest... vadimcn.vscode-lldb
2022-12-28 00:05:06.245 [info] Getting Manifest... vscodevim.vim
2022-12-28 00:05:06.245 [info] Getting Manifest... zhuangtongfa.material-theme
2022-12-28 00:05:07.439 [info] Installing extension: vadimcn.vscode-lldb
2022-12-28 00:05:07.441 [info] Installing extension: zhuangtongfa.material-theme
2022-12-28 00:05:07.468 [info] Installing extension: formulahendry.code-runner
2022-12-28 00:05:07.471 [info] Installing extension: vscodevim.vim
2022-12-28 00:05:07.481 [info] Installing extension: llvm-vs-code-extensions.vscode-clangd
2022-12-28 00:05:10.230 [info] Extension installed successfully: formulahendry.code-runner
2022-12-28 00:05:10.764 [info] Extension installed successfully: vadimcn.vscode-lldb
2022-12-28 00:05:11.273 [info] Extension installed successfully: vscodevim.vim
2022-12-28 00:05:11.627 [info] Extension installed successfully: zhuangtongfa.material-theme
2022-12-28 00:05:11.934 [info] Extension installed successfully: llvm-vs-code-extensions.vscode-clangd
2022-12-28 00:05:15.266 [info] Worker process with pid 106286 terminated normally (type: fileWatcher, window: 1).
2022-12-28 00:05:17.550 [info] Starting worker process with pid 106900 (type: fileWatcher, window: 1).
2022-12-28 00:05:20.106 [info] Getting Manifest... formulahendry.code-runner
2022-12-28 00:05:20.107 [info] Getting Manifest... llvm-vs-code-extensions.vscode-clangd
2022-12-28 00:05:20.108 [info] Getting Manifest... vadimcn.vscode-lldb
2022-12-28 00:05:20.108 [info] Getting Manifest... vscodevim.vim
2022-12-28 00:05:20.109 [info] Getting Manifest... zhuangtongfa.material-theme
2022-12-28 00:05:20.111 [info] Installing extension: formulahendry.code-runner
2022-12-28 00:05:20.113 [info] Installing extension: llvm-vs-code-extensions.vscode-clangd
2022-12-28 00:05:20.114 [info] Installing extension: vadimcn.vscode-lldb
2022-12-28 00:05:20.116 [info] Installing extension: vscodevim.vim
2022-12-28 00:05:20.117 [info] Installing extension: zhuangtongfa.material-theme
2022-12-28 00:05:22.021 [info] Extension installed successfully: vadimcn.vscode-lldb
2022-12-28 00:05:22.211 [info] Extension installed successfully: formulahendry.code-runner
2022-12-28 00:05:22.324 [info] Extension installed successfully: llvm-vs-code-extensions.vscode-clangd
2022-12-28 00:05:22.492 [info] Extension installed successfully: vscodevim.vim
2022-12-28 00:05:22.626 [info] Extension installed successfully: zhuangtongfa.material-theme
