2022-12-17 08:52:14.937 [info] Extension host with pid 41784 started
2022-12-17 08:52:14.981 [info] ExtensionService#_doActivateExtension llvm-vs-code-extensions.vscode-clangd, startup: false, activationEvent: 'onLanguage:c'
2022-12-17 08:52:14.982 [info] ExtensionService#_doActivateExtension vscode.git-base, startup: true, activationEvent: '*', root cause: vscode.git
2022-12-17 08:52:14.982 [info] ExtensionService#_doActivateExtension vscodevim.vim, startup: true, activationEvent: '*'
2022-12-17 08:52:15.099 [info] ExtensionService#_doActivateExtension vscode.git, startup: true, activationEvent: '*'
2022-12-17 08:52:15.099 [info] ExtensionService#_doActivateExtension vscode.github, startup: true, activationEvent: '*'
2022-12-17 08:52:15.176 [info] Eager extensions activated
2022-12-17 08:52:15.181 [info] ExtensionService#_doActivateExtension vscode.debug-auto-launch, startup: false, activationEvent: 'onStartupFinished'
2022-12-17 08:52:15.181 [info] ExtensionService#_doActivateExtension vscode.emmet, startup: false, activationEvent: 'onStartupFinished'
2022-12-17 08:52:15.181 [info] ExtensionService#_doActivateExtension vscode.merge-conflict, startup: false, activationEvent: 'onStartupFinished'
2022-12-17 08:52:15.181 [info] ExtensionService#_doActivateExtension Equinusocio.vsc-material-theme, startup: false, activationEvent: 'onStartupFinished'
2022-12-17 08:52:15.182 [info] ExtensionService#_doActivateExtension equinusocio.vsc-material-theme-icons, startup: false, activationEvent: 'onStartupFinished'
2022-12-17 08:52:15.182 [info] ExtensionService#_doActivateExtension zhuangtongfa.material-theme, startup: false, activationEvent: 'onStartupFinished'
2022-12-17 08:53:26.861 [info] ExtensionService#_doActivateExtension vscode.debug-server-ready, startup: false, activationEvent: 'onDebugResolve'
2022-12-17 08:54:15.622 [info] ExtensionService#_doActivateExtension vadimcn.vscode-lldb, startup: false, activationEvent: 'onDebug'
2022-12-17 08:54:15.668 [info] ExtensionService#_doActivateExtension franneck94.c-cpp-runner, startup: false, activationEvent: 'onLanguage:c'
2022-12-17 08:54:20.950 [info] ExtensionService#_doActivateExtension vscode.configuration-editing, startup: false, activationEvent: 'onLanguage:jsonc'
2022-12-17 08:54:20.950 [info] ExtensionService#_doActivateExtension vscode.json-language-features, startup: false, activationEvent: 'onLanguage:jsonc'
2022-12-17 08:54:20.950 [info] ExtensionService#_doActivateExtension vscode.typescript-language-features, startup: false, activationEvent: 'onLanguage:jsonc'
2022-12-17 08:54:21.437 [error] {"message":"Git error","stdout":"","stderr":"fatal: pathspec '/home/thesynthax/.config/Code - OSS/User/settings.json' is beyond a symbolic link\n","exitCode":128}
2022-12-17 08:54:21.437 [error] {"message":"Git error","stdout":"","stderr":"fatal: pathspec '/home/thesynthax/.config/Code - OSS/User/settings.json' is beyond a symbolic link\n","exitCode":128}
2022-12-17 08:54:21.437 [error] {"message":"Git error","stdout":"","stderr":"fatal: pathspec '/home/thesynthax/.config/Code - OSS/User/settings.json' is beyond a symbolic link\n","exitCode":128}
2022-12-17 08:54:21.437 [error] {"message":"Git error","stdout":"","stderr":"fatal: pathspec '/home/thesynthax/.config/Code - OSS/User/settings.json' is beyond a symbolic link\n","exitCode":128}
2022-12-17 08:54:21.437 [error] {"message":"Git error","stdout":"","stderr":"fatal: pathspec '/home/thesynthax/.config/Code - OSS/User/settings.json' is beyond a symbolic link\n","exitCode":128}
2022-12-17 08:54:22.438 [error] {"message":"Git error","stdout":"","stderr":"fatal: pathspec '/home/thesynthax/.config/Code - OSS/User/settings.json' is beyond a symbolic link\n","exitCode":128}
2022-12-17 08:54:22.438 [error] {"message":"Git error","stdout":"","stderr":"fatal: pathspec '/home/thesynthax/.config/Code - OSS/User/settings.json' is beyond a symbolic link\n","exitCode":128}
2022-12-17 08:54:22.439 [error] {"message":"Git error","stdout":"","stderr":"fatal: pathspec '/home/thesynthax/.config/Code - OSS/User/settings.json' is beyond a symbolic link\n","exitCode":128}
2022-12-17 08:54:22.439 [error] {"message":"Git error","stdout":"","stderr":"fatal: pathspec '/home/thesynthax/.config/Code - OSS/User/settings.json' is beyond a symbolic link\n","exitCode":128}
2022-12-17 08:54:22.439 [error] {"message":"Git error","stdout":"","stderr":"fatal: pathspec '/home/thesynthax/.config/Code - OSS/User/settings.json' is beyond a symbolic link\n","exitCode":128}
2022-12-17 08:55:05.499 [info] ExtensionService#_doActivateExtension formulahendry.code-runner, startup: false, activationEvent: 'onStartupFinished'
2022-12-17 08:56:20.320 [info] Extension host terminating: received terminate message from renderer
2022-12-17 08:56:20.574 [error] TypeError: Converting circular structure to JSON
    --> starting at object with constructor 't'
    |     property '_readableState' -> object with constructor 'M'
    |     property 'pipes' -> object with constructor 'Array'
    |     index 0 -> object with constructor 't.ConsoleForElectron'
    --- property 'parent' closes the circle
    at JSON.stringify (<anonymous>)
    at /home/thesynthax/.vscode-oss/extensions/vscodevim.vim-1.24.3-universal/src/register/register.ts:333:16
    at process.async (node:internal/process/task_queues:96:5)
    at Object.e.deactivate (/home/thesynthax/.vscode-oss/extensions/vscodevim.vim-1.24.3-universal/extension.ts:64:8)
    at async Promise.all (index 16)
    at d.Q (/usr/lib/code/out/vs/workbench/api/node/extensionHostProcess.js:106:9315)
2022-12-17 08:56:20.578 [info] Extension host with pid 41784 exiting with code 0
